2025-03-11 10:09:55,995 - INFO - Script started.
2025-03-11 10:09:57,201 - INFO - {"request": {"command": "GET https://api.smartsheet.com/2.0/sheets/6375545637916548"}}
2025-03-11 10:09:57,544 - INFO - {"request": {"command": "GET https://api.smartsheet.com/2.0/sheets/6375545637916548"}}
2025-03-11 10:09:57,859 - INFO - {"request": {"command": "GET https://api.smartsheet.com/2.0/sheets/6375545637916548"}}
2025-03-11 10:09:58,376 - INFO - {"request": {"command": "GET https://api.smartsheet.com/2.0/sheets/3752673769639812"}}
2025-03-11 10:09:58,905 - INFO - {"request": {"command": "GET https://api.smartsheet.com/2.0/sheets/3752673769639812"}}
2025-03-11 10:09:59,180 - INFO - {"request": {"command": "GET https://api.smartsheet.com/2.0/sheets/895306870771588"}}
2025-03-11 10:09:59,181 - ERROR - {"response": {"statusCode": 404, "reason": "Not Found", "content": "<< application/json;charset=UTF-8 content type suppressed >>"}}
2025-03-11 10:09:59,883 - INFO - {"request": {"command": "GET https://api.smartsheet.com/2.0/reports/895306870771588"}}
2025-03-11 10:10:00,060 - INFO - {"request": {"command": "GET https://api.smartsheet.com/2.0/sheets/5398906498142084"}}
2025-03-11 10:10:00,061 - ERROR - {"response": {"statusCode": 404, "reason": "Not Found", "content": "<< application/json;charset=UTF-8 content type suppressed >>"}}
2025-03-11 10:10:00,474 - INFO - {"request": {"command": "GET https://api.smartsheet.com/2.0/reports/5398906498142084"}}
2025-03-11 10:10:00,636 - INFO - {"request": {"command": "GET https://api.smartsheet.com/2.0/sheets/2653285638950788"}}
2025-03-11 10:10:00,637 - ERROR - {"response": {"statusCode": 404, "reason": "Not Found", "content": "<< application/json;charset=UTF-8 content type suppressed >>"}}
2025-03-11 10:10:01,219 - INFO - {"request": {"command": "GET https://api.smartsheet.com/2.0/reports/2653285638950788"}}
2025-03-11 10:10:01,431 - INFO - {"request": {"command": "GET https://api.smartsheet.com/2.0/sheets/7156885266321284"}}
2025-03-11 10:10:01,431 - ERROR - {"response": {"statusCode": 404, "reason": "Not Found", "content": "<< application/json;charset=UTF-8 content type suppressed >>"}}
2025-03-11 10:10:02,466 - INFO - {"request": {"command": "GET https://api.smartsheet.com/2.0/reports/7156885266321284"}}
2025-03-11 10:10:02,711 - INFO - {"request": {"command": "GET https://api.smartsheet.com/2.0/sheets/3720586555510660"}}
2025-03-11 10:10:02,712 - ERROR - {"response": {"statusCode": 404, "reason": "Not Found", "content": "<< application/json;charset=UTF-8 content type suppressed >>"}}
2025-03-11 10:10:03,696 - INFO - {"request": {"command": "GET https://api.smartsheet.com/2.0/reports/3720586555510660"}}
2025-03-11 10:10:04,107 - INFO - {"request": {"command": "GET https://api.smartsheet.com/2.0/sheets/8224186182881156"}}
2025-03-11 10:10:04,107 - ERROR - {"response": {"statusCode": 404, "reason": "Not Found", "content": "<< application/json;charset=UTF-8 content type suppressed >>"}}
2025-03-11 10:10:04,551 - INFO - {"request": {"command": "GET https://api.smartsheet.com/2.0/reports/8224186182881156"}}
2025-03-11 10:10:04,711 - INFO - {"request": {"command": "GET https://api.smartsheet.com/2.0/sheets/1409944146366340"}}
2025-03-11 10:10:04,712 - ERROR - {"response": {"statusCode": 404, "reason": "Not Found", "content": "<< application/json;charset=UTF-8 content type suppressed >>"}}
2025-03-11 10:10:05,302 - INFO - {"request": {"command": "GET https://api.smartsheet.com/2.0/reports/1409944146366340"}}
2025-03-11 10:10:05,475 - INFO - {"request": {"command": "GET https://api.smartsheet.com/2.0/sheets/1127486251290500"}}
2025-03-11 10:10:05,476 - ERROR - {"response": {"statusCode": 404, "reason": "Not Found", "content": "<< application/json;charset=UTF-8 content type suppressed >>"}}
2025-03-11 10:10:05,931 - INFO - {"request": {"command": "GET https://api.smartsheet.com/2.0/reports/1127486251290500"}}
2025-03-11 10:10:06,107 - INFO - {"request": {"command": "GET https://api.smartsheet.com/2.0/sheets/8806238607331204"}}
2025-03-11 10:10:06,107 - ERROR - {"response": {"statusCode": 404, "reason": "Not Found", "content": "<< application/json;charset=UTF-8 content type suppressed >>"}}
2025-03-11 10:10:06,738 - INFO - {"request": {"command": "GET https://api.smartsheet.com/2.0/reports/8806238607331204"}}
2025-03-11 10:10:06,966 - INFO - {"request": {"command": "GET https://api.smartsheet.com/2.0/sheets/221251817656196"}}
2025-03-11 10:10:06,967 - ERROR - {"response": {"statusCode": 404, "reason": "Not Found", "content": "<< application/json;charset=UTF-8 content type suppressed >>"}}
2025-03-11 10:10:07,438 - INFO - {"request": {"command": "GET https://api.smartsheet.com/2.0/reports/221251817656196"}}
2025-03-11 10:10:07,602 - INFO - {"request": {"command": "GET https://api.smartsheet.com/2.0/sheets/4679770394546052"}}
2025-03-11 10:10:07,603 - ERROR - {"response": {"statusCode": 404, "reason": "Not Found", "content": "<< application/json;charset=UTF-8 content type suppressed >>"}}
2025-03-11 10:10:08,194 - INFO - {"request": {"command": "GET https://api.smartsheet.com/2.0/reports/4679770394546052"}}
2025-03-11 10:10:08,354 - INFO - {"request": {"command": "GET https://api.smartsheet.com/2.0/sheets/191015247892356"}}
2025-03-11 10:10:08,354 - ERROR - {"response": {"statusCode": 404, "reason": "Not Found", "content": "<< application/json;charset=UTF-8 content type suppressed >>"}}
2025-03-11 10:10:09,225 - INFO - {"request": {"command": "GET https://api.smartsheet.com/2.0/reports/191015247892356"}}
2025-03-11 10:10:09,411 - INFO - {"request": {"command": "GET https://api.smartsheet.com/2.0/sheets/4694614875262852"}}
2025-03-11 10:10:09,411 - ERROR - {"response": {"statusCode": 404, "reason": "Not Found", "content": "<< application/json;charset=UTF-8 content type suppressed >>"}}
2025-03-11 10:10:09,794 - INFO - {"request": {"command": "GET https://api.smartsheet.com/2.0/reports/4694614875262852"}}
2025-03-11 10:10:09,981 - INFO - {"request": {"command": "GET https://api.smartsheet.com/2.0/sheets/3577048278716292"}}
2025-03-11 10:10:09,981 - ERROR - {"response": {"statusCode": 404, "reason": "Not Found", "content": "<< application/json;charset=UTF-8 content type suppressed >>"}}
2025-03-11 10:10:10,536 - INFO - {"request": {"command": "GET https://api.smartsheet.com/2.0/reports/3577048278716292"}}
2025-03-11 10:10:10,733 - INFO - {"request": {"command": "GET https://api.smartsheet.com/2.0/sheets/8080647906086788"}}
2025-03-11 10:10:10,733 - ERROR - {"response": {"statusCode": 404, "reason": "Not Found", "content": "<< application/json;charset=UTF-8 content type suppressed >>"}}
2025-03-11 10:10:11,442 - INFO - {"request": {"command": "GET https://api.smartsheet.com/2.0/reports/8080647906086788"}}
2025-03-11 10:10:11,698 - INFO - {"request": {"command": "GET https://api.smartsheet.com/2.0/sheets/3293595469565828"}}
2025-03-11 10:10:11,699 - ERROR - {"response": {"statusCode": 404, "reason": "Not Found", "content": "<< application/json;charset=UTF-8 content type suppressed >>"}}
2025-03-11 10:10:12,297 - INFO - {"request": {"command": "GET https://api.smartsheet.com/2.0/reports/3293595469565828"}}
2025-03-11 10:10:12,458 - INFO - {"request": {"command": "GET https://api.smartsheet.com/2.0/sheets/1481032297566084"}}
2025-03-11 10:10:12,459 - ERROR - {"response": {"statusCode": 404, "reason": "Not Found", "content": "<< application/json;charset=UTF-8 content type suppressed >>"}}
2025-03-11 10:10:12,972 - INFO - {"request": {"command": "GET https://api.smartsheet.com/2.0/reports/1481032297566084"}}
2025-03-11 10:10:13,139 - INFO - {"request": {"command": "GET https://api.smartsheet.com/2.0/sheets/5984631924936580"}}
2025-03-11 10:10:13,140 - ERROR - {"response": {"statusCode": 404, "reason": "Not Found", "content": "<< application/json;charset=UTF-8 content type suppressed >>"}}
2025-03-11 10:10:14,398 - INFO - {"request": {"command": "GET https://api.smartsheet.com/2.0/reports/5984631924936580"}}
2025-03-11 10:10:14,560 - INFO - {"request": {"command": "GET https://api.smartsheet.com/2.0/sheets/5019535593656196"}}
2025-03-11 10:10:14,561 - ERROR - {"response": {"statusCode": 404, "reason": "Not Found", "content": "<< application/json;charset=UTF-8 content type suppressed >>"}}
2025-03-11 10:10:15,106 - INFO - {"request": {"command": "GET https://api.smartsheet.com/2.0/reports/5019535593656196"}}
2025-03-11 10:10:15,270 - INFO - {"request": {"command": "GET https://api.smartsheet.com/2.0/sheets/2767735779970948"}}
2025-03-11 10:10:15,270 - ERROR - {"response": {"statusCode": 404, "reason": "Not Found", "content": "<< application/json;charset=UTF-8 content type suppressed >>"}}
2025-03-11 10:10:15,917 - INFO - {"request": {"command": "GET https://api.smartsheet.com/2.0/reports/2767735779970948"}}
2025-03-11 10:10:16,087 - INFO - {"request": {"command": "GET https://api.smartsheet.com/2.0/sheets/2750186543599492"}}
2025-03-11 10:10:16,087 - ERROR - {"response": {"statusCode": 404, "reason": "Not Found", "content": "<< application/json;charset=UTF-8 content type suppressed >>"}}
2025-03-11 10:10:16,549 - INFO - {"request": {"command": "GET https://api.smartsheet.com/2.0/reports/2750186543599492"}}
2025-03-11 10:10:16,718 - INFO - {"request": {"command": "GET https://api.smartsheet.com/2.0/sheets/3984810326314884"}}
2025-03-11 10:10:16,718 - ERROR - {"response": {"statusCode": 404, "reason": "Not Found", "content": "<< application/json;charset=UTF-8 content type suppressed >>"}}
2025-03-11 10:10:17,160 - INFO - {"request": {"command": "GET https://api.smartsheet.com/2.0/reports/3984810326314884"}}
2025-03-11 10:10:17,317 - INFO - {"request": {"command": "GET https://api.smartsheet.com/2.0/sheets/8488409953685380"}}
2025-03-11 10:10:17,317 - ERROR - {"response": {"statusCode": 404, "reason": "Not Found", "content": "<< application/json;charset=UTF-8 content type suppressed >>"}}
2025-03-11 10:10:17,785 - INFO - {"request": {"command": "GET https://api.smartsheet.com/2.0/reports/8488409953685380"}}
2025-03-11 10:10:17,964 - INFO - {"request": {"command": "GET https://api.smartsheet.com/2.0/sheets/2350558090317700"}}
2025-03-11 10:10:17,964 - ERROR - {"response": {"statusCode": 404, "reason": "Not Found", "content": "<< application/json;charset=UTF-8 content type suppressed >>"}}
2025-03-11 10:10:18,359 - INFO - {"request": {"command": "GET https://api.smartsheet.com/2.0/reports/2350558090317700"}}
2025-03-11 10:10:18,551 - INFO - {"request": {"command": "GET https://api.smartsheet.com/2.0/sheets/6854157717688196"}}
2025-03-11 10:10:18,551 - ERROR - {"response": {"statusCode": 404, "reason": "Not Found", "content": "<< application/json;charset=UTF-8 content type suppressed >>"}}
2025-03-11 10:10:18,991 - INFO - {"request": {"command": "GET https://api.smartsheet.com/2.0/reports/6854157717688196"}}
2025-03-11 10:10:19,188 - INFO - {"request": {"command": "GET https://api.smartsheet.com/2.0/sheets/3773704093781892"}}
2025-03-11 10:10:19,188 - ERROR - {"response": {"statusCode": 404, "reason": "Not Found", "content": "<< application/json;charset=UTF-8 content type suppressed >>"}}
2025-03-11 10:10:19,687 - INFO - {"request": {"command": "GET https://api.smartsheet.com/2.0/reports/3773704093781892"}}
2025-03-11 10:10:19,868 - INFO - {"request": {"command": "GET https://api.smartsheet.com/2.0/sheets/673837217697668"}}
2025-03-11 10:10:19,868 - ERROR - {"response": {"statusCode": 404, "reason": "Not Found", "content": "<< application/json;charset=UTF-8 content type suppressed >>"}}
2025-03-11 10:10:20,807 - INFO - {"request": {"command": "GET https://api.smartsheet.com/2.0/reports/673837217697668"}}
2025-03-11 10:10:20,986 - INFO - {"request": {"command": "GET https://api.smartsheet.com/2.0/sheets/5177436845068164"}}
2025-03-11 10:10:20,987 - ERROR - {"response": {"statusCode": 404, "reason": "Not Found", "content": "<< application/json;charset=UTF-8 content type suppressed >>"}}
2025-03-11 10:10:21,585 - INFO - {"request": {"command": "GET https://api.smartsheet.com/2.0/reports/5177436845068164"}}
2025-03-11 10:10:21,770 - INFO - {"request": {"command": "GET https://api.smartsheet.com/2.0/sheets/1603250960682884"}}
2025-03-11 10:10:21,770 - ERROR - {"response": {"statusCode": 404, "reason": "Not Found", "content": "<< application/json;charset=UTF-8 content type suppressed >>"}}
2025-03-11 10:10:22,270 - INFO - {"request": {"command": "GET https://api.smartsheet.com/2.0/reports/1603250960682884"}}
2025-03-11 10:10:22,433 - INFO - {"request": {"command": "GET https://api.smartsheet.com/2.0/sheets/3225631907073924"}}
2025-03-11 10:10:22,433 - ERROR - {"response": {"statusCode": 404, "reason": "Not Found", "content": "<< application/json;charset=UTF-8 content type suppressed >>"}}
2025-03-11 10:10:22,925 - INFO - {"request": {"command": "GET https://api.smartsheet.com/2.0/reports/3225631907073924"}}
2025-03-11 10:10:23,085 - INFO - {"request": {"command": "GET https://api.smartsheet.com/2.0/sheets/6952548975988612"}}
2025-03-11 10:10:23,085 - ERROR - {"response": {"statusCode": 404, "reason": "Not Found", "content": "<< application/json;charset=UTF-8 content type suppressed >>"}}
2025-03-11 10:10:23,566 - INFO - {"request": {"command": "GET https://api.smartsheet.com/2.0/reports/6952548975988612"}}
2025-03-11 10:10:23,736 - INFO - {"request": {"command": "GET https://api.smartsheet.com/2.0/sheets/691635562172292"}}
2025-03-11 10:10:23,736 - ERROR - {"response": {"statusCode": 404, "reason": "Not Found", "content": "<< application/json;charset=UTF-8 content type suppressed >>"}}
2025-03-11 10:10:24,128 - INFO - {"request": {"command": "GET https://api.smartsheet.com/2.0/reports/691635562172292"}}
2025-03-11 10:10:24,284 - INFO - {"request": {"command": "GET https://api.smartsheet.com/2.0/sheets/6994215527468932"}}
2025-03-11 10:10:24,285 - ERROR - {"response": {"statusCode": 404, "reason": "Not Found", "content": "<< application/json;charset=UTF-8 content type suppressed >>"}}
2025-03-11 10:10:24,744 - INFO - {"request": {"command": "GET https://api.smartsheet.com/2.0/reports/6994215527468932"}}
2025-03-11 10:10:24,915 - INFO - {"request": {"command": "GET https://api.smartsheet.com/2.0/sheets/4634297428299652"}}
2025-03-11 10:10:24,915 - ERROR - {"response": {"statusCode": 404, "reason": "Not Found", "content": "<< application/json;charset=UTF-8 content type suppressed >>"}}
2025-03-11 10:10:25,531 - INFO - {"request": {"command": "GET https://api.smartsheet.com/2.0/reports/4634297428299652"}}
2025-03-11 10:10:25,738 - INFO - {"request": {"command": "GET https://api.smartsheet.com/2.0/sheets/2382497614614404"}}
2025-03-11 10:10:25,739 - ERROR - {"response": {"statusCode": 404, "reason": "Not Found", "content": "<< application/json;charset=UTF-8 content type suppressed >>"}}
2025-03-11 10:10:26,261 - INFO - {"request": {"command": "GET https://api.smartsheet.com/2.0/reports/2382497614614404"}}
2025-03-11 10:10:26,455 - INFO - {"request": {"command": "GET https://api.smartsheet.com/2.0/sheets/5301131903192964"}}
2025-03-11 10:10:26,455 - ERROR - {"response": {"statusCode": 404, "reason": "Not Found", "content": "<< application/json;charset=UTF-8 content type suppressed >>"}}
2025-03-11 10:10:27,055 - INFO - {"request": {"command": "GET https://api.smartsheet.com/2.0/reports/5301131903192964"}}
2025-03-11 10:10:27,208 - INFO - {"request": {"command": "GET https://api.smartsheet.com/2.0/sheets/1396044558454660"}}
2025-03-11 10:10:27,209 - ERROR - {"response": {"statusCode": 404, "reason": "Not Found", "content": "<< application/json;charset=UTF-8 content type suppressed >>"}}
2025-03-11 10:10:27,728 - INFO - {"request": {"command": "GET https://api.smartsheet.com/2.0/reports/1396044558454660"}}
2025-03-11 10:10:27,903 - INFO - {"request": {"command": "GET https://api.smartsheet.com/2.0/sheets/5899644185825156"}}
2025-03-11 10:10:27,904 - ERROR - {"response": {"statusCode": 404, "reason": "Not Found", "content": "<< application/json;charset=UTF-8 content type suppressed >>"}}
2025-03-11 10:10:28,391 - INFO - {"request": {"command": "GET https://api.smartsheet.com/2.0/reports/5899644185825156"}}
2025-03-11 10:10:28,573 - INFO - {"request": {"command": "GET https://api.smartsheet.com/2.0/sheets/8310880701730692"}}
2025-03-11 10:10:28,574 - ERROR - {"response": {"statusCode": 404, "reason": "Not Found", "content": "<< application/json;charset=UTF-8 content type suppressed >>"}}
2025-03-11 10:10:29,020 - INFO - {"request": {"command": "GET https://api.smartsheet.com/2.0/reports/8310880701730692"}}
2025-03-11 10:10:29,204 - INFO - {"request": {"command": "GET https://api.smartsheet.com/2.0/sheets/992531307253636"}}
2025-03-11 10:10:29,204 - ERROR - {"response": {"statusCode": 404, "reason": "Not Found", "content": "<< application/json;charset=UTF-8 content type suppressed >>"}}
2025-03-11 10:10:29,919 - INFO - {"request": {"command": "GET https://api.smartsheet.com/2.0/reports/992531307253636"}}
2025-03-11 10:10:30,109 - INFO - {"request": {"command": "GET https://api.smartsheet.com/2.0/sheets/5404812413718404"}}
2025-03-11 10:10:30,110 - ERROR - {"response": {"statusCode": 404, "reason": "Not Found", "content": "<< application/json;charset=UTF-8 content type suppressed >>"}}
2025-03-11 10:10:30,732 - INFO - {"request": {"command": "GET https://api.smartsheet.com/2.0/reports/5404812413718404"}}
2025-03-11 10:10:30,957 - INFO - {"request": {"command": "GET https://api.smartsheet.com/2.0/sheets/7656612227403652"}}
2025-03-11 10:10:30,958 - ERROR - {"response": {"statusCode": 404, "reason": "Not Found", "content": "<< application/json;charset=UTF-8 content type suppressed >>"}}
2025-03-11 10:10:31,565 - INFO - {"request": {"command": "GET https://api.smartsheet.com/2.0/reports/7656612227403652"}}
2025-03-11 10:10:31,753 - INFO - {"request": {"command": "GET https://api.smartsheet.com/2.0/sheets/201982446882692"}}
2025-03-11 10:10:31,754 - ERROR - {"response": {"statusCode": 404, "reason": "Not Found", "content": "<< application/json;charset=UTF-8 content type suppressed >>"}}
2025-03-11 10:10:32,420 - INFO - {"request": {"command": "GET https://api.smartsheet.com/2.0/reports/201982446882692"}}
2025-03-11 10:10:32,618 - INFO - {"request": {"command": "GET https://api.smartsheet.com/2.0/sheets/4705582074253188"}}
2025-03-11 10:10:32,619 - ERROR - {"response": {"statusCode": 404, "reason": "Not Found", "content": "<< application/json;charset=UTF-8 content type suppressed >>"}}
2025-03-11 10:10:33,270 - INFO - {"request": {"command": "GET https://api.smartsheet.com/2.0/reports/4705582074253188"}}
2025-03-11 10:10:33,515 - INFO - {"request": {"command": "GET https://api.smartsheet.com/2.0/sheets/1375413683048324"}}
2025-03-11 10:10:33,516 - ERROR - {"response": {"statusCode": 404, "reason": "Not Found", "content": "<< application/json;charset=UTF-8 content type suppressed >>"}}
2025-03-11 10:10:34,104 - INFO - {"request": {"command": "GET https://api.smartsheet.com/2.0/reports/1375413683048324"}}
2025-03-11 10:10:34,313 - INFO - {"request": {"command": "GET https://api.smartsheet.com/2.0/sheets/5879013310418820"}}
2025-03-11 10:10:34,313 - ERROR - {"response": {"statusCode": 404, "reason": "Not Found", "content": "<< application/json;charset=UTF-8 content type suppressed >>"}}
2025-03-11 10:10:35,072 - INFO - {"request": {"command": "GET https://api.smartsheet.com/2.0/reports/5879013310418820"}}
2025-03-11 10:10:35,245 - INFO - {"request": {"command": "GET https://api.smartsheet.com/2.0/sheets/4748044268425092"}}
2025-03-11 10:10:35,246 - ERROR - {"response": {"statusCode": 404, "reason": "Not Found", "content": "<< application/json;charset=UTF-8 content type suppressed >>"}}
2025-03-11 10:10:35,864 - INFO - {"request": {"command": "GET https://api.smartsheet.com/2.0/reports/4748044268425092"}}
2025-03-11 10:10:36,098 - INFO - {"request": {"command": "GET https://api.smartsheet.com/2.0/sheets/2496244454739844"}}
2025-03-11 10:10:36,099 - ERROR - {"response": {"statusCode": 404, "reason": "Not Found", "content": "<< application/json;charset=UTF-8 content type suppressed >>"}}
2025-03-11 10:10:36,622 - INFO - {"request": {"command": "GET https://api.smartsheet.com/2.0/reports/2496244454739844"}}
2025-03-11 10:10:36,826 - INFO - {"request": {"command": "GET https://api.smartsheet.com/2.0/sheets/1009256983646084"}}
2025-03-11 10:10:36,826 - ERROR - {"response": {"statusCode": 404, "reason": "Not Found", "content": "<< application/json;charset=UTF-8 content type suppressed >>"}}
2025-03-11 10:10:37,361 - INFO - {"request": {"command": "GET https://api.smartsheet.com/2.0/reports/1009256983646084"}}
2025-03-11 10:10:37,535 - INFO - {"request": {"command": "GET https://api.smartsheet.com/2.0/sheets/5512856611016580"}}
2025-03-11 10:10:37,536 - ERROR - {"response": {"statusCode": 404, "reason": "Not Found", "content": "<< application/json;charset=UTF-8 content type suppressed >>"}}
2025-03-11 10:10:38,104 - INFO - {"request": {"command": "GET https://api.smartsheet.com/2.0/reports/5512856611016580"}}
2025-03-11 10:10:38,305 - INFO - {"request": {"command": "GET https://api.smartsheet.com/2.0/sheets/1951341953896324"}}
2025-03-11 10:10:38,305 - ERROR - {"response": {"statusCode": 404, "reason": "Not Found", "content": "<< application/json;charset=UTF-8 content type suppressed >>"}}
2025-03-11 10:10:38,843 - INFO - {"request": {"command": "GET https://api.smartsheet.com/2.0/reports/1951341953896324"}}
2025-03-11 10:10:39,004 - INFO - {"request": {"command": "GET https://api.smartsheet.com/2.0/sheets/7684858079825796"}}
2025-03-11 10:10:39,005 - ERROR - {"response": {"statusCode": 404, "reason": "Not Found", "content": "<< application/json;charset=UTF-8 content type suppressed >>"}}
2025-03-11 10:10:39,461 - INFO - {"request": {"command": "GET https://api.smartsheet.com/2.0/reports/7684858079825796"}}
2025-03-11 10:10:39,674 - INFO - {"request": {"command": "GET https://api.smartsheet.com/2.0/sheets/2055358545612676"}}
2025-03-11 10:10:39,675 - ERROR - {"response": {"statusCode": 404, "reason": "Not Found", "content": "<< application/json;charset=UTF-8 content type suppressed >>"}}
2025-03-11 10:10:40,166 - INFO - {"request": {"command": "GET https://api.smartsheet.com/2.0/reports/2055358545612676"}}
2025-03-11 10:10:40,339 - INFO - {"request": {"command": "GET https://api.smartsheet.com/2.0/sheets/5794228508512132"}}
2025-03-11 10:10:40,340 - ERROR - {"response": {"statusCode": 404, "reason": "Not Found", "content": "<< application/json;charset=UTF-8 content type suppressed >>"}}
2025-03-11 10:10:40,867 - INFO - {"request": {"command": "GET https://api.smartsheet.com/2.0/reports/5794228508512132"}}
2025-03-11 10:10:41,038 - INFO - {"request": {"command": "GET https://api.smartsheet.com/2.0/sheets/3542428694826884"}}
2025-03-11 10:10:41,038 - ERROR - {"response": {"statusCode": 404, "reason": "Not Found", "content": "<< application/json;charset=UTF-8 content type suppressed >>"}}
2025-03-11 10:10:41,588 - INFO - {"request": {"command": "GET https://api.smartsheet.com/2.0/reports/3542428694826884"}}
2025-03-11 10:10:41,783 - INFO - {"request": {"command": "GET https://api.smartsheet.com/2.0/sheets/3744145055108996"}}
2025-03-11 10:10:41,784 - ERROR - {"response": {"statusCode": 404, "reason": "Not Found", "content": "<< application/json;charset=UTF-8 content type suppressed >>"}}
2025-03-11 10:10:42,651 - INFO - {"request": {"command": "GET https://api.smartsheet.com/2.0/reports/3744145055108996"}}
2025-03-11 10:10:42,831 - INFO - {"request": {"command": "GET https://api.smartsheet.com/2.0/sheets/8247744682479492"}}
2025-03-11 10:10:42,832 - ERROR - {"response": {"statusCode": 404, "reason": "Not Found", "content": "<< application/json;charset=UTF-8 content type suppressed >>"}}
2025-03-11 10:10:43,390 - INFO - {"request": {"command": "GET https://api.smartsheet.com/2.0/reports/8247744682479492"}}
2025-03-11 10:10:43,596 - INFO - {"request": {"command": "GET https://api.smartsheet.com/2.0/sheets/649730103136132"}}
2025-03-11 10:10:43,597 - ERROR - {"response": {"statusCode": 404, "reason": "Not Found", "content": "<< application/json;charset=UTF-8 content type suppressed >>"}}
2025-03-11 10:10:44,210 - INFO - {"request": {"command": "GET https://api.smartsheet.com/2.0/reports/649730103136132"}}
2025-03-11 10:10:44,408 - INFO - {"request": {"command": "GET https://api.smartsheet.com/2.0/sheets/6626370369048452"}}
2025-03-11 10:10:44,409 - ERROR - {"response": {"statusCode": 404, "reason": "Not Found", "content": "<< application/json;charset=UTF-8 content type suppressed >>"}}
2025-03-11 10:10:44,972 - INFO - {"request": {"command": "GET https://api.smartsheet.com/2.0/reports/6626370369048452"}}
2025-03-11 10:10:45,195 - INFO - {"request": {"command": "GET https://api.smartsheet.com/2.0/sheets/1741415763627908"}}
2025-03-11 10:10:45,196 - ERROR - {"response": {"statusCode": 404, "reason": "Not Found", "content": "<< application/json;charset=UTF-8 content type suppressed >>"}}
2025-03-11 10:10:46,125 - INFO - {"request": {"command": "GET https://api.smartsheet.com/2.0/reports/1741415763627908"}}
2025-03-11 10:10:46,313 - INFO - {"request": {"command": "GET https://api.smartsheet.com/2.0/sheets/7249479929384836"}}
2025-03-11 10:10:46,314 - ERROR - {"response": {"statusCode": 404, "reason": "Not Found", "content": "<< application/json;charset=UTF-8 content type suppressed >>"}}
2025-03-11 10:10:46,766 - INFO - {"request": {"command": "GET https://api.smartsheet.com/2.0/reports/7249479929384836"}}
2025-03-11 10:10:46,926 - INFO - {"request": {"command": "GET https://api.smartsheet.com/2.0/sheets/1619980395171716"}}
2025-03-11 10:10:46,926 - ERROR - {"response": {"statusCode": 404, "reason": "Not Found", "content": "<< application/json;charset=UTF-8 content type suppressed >>"}}
2025-03-11 10:10:47,451 - INFO - {"request": {"command": "GET https://api.smartsheet.com/2.0/reports/1619980395171716"}}
2025-03-11 10:10:47,615 - INFO - {"request": {"command": "GET https://api.smartsheet.com/2.0/sheets/7418039679012740"}}
2025-03-11 10:10:47,616 - ERROR - {"response": {"statusCode": 404, "reason": "Not Found", "content": "<< application/json;charset=UTF-8 content type suppressed >>"}}
2025-03-11 10:10:48,200 - INFO - {"request": {"command": "GET https://api.smartsheet.com/2.0/reports/7418039679012740"}}
2025-03-11 10:10:48,417 - INFO - {"request": {"command": "GET https://api.smartsheet.com/2.0/sheets/1225590191378308"}}
2025-03-11 10:10:48,418 - ERROR - {"response": {"statusCode": 404, "reason": "Not Found", "content": "<< application/json;charset=UTF-8 content type suppressed >>"}}
2025-03-11 10:10:48,852 - INFO - {"request": {"command": "GET https://api.smartsheet.com/2.0/reports/1225590191378308"}}
2025-03-11 10:10:49,119 - INFO - {"request": {"command": "GET https://api.smartsheet.com/2.0/sheets/5729189818748804"}}
2025-03-11 10:10:49,119 - ERROR - {"response": {"statusCode": 404, "reason": "Not Found", "content": "<< application/json;charset=UTF-8 content type suppressed >>"}}
2025-03-11 10:10:49,690 - INFO - {"request": {"command": "GET https://api.smartsheet.com/2.0/reports/5729189818748804"}}
2025-03-11 10:10:49,850 - INFO - {"request": {"command": "GET https://api.smartsheet.com/2.0/sheets/1418670983040900"}}
2025-03-11 10:10:49,851 - ERROR - {"response": {"statusCode": 404, "reason": "Not Found", "content": "<< application/json;charset=UTF-8 content type suppressed >>"}}
2025-03-11 10:10:50,524 - INFO - {"request": {"command": "GET https://api.smartsheet.com/2.0/reports/1418670983040900"}}
2025-03-11 10:10:50,701 - INFO - {"request": {"command": "GET https://api.smartsheet.com/2.0/sheets/5922270610411396"}}
2025-03-11 10:10:50,702 - ERROR - {"response": {"statusCode": 404, "reason": "Not Found", "content": "<< application/json;charset=UTF-8 content type suppressed >>"}}
2025-03-11 10:10:51,544 - INFO - {"request": {"command": "GET https://api.smartsheet.com/2.0/reports/5922270610411396"}}
2025-03-11 10:10:51,713 - INFO - {"request": {"command": "GET https://api.smartsheet.com/2.0/sheets/1775477538639748"}}
2025-03-11 10:10:51,713 - ERROR - {"response": {"statusCode": 404, "reason": "Not Found", "content": "<< application/json;charset=UTF-8 content type suppressed >>"}}
2025-03-11 10:10:52,393 - INFO - {"request": {"command": "GET https://api.smartsheet.com/2.0/reports/1775477538639748"}}
2025-03-11 10:10:52,570 - INFO - {"request": {"command": "GET https://api.smartsheet.com/2.0/sheets/1638534653890436"}}
2025-03-11 10:10:52,571 - ERROR - {"response": {"statusCode": 404, "reason": "Not Found", "content": "<< application/json;charset=UTF-8 content type suppressed >>"}}
2025-03-11 10:10:53,176 - INFO - {"request": {"command": "GET https://api.smartsheet.com/2.0/reports/1638534653890436"}}
2025-03-11 10:10:53,359 - INFO - {"request": {"command": "GET https://api.smartsheet.com/2.0/sheets/969550547865476"}}
2025-03-11 10:10:53,359 - ERROR - {"response": {"statusCode": 404, "reason": "Not Found", "content": "<< application/json;charset=UTF-8 content type suppressed >>"}}
2025-03-11 10:10:54,256 - INFO - {"request": {"command": "GET https://api.smartsheet.com/2.0/reports/969550547865476"}}
2025-03-11 10:10:54,457 - INFO - {"request": {"command": "GET https://api.smartsheet.com/2.0/sheets/5262907231129476"}}
2025-03-11 10:10:54,457 - ERROR - {"response": {"statusCode": 404, "reason": "Not Found", "content": "<< application/json;charset=UTF-8 content type suppressed >>"}}
2025-03-11 10:10:55,112 - INFO - {"request": {"command": "GET https://api.smartsheet.com/2.0/reports/5262907231129476"}}
2025-03-11 10:10:55,290 - INFO - {"request": {"command": "GET https://api.smartsheet.com/2.0/sheets/5479904011308932"}}
2025-03-11 10:10:55,290 - ERROR - {"response": {"statusCode": 404, "reason": "Not Found", "content": "<< application/json;charset=UTF-8 content type suppressed >>"}}
2025-03-11 10:10:55,858 - INFO - {"request": {"command": "GET https://api.smartsheet.com/2.0/reports/5479904011308932"}}
2025-03-11 10:10:56,026 - INFO - {"request": {"command": "GET https://api.smartsheet.com/2.0/sheets/3228104197623684"}}
2025-03-11 10:10:56,027 - ERROR - {"response": {"statusCode": 404, "reason": "Not Found", "content": "<< application/json;charset=UTF-8 content type suppressed >>"}}
2025-03-11 10:10:56,630 - INFO - {"request": {"command": "GET https://api.smartsheet.com/2.0/reports/3228104197623684"}}
2025-03-11 10:10:56,788 - INFO - {"request": {"command": "GET https://api.smartsheet.com/2.0/sheets/7581196896653188"}}
2025-03-11 10:10:56,788 - ERROR - {"response": {"statusCode": 404, "reason": "Not Found", "content": "<< application/json;charset=UTF-8 content type suppressed >>"}}
2025-03-11 10:10:57,709 - INFO - {"request": {"command": "GET https://api.smartsheet.com/2.0/reports/7581196896653188"}}
2025-03-11 10:10:57,873 - INFO - {"request": {"command": "GET https://api.smartsheet.com/2.0/sheets/1935952549203844"}}
2025-03-11 10:10:57,874 - ERROR - {"response": {"statusCode": 404, "reason": "Not Found", "content": "<< application/json;charset=UTF-8 content type suppressed >>"}}
2025-03-11 10:10:58,426 - INFO - {"request": {"command": "GET https://api.smartsheet.com/2.0/reports/1935952549203844"}}
2025-03-11 10:10:58,589 - INFO - {"request": {"command": "GET https://api.smartsheet.com/2.0/sheets/6940173027725188"}}
2025-03-11 10:10:58,590 - ERROR - {"response": {"statusCode": 404, "reason": "Not Found", "content": "<< application/json;charset=UTF-8 content type suppressed >>"}}
2025-03-11 10:10:59,025 - INFO - {"request": {"command": "GET https://api.smartsheet.com/2.0/reports/6940173027725188"}}
2025-03-11 10:10:59,182 - INFO - {"request": {"command": "GET https://api.smartsheet.com/2.0/sheets/2263095913172868"}}
2025-03-11 10:10:59,182 - ERROR - {"response": {"statusCode": 404, "reason": "Not Found", "content": "<< application/json;charset=UTF-8 content type suppressed >>"}}
2025-03-11 10:10:59,939 - INFO - {"request": {"command": "GET https://api.smartsheet.com/2.0/reports/2263095913172868"}}
2025-03-11 10:11:00,095 - INFO - {"request": {"command": "GET https://api.smartsheet.com/2.0/sheets/7520494513246084"}}
2025-03-11 10:11:00,096 - ERROR - {"response": {"statusCode": 404, "reason": "Not Found", "content": "<< application/json;charset=UTF-8 content type suppressed >>"}}
2025-03-11 10:11:00,618 - INFO - {"request": {"command": "GET https://api.smartsheet.com/2.0/reports/7520494513246084"}}
2025-03-11 10:11:00,786 - INFO - {"request": {"command": "GET https://api.smartsheet.com/2.0/sheets/4239345657532292"}}
2025-03-11 10:11:00,787 - ERROR - {"response": {"statusCode": 404, "reason": "Not Found", "content": "<< application/json;charset=UTF-8 content type suppressed >>"}}
2025-03-11 10:11:01,505 - INFO - {"request": {"command": "GET https://api.smartsheet.com/2.0/reports/4239345657532292"}}
2025-03-11 10:11:01,681 - INFO - {"request": {"command": "GET https://api.smartsheet.com/2.0/sheets/3362607540948868"}}
2025-03-11 10:11:01,682 - ERROR - {"response": {"statusCode": 404, "reason": "Not Found", "content": "<< application/json;charset=UTF-8 content type suppressed >>"}}
2025-03-11 10:11:02,211 - INFO - {"request": {"command": "GET https://api.smartsheet.com/2.0/reports/3362607540948868"}}
2025-03-11 10:11:02,458 - INFO - {"request": {"command": "GET https://api.smartsheet.com/2.0/sheets/8492447759814532"}}
2025-03-11 10:11:02,459 - ERROR - {"response": {"statusCode": 404, "reason": "Not Found", "content": "<< application/json;charset=UTF-8 content type suppressed >>"}}
2025-03-11 10:11:03,510 - INFO - {"request": {"command": "GET https://api.smartsheet.com/2.0/reports/8492447759814532"}}
2025-03-11 10:11:03,779 - INFO - {"request": {"command": "GET https://api.smartsheet.com/2.0/sheets/1915527832227716"}}
2025-03-11 10:11:03,779 - ERROR - {"response": {"statusCode": 404, "reason": "Not Found", "content": "<< application/json;charset=UTF-8 content type suppressed >>"}}
2025-03-11 10:11:04,811 - INFO - {"request": {"command": "GET https://api.smartsheet.com/2.0/reports/1915527832227716"}}
2025-03-11 10:11:05,119 - INFO - {"request": {"command": "GET https://api.smartsheet.com/2.0/sheets/7637805102485380"}}
2025-03-11 10:11:05,119 - ERROR - {"response": {"statusCode": 404, "reason": "Not Found", "content": "<< application/json;charset=UTF-8 content type suppressed >>"}}
2025-03-11 10:11:06,195 - INFO - {"request": {"command": "GET https://api.smartsheet.com/2.0/reports/7637805102485380"}}
2025-03-11 10:11:06,485 - INFO - {"request": {"command": "GET https://api.smartsheet.com/2.0/sheets/2008305568272260"}}
2025-03-11 10:11:06,486 - ERROR - {"response": {"statusCode": 404, "reason": "Not Found", "content": "<< application/json;charset=UTF-8 content type suppressed >>"}}
2025-03-11 10:11:07,375 - INFO - {"request": {"command": "GET https://api.smartsheet.com/2.0/reports/2008305568272260"}}
2025-03-11 10:11:07,536 - INFO - {"request": {"command": "GET https://api.smartsheet.com/2.0/sheets/7762676981649284"}}
2025-03-11 10:11:07,537 - ERROR - {"response": {"statusCode": 404, "reason": "Not Found", "content": "<< application/json;charset=UTF-8 content type suppressed >>"}}
2025-03-11 10:11:08,047 - INFO - {"request": {"command": "GET https://api.smartsheet.com/2.0/reports/7762676981649284"}}
2025-03-11 10:11:08,215 - INFO - {"request": {"command": "GET https://api.smartsheet.com/2.0/sheets/6178628618375044"}}
2025-03-11 10:11:08,215 - ERROR - {"response": {"statusCode": 404, "reason": "Not Found", "content": "<< application/json;charset=UTF-8 content type suppressed >>"}}
2025-03-11 10:11:08,752 - INFO - {"request": {"command": "GET https://api.smartsheet.com/2.0/reports/6178628618375044"}}
2025-03-11 10:11:08,919 - INFO - {"request": {"command": "GET https://api.smartsheet.com/2.0/sheets/3738979820064644"}}
2025-03-11 10:11:08,919 - ERROR - {"response": {"statusCode": 404, "reason": "Not Found", "content": "<< application/json;charset=UTF-8 content type suppressed >>"}}
2025-03-11 10:11:09,409 - INFO - {"request": {"command": "GET https://api.smartsheet.com/2.0/reports/3738979820064644"}}
2025-03-11 10:11:09,564 - INFO - {"request": {"command": "GET https://api.smartsheet.com/2.0/sheets/3394439691063172"}}
2025-03-11 10:11:09,565 - ERROR - {"response": {"statusCode": 404, "reason": "Not Found", "content": "<< application/json;charset=UTF-8 content type suppressed >>"}}
2025-03-11 10:11:10,089 - INFO - {"request": {"command": "GET https://api.smartsheet.com/2.0/reports/3394439691063172"}}
2025-03-11 10:11:10,247 - INFO - {"request": {"command": "GET https://api.smartsheet.com/2.0/sheets/1806385733914500"}}
2025-03-11 10:11:10,248 - ERROR - {"response": {"statusCode": 404, "reason": "Not Found", "content": "<< application/json;charset=UTF-8 content type suppressed >>"}}
2025-03-11 10:11:10,659 - INFO - {"request": {"command": "GET https://api.smartsheet.com/2.0/reports/1806385733914500"}}
2025-03-11 10:11:10,827 - INFO - {"request": {"command": "GET https://api.smartsheet.com/2.0/sheets/8460414283108228"}}
2025-03-11 10:11:10,828 - ERROR - {"response": {"statusCode": 404, "reason": "Not Found", "content": "<< application/json;charset=UTF-8 content type suppressed >>"}}
2025-03-11 10:11:11,713 - INFO - {"request": {"command": "GET https://api.smartsheet.com/2.0/reports/8460414283108228"}}
2025-03-11 10:11:11,874 - INFO - {"request": {"command": "GET https://api.smartsheet.com/2.0/sheets/297639958499204"}}
2025-03-11 10:11:11,875 - ERROR - {"response": {"statusCode": 404, "reason": "Not Found", "content": "<< application/json;charset=UTF-8 content type suppressed >>"}}
2025-03-11 10:11:12,275 - INFO - {"request": {"command": "GET https://api.smartsheet.com/2.0/reports/297639958499204"}}
2025-03-11 10:11:12,445 - INFO - {"request": {"command": "GET https://api.smartsheet.com/2.0/sheets/7544754099146628"}}
2025-03-11 10:11:12,445 - ERROR - {"response": {"statusCode": 404, "reason": "Not Found", "content": "<< application/json;charset=UTF-8 content type suppressed >>"}}
2025-03-11 10:11:13,023 - INFO - {"request": {"command": "GET https://api.smartsheet.com/2.0/reports/7544754099146628"}}
2025-03-11 10:11:13,187 - INFO - {"request": {"command": "GET https://api.smartsheet.com/2.0/sheets/1915254564933508"}}
2025-03-11 10:11:13,188 - ERROR - {"response": {"statusCode": 404, "reason": "Not Found", "content": "<< application/json;charset=UTF-8 content type suppressed >>"}}
2025-03-11 10:11:13,671 - INFO - {"request": {"command": "GET https://api.smartsheet.com/2.0/reports/1915254564933508"}}
2025-03-11 10:11:13,830 - INFO - {"request": {"command": "GET https://api.smartsheet.com/2.0/sheets/7911698925047684"}}
2025-03-11 10:11:13,830 - ERROR - {"response": {"statusCode": 404, "reason": "Not Found", "content": "<< application/json;charset=UTF-8 content type suppressed >>"}}
2025-03-11 10:11:14,310 - INFO - {"request": {"command": "GET https://api.smartsheet.com/2.0/reports/7911698925047684"}}
2025-03-11 10:11:14,474 - INFO - {"request": {"command": "GET https://api.smartsheet.com/2.0/sheets/593349530570628"}}
2025-03-11 10:11:14,474 - ERROR - {"response": {"statusCode": 404, "reason": "Not Found", "content": "<< application/json;charset=UTF-8 content type suppressed >>"}}
2025-03-11 10:11:15,078 - INFO - {"request": {"command": "GET https://api.smartsheet.com/2.0/reports/593349530570628"}}
2025-03-11 10:11:15,294 - INFO - {"request": {"command": "GET https://api.smartsheet.com/2.0/sheets/8813128808615812"}}
2025-03-11 10:11:15,295 - ERROR - {"response": {"statusCode": 404, "reason": "Not Found", "content": "<< application/json;charset=UTF-8 content type suppressed >>"}}
2025-03-11 10:11:15,737 - INFO - {"request": {"command": "GET https://api.smartsheet.com/2.0/reports/8813128808615812"}}
2025-03-11 10:11:15,897 - INFO - {"request": {"command": "GET https://api.smartsheet.com/2.0/sheets/1906683957694340"}}
2025-03-11 10:11:15,897 - ERROR - {"response": {"statusCode": 404, "reason": "Not Found", "content": "<< application/json;charset=UTF-8 content type suppressed >>"}}
2025-03-11 10:11:16,425 - INFO - {"request": {"command": "GET https://api.smartsheet.com/2.0/reports/1906683957694340"}}
2025-03-11 10:11:16,591 - INFO - {"request": {"command": "GET https://api.smartsheet.com/2.0/sheets/6410283585064836"}}
2025-03-11 10:11:16,591 - ERROR - {"response": {"statusCode": 404, "reason": "Not Found", "content": "<< application/json;charset=UTF-8 content type suppressed >>"}}
2025-03-11 10:11:17,048 - INFO - {"request": {"command": "GET https://api.smartsheet.com/2.0/reports/6410283585064836"}}
2025-03-11 10:11:17,242 - INFO - {"request": {"command": "GET https://api.smartsheet.com/2.0/sheets/8810635580100484"}}
2025-03-11 10:11:17,243 - ERROR - {"response": {"statusCode": 404, "reason": "Not Found", "content": "<< application/json;charset=UTF-8 content type suppressed >>"}}
2025-03-11 10:11:17,687 - INFO - {"request": {"command": "GET https://api.smartsheet.com/2.0/reports/8810635580100484"}}
2025-03-11 10:11:17,853 - INFO - {"request": {"command": "GET https://api.smartsheet.com/2.0/sheets/6896255913381764"}}
2025-03-11 10:11:17,854 - ERROR - {"response": {"statusCode": 404, "reason": "Not Found", "content": "<< application/json;charset=UTF-8 content type suppressed >>"}}
2025-03-11 10:11:18,434 - INFO - {"request": {"command": "GET https://api.smartsheet.com/2.0/reports/6896255913381764"}}
2025-03-11 10:11:18,611 - INFO - {"request": {"command": "GET https://api.smartsheet.com/2.0/sheets/984181890830212"}}
2025-03-11 10:11:18,611 - ERROR - {"response": {"statusCode": 404, "reason": "Not Found", "content": "<< application/json;charset=UTF-8 content type suppressed >>"}}
2025-03-11 10:11:19,074 - INFO - {"request": {"command": "GET https://api.smartsheet.com/2.0/reports/984181890830212"}}
2025-03-11 10:11:19,290 - INFO - {"request": {"command": "GET https://api.smartsheet.com/2.0/sheets/7839680913428356"}}
2025-03-11 10:11:19,290 - ERROR - {"response": {"statusCode": 404, "reason": "Not Found", "content": "<< application/json;charset=UTF-8 content type suppressed >>"}}
2025-03-11 10:11:20,011 - INFO - {"request": {"command": "GET https://api.smartsheet.com/2.0/reports/7839680913428356"}}
2025-03-11 10:11:20,246 - INFO - {"request": {"command": "GET https://api.smartsheet.com/2.0/sheets/989397054869380"}}
2025-03-11 10:11:20,247 - ERROR - {"response": {"statusCode": 404, "reason": "Not Found", "content": "<< application/json;charset=UTF-8 content type suppressed >>"}}
2025-03-11 10:11:20,799 - INFO - {"request": {"command": "GET https://api.smartsheet.com/2.0/reports/989397054869380"}}
2025-03-11 10:11:21,014 - INFO - {"request": {"command": "GET https://api.smartsheet.com/2.0/sheets/5492996682239876"}}
2025-03-11 10:11:21,014 - ERROR - {"response": {"statusCode": 404, "reason": "Not Found", "content": "<< application/json;charset=UTF-8 content type suppressed >>"}}
2025-03-11 10:11:21,554 - INFO - {"request": {"command": "GET https://api.smartsheet.com/2.0/reports/5492996682239876"}}
2025-03-11 10:11:21,722 - INFO - {"request": {"command": "GET https://api.smartsheet.com/2.0/sheets/1005278770188164"}}
2025-03-11 10:11:21,722 - ERROR - {"response": {"statusCode": 404, "reason": "Not Found", "content": "<< application/json;charset=UTF-8 content type suppressed >>"}}
2025-03-11 10:11:22,157 - INFO - {"request": {"command": "GET https://api.smartsheet.com/2.0/reports/1005278770188164"}}
2025-03-11 10:11:22,314 - INFO - {"request": {"command": "GET https://api.smartsheet.com/2.0/sheets/5508878397558660"}}
2025-03-11 10:11:22,314 - ERROR - {"response": {"statusCode": 404, "reason": "Not Found", "content": "<< application/json;charset=UTF-8 content type suppressed >>"}}
2025-03-11 10:11:22,984 - INFO - {"request": {"command": "GET https://api.smartsheet.com/2.0/reports/5508878397558660"}}
2025-03-11 10:11:23,140 - INFO - {"request": {"command": "GET https://api.smartsheet.com/2.0/sheets/7115991808954244"}}
2025-03-11 10:11:23,140 - ERROR - {"response": {"statusCode": 404, "reason": "Not Found", "content": "<< application/json;charset=UTF-8 content type suppressed >>"}}
2025-03-11 10:11:23,736 - INFO - {"request": {"command": "GET https://api.smartsheet.com/2.0/reports/7115991808954244"}}
2025-03-11 10:11:23,925 - INFO - {"request": {"command": "GET https://api.smartsheet.com/2.0/sheets/2388182003830660"}}
2025-03-11 10:11:23,925 - ERROR - {"response": {"statusCode": 404, "reason": "Not Found", "content": "<< application/json;charset=UTF-8 content type suppressed >>"}}
2025-03-11 10:11:24,366 - INFO - {"request": {"command": "GET https://api.smartsheet.com/2.0/reports/2388182003830660"}}
2025-03-11 10:11:24,531 - INFO - {"request": {"command": "GET https://api.smartsheet.com/2.0/sheets/6891781631201156"}}
2025-03-11 10:11:24,531 - ERROR - {"response": {"statusCode": 404, "reason": "Not Found", "content": "<< application/json;charset=UTF-8 content type suppressed >>"}}
2025-03-11 10:11:24,961 - INFO - {"request": {"command": "GET https://api.smartsheet.com/2.0/reports/6891781631201156"}}
2025-03-11 10:11:25,127 - INFO - {"request": {"command": "GET https://api.smartsheet.com/2.0/sheets/886337167118212"}}
2025-03-11 10:11:25,127 - ERROR - {"response": {"statusCode": 404, "reason": "Not Found", "content": "<< application/json;charset=UTF-8 content type suppressed >>"}}
2025-03-11 10:11:25,729 - INFO - {"request": {"command": "GET https://api.smartsheet.com/2.0/reports/886337167118212"}}
2025-03-11 10:11:25,886 - INFO - {"request": {"command": "GET https://api.smartsheet.com/2.0/sheets/5389936794488708"}}
2025-03-11 10:11:25,886 - ERROR - {"response": {"statusCode": 404, "reason": "Not Found", "content": "<< application/json;charset=UTF-8 content type suppressed >>"}}
2025-03-11 10:11:26,395 - INFO - {"request": {"command": "GET https://api.smartsheet.com/2.0/reports/5389936794488708"}}
2025-03-11 10:11:26,599 - INFO - {"request": {"command": "GET https://api.smartsheet.com/2.0/sheets/31398157045636"}}
2025-03-11 10:11:26,600 - ERROR - {"response": {"statusCode": 404, "reason": "Not Found", "content": "<< application/json;charset=UTF-8 content type suppressed >>"}}
2025-03-11 10:11:27,239 - INFO - {"request": {"command": "GET https://api.smartsheet.com/2.0/reports/31398157045636"}}
2025-03-11 10:11:27,423 - INFO - {"request": {"command": "GET https://api.smartsheet.com/2.0/sheets/4534997784416132"}}
2025-03-11 10:11:27,424 - ERROR - {"response": {"statusCode": 404, "reason": "Not Found", "content": "<< application/json;charset=UTF-8 content type suppressed >>"}}
2025-03-11 10:11:27,923 - INFO - {"request": {"command": "GET https://api.smartsheet.com/2.0/reports/4534997784416132"}}
2025-03-11 10:11:28,128 - INFO - {"request": {"command": "GET https://api.smartsheet.com/2.0/sheets/5811578565775236"}}
2025-03-11 10:11:28,128 - ERROR - {"response": {"statusCode": 404, "reason": "Not Found", "content": "<< application/json;charset=UTF-8 content type suppressed >>"}}
2025-03-11 10:11:28,616 - INFO - {"request": {"command": "GET https://api.smartsheet.com/2.0/reports/5811578565775236"}}
2025-03-11 10:11:28,780 - INFO - {"request": {"command": "GET https://api.smartsheet.com/2.0/sheets/3559778752089988"}}
2025-03-11 10:11:28,780 - ERROR - {"response": {"statusCode": 404, "reason": "Not Found", "content": "<< application/json;charset=UTF-8 content type suppressed >>"}}
2025-03-11 10:11:29,286 - INFO - {"request": {"command": "GET https://api.smartsheet.com/2.0/reports/3559778752089988"}}
2025-03-11 10:11:29,436 - INFO - {"request": {"command": "GET https://api.smartsheet.com/2.0/sheets/7022194555047812"}}
2025-03-11 10:11:29,437 - ERROR - {"response": {"statusCode": 404, "reason": "Not Found", "content": "<< application/json;charset=UTF-8 content type suppressed >>"}}
2025-03-11 10:11:29,904 - INFO - {"request": {"command": "GET https://api.smartsheet.com/2.0/reports/7022194555047812"}}
2025-03-11 10:11:30,098 - INFO - {"request": {"command": "GET https://api.smartsheet.com/2.0/sheets/1392695020834692"}}
2025-03-11 10:11:30,099 - ERROR - {"response": {"statusCode": 404, "reason": "Not Found", "content": "<< application/json;charset=UTF-8 content type suppressed >>"}}
2025-03-11 10:11:30,590 - INFO - {"request": {"command": "GET https://api.smartsheet.com/2.0/reports/1392695020834692"}}
2025-03-11 10:11:30,794 - INFO - {"request": {"command": "GET https://api.smartsheet.com/2.0/sheets/1981620936462212"}}
2025-03-11 10:11:30,795 - ERROR - {"response": {"statusCode": 404, "reason": "Not Found", "content": "<< application/json;charset=UTF-8 content type suppressed >>"}}
2025-03-11 10:11:31,386 - INFO - {"request": {"command": "GET https://api.smartsheet.com/2.0/reports/1981620936462212"}}
2025-03-11 10:11:31,622 - INFO - {"request": {"command": "GET https://api.smartsheet.com/2.0/sheets/5961112147152772"}}
2025-03-11 10:11:31,622 - ERROR - {"response": {"statusCode": 404, "reason": "Not Found", "content": "<< application/json;charset=UTF-8 content type suppressed >>"}}
2025-03-11 10:11:32,380 - INFO - {"request": {"command": "GET https://api.smartsheet.com/2.0/reports/5961112147152772"}}
2025-03-11 10:11:32,614 - INFO - {"request": {"command": "GET https://api.smartsheet.com/2.0/sheets/3709312333467524"}}
2025-03-11 10:11:32,614 - ERROR - {"response": {"statusCode": 404, "reason": "Not Found", "content": "<< application/json;charset=UTF-8 content type suppressed >>"}}
2025-03-11 10:11:33,160 - INFO - {"request": {"command": "GET https://api.smartsheet.com/2.0/reports/3709312333467524"}}
2025-03-11 10:11:33,336 - INFO - {"request": {"command": "GET https://api.smartsheet.com/2.0/sheets/4077182724820868"}}
2025-03-11 10:11:33,337 - ERROR - {"response": {"statusCode": 404, "reason": "Not Found", "content": "<< application/json;charset=UTF-8 content type suppressed >>"}}
2025-03-11 10:11:34,114 - INFO - {"request": {"command": "GET https://api.smartsheet.com/2.0/reports/4077182724820868"}}
2025-03-11 10:11:34,305 - INFO - {"request": {"command": "GET https://api.smartsheet.com/2.0/sheets/2547968209014660"}}
2025-03-11 10:11:34,305 - ERROR - {"response": {"statusCode": 404, "reason": "Not Found", "content": "<< application/json;charset=UTF-8 content type suppressed >>"}}
2025-03-11 10:11:34,855 - INFO - {"request": {"command": "GET https://api.smartsheet.com/2.0/reports/2547968209014660"}}
2025-03-11 10:11:35,066 - INFO - {"request": {"command": "GET https://api.smartsheet.com/2.0/sheets/7051567836385156"}}
2025-03-11 10:11:35,066 - ERROR - {"response": {"statusCode": 404, "reason": "Not Found", "content": "<< application/json;charset=UTF-8 content type suppressed >>"}}
2025-03-11 10:11:35,730 - INFO - {"request": {"command": "GET https://api.smartsheet.com/2.0/reports/7051567836385156"}}
2025-03-11 10:11:35,917 - INFO - {"request": {"command": "GET https://api.smartsheet.com/2.0/sheets/3276746312863620"}}
2025-03-11 10:11:35,918 - ERROR - {"response": {"statusCode": 404, "reason": "Not Found", "content": "<< application/json;charset=UTF-8 content type suppressed >>"}}
2025-03-11 10:11:36,339 - INFO - {"request": {"command": "GET https://api.smartsheet.com/2.0/reports/3276746312863620"}}
2025-03-11 10:11:36,507 - INFO - {"request": {"command": "GET https://api.smartsheet.com/2.0/sheets/7780345940234116"}}
2025-03-11 10:11:36,508 - ERROR - {"response": {"statusCode": 404, "reason": "Not Found", "content": "<< application/json;charset=UTF-8 content type suppressed >>"}}
2025-03-11 10:11:37,030 - INFO - {"request": {"command": "GET https://api.smartsheet.com/2.0/reports/7780345940234116"}}
2025-03-11 10:11:37,184 - INFO - {"request": {"command": "GET https://api.smartsheet.com/2.0/sheets/4648170709536644"}}
2025-03-11 10:11:37,185 - ERROR - {"response": {"statusCode": 404, "reason": "Not Found", "content": "<< application/json;charset=UTF-8 content type suppressed >>"}}
2025-03-11 10:11:37,735 - INFO - {"request": {"command": "GET https://api.smartsheet.com/2.0/reports/4648170709536644"}}
2025-03-11 10:11:37,937 - INFO - {"request": {"command": "GET https://api.smartsheet.com/2.0/sheets/3555876237430660"}}
2025-03-11 10:11:37,938 - ERROR - {"response": {"statusCode": 404, "reason": "Not Found", "content": "<< application/json;charset=UTF-8 content type suppressed >>"}}
2025-03-11 10:11:38,515 - INFO - {"request": {"command": "GET https://api.smartsheet.com/2.0/reports/3555876237430660"}}
2025-03-11 10:11:38,718 - INFO - {"request": {"command": "GET https://api.smartsheet.com/2.0/sheets/8059475864801156"}}
2025-03-11 10:11:38,718 - ERROR - {"response": {"statusCode": 404, "reason": "Not Found", "content": "<< application/json;charset=UTF-8 content type suppressed >>"}}
2025-03-11 10:11:39,276 - INFO - {"request": {"command": "GET https://api.smartsheet.com/2.0/reports/8059475864801156"}}
2025-03-11 10:11:39,531 - INFO - {"request": {"command": "GET https://api.smartsheet.com/2.0/sheets/519766540242820"}}
2025-03-11 10:11:39,531 - ERROR - {"response": {"statusCode": 404, "reason": "Not Found", "content": "<< application/json;charset=UTF-8 content type suppressed >>"}}
2025-03-11 10:11:40,065 - INFO - {"request": {"command": "GET https://api.smartsheet.com/2.0/reports/519766540242820"}}
2025-03-11 10:11:40,246 - INFO - {"request": {"command": "GET https://api.smartsheet.com/2.0/sheets/5537952641798020"}}
2025-03-11 10:11:40,247 - ERROR - {"response": {"statusCode": 404, "reason": "Not Found", "content": "<< application/json;charset=UTF-8 content type suppressed >>"}}
2025-03-11 10:11:40,723 - INFO - {"request": {"command": "GET https://api.smartsheet.com/2.0/reports/5537952641798020"}}
2025-03-11 10:11:40,893 - INFO - {"request": {"command": "GET https://api.smartsheet.com/2.0/sheets/3286152828112772"}}
2025-03-11 10:11:40,894 - ERROR - {"response": {"statusCode": 404, "reason": "Not Found", "content": "<< application/json;charset=UTF-8 content type suppressed >>"}}
2025-03-11 10:11:41,402 - INFO - {"request": {"command": "GET https://api.smartsheet.com/2.0/reports/3286152828112772"}}
2025-03-11 10:11:41,582 - INFO - {"request": {"command": "GET https://api.smartsheet.com/2.0/sheets/3131641379639172"}}
2025-03-11 10:11:41,583 - ERROR - {"response": {"statusCode": 404, "reason": "Not Found", "content": "<< application/json;charset=UTF-8 content type suppressed >>"}}
2025-03-11 10:11:42,119 - INFO - {"request": {"command": "GET https://api.smartsheet.com/2.0/reports/3131641379639172"}}
2025-03-11 10:11:42,308 - INFO - {"request": {"command": "GET https://api.smartsheet.com/2.0/sheets/6299544295788420"}}
2025-03-11 10:11:42,309 - ERROR - {"response": {"statusCode": 404, "reason": "Not Found", "content": "<< application/json;charset=UTF-8 content type suppressed >>"}}
2025-03-11 10:11:42,810 - INFO - {"request": {"command": "GET https://api.smartsheet.com/2.0/reports/6299544295788420"}}
2025-03-11 10:11:42,970 - INFO - {"request": {"command": "GET https://api.smartsheet.com/2.0/sheets/4047744482103172"}}
2025-03-11 10:11:42,970 - ERROR - {"response": {"statusCode": 404, "reason": "Not Found", "content": "<< application/json;charset=UTF-8 content type suppressed >>"}}
2025-03-11 10:11:43,658 - INFO - {"request": {"command": "GET https://api.smartsheet.com/2.0/reports/4047744482103172"}}
2025-03-11 10:11:43,824 - INFO - {"request": {"command": "GET https://api.smartsheet.com/2.0/sheets/7614517789806468"}}
2025-03-11 10:11:43,825 - ERROR - {"response": {"statusCode": 404, "reason": "Not Found", "content": "<< application/json;charset=UTF-8 content type suppressed >>"}}
2025-03-11 10:11:44,355 - INFO - {"request": {"command": "GET https://api.smartsheet.com/2.0/reports/7614517789806468"}}
2025-03-11 10:11:44,545 - INFO - {"request": {"command": "GET https://api.smartsheet.com/2.0/sheets/1646010044469124"}}
2025-03-11 10:11:44,546 - ERROR - {"response": {"statusCode": 404, "reason": "Not Found", "content": "<< application/json;charset=UTF-8 content type suppressed >>"}}
2025-03-11 10:11:45,176 - INFO - {"request": {"command": "GET https://api.smartsheet.com/2.0/reports/1646010044469124"}}
2025-03-11 10:11:45,335 - INFO - {"request": {"command": "GET https://api.smartsheet.com/2.0/sheets/8401065888141188"}}
2025-03-11 10:11:45,335 - ERROR - {"response": {"statusCode": 404, "reason": "Not Found", "content": "<< application/json;charset=UTF-8 content type suppressed >>"}}
2025-03-11 10:11:45,823 - INFO - {"request": {"command": "GET https://api.smartsheet.com/2.0/reports/8401065888141188"}}
2025-03-11 10:11:46,016 - INFO - {"request": {"command": "GET https://api.smartsheet.com/2.0/sheets/7289629296250756"}}
2025-03-11 10:11:46,016 - ERROR - {"response": {"statusCode": 404, "reason": "Not Found", "content": "<< application/json;charset=UTF-8 content type suppressed >>"}}
2025-03-11 10:11:47,116 - INFO - {"request": {"command": "GET https://api.smartsheet.com/2.0/reports/7289629296250756"}}
2025-03-11 10:11:47,395 - INFO - {"request": {"command": "GET https://api.smartsheet.com/2.0/sheets/2875680119279492"}}
2025-03-11 10:11:47,396 - ERROR - {"response": {"statusCode": 404, "reason": "Not Found", "content": "<< application/json;charset=UTF-8 content type suppressed >>"}}
2025-03-11 10:11:48,410 - INFO - {"request": {"command": "GET https://api.smartsheet.com/2.0/reports/2875680119279492"}}
2025-03-11 10:11:48,613 - INFO - {"request": {"command": "GET https://api.smartsheet.com/2.0/sheets/7794685225422724"}}
2025-03-11 10:11:48,614 - ERROR - {"response": {"statusCode": 404, "reason": "Not Found", "content": "<< application/json;charset=UTF-8 content type suppressed >>"}}
2025-03-11 10:11:49,609 - INFO - {"request": {"command": "GET https://api.smartsheet.com/2.0/reports/7794685225422724"}}
2025-03-11 10:11:49,820 - INFO - {"request": {"command": "GET https://api.smartsheet.com/2.0/sheets/641307542245252"}}
2025-03-11 10:11:49,821 - ERROR - {"response": {"statusCode": 404, "reason": "Not Found", "content": "<< application/json;charset=UTF-8 content type suppressed >>"}}
2025-03-11 10:11:50,631 - INFO - {"request": {"command": "GET https://api.smartsheet.com/2.0/reports/641307542245252"}}
2025-03-11 10:11:50,811 - INFO - {"request": {"command": "GET https://api.smartsheet.com/2.0/sheets/641307542245252"}}
2025-03-11 10:11:50,811 - ERROR - {"response": {"statusCode": 404, "reason": "Not Found", "content": "<< application/json;charset=UTF-8 content type suppressed >>"}}
2025-03-11 10:11:51,668 - INFO - {"request": {"command": "GET https://api.smartsheet.com/2.0/reports/641307542245252"}}
2025-03-11 10:11:51,867 - INFO - {"request": {"command": "GET https://api.smartsheet.com/2.0/sheets/641307542245252"}}
2025-03-11 10:11:51,868 - ERROR - {"response": {"statusCode": 404, "reason": "Not Found", "content": "<< application/json;charset=UTF-8 content type suppressed >>"}}
2025-03-11 10:11:52,905 - INFO - {"request": {"command": "GET https://api.smartsheet.com/2.0/reports/641307542245252"}}
2025-03-11 10:11:53,101 - INFO - {"request": {"command": "GET https://api.smartsheet.com/2.0/sheets/641307542245252"}}
2025-03-11 10:11:53,101 - ERROR - {"response": {"statusCode": 404, "reason": "Not Found", "content": "<< application/json;charset=UTF-8 content type suppressed >>"}}
2025-03-11 10:11:53,969 - INFO - {"request": {"command": "GET https://api.smartsheet.com/2.0/reports/641307542245252"}}
2025-03-11 10:11:54,155 - INFO - {"request": {"command": "GET https://api.smartsheet.com/2.0/sheets/641307542245252"}}
2025-03-11 10:11:54,155 - ERROR - {"response": {"statusCode": 404, "reason": "Not Found", "content": "<< application/json;charset=UTF-8 content type suppressed >>"}}
2025-03-11 10:11:55,360 - INFO - {"request": {"command": "GET https://api.smartsheet.com/2.0/reports/641307542245252"}}
2025-03-11 10:11:55,578 - INFO - {"request": {"command": "GET https://api.smartsheet.com/2.0/sheets/641307542245252"}}
2025-03-11 10:11:55,578 - ERROR - {"response": {"statusCode": 404, "reason": "Not Found", "content": "<< application/json;charset=UTF-8 content type suppressed >>"}}
2025-03-11 10:11:56,402 - INFO - {"request": {"command": "GET https://api.smartsheet.com/2.0/reports/641307542245252"}}
2025-03-11 10:11:56,580 - INFO - {"request": {"command": "GET https://api.smartsheet.com/2.0/sheets/641307542245252"}}
2025-03-11 10:11:56,580 - ERROR - {"response": {"statusCode": 404, "reason": "Not Found", "content": "<< application/json;charset=UTF-8 content type suppressed >>"}}
2025-03-11 10:11:57,407 - INFO - {"request": {"command": "GET https://api.smartsheet.com/2.0/reports/641307542245252"}}
2025-03-11 10:11:57,603 - INFO - {"request": {"command": "GET https://api.smartsheet.com/2.0/sheets/641307542245252"}}
2025-03-11 10:11:57,603 - ERROR - {"response": {"statusCode": 404, "reason": "Not Found", "content": "<< application/json;charset=UTF-8 content type suppressed >>"}}
2025-03-11 10:11:58,544 - INFO - {"request": {"command": "GET https://api.smartsheet.com/2.0/reports/641307542245252"}}
2025-03-11 10:11:58,731 - INFO - {"request": {"command": "GET https://api.smartsheet.com/2.0/sheets/641307542245252"}}
2025-03-11 10:11:58,732 - ERROR - {"response": {"statusCode": 404, "reason": "Not Found", "content": "<< application/json;charset=UTF-8 content type suppressed >>"}}
2025-03-11 10:11:59,628 - INFO - {"request": {"command": "GET https://api.smartsheet.com/2.0/reports/641307542245252"}}
2025-03-11 10:11:59,888 - INFO - {"request": {"command": "GET https://api.smartsheet.com/2.0/sheets/641307542245252"}}
2025-03-11 10:11:59,888 - ERROR - {"response": {"statusCode": 404, "reason": "Not Found", "content": "<< application/json;charset=UTF-8 content type suppressed >>"}}
2025-03-11 10:12:00,699 - INFO - {"request": {"command": "GET https://api.smartsheet.com/2.0/reports/641307542245252"}}
2025-03-11 10:12:00,922 - INFO - {"request": {"command": "GET https://api.smartsheet.com/2.0/sheets/641307542245252"}}
2025-03-11 10:12:00,922 - ERROR - {"response": {"statusCode": 404, "reason": "Not Found", "content": "<< application/json;charset=UTF-8 content type suppressed >>"}}
2025-03-11 10:12:01,751 - INFO - {"request": {"command": "GET https://api.smartsheet.com/2.0/reports/641307542245252"}}
2025-03-11 10:12:02,005 - INFO - {"request": {"command": "GET https://api.smartsheet.com/2.0/sheets/641307542245252"}}
2025-03-11 10:12:02,006 - ERROR - {"response": {"statusCode": 404, "reason": "Not Found", "content": "<< application/json;charset=UTF-8 content type suppressed >>"}}
2025-03-11 10:12:02,873 - INFO - {"request": {"command": "GET https://api.smartsheet.com/2.0/reports/641307542245252"}}
2025-03-11 10:12:03,240 - INFO - {"request": {"command": "GET https://api.smartsheet.com/2.0/sheets/641307542245252"}}
2025-03-11 10:12:03,240 - ERROR - {"response": {"statusCode": 404, "reason": "Not Found", "content": "<< application/json;charset=UTF-8 content type suppressed >>"}}
2025-03-11 10:12:04,225 - INFO - {"request": {"command": "GET https://api.smartsheet.com/2.0/reports/641307542245252"}}
2025-03-11 10:12:04,519 - INFO - {"request": {"command": "GET https://api.smartsheet.com/2.0/sheets/641307542245252"}}
2025-03-11 10:12:04,520 - ERROR - {"response": {"statusCode": 404, "reason": "Not Found", "content": "<< application/json;charset=UTF-8 content type suppressed >>"}}
2025-03-11 10:12:05,341 - INFO - {"request": {"command": "GET https://api.smartsheet.com/2.0/reports/641307542245252"}}
2025-03-11 10:12:05,540 - INFO - {"request": {"command": "GET https://api.smartsheet.com/2.0/sheets/641307542245252"}}
2025-03-11 10:12:05,540 - ERROR - {"response": {"statusCode": 404, "reason": "Not Found", "content": "<< application/json;charset=UTF-8 content type suppressed >>"}}
2025-03-11 10:12:06,377 - INFO - {"request": {"command": "GET https://api.smartsheet.com/2.0/reports/641307542245252"}}
2025-03-11 10:12:06,585 - INFO - {"request": {"command": "GET https://api.smartsheet.com/2.0/sheets/641307542245252"}}
2025-03-11 10:12:06,586 - ERROR - {"response": {"statusCode": 404, "reason": "Not Found", "content": "<< application/json;charset=UTF-8 content type suppressed >>"}}
2025-03-11 10:12:07,529 - INFO - {"request": {"command": "GET https://api.smartsheet.com/2.0/reports/641307542245252"}}
2025-03-11 10:12:07,724 - INFO - {"request": {"command": "GET https://api.smartsheet.com/2.0/sheets/641307542245252"}}
2025-03-11 10:12:07,725 - ERROR - {"response": {"statusCode": 404, "reason": "Not Found", "content": "<< application/json;charset=UTF-8 content type suppressed >>"}}
2025-03-11 10:12:08,576 - INFO - {"request": {"command": "GET https://api.smartsheet.com/2.0/reports/641307542245252"}}
2025-03-11 10:12:08,764 - INFO - {"request": {"command": "GET https://api.smartsheet.com/2.0/sheets/641307542245252"}}
2025-03-11 10:12:08,764 - ERROR - {"response": {"statusCode": 404, "reason": "Not Found", "content": "<< application/json;charset=UTF-8 content type suppressed >>"}}
2025-03-11 10:12:09,580 - INFO - {"request": {"command": "GET https://api.smartsheet.com/2.0/reports/641307542245252"}}
2025-03-11 10:12:09,786 - INFO - {"request": {"command": "GET https://api.smartsheet.com/2.0/sheets/7806524950112132"}}
2025-03-11 10:12:09,786 - ERROR - {"response": {"statusCode": 404, "reason": "Not Found", "content": "<< application/json;charset=UTF-8 content type suppressed >>"}}
2025-03-11 10:12:10,480 - INFO - {"request": {"command": "GET https://api.smartsheet.com/2.0/reports/7806524950112132"}}
2025-03-11 10:12:10,932 - INFO - {"request": {"command": "PUT https://api.smartsheet.com/2.0/sheets/6375545637916548/rows"}}
2025-03-11 10:12:13,475 - INFO - {"request": {"command": "PUT https://api.smartsheet.com/2.0/sheets/3752673769639812/rows"}}
2025-03-11 10:12:14,399 - INFO - {"request": {"command": "PUT https://api.smartsheet.com/2.0/sheets/6375545637916548/rows"}}
2025-03-11 10:12:14,886 - INFO - {"request": {"command": "GET https://api.smartsheet.com/2.0/sheets/3752673769639812"}}
2025-03-11 10:12:15,273 - INFO - {"request": {"command": "GET https://api.smartsheet.com/2.0/sheets/3752673769639812"}}
2025-03-11 10:12:16,103 - INFO - {"request": {"command": "GET https://api.smartsheet.com/2.0/sheets/7087756358406020"}}
2025-03-11 10:12:16,432 - INFO - {"request": {"command": "GET https://api.smartsheet.com/2.0/sheets/3710056637878148"}}
2025-03-11 10:12:16,805 - INFO - {"request": {"command": "GET https://api.smartsheet.com/2.0/sheets/1808860708818820"}}
2025-03-11 10:12:17,148 - INFO - {"request": {"command": "GET https://api.smartsheet.com/2.0/sheets/8564260149874564"}}
2025-03-11 10:12:17,483 - INFO - {"request": {"command": "GET https://api.smartsheet.com/2.0/sheets/4846486462353284"}}
2025-03-11 10:12:17,895 - INFO - {"request": {"command": "GET https://api.smartsheet.com/2.0/sheets/1468786741825412"}}
2025-03-11 10:12:18,392 - INFO - {"request": {"command": "GET https://api.smartsheet.com/2.0/sheets/8446818564132740"}}
2025-03-11 10:12:18,773 - INFO - {"request": {"command": "GET https://api.smartsheet.com/2.0/sheets/2535844053208964"}}
2025-03-11 10:12:19,093 - INFO - {"request": {"command": "GET https://api.smartsheet.com/2.0/sheets/3176739073118084"}}
2025-03-11 10:12:19,415 - INFO - {"request": {"command": "GET https://api.smartsheet.com/2.0/sheets/6554438793645956"}}
2025-03-11 10:12:19,771 - INFO - {"request": {"command": "GET https://api.smartsheet.com/2.0/sheets/4257557929480068"}}
2025-03-11 10:12:20,121 - INFO - {"request": {"command": "GET https://api.smartsheet.com/2.0/sheets/7650102130724740"}}
2025-03-11 10:12:20,489 - INFO - {"request": {"command": "GET https://api.smartsheet.com/2.0/sheets/4272402410196868"}}
2025-03-11 10:12:20,811 - INFO - {"request": {"command": "GET https://api.smartsheet.com/2.0/sheets/4702948185558916"}}
2025-03-11 10:12:21,131 - INFO - {"request": {"command": "GET https://api.smartsheet.com/2.0/sheets/1325248465031044"}}
2025-03-11 10:12:21,500 - INFO - {"request": {"command": "GET https://api.smartsheet.com/2.0/sheets/8360145050357636"}}
2025-03-11 10:12:21,943 - INFO - {"request": {"command": "GET https://api.smartsheet.com/2.0/sheets/8517906715332484"}}
2025-03-11 10:12:22,438 - INFO - {"request": {"command": "GET https://api.smartsheet.com/2.0/sheets/2606932204408708"}}
2025-03-11 10:12:22,742 - INFO - {"request": {"command": "GET https://api.smartsheet.com/2.0/sheets/1923310849838980"}}
2025-03-11 10:12:23,147 - INFO - {"request": {"command": "GET https://api.smartsheet.com/2.0/sheets/8678710290894724"}}
2025-03-11 10:12:23,523 - INFO - {"request": {"command": "GET https://api.smartsheet.com/2.0/sheets/8661161054523268"}}
2025-03-11 10:12:24,003 - INFO - {"request": {"command": "GET https://api.smartsheet.com/2.0/sheets/5110710233157508"}}
2025-03-11 10:12:24,375 - INFO - {"request": {"command": "GET https://api.smartsheet.com/2.0/sheets/1733010512629636"}}
2025-03-11 10:12:24,783 - INFO - {"request": {"command": "GET https://api.smartsheet.com/2.0/sheets/2139451857784708"}}
2025-03-11 10:12:25,157 - INFO - {"request": {"command": "GET https://api.smartsheet.com/2.0/sheets/98758276632452"}}
2025-03-11 10:12:25,477 - INFO - {"request": {"command": "GET https://api.smartsheet.com/2.0/sheets/7151403814309764"}}
2025-03-11 10:12:25,912 - INFO - {"request": {"command": "GET https://api.smartsheet.com/2.0/sheets/6866286705332100"}}
2025-03-11 10:12:26,254 - INFO - {"request": {"command": "GET https://api.smartsheet.com/2.0/sheets/3488586984804228"}}
2025-03-11 10:12:26,612 - INFO - {"request": {"command": "GET https://api.smartsheet.com/2.0/sheets/8640125378449284"}}
2025-03-11 10:12:26,971 - INFO - {"request": {"command": "GET https://api.smartsheet.com/2.0/sheets/1536782046809988"}}
2025-03-11 10:12:27,266 - INFO - {"request": {"command": "GET https://api.smartsheet.com/2.0/sheets/4278536697237380"}}
2025-03-11 10:12:27,587 - INFO - {"request": {"command": "GET https://api.smartsheet.com/2.0/sheets/5758185142964100"}}
2025-03-11 10:12:27,927 - INFO - {"request": {"command": "GET https://api.smartsheet.com/2.0/sheets/4320203248717700"}}
2025-03-11 10:12:28,228 - INFO - {"request": {"command": "GET https://api.smartsheet.com/2.0/sheets/2171391382081412"}}
2025-03-11 10:12:28,569 - INFO - {"request": {"command": "GET https://api.smartsheet.com/2.0/sheets/8926790823137156"}}
2025-03-11 10:12:28,976 - INFO - {"request": {"command": "GET https://api.smartsheet.com/2.0/sheets/1360482229243780"}}
2025-03-11 10:12:29,337 - INFO - {"request": {"command": "GET https://api.smartsheet.com/2.0/sheets/8855131441287044"}}
2025-03-11 10:12:29,651 - INFO - {"request": {"command": "GET https://api.smartsheet.com/2.0/sheets/2521944465297284"}}
2025-03-11 10:12:30,029 - INFO - {"request": {"command": "GET https://api.smartsheet.com/2.0/sheets/2681381167517572"}}
2025-03-11 10:12:30,534 - INFO - {"request": {"command": "GET https://api.smartsheet.com/2.0/sheets/6059080888045444"}}
2025-03-11 10:12:30,887 - INFO - {"request": {"command": "GET https://api.smartsheet.com/2.0/sheets/1464162739769220"}}
2025-03-11 10:12:31,234 - INFO - {"request": {"command": "GET https://api.smartsheet.com/2.0/sheets/8219562180824964"}}
2025-03-11 10:12:31,620 - INFO - {"request": {"command": "GET https://api.smartsheet.com/2.0/sheets/7661069329715076"}}
2025-03-11 10:12:31,936 - INFO - {"request": {"command": "GET https://api.smartsheet.com/2.0/sheets/4283369609187204"}}
2025-03-11 10:12:32,360 - INFO - {"request": {"command": "GET https://api.smartsheet.com/2.0/sheets/8834500565880708"}}
2025-03-11 10:12:32,837 - INFO - {"request": {"command": "GET https://api.smartsheet.com/2.0/sheets/2501313589890948"}}
2025-03-11 10:12:33,409 - INFO - {"request": {"command": "GET https://api.smartsheet.com/2.0/sheets/2074031989673860"}}
2025-03-11 10:12:33,771 - INFO - {"request": {"command": "GET https://api.smartsheet.com/2.0/sheets/8829431430729604"}}
2025-03-11 10:12:34,465 - INFO - {"request": {"command": "GET https://api.smartsheet.com/2.0/sheets/7201706471280516"}}
2025-03-11 10:12:34,887 - INFO - {"request": {"command": "GET https://api.smartsheet.com/2.0/sheets/3824006750752644"}}
2025-03-11 10:12:35,360 - INFO - {"request": {"command": "GET https://api.smartsheet.com/2.0/sheets/8143791441530756"}}
2025-03-11 10:12:35,776 - INFO - {"request": {"command": "GET https://api.smartsheet.com/2.0/sheets/5996008219561860"}}
2025-03-11 10:12:36,146 - INFO - {"request": {"command": "GET https://api.smartsheet.com/2.0/sheets/5433058266140548"}}
2025-03-11 10:12:36,497 - INFO - {"request": {"command": "GET https://api.smartsheet.com/2.0/sheets/164728974299012"}}
2025-03-11 10:12:36,891 - INFO - {"request": {"command": "GET https://api.smartsheet.com/2.0/sheets/6920128415354756"}}
2025-03-11 10:12:37,495 - INFO - {"request": {"command": "GET https://api.smartsheet.com/2.0/sheets/366445334581124"}}
2025-03-11 10:12:37,896 - INFO - {"request": {"command": "GET https://api.smartsheet.com/2.0/sheets/1492345241423748"}}
2025-03-11 10:12:38,258 - INFO - {"request": {"command": "GET https://api.smartsheet.com/2.0/sheets/2338579963400068"}}
2025-03-11 10:12:38,773 - INFO - {"request": {"command": "GET https://api.smartsheet.com/2.0/sheets/996870834835332"}}
2025-03-11 10:12:39,420 - INFO - {"request": {"command": "GET https://api.smartsheet.com/2.0/sheets/5119115484155780"}}
2025-03-11 10:12:39,903 - INFO - {"request": {"command": "GET https://api.smartsheet.com/2.0/sheets/4153255185567620"}}
2025-03-11 10:12:40,307 - INFO - {"request": {"command": "GET https://api.smartsheet.com/2.0/sheets/4997680115699588"}}
2025-03-11 10:12:40,619 - INFO - {"request": {"command": "GET https://api.smartsheet.com/2.0/sheets/3477390005063556"}}
2025-03-11 10:12:41,005 - INFO - {"request": {"command": "GET https://api.smartsheet.com/2.0/sheets/8895783306743684"}}
2025-03-11 10:12:41,483 - INFO - {"request": {"command": "GET https://api.smartsheet.com/2.0/sheets/2351490098220932"}}
2025-03-11 10:12:41,876 - INFO - {"request": {"command": "GET https://api.smartsheet.com/2.0/sheets/8455545400807300"}}
2025-03-11 10:12:42,186 - INFO - {"request": {"command": "GET https://api.smartsheet.com/2.0/sheets/2544570889883524"}}
2025-03-11 10:12:42,637 - INFO - {"request": {"command": "GET https://api.smartsheet.com/2.0/sheets/7967927026274180"}}
2025-03-11 10:12:43,571 - INFO - {"request": {"command": "GET https://api.smartsheet.com/2.0/sheets/8675409071656836"}}
2025-03-11 10:12:43,952 - INFO - {"request": {"command": "GET https://api.smartsheet.com/2.0/sheets/7162000035499908"}}
2025-03-11 10:12:44,407 - INFO - {"request": {"command": "GET https://api.smartsheet.com/2.0/sheets/1322257557180292"}}
2025-03-11 10:12:44,745 - INFO - {"request": {"command": "GET https://api.smartsheet.com/2.0/sheets/1539254337359748"}}
2025-03-11 10:12:45,143 - INFO - {"request": {"command": "GET https://api.smartsheet.com/2.0/sheets/8294653778415492"}}
2025-03-11 10:12:45,477 - INFO - {"request": {"command": "GET https://api.smartsheet.com/2.0/sheets/3640547222704004"}}
2025-03-11 10:12:45,806 - INFO - {"request": {"command": "GET https://api.smartsheet.com/2.0/sheets/8128402036838276"}}
2025-03-11 10:12:46,254 - INFO - {"request": {"command": "GET https://api.smartsheet.com/2.0/sheets/184773586669444"}}
2025-03-11 10:12:46,618 - INFO - {"request": {"command": "GET https://api.smartsheet.com/2.0/sheets/8992107075161988"}}
2025-03-11 10:12:46,983 - INFO - {"request": {"command": "GET https://api.smartsheet.com/2.0/sheets/3579844839296900"}}
2025-03-11 10:12:47,362 - INFO - {"request": {"command": "GET https://api.smartsheet.com/2.0/sheets/7617045378060164"}}
2025-03-11 10:12:47,736 - INFO - {"request": {"command": "GET https://api.smartsheet.com/2.0/sheets/6177357308055428"}}
2025-03-11 10:12:48,098 - INFO - {"request": {"command": "GET https://api.smartsheet.com/2.0/sheets/2862948225601412"}}
2025-03-11 10:12:48,425 - INFO - {"request": {"command": "GET https://api.smartsheet.com/2.0/sheets/5293227552755588"}}
2025-03-11 10:12:48,753 - INFO - {"request": {"command": "GET https://api.smartsheet.com/2.0/sheets/3697155428536196"}}
2025-03-11 10:12:49,285 - INFO - {"request": {"command": "GET https://api.smartsheet.com/2.0/sheets/5386005288800132"}}
2025-03-11 10:12:49,604 - INFO - {"request": {"command": "GET https://api.smartsheet.com/2.0/sheets/3822027307700100"}}
2025-03-11 10:12:50,000 - INFO - {"request": {"command": "GET https://api.smartsheet.com/2.0/sheets/2800928897847172"}}
2025-03-11 10:12:50,325 - INFO - {"request": {"command": "GET https://api.smartsheet.com/2.0/sheets/7116679540592516"}}
2025-03-11 10:12:50,725 - INFO - {"request": {"command": "GET https://api.smartsheet.com/2.0/sheets/2268539784220548"}}
2025-03-11 10:12:51,079 - INFO - {"request": {"command": "GET https://api.smartsheet.com/2.0/sheets/7998835221548932"}}
2025-03-11 10:12:51,447 - INFO - {"request": {"command": "GET https://api.smartsheet.com/2.0/sheets/2830914748895108"}}
2025-03-11 10:12:51,839 - INFO - {"request": {"command": "GET https://api.smartsheet.com/2.0/sheets/6208614469422980"}}
2025-03-11 10:12:52,175 - INFO - {"request": {"command": "GET https://api.smartsheet.com/2.0/sheets/3604104425197444"}}
2025-03-11 10:12:52,526 - INFO - {"request": {"command": "GET https://api.smartsheet.com/2.0/sheets/5292954285461380"}}
2025-03-11 10:12:52,934 - INFO - {"request": {"command": "GET https://api.smartsheet.com/2.0/sheets/2282199390834564"}}
2025-03-11 10:12:53,279 - INFO - {"request": {"command": "GET https://api.smartsheet.com/2.0/sheets/5659899111362436"}}
2025-03-11 10:12:53,621 - INFO - {"request": {"command": "GET https://api.smartsheet.com/2.0/sheets/3183629274402692"}}
2025-03-11 10:12:53,920 - INFO - {"request": {"command": "GET https://api.smartsheet.com/2.0/sheets/8099133445328772"}}
2025-03-11 10:12:54,263 - INFO - {"request": {"command": "GET https://api.smartsheet.com/2.0/sheets/3032583864536964"}}
2025-03-11 10:12:54,595 - INFO - {"request": {"command": "GET https://api.smartsheet.com/2.0/sheets/3181136045887364"}}
2025-03-11 10:12:54,926 - INFO - {"request": {"command": "GET https://api.smartsheet.com/2.0/sheets/4644456099696516"}}
2025-03-11 10:12:55,303 - INFO - {"request": {"command": "GET https://api.smartsheet.com/2.0/sheets/7176631378464644"}}
2025-03-11 10:12:55,697 - INFO - {"request": {"command": "GET https://api.smartsheet.com/2.0/sheets/5587881099743108"}}
2025-03-11 10:12:56,085 - INFO - {"request": {"command": "GET https://api.smartsheet.com/2.0/sheets/7181846542503812"}}
2025-03-11 10:12:56,454 - INFO - {"request": {"command": "GET https://api.smartsheet.com/2.0/sheets/3804146821975940"}}
2025-03-11 10:12:56,985 - INFO - {"request": {"command": "GET https://api.smartsheet.com/2.0/sheets/7197728257822596"}}
2025-03-11 10:12:57,359 - INFO - {"request": {"command": "GET https://api.smartsheet.com/2.0/sheets/3820028537294724"}}
2025-03-11 10:12:57,759 - INFO - {"request": {"command": "GET https://api.smartsheet.com/2.0/sheets/4019767065137028"}}
2025-03-11 10:12:58,070 - INFO - {"request": {"command": "GET https://api.smartsheet.com/2.0/sheets/6680675398668164"}}
2025-03-11 10:12:58,442 - INFO - {"request": {"command": "GET https://api.smartsheet.com/2.0/sheets/136382190145412"}}
2025-03-11 10:12:58,816 - INFO - {"request": {"command": "GET https://api.smartsheet.com/2.0/sheets/7078786654752644"}}
2025-03-11 10:12:59,219 - INFO - {"request": {"command": "GET https://api.smartsheet.com/2.0/sheets/3701086934224772"}}
2025-03-11 10:12:59,573 - INFO - {"request": {"command": "GET https://api.smartsheet.com/2.0/sheets/7859920946810756"}}
2025-03-11 10:12:59,898 - INFO - {"request": {"command": "GET https://api.smartsheet.com/2.0/sheets/4482221226282884"}}
2025-03-11 10:13:00,259 - INFO - {"request": {"command": "GET https://api.smartsheet.com/2.0/sheets/182079031562116"}}
2025-03-11 10:13:00,624 - INFO - {"request": {"command": "GET https://api.smartsheet.com/2.0/sheets/6937478472617860"}}
2025-03-11 10:13:00,962 - INFO - {"request": {"command": "GET https://api.smartsheet.com/2.0/sheets/4348182276296580"}}
2025-03-11 10:13:01,334 - INFO - {"request": {"command": "GET https://api.smartsheet.com/2.0/sheets/4770394741362564"}}
2025-03-11 10:13:01,705 - INFO - {"request": {"command": "GET https://api.smartsheet.com/2.0/sheets/5359320656990084"}}
2025-03-11 10:13:02,097 - INFO - {"request": {"command": "GET https://api.smartsheet.com/2.0/sheets/331612612939652"}}
2025-03-11 10:13:02,651 - INFO - {"request": {"command": "GET https://api.smartsheet.com/2.0/sheets/7087012053995396"}}
2025-03-11 10:13:03,241 - INFO - {"request": {"command": "GET https://api.smartsheet.com/2.0/sheets/5203082631663492"}}
2025-03-11 10:13:06,005 - INFO - {"request": {"command": "GET https://api.smartsheet.com/2.0/sheets/6207142906253188"}}
2025-03-11 10:13:06,455 - INFO - {"request": {"command": "GET https://api.smartsheet.com/2.0/sheets/296168395329412"}}
2025-03-11 10:13:06,907 - INFO - {"request": {"command": "GET https://api.smartsheet.com/2.0/sheets/6091496079970180"}}
2025-03-11 10:13:07,261 - INFO - {"request": {"command": "GET https://api.smartsheet.com/2.0/sheets/1024946499178372"}}
2025-03-11 10:13:07,588 - INFO - {"request": {"command": "GET https://api.smartsheet.com/2.0/sheets/4225958244470660"}}
2025-03-11 10:13:07,956 - INFO - {"request": {"command": "GET https://api.smartsheet.com/2.0/sheets/4681776144273284"}}
2025-03-11 10:13:08,353 - INFO - {"request": {"command": "GET https://api.smartsheet.com/2.0/sheets/1304076423745412"}}
2025-03-11 10:13:08,700 - INFO - {"request": {"command": "GET https://api.smartsheet.com/2.0/sheets/7556640958009220"}}
2025-03-11 10:13:09,211 - INFO - {"request": {"command": "GET https://api.smartsheet.com/2.0/sheets/1597302967848836"}}
2025-03-11 10:13:09,608 - INFO - {"request": {"command": "GET https://api.smartsheet.com/2.0/sheets/8352702408904580"}}
2025-03-11 10:13:09,936 - INFO - {"request": {"command": "GET https://api.smartsheet.com/2.0/sheets/8198190960430980"}}
2025-03-11 10:13:10,256 - INFO - {"request": {"command": "GET https://api.smartsheet.com/2.0/sheets/670044761575300"}}
2025-03-11 10:13:10,701 - INFO - {"request": {"command": "GET https://api.smartsheet.com/2.0/sheets/7425444202631044"}}
2025-03-11 10:13:11,033 - INFO - {"request": {"command": "GET https://api.smartsheet.com/2.0/sheets/859118348750724"}}
2025-03-11 10:13:11,364 - INFO - {"request": {"command": "GET https://api.smartsheet.com/2.0/sheets/5023709764996996"}}
2025-03-11 10:13:11,712 - INFO - {"request": {"command": "GET https://api.smartsheet.com/2.0/sheets/2771566353928068"}}
2025-03-11 10:13:12,184 - INFO - {"request": {"command": "GET https://api.smartsheet.com/2.0/sheets/6440781661294468"}}
2025-03-11 10:13:13,228 - INFO - {"request": {"command": "GET https://api.smartsheet.com/2.0/sheets/6440781661294468"}}
2025-03-11 10:13:14,234 - INFO - {"request": {"command": "GET https://api.smartsheet.com/2.0/sheets/6440781661294468"}}
2025-03-11 10:13:15,164 - INFO - {"request": {"command": "GET https://api.smartsheet.com/2.0/sheets/1596680331808644"}}
2025-03-11 10:13:15,602 - INFO - {"request": {"command": "GET https://api.smartsheet.com/2.0/sheets/8454776735879044"}}
2025-03-11 10:13:15,931 - INFO - {"request": {"command": "GET https://api.smartsheet.com/2.0/sheets/3935018904670084"}}
2025-03-11 10:13:16,349 - INFO - {"request": {"command": "GET https://api.smartsheet.com/2.0/sheets/4923218401906564"}}
2025-03-11 10:13:16,648 - INFO - {"request": {"command": "GET https://api.smartsheet.com/2.0/sheets/3198995190992772"}}
2025-03-11 10:13:16,963 - INFO - {"request": {"command": "GET https://api.smartsheet.com/2.0/sheets/7561822970269572"}}
2025-03-11 10:13:17,315 - INFO - {"request": {"command": "GET https://api.smartsheet.com/2.0/sheets/1010910680272772"}}
2025-03-11 10:13:17,643 - INFO - {"request": {"command": "GET https://api.smartsheet.com/2.0/sheets/1533831538495364"}}
2025-03-11 10:13:18,053 - INFO - {"request": {"command": "GET https://api.smartsheet.com/2.0/sheets/6817895443025796"}}
2025-03-11 10:13:18,395 - INFO - {"request": {"command": "GET https://api.smartsheet.com/2.0/sheets/5116177860743044"}}
2025-03-11 10:13:18,758 - INFO - {"request": {"command": "GET https://api.smartsheet.com/2.0/sheets/7879066434621316"}}
2025-03-11 10:13:19,134 - INFO - {"request": {"command": "GET https://api.smartsheet.com/2.0/sheets/2007863320858500"}}
2025-03-11 10:13:19,508 - INFO - {"request": {"command": "GET https://api.smartsheet.com/2.0/sheets/5233980223737732"}}
2025-03-11 10:13:19,803 - INFO - {"request": {"command": "GET https://api.smartsheet.com/2.0/sheets/8370904077651844"}}
2025-03-11 10:13:20,124 - INFO - {"request": {"command": "GET https://api.smartsheet.com/2.0/sheets/6516929904725892"}}
2025-03-11 10:13:20,473 - INFO - {"request": {"command": "GET https://api.smartsheet.com/2.0/sheets/1544436349620100"}}
2025-03-11 10:13:20,787 - INFO - {"request": {"command": "GET https://api.smartsheet.com/2.0/sheets/4265130091040644"}}
2025-03-11 10:13:21,111 - INFO - {"request": {"command": "GET https://api.smartsheet.com/2.0/sheets/6817895443025796"}}
2025-03-11 10:13:21,437 - INFO - {"request": {"command": "GET https://api.smartsheet.com/2.0/sheets/1515920082030468"}}
2025-03-11 10:13:21,786 - INFO - {"request": {"command": "PUT https://api.smartsheet.com/2.0/sheets/6375545637916548/rows"}}
2025-03-11 10:13:24,224 - INFO - {"request": {"command": "PUT https://api.smartsheet.com/2.0/sheets/3752673769639812/rows"}}
2025-03-11 10:13:25,211 - INFO - {"request": {"command": "PUT https://api.smartsheet.com/2.0/sheets/6375545637916548/rows"}}
2025-03-11 10:13:25,215 - INFO - Script executed successfully.
