2025-04-18 11:02:37,083 - INFO - Script started.
2025-04-18 11:02:38,221 - INFO - {"request": {"command": "GET https://api.smartsheet.com/2.0/sheets/6375545637916548"}}
2025-04-18 11:02:38,567 - INFO - {"request": {"command": "GET https://api.smartsheet.com/2.0/sheets/6375545637916548"}}
2025-04-18 11:02:38,857 - INFO - {"request": {"command": "GET https://api.smartsheet.com/2.0/sheets/6375545637916548"}}
2025-04-18 11:02:39,207 - INFO - {"request": {"command": "GET https://api.smartsheet.com/2.0/sheets/8286888007782276"}}
2025-04-18 11:02:39,626 - INFO - {"request": {"command": "GET https://api.smartsheet.com/2.0/sheets/8286888007782276"}}
2025-04-18 11:02:39,729 - INFO - Sheet Dictionary: {'1049489529169796': 'https://app.smartsheet.com/reports/Jpc6jg4M9JC2Mfv86MQhGJxVPF7qwJ5xWhJGjGF1', '1067526747645828': 'https://app.smartsheet.com/reports/VprCVRCv4c73GHQWVJQxPX8wPCGw9fgrMhwXfg81', '119227404314500': 'https://app.smartsheet.com/reports/WjGFCCJVvg3HGHQGgXXVHfjwjhwXGFCh9Qcq9Wx1', '1201203477538692': 'https://app.smartsheet.com/reports/w725Pvp53f4F82vgwcm7wxwHFwgfQpx7RHvcqxf1', '1321399974422404': 'https://app.smartsheet.com/sheets/Qm2HjJpQJxvhjfrW3wprj55jmCvXQ8gHwh9RgWF1', '1567434936215428': 'https://app.smartsheet.com/sheets/9W6M62vrcX3xJCpv265FPJ6XWcJMv6fHVHmp95C1', '1928360499668868': 'https://app.smartsheet.com/reports/m48XgX5r3cgFRcqwR766Rh2xXCf352XhCFG6jGM1', '2010411554891652': 'https://app.smartsheet.com/reports/wVvF256P3Wfv4W5mFG9GFQ47jf5JGHcj3m7QFcr1', '2610120080969604': 'https://app.smartsheet.com/reports/9q5gMP8fH3H85wXHVPF7wRp7M6W4VhH46GcCGP31', '313057659381636': 'https://app.smartsheet.com/reports/WjH55QWXMxvfhpp5pjJ338X4Prq796qW797wWQR1', '3136311461734276': 'https://app.smartsheet.com/reports/Xhw7rrxfv2GmWFwWC5mcMGpf3j8f7Gfvx5C97Mg1', '3204756060563332': 'https://app.smartsheet.com/reports/mG66mJV6wvJf4hCmPRwChvm44P8Xm8JCVXW6MCJ1', '3343337609553796': 'https://app.smartsheet.com/reports/x37v894JprcpFrhh4MJGpr376mRJqJjhx6QPCJr1', '3522652359944068': 'https://app.smartsheet.com/reports/rgGHF68MFmW2c4P9MR9VqhjvC6rwCQ9jp6PX6R91', '3524542145554308': 'https://app.smartsheet.com/reports/wp4C983Wj4gFGrCVcjWx7fWR5gqJgJFXG2x3r931', '3999909125875588': 'https://app.smartsheet.com/reports/6vGQj7j9jr2h7c4gCwRf9QwMHmhFpFc4hcPqM2P1', '4035160338392964': 'https://app.smartsheet.com/reports/Ww6GCwgjvP642MjgC7H5W5fj9hgXg4qGMxM6QVm1', '4071633200670596': 'https://app.smartsheet.com/reports/XQ2jhjqhRmqWfJjjmvQqwrgG683R83qRCvr4hR91', '4236166686893956': 'https://app.smartsheet.com/reports/2FhGVjwrMcpWXjrhR9xwXCmmgV4cGgC9c75M8h81', '4552067932022660': 'https://app.smartsheet.com/sheets/VH5vMwcXjR45QxqCjxQ8vqppqqXR9G8v6GmXJG21', '4823963378444164': 'https://app.smartsheet.com/sheets/82rp9mP8hvGgWh2w86g77553MWfCxVw8Cf8PHv31', '4928893615400836': 'https://app.smartsheet.com/sheets/32GHw73v4qvV6wGh7MPmPRxmQGC2252GxJ5PG5r1', '5033933884313476': 'https://app.smartsheet.com/reports/Rm299PrhgrFWV8pv8RXphJh4rJQG9f8XmXj8G5G1', '514056393805700': 'https://app.smartsheet.com/reports/PcCfjC8pj79xvW5QVGvHwGRWXfCP746q5QRCh3M1', '5213426365556612': 'https://app.smartsheet.com/reports/rj6CQhmmm48P89m7m9fQ2hWqRg8M6C6r8Ww3Mvv1', '5416198482487172': 'https://app.smartsheet.com/reports/rg26p396fp8Wvf4hV7QqRHxpRQm6HFm9RpQjp691', '6253025107961732': 'https://app.smartsheet.com/reports/rX9hWv2wHMwPvJcPcg6fH4rCFXh8Fch6Vr7prcx1', '6300903738238852': 'https://app.smartsheet.com/sheets/pMx89h4MmM2rv2qm6XqwH8JHjVFHHpQmQH8wQC41', '6626954460850052': 'https://app.smartsheet.com/sheets/7HwvGgqP7cR9QH3Cw78VvgF69xwF25xJ84jvqxR1', '6830703011751812': 'https://app.smartsheet.com/reports/6j4P4vgvqxv5g9JqJ6pf9M6G2j54hmM5fwxqm4X1', '7806524950112132': 'https://app.smartsheet.com/reports/Cg4rqC5pfFcF6pfxMW8MVx5Jr5cXx8mXV684Wj51', '838036346589060': 'https://app.smartsheet.com/reports/w75Hm7wPcH6hw23HvvhxMqfrpMgvHRrvF27XHVg1', '856267943110532': 'https://app.smartsheet.com/reports/P4Qh4jvxcjxFQg5WXwFx9FXmfhqq6CVW83Rhhxc1', '8598066753234820': 'https://app.smartsheet.com/reports/HCHRqf5RC7VpCPrx8VQjqqfQVC34vHMcvFFQ9v41'}
2025-04-18 11:02:39,823 - INFO - {"request": {"command": "PUT https://api.smartsheet.com/2.0/sheets/8286888007782276/rows"}}
2025-04-18 11:02:39,824 - ERROR - {"response": {"statusCode": 400, "reason": "Bad Request", "content": {"errorCode": 1008, "message": "Unable to parse request.", "refId": "36d93700-d5c7-4bb3-b58a-400e045fa1b5"}}}
2025-04-18 11:02:39,825 - ERROR - UPDATE_PERMALINKS Error: {"result": {"code": 1008, "errorCode": 1008, "message": "Unable to parse request.", "name": "ApiError", "recommendation": "Do not retry without fixing the problem. ", "refId": "36d93700-d5c7-4bb3-b58a-400e045fa1b5", "shouldRetry": false, "statusCode": 400}}
2025-04-18 11:02:39,905 - INFO - {"request": {"command": "PUT https://api.smartsheet.com/2.0/sheets/8286888007782276/rows"}}
2025-04-18 11:02:39,905 - ERROR - {"response": {"statusCode": 400, "reason": "Bad Request", "content": {"errorCode": 1008, "message": "Unable to parse request.", "refId": "9690f62d-e673-414c-804c-ef4c0742fb59"}}}
2025-04-18 11:02:39,906 - ERROR - UPDATE_PERMALINKS Error: {"result": {"code": 1008, "errorCode": 1008, "message": "Unable to parse request.", "name": "ApiError", "recommendation": "Do not retry without fixing the problem. ", "refId": "9690f62d-e673-414c-804c-ef4c0742fb59", "shouldRetry": false, "statusCode": 400}}
2025-04-18 11:02:39,993 - INFO - {"request": {"command": "PUT https://api.smartsheet.com/2.0/sheets/8286888007782276/rows"}}
2025-04-18 11:02:39,993 - ERROR - {"response": {"statusCode": 400, "reason": "Bad Request", "content": {"errorCode": 1008, "message": "Unable to parse request.", "refId": "3370585a-7880-41fb-9823-6386b1a3de12"}}}
2025-04-18 11:02:39,994 - ERROR - UPDATE_PERMALINKS Error: {"result": {"code": 1008, "errorCode": 1008, "message": "Unable to parse request.", "name": "ApiError", "recommendation": "Do not retry without fixing the problem. ", "refId": "3370585a-7880-41fb-9823-6386b1a3de12", "shouldRetry": false, "statusCode": 400}}
2025-04-18 11:02:40,073 - INFO - {"request": {"command": "PUT https://api.smartsheet.com/2.0/sheets/8286888007782276/rows"}}
2025-04-18 11:02:40,074 - ERROR - {"response": {"statusCode": 400, "reason": "Bad Request", "content": {"errorCode": 1008, "message": "Unable to parse request.", "refId": "332b0a8e-248b-4650-a19e-9a0c2e5147fe"}}}
2025-04-18 11:02:40,074 - ERROR - UPDATE_PERMALINKS Error: {"result": {"code": 1008, "errorCode": 1008, "message": "Unable to parse request.", "name": "ApiError", "recommendation": "Do not retry without fixing the problem. ", "refId": "332b0a8e-248b-4650-a19e-9a0c2e5147fe", "shouldRetry": false, "statusCode": 400}}
2025-04-18 11:02:40,154 - INFO - {"request": {"command": "PUT https://api.smartsheet.com/2.0/sheets/8286888007782276/rows"}}
2025-04-18 11:02:40,154 - ERROR - {"response": {"statusCode": 400, "reason": "Bad Request", "content": {"errorCode": 1008, "message": "Unable to parse request.", "refId": "f2da314c-6854-4a19-87da-25c6a75d9e1c"}}}
2025-04-18 11:02:40,155 - ERROR - UPDATE_PERMALINKS Error: {"result": {"code": 1008, "errorCode": 1008, "message": "Unable to parse request.", "name": "ApiError", "recommendation": "Do not retry without fixing the problem. ", "refId": "f2da314c-6854-4a19-87da-25c6a75d9e1c", "shouldRetry": false, "statusCode": 400}}
2025-04-18 11:02:40,244 - INFO - {"request": {"command": "PUT https://api.smartsheet.com/2.0/sheets/8286888007782276/rows"}}
2025-04-18 11:02:40,244 - ERROR - {"response": {"statusCode": 400, "reason": "Bad Request", "content": {"errorCode": 1008, "message": "Unable to parse request.", "refId": "fa924a58-5e3e-43af-8298-852cfd9f852b"}}}
2025-04-18 11:02:40,245 - ERROR - UPDATE_PERMALINKS Error: {"result": {"code": 1008, "errorCode": 1008, "message": "Unable to parse request.", "name": "ApiError", "recommendation": "Do not retry without fixing the problem. ", "refId": "fa924a58-5e3e-43af-8298-852cfd9f852b", "shouldRetry": false, "statusCode": 400}}
2025-04-18 11:02:40,324 - INFO - {"request": {"command": "PUT https://api.smartsheet.com/2.0/sheets/8286888007782276/rows"}}
2025-04-18 11:02:40,325 - ERROR - {"response": {"statusCode": 400, "reason": "Bad Request", "content": {"errorCode": 1008, "message": "Unable to parse request.", "refId": "aa3d5bdd-9530-40fd-a4c5-79514f28c9ab"}}}
2025-04-18 11:02:40,325 - ERROR - UPDATE_PERMALINKS Error: {"result": {"code": 1008, "errorCode": 1008, "message": "Unable to parse request.", "name": "ApiError", "recommendation": "Do not retry without fixing the problem. ", "refId": "aa3d5bdd-9530-40fd-a4c5-79514f28c9ab", "shouldRetry": false, "statusCode": 400}}
2025-04-18 11:02:40,409 - INFO - {"request": {"command": "PUT https://api.smartsheet.com/2.0/sheets/8286888007782276/rows"}}
2025-04-18 11:02:40,410 - ERROR - {"response": {"statusCode": 400, "reason": "Bad Request", "content": {"errorCode": 1008, "message": "Unable to parse request.", "refId": "44bae1b9-1725-40d4-91c0-967f54de7a35"}}}
2025-04-18 11:02:40,410 - ERROR - UPDATE_PERMALINKS Error: {"result": {"code": 1008, "errorCode": 1008, "message": "Unable to parse request.", "name": "ApiError", "recommendation": "Do not retry without fixing the problem. ", "refId": "44bae1b9-1725-40d4-91c0-967f54de7a35", "shouldRetry": false, "statusCode": 400}}
2025-04-18 11:02:40,492 - INFO - {"request": {"command": "PUT https://api.smartsheet.com/2.0/sheets/8286888007782276/rows"}}
2025-04-18 11:02:40,493 - ERROR - {"response": {"statusCode": 400, "reason": "Bad Request", "content": {"errorCode": 1008, "message": "Unable to parse request.", "refId": "24ca6e29-096c-48b7-b98f-ab51d12901a7"}}}
2025-04-18 11:02:40,493 - ERROR - UPDATE_PERMALINKS Error: {"result": {"code": 1008, "errorCode": 1008, "message": "Unable to parse request.", "name": "ApiError", "recommendation": "Do not retry without fixing the problem. ", "refId": "24ca6e29-096c-48b7-b98f-ab51d12901a7", "shouldRetry": false, "statusCode": 400}}
2025-04-18 11:02:40,577 - INFO - {"request": {"command": "PUT https://api.smartsheet.com/2.0/sheets/8286888007782276/rows"}}
2025-04-18 11:02:40,578 - ERROR - {"response": {"statusCode": 400, "reason": "Bad Request", "content": {"errorCode": 1008, "message": "Unable to parse request.", "refId": "befad752-e24d-4d92-9c78-eafcb59989fc"}}}
2025-04-18 11:02:40,578 - ERROR - UPDATE_PERMALINKS Error: {"result": {"code": 1008, "errorCode": 1008, "message": "Unable to parse request.", "name": "ApiError", "recommendation": "Do not retry without fixing the problem. ", "refId": "befad752-e24d-4d92-9c78-eafcb59989fc", "shouldRetry": false, "statusCode": 400}}
2025-04-18 11:02:40,661 - INFO - {"request": {"command": "PUT https://api.smartsheet.com/2.0/sheets/8286888007782276/rows"}}
2025-04-18 11:02:40,661 - ERROR - {"response": {"statusCode": 400, "reason": "Bad Request", "content": {"errorCode": 1008, "message": "Unable to parse request.", "refId": "4d14fbfe-35d0-469a-b67b-3463c47c9f76"}}}
2025-04-18 11:02:40,662 - ERROR - UPDATE_PERMALINKS Error: {"result": {"code": 1008, "errorCode": 1008, "message": "Unable to parse request.", "name": "ApiError", "recommendation": "Do not retry without fixing the problem. ", "refId": "4d14fbfe-35d0-469a-b67b-3463c47c9f76", "shouldRetry": false, "statusCode": 400}}
2025-04-18 11:02:40,745 - INFO - {"request": {"command": "PUT https://api.smartsheet.com/2.0/sheets/8286888007782276/rows"}}
2025-04-18 11:02:40,746 - ERROR - {"response": {"statusCode": 400, "reason": "Bad Request", "content": {"errorCode": 1008, "message": "Unable to parse request.", "refId": "9f792dc4-f757-4cee-a51a-3e15f1dbdc1d"}}}
2025-04-18 11:02:40,746 - ERROR - UPDATE_PERMALINKS Error: {"result": {"code": 1008, "errorCode": 1008, "message": "Unable to parse request.", "name": "ApiError", "recommendation": "Do not retry without fixing the problem. ", "refId": "9f792dc4-f757-4cee-a51a-3e15f1dbdc1d", "shouldRetry": false, "statusCode": 400}}
2025-04-18 11:02:40,834 - INFO - {"request": {"command": "PUT https://api.smartsheet.com/2.0/sheets/8286888007782276/rows"}}
2025-04-18 11:02:40,835 - ERROR - {"response": {"statusCode": 400, "reason": "Bad Request", "content": {"errorCode": 1008, "message": "Unable to parse request.", "refId": "d12bfcd5-a9ec-4c54-9c91-984bb19f52a6"}}}
2025-04-18 11:02:40,835 - ERROR - UPDATE_PERMALINKS Error: {"result": {"code": 1008, "errorCode": 1008, "message": "Unable to parse request.", "name": "ApiError", "recommendation": "Do not retry without fixing the problem. ", "refId": "d12bfcd5-a9ec-4c54-9c91-984bb19f52a6", "shouldRetry": false, "statusCode": 400}}
2025-04-18 11:02:40,924 - INFO - {"request": {"command": "PUT https://api.smartsheet.com/2.0/sheets/8286888007782276/rows"}}
2025-04-18 11:02:40,924 - ERROR - {"response": {"statusCode": 400, "reason": "Bad Request", "content": {"errorCode": 1008, "message": "Unable to parse request.", "refId": "920f5155-278a-4aa1-a858-459f23713ce3"}}}
2025-04-18 11:02:40,925 - ERROR - UPDATE_PERMALINKS Error: {"result": {"code": 1008, "errorCode": 1008, "message": "Unable to parse request.", "name": "ApiError", "recommendation": "Do not retry without fixing the problem. ", "refId": "920f5155-278a-4aa1-a858-459f23713ce3", "shouldRetry": false, "statusCode": 400}}
2025-04-18 11:02:41,013 - INFO - {"request": {"command": "PUT https://api.smartsheet.com/2.0/sheets/8286888007782276/rows"}}
2025-04-18 11:02:41,014 - ERROR - {"response": {"statusCode": 400, "reason": "Bad Request", "content": {"errorCode": 1008, "message": "Unable to parse request.", "refId": "3b66c585-2396-4f6f-901c-00a8c6826cdb"}}}
2025-04-18 11:02:41,014 - ERROR - UPDATE_PERMALINKS Error: {"result": {"code": 1008, "errorCode": 1008, "message": "Unable to parse request.", "name": "ApiError", "recommendation": "Do not retry without fixing the problem. ", "refId": "3b66c585-2396-4f6f-901c-00a8c6826cdb", "shouldRetry": false, "statusCode": 400}}
2025-04-18 11:02:41,101 - INFO - {"request": {"command": "PUT https://api.smartsheet.com/2.0/sheets/8286888007782276/rows"}}
2025-04-18 11:02:41,101 - ERROR - {"response": {"statusCode": 400, "reason": "Bad Request", "content": {"errorCode": 1008, "message": "Unable to parse request.", "refId": "d6aac396-49f0-446a-a669-fc9535ede986"}}}
2025-04-18 11:02:41,102 - ERROR - UPDATE_PERMALINKS Error: {"result": {"code": 1008, "errorCode": 1008, "message": "Unable to parse request.", "name": "ApiError", "recommendation": "Do not retry without fixing the problem. ", "refId": "d6aac396-49f0-446a-a669-fc9535ede986", "shouldRetry": false, "statusCode": 400}}
2025-04-18 11:02:41,182 - INFO - {"request": {"command": "PUT https://api.smartsheet.com/2.0/sheets/8286888007782276/rows"}}
2025-04-18 11:02:41,183 - ERROR - {"response": {"statusCode": 400, "reason": "Bad Request", "content": {"errorCode": 1008, "message": "Unable to parse request.", "refId": "4f7ee702-4eff-4248-b02a-bf43cb80444a"}}}
2025-04-18 11:02:41,183 - ERROR - UPDATE_PERMALINKS Error: {"result": {"code": 1008, "errorCode": 1008, "message": "Unable to parse request.", "name": "ApiError", "recommendation": "Do not retry without fixing the problem. ", "refId": "4f7ee702-4eff-4248-b02a-bf43cb80444a", "shouldRetry": false, "statusCode": 400}}
2025-04-18 11:02:41,271 - INFO - {"request": {"command": "PUT https://api.smartsheet.com/2.0/sheets/8286888007782276/rows"}}
2025-04-18 11:02:41,271 - ERROR - {"response": {"statusCode": 400, "reason": "Bad Request", "content": {"errorCode": 1008, "message": "Unable to parse request.", "refId": "4842fbac-2ac9-4715-8096-b2e43ddc0b47"}}}
2025-04-18 11:02:41,272 - ERROR - UPDATE_PERMALINKS Error: {"result": {"code": 1008, "errorCode": 1008, "message": "Unable to parse request.", "name": "ApiError", "recommendation": "Do not retry without fixing the problem. ", "refId": "4842fbac-2ac9-4715-8096-b2e43ddc0b47", "shouldRetry": false, "statusCode": 400}}
2025-04-18 11:02:41,355 - INFO - {"request": {"command": "PUT https://api.smartsheet.com/2.0/sheets/8286888007782276/rows"}}
2025-04-18 11:02:41,356 - ERROR - {"response": {"statusCode": 400, "reason": "Bad Request", "content": {"errorCode": 1008, "message": "Unable to parse request.", "refId": "1be3e7bb-2e73-44c8-a687-f8fb4df7ee73"}}}
2025-04-18 11:02:41,356 - ERROR - UPDATE_PERMALINKS Error: {"result": {"code": 1008, "errorCode": 1008, "message": "Unable to parse request.", "name": "ApiError", "recommendation": "Do not retry without fixing the problem. ", "refId": "1be3e7bb-2e73-44c8-a687-f8fb4df7ee73", "shouldRetry": false, "statusCode": 400}}
2025-04-18 11:02:41,439 - INFO - {"request": {"command": "PUT https://api.smartsheet.com/2.0/sheets/8286888007782276/rows"}}
2025-04-18 11:02:41,440 - ERROR - {"response": {"statusCode": 400, "reason": "Bad Request", "content": {"errorCode": 1008, "message": "Unable to parse request.", "refId": "e66e93cf-95e7-4137-93fb-6157a7189e0a"}}}
2025-04-18 11:02:41,440 - ERROR - UPDATE_PERMALINKS Error: {"result": {"code": 1008, "errorCode": 1008, "message": "Unable to parse request.", "name": "ApiError", "recommendation": "Do not retry without fixing the problem. ", "refId": "e66e93cf-95e7-4137-93fb-6157a7189e0a", "shouldRetry": false, "statusCode": 400}}
2025-04-18 11:02:41,533 - INFO - {"request": {"command": "PUT https://api.smartsheet.com/2.0/sheets/8286888007782276/rows"}}
2025-04-18 11:02:41,534 - ERROR - {"response": {"statusCode": 400, "reason": "Bad Request", "content": {"errorCode": 1008, "message": "Unable to parse request.", "refId": "02d241eb-bd04-4c0b-bd66-5c6a807721d2"}}}
2025-04-18 11:02:41,534 - ERROR - UPDATE_PERMALINKS Error: {"result": {"code": 1008, "errorCode": 1008, "message": "Unable to parse request.", "name": "ApiError", "recommendation": "Do not retry without fixing the problem. ", "refId": "02d241eb-bd04-4c0b-bd66-5c6a807721d2", "shouldRetry": false, "statusCode": 400}}
2025-04-18 11:02:41,622 - INFO - {"request": {"command": "PUT https://api.smartsheet.com/2.0/sheets/8286888007782276/rows"}}
2025-04-18 11:02:41,622 - ERROR - {"response": {"statusCode": 400, "reason": "Bad Request", "content": {"errorCode": 1008, "message": "Unable to parse request.", "refId": "c6cb49a2-f072-40bc-8d3e-f7fb0abfb54b"}}}
2025-04-18 11:02:41,623 - ERROR - UPDATE_PERMALINKS Error: {"result": {"code": 1008, "errorCode": 1008, "message": "Unable to parse request.", "name": "ApiError", "recommendation": "Do not retry without fixing the problem. ", "refId": "c6cb49a2-f072-40bc-8d3e-f7fb0abfb54b", "shouldRetry": false, "statusCode": 400}}
2025-04-18 11:02:41,707 - INFO - {"request": {"command": "PUT https://api.smartsheet.com/2.0/sheets/8286888007782276/rows"}}
2025-04-18 11:02:41,708 - ERROR - {"response": {"statusCode": 400, "reason": "Bad Request", "content": {"errorCode": 1008, "message": "Unable to parse request.", "refId": "8749b3e7-f6c5-48ad-ab20-aac864918fde"}}}
2025-04-18 11:02:41,709 - ERROR - UPDATE_PERMALINKS Error: {"result": {"code": 1008, "errorCode": 1008, "message": "Unable to parse request.", "name": "ApiError", "recommendation": "Do not retry without fixing the problem. ", "refId": "8749b3e7-f6c5-48ad-ab20-aac864918fde", "shouldRetry": false, "statusCode": 400}}
2025-04-18 11:02:41,799 - INFO - {"request": {"command": "PUT https://api.smartsheet.com/2.0/sheets/8286888007782276/rows"}}
2025-04-18 11:02:41,800 - ERROR - {"response": {"statusCode": 400, "reason": "Bad Request", "content": {"errorCode": 1008, "message": "Unable to parse request.", "refId": "e3752308-3e4d-4369-8051-c8f235bdc36d"}}}
2025-04-18 11:02:41,800 - ERROR - UPDATE_PERMALINKS Error: {"result": {"code": 1008, "errorCode": 1008, "message": "Unable to parse request.", "name": "ApiError", "recommendation": "Do not retry without fixing the problem. ", "refId": "e3752308-3e4d-4369-8051-c8f235bdc36d", "shouldRetry": false, "statusCode": 400}}
2025-04-18 11:02:41,895 - INFO - {"request": {"command": "PUT https://api.smartsheet.com/2.0/sheets/8286888007782276/rows"}}
2025-04-18 11:02:41,896 - ERROR - {"response": {"statusCode": 400, "reason": "Bad Request", "content": {"errorCode": 1008, "message": "Unable to parse request.", "refId": "b07683e5-6f74-41ea-8d2b-36d078fcdc3c"}}}
2025-04-18 11:02:41,896 - ERROR - UPDATE_PERMALINKS Error: {"result": {"code": 1008, "errorCode": 1008, "message": "Unable to parse request.", "name": "ApiError", "recommendation": "Do not retry without fixing the problem. ", "refId": "b07683e5-6f74-41ea-8d2b-36d078fcdc3c", "shouldRetry": false, "statusCode": 400}}
2025-04-18 11:02:41,995 - INFO - {"request": {"command": "PUT https://api.smartsheet.com/2.0/sheets/8286888007782276/rows"}}
2025-04-18 11:02:41,996 - ERROR - {"response": {"statusCode": 400, "reason": "Bad Request", "content": {"errorCode": 1008, "message": "Unable to parse request.", "refId": "7cd93f1d-2a93-4444-8817-1928f7afdfb0"}}}
2025-04-18 11:02:41,996 - ERROR - UPDATE_PERMALINKS Error: {"result": {"code": 1008, "errorCode": 1008, "message": "Unable to parse request.", "name": "ApiError", "recommendation": "Do not retry without fixing the problem. ", "refId": "7cd93f1d-2a93-4444-8817-1928f7afdfb0", "shouldRetry": false, "statusCode": 400}}
2025-04-18 11:02:42,462 - INFO - {"request": {"command": "PUT https://api.smartsheet.com/2.0/sheets/6375545637916548/rows"}}
2025-04-18 11:02:42,553 - INFO - {"request": {"command": "PUT https://api.smartsheet.com/2.0/sheets/8286888007782276/rows"}}
2025-04-18 11:02:42,553 - ERROR - {"response": {"statusCode": 400, "reason": "Bad Request", "content": {"errorCode": 1008, "message": "Unable to parse request.", "refId": "ca6b9740-68bf-4d16-b439-13311745d532"}}}
2025-04-18 11:02:42,642 - ERROR - ImportError! Could not load api or model class __iter__
2025-04-18 11:04:53,747 - ERROR - ImportError! Could not load api or model class __iter__
