2025-01-17 11:43:54,376 - INFO - Script started.
2025-01-17 11:43:58,188 - INFO - {"request": {"command": "GET https://api.smartsheet.com/2.0/sheets/6375545637916548"}}
2025-01-17 11:43:58,716 - INFO - {"request": {"command": "GET https://api.smartsheet.com/2.0/sheets/6375545637916548"}}
2025-01-17 11:44:02,446 - INFO - {"request": {"command": "GET https://api.smartsheet.com/2.0/sheets/6375545637916548"}}
2025-01-17 11:44:03,202 - INFO - {"request": {"command": "GET https://api.smartsheet.com/2.0/sheets/3698191069302660"}}
2025-01-17 11:44:10,383 - INFO - {"request": {"command": "GET https://api.smartsheet.com/2.0/sheets/3698191069302660"}}
2025-01-17 11:44:12,411 - INFO - {"request": {"command": "GET https://api.smartsheet.com/2.0/sheets/7683906220281732"}}
2025-01-17 11:44:13,365 - INFO - {"request": {"command": "GET https://api.smartsheet.com/2.0/sheets/6673180156448644"}}
2025-01-17 11:44:22,103 - INFO - {"request": {"command": "GET https://api.smartsheet.com/2.0/sheets/7719399830015876"}}
2025-01-17 11:44:23,704 - INFO - {"request": {"command": "GET https://api.smartsheet.com/2.0/sheets/3340199635406724"}}
2025-01-17 11:44:30,897 - INFO - {"request": {"command": "GET https://api.smartsheet.com/2.0/sheets/1551685059039108"}}
2025-01-17 11:44:36,688 - INFO - {"request": {"command": "GET https://api.smartsheet.com/2.0/sheets/7391814084415364"}}
2025-01-17 11:44:39,425 - INFO - {"request": {"command": "GET https://api.smartsheet.com/2.0/sheets/1762314550202244"}}
2025-01-17 11:44:41,555 - INFO - {"request": {"command": "GET https://api.smartsheet.com/2.0/sheets/6469718965702532"}}
2025-01-17 11:44:45,278 - INFO - {"request": {"command": "GET https://api.smartsheet.com/2.0/sheets/6610400619483012"}}
2025-01-17 11:44:46,774 - INFO - {"request": {"command": "GET https://api.smartsheet.com/2.0/sheets/2178926377914244"}}
2025-01-17 11:44:48,134 - INFO - {"request": {"command": "GET https://api.smartsheet.com/2.0/sheets/3549862758928260"}}
2025-01-17 11:44:56,550 - INFO - {"request": {"command": "GET https://api.smartsheet.com/2.0/sheets/4103280032436100"}}
2025-01-17 11:44:58,171 - INFO - {"request": {"command": "GET https://api.smartsheet.com/2.0/sheets/7962960982921092"}}
2025-01-17 11:44:59,991 - INFO - {"request": {"command": "GET https://api.smartsheet.com/2.0/sheets/6470234361778052"}}
2025-01-17 11:45:00,407 - INFO - {"request": {"command": "GET https://api.smartsheet.com/2.0/sheets/2810716067155844"}}
2025-01-17 11:45:01,003 - INFO - {"request": {"command": "GET https://api.smartsheet.com/2.0/sheets/3012341159382916"}}
2025-01-17 11:45:04,472 - INFO - {"request": {"command": "GET https://api.smartsheet.com/2.0/sheets/7083145522270084"}}
2025-01-17 11:45:05,845 - INFO - {"request": {"command": "GET https://api.smartsheet.com/2.0/sheets/2776510947610500"}}
2025-01-17 11:45:06,538 - INFO - {"request": {"command": "GET https://api.smartsheet.com/2.0/sheets/3732841250639748"}}
2025-01-17 11:45:08,863 - INFO - {"request": {"command": "GET https://api.smartsheet.com/2.0/sheets/5563390671933316"}}
2025-01-17 11:45:09,912 - INFO - {"request": {"command": "GET https://api.smartsheet.com/2.0/sheets/1990542669860740"}}
2025-01-17 11:45:10,945 - INFO - {"request": {"command": "GET https://api.smartsheet.com/2.0/sheets/7806806709456772"}}
2025-01-17 11:45:11,869 - INFO - {"request": {"command": "GET https://api.smartsheet.com/2.0/sheets/7762179851767684"}}
2025-01-17 11:45:13,620 - INFO - {"request": {"command": "GET https://api.smartsheet.com/2.0/sheets/4640419379892100"}}
2025-01-17 11:45:13,950 - INFO - {"request": {"command": "GET https://api.smartsheet.com/2.0/sheets/179327043850116"}}
2025-01-17 11:45:15,295 - INFO - {"request": {"command": "GET https://api.smartsheet.com/2.0/sheets/2769133535973252"}}
2025-01-17 11:45:15,971 - INFO - {"request": {"command": "GET https://api.smartsheet.com/2.0/sheets/8364170252603268"}}
2025-01-17 11:45:17,504 - INFO - {"request": {"command": "GET https://api.smartsheet.com/2.0/sheets/1740093731590020"}}
2025-01-17 11:45:18,313 - INFO - {"request": {"command": "GET https://api.smartsheet.com/2.0/sheets/5646005710049156"}}
2025-01-17 11:45:19,293 - INFO - {"request": {"command": "GET https://api.smartsheet.com/2.0/sheets/5409550580535172"}}
2025-01-17 11:45:20,295 - INFO - {"request": {"command": "GET https://api.smartsheet.com/2.0/sheets/3692860742258564"}}
2025-01-17 11:45:20,977 - INFO - {"request": {"command": "GET https://api.smartsheet.com/2.0/sheets/7424223907630980"}}
2025-01-17 11:45:22,957 - INFO - {"request": {"command": "GET https://api.smartsheet.com/2.0/sheets/7185011409112964"}}
2025-01-17 11:45:23,819 - INFO - {"request": {"command": "GET https://api.smartsheet.com/2.0/sheets/1600636143488900"}}
2025-01-17 11:45:24,498 - INFO - {"request": {"command": "GET https://api.smartsheet.com/2.0/sheets/7563141672030084"}}
2025-01-17 11:45:26,262 - INFO - {"request": {"command": "GET https://api.smartsheet.com/2.0/sheets/422157247008644"}}
2025-01-17 11:45:26,762 - INFO - {"request": {"command": "GET https://api.smartsheet.com/2.0/sheets/8090469166698372"}}
2025-01-17 11:45:27,500 - INFO - {"request": {"command": "GET https://api.smartsheet.com/2.0/sheets/2852317120384900"}}
2025-01-17 11:45:28,995 - INFO - {"request": {"command": "GET https://api.smartsheet.com/2.0/sheets/5093877732036484"}}
2025-01-17 11:45:29,995 - INFO - {"request": {"command": "GET https://api.smartsheet.com/2.0/sheets/8345749137870724"}}
2025-01-17 11:45:30,796 - INFO - {"request": {"command": "GET https://api.smartsheet.com/2.0/sheets/1291566001901444"}}
2025-01-17 11:45:31,255 - INFO - {"request": {"command": "GET https://api.smartsheet.com/2.0/sheets/2346401379864452"}}
2025-01-17 11:45:31,663 - INFO - {"request": {"command": "GET https://api.smartsheet.com/2.0/sheets/166172901199748"}}
2025-01-17 11:45:33,194 - INFO - {"request": {"command": "GET https://api.smartsheet.com/2.0/sheets/7619799538421636"}}
2025-01-17 11:45:33,260 - INFO - {"request": {"command": "GET https://api.smartsheet.com/2.0/sheets/2029888059953028"}}
2025-01-17 11:45:33,261 - ERROR - {"response": {"statusCode": 500, "reason": "Internal Server Error", "content": "<< application/json content type suppressed >>"}}
2025-01-17 11:45:34,782 - INFO - {"request": {"command": "GET https://api.smartsheet.com/2.0/reports/2029888059953028"}}
2025-01-17 11:45:34,783 - ERROR - {"response": {"statusCode": 404, "reason": "Not Found", "content": "<< application/json;charset=UTF-8 content type suppressed >>"}}
2025-01-17 11:45:34,784 - ERROR - GET_SHEET_OR_REPORT NONE Error: {"result": {"code": 1006, "errorCode": 1006, "message": "Not Found", "name": "ApiError", "recommendation": "Do not retry without fixing the problem. ", "refId": "90c0k4", "shouldRetry": false, "statusCode": 404}}
2025-01-17 11:45:36,308 - INFO - {"request": {"command": "PUT https://api.smartsheet.com/2.0/sheets/3698191069302660/rows"}}
2025-01-17 11:45:36,700 - INFO - {"request": {"command": "GET https://api.smartsheet.com/2.0/sheets/76806174494596"}}
2025-01-17 11:45:37,241 - INFO - {"request": {"command": "GET https://api.smartsheet.com/2.0/sheets/376179622104964"}}
2025-01-17 11:45:37,597 - INFO - {"request": {"command": "GET https://api.smartsheet.com/2.0/sheets/976306812440452"}}
2025-01-17 11:45:38,112 - INFO - {"request": {"command": "GET https://api.smartsheet.com/2.0/sheets/4317104173961092"}}
2025-01-17 11:45:38,732 - INFO - {"request": {"command": "GET https://api.smartsheet.com/2.0/sheets/4846630691884932"}}
2025-01-17 11:45:39,027 - INFO - {"request": {"command": "GET https://api.smartsheet.com/2.0/sheets/8222543706017668"}}
2025-01-17 11:45:39,454 - INFO - {"request": {"command": "GET https://api.smartsheet.com/2.0/sheets/4384349134737284"}}
2025-01-17 11:45:40,768 - INFO - {"request": {"command": "GET https://api.smartsheet.com/2.0/sheets/4343148855644036"}}
2025-01-17 11:45:41,072 - INFO - {"request": {"command": "GET https://api.smartsheet.com/2.0/sheets/7080539819298692"}}
2025-01-17 11:45:41,474 - INFO - {"request": {"command": "GET https://api.smartsheet.com/2.0/sheets/8558489605459844"}}
2025-01-17 11:45:42,081 - INFO - {"request": {"command": "GET https://api.smartsheet.com/2.0/sheets/2013543561908100"}}
2025-01-17 11:45:42,730 - INFO - {"request": {"command": "GET https://api.smartsheet.com/2.0/sheets/5689385953480580"}}
2025-01-17 11:45:43,419 - INFO - {"request": {"command": "GET https://api.smartsheet.com/2.0/sheets/8486620172865412"}}
2025-01-17 11:45:43,990 - INFO - {"request": {"command": "GET https://api.smartsheet.com/2.0/sheets/6582931216617348"}}
2025-01-17 11:45:44,276 - INFO - {"request": {"command": "GET https://api.smartsheet.com/2.0/sheets/1699441731915652"}}
2025-01-17 11:45:44,699 - INFO - {"request": {"command": "GET https://api.smartsheet.com/2.0/sheets/6203041359286148"}}
2025-01-17 11:45:44,991 - INFO - {"request": {"command": "GET https://api.smartsheet.com/2.0/sheets/3014938675072900"}}
2025-01-17 11:45:45,473 - INFO - {"request": {"command": "GET https://api.smartsheet.com/2.0/sheets/6606104175792004"}}
2025-01-17 11:45:46,277 - INFO - {"request": {"command": "GET https://api.smartsheet.com/2.0/sheets/2855406409830276"}}
2025-01-17 11:45:46,703 - INFO - {"request": {"command": "GET https://api.smartsheet.com/2.0/sheets/7043635178590084"}}
2025-01-17 11:45:47,395 - INFO - {"request": {"command": "GET https://api.smartsheet.com/2.0/sheets/2678522476711812"}}
2025-01-17 11:45:47,957 - INFO - {"request": {"command": "GET https://api.smartsheet.com/2.0/sheets/7359006037200772"}}
2025-01-17 11:45:48,401 - INFO - {"request": {"command": "GET https://api.smartsheet.com/2.0/sheets/3951241545600900"}}
2025-01-17 11:45:48,753 - INFO - {"request": {"command": "GET https://api.smartsheet.com/2.0/sheets/3951241545600900"}}
2025-01-17 11:45:49,302 - INFO - {"request": {"command": "GET https://api.smartsheet.com/2.0/sheets/1414135644376964"}}
2025-01-17 11:45:49,763 - INFO - {"request": {"command": "GET https://api.smartsheet.com/2.0/sheets/2551528883703684"}}
2025-01-17 11:45:50,161 - INFO - {"request": {"command": "GET https://api.smartsheet.com/2.0/sheets/8454841172971396"}}
2025-01-17 11:45:50,537 - INFO - {"request": {"command": "GET https://api.smartsheet.com/2.0/sheets/1234657551011716"}}
2025-01-17 11:45:51,350 - INFO - {"request": {"command": "GET https://api.smartsheet.com/2.0/sheets/1552622569869188"}}
2025-01-17 11:45:51,670 - INFO - {"request": {"command": "GET https://api.smartsheet.com/2.0/sheets/6078768091189124"}}
2025-01-17 11:45:52,321 - INFO - {"request": {"command": "GET https://api.smartsheet.com/2.0/sheets/8169535085432708"}}
2025-01-17 11:45:52,921 - INFO - {"request": {"command": "GET https://api.smartsheet.com/2.0/sheets/4140838581915524"}}
2025-01-17 11:45:53,429 - INFO - {"request": {"command": "GET https://api.smartsheet.com/2.0/sheets/3826968277503876"}}
2025-01-17 11:46:00,704 - INFO - {"request": {"command": "GET https://api.smartsheet.com/2.0/sheets/1876106890137476"}}
2025-01-17 11:46:02,879 - INFO - {"request": {"command": "GET https://api.smartsheet.com/2.0/sheets/8967712450865028"}}
2025-01-17 11:46:14,039 - INFO - {"request": {"command": "GET https://api.smartsheet.com/2.0/sheets/927699087714180"}}
2025-01-17 11:46:14,718 - INFO - {"request": {"command": "GET https://api.smartsheet.com/2.0/sheets/5006544336801668"}}
2025-01-17 11:46:15,101 - INFO - {"request": {"command": "GET https://api.smartsheet.com/2.0/sheets/3397562077761412"}}
2025-01-17 11:46:15,498 - INFO - {"request": {"command": "GET https://api.smartsheet.com/2.0/sheets/3397562077761412"}}
2025-01-17 11:46:16,018 - INFO - {"request": {"command": "GET https://api.smartsheet.com/2.0/sheets/7550829812731780"}}
2025-01-17 11:46:16,875 - INFO - {"request": {"command": "GET https://api.smartsheet.com/2.0/sheets/5592661880688516"}}
2025-01-17 11:46:17,827 - INFO - {"request": {"command": "GET https://api.smartsheet.com/2.0/sheets/3765953837879172"}}
2025-01-17 11:46:18,689 - INFO - {"request": {"command": "GET https://api.smartsheet.com/2.0/sheets/6394619958192004"}}
2025-01-17 11:46:19,291 - INFO - {"request": {"command": "GET https://api.smartsheet.com/2.0/sheets/1350214115872644"}}
2025-01-17 11:46:19,830 - INFO - {"request": {"command": "GET https://api.smartsheet.com/2.0/sheets/3123980988114820"}}
2025-01-17 11:46:22,064 - INFO - {"request": {"command": "GET https://api.smartsheet.com/2.0/sheets/8107860881788804"}}
2025-01-17 11:46:24,508 - INFO - {"request": {"command": "GET https://api.smartsheet.com/2.0/sheets/3856736768550788"}}
2025-01-17 11:46:24,950 - INFO - {"request": {"command": "GET https://api.smartsheet.com/2.0/sheets/8805374464681860"}}
2025-01-17 11:46:25,203 - INFO - {"request": {"command": "GET https://api.smartsheet.com/2.0/sheets/3443093836982148"}}
2025-01-17 11:46:26,079 - INFO - {"request": {"command": "GET https://api.smartsheet.com/2.0/sheets/8107860881788804"}}
2025-01-17 11:46:29,433 - INFO - {"request": {"command": "GET https://api.smartsheet.com/2.0/sheets/8107860881788804"}}
2025-01-17 11:46:32,653 - INFO - {"request": {"command": "GET https://api.smartsheet.com/2.0/sheets/8107860881788804"}}
2025-01-17 11:46:36,782 - INFO - {"request": {"command": "GET https://api.smartsheet.com/2.0/sheets/8107860881788804"}}
2025-01-17 11:46:40,617 - INFO - {"request": {"command": "GET https://api.smartsheet.com/2.0/sheets/8107860881788804"}}
2025-01-17 11:46:43,943 - INFO - {"request": {"command": "GET https://api.smartsheet.com/2.0/sheets/8107860881788804"}}
2025-01-17 11:46:47,372 - INFO - {"request": {"command": "GET https://api.smartsheet.com/2.0/sheets/1097191938543492"}}
2025-01-17 11:46:49,221 - INFO - {"request": {"command": "GET https://api.smartsheet.com/2.0/sheets/7632476609767300"}}
2025-01-17 11:46:58,569 - INFO - {"request": {"command": "GET https://api.smartsheet.com/2.0/sheets/3765953837879172"}}
2025-01-17 11:46:59,129 - INFO - {"request": {"command": "GET https://api.smartsheet.com/2.0/sheets/3765953837879172"}}
2025-01-17 11:46:59,486 - INFO - {"request": {"command": "GET https://api.smartsheet.com/2.0/sheets/3765953837879172"}}
2025-01-17 11:46:59,899 - INFO - {"request": {"command": "GET https://api.smartsheet.com/2.0/sheets/3765953837879172"}}
2025-01-17 11:47:00,259 - INFO - {"request": {"command": "GET https://api.smartsheet.com/2.0/sheets/7915731752537988"}}
2025-01-17 11:47:00,565 - INFO - {"request": {"command": "GET https://api.smartsheet.com/2.0/sheets/7915731752537988"}}
2025-01-17 11:47:00,817 - INFO - {"request": {"command": "GET https://api.smartsheet.com/2.0/sheets/4944832485085060"}}
2025-01-17 11:47:01,131 - INFO - {"request": {"command": "GET https://api.smartsheet.com/2.0/sheets/4944832485085060"}}
2025-01-17 11:47:01,401 - INFO - {"request": {"command": "GET https://api.smartsheet.com/2.0/sheets/2626320076853124"}}
2025-01-17 11:47:01,789 - INFO - {"request": {"command": "GET https://api.smartsheet.com/2.0/sheets/1097362340532100"}}
2025-01-17 11:47:02,145 - INFO - {"request": {"command": "GET https://api.smartsheet.com/2.0/sheets/6394619958192004"}}
2025-01-17 11:47:04,483 - INFO - {"request": {"command": "GET https://api.smartsheet.com/2.0/sheets/541339541628804"}}
2025-01-17 11:47:21,807 - INFO - {"request": {"command": "GET https://api.smartsheet.com/2.0/sheets/541339541628804"}}
2025-01-17 11:47:39,735 - INFO - {"request": {"command": "GET https://api.smartsheet.com/2.0/sheets/541339541628804"}}
2025-01-17 11:47:56,507 - INFO - {"request": {"command": "GET https://api.smartsheet.com/2.0/sheets/3120437164724100"}}
2025-01-17 11:48:08,104 - INFO - {"request": {"command": "GET https://api.smartsheet.com/2.0/sheets/8774388884498308"}}
2025-01-17 11:48:11,681 - INFO - {"request": {"command": "GET https://api.smartsheet.com/2.0/sheets/8774388884498308"}}
2025-01-17 11:48:14,050 - INFO - {"request": {"command": "GET https://api.smartsheet.com/2.0/sheets/8774388884498308"}}
2025-01-17 11:48:17,018 - INFO - {"request": {"command": "GET https://api.smartsheet.com/2.0/sheets/8774388884498308"}}
2025-01-17 11:48:20,265 - INFO - {"request": {"command": "GET https://api.smartsheet.com/2.0/sheets/8774388884498308"}}
2025-01-17 11:48:23,195 - INFO - {"request": {"command": "GET https://api.smartsheet.com/2.0/sheets/8774388884498308"}}
2025-01-17 11:48:26,422 - INFO - {"request": {"command": "GET https://api.smartsheet.com/2.0/sheets/8774388884498308"}}
2025-01-17 11:48:29,566 - INFO - {"request": {"command": "GET https://api.smartsheet.com/2.0/sheets/2183890417805188"}}
2025-01-17 11:48:34,586 - INFO - {"request": {"command": "GET https://api.smartsheet.com/2.0/sheets/2183890417805188"}}
2025-01-17 11:48:39,690 - INFO - {"request": {"command": "GET https://api.smartsheet.com/2.0/sheets/2183890417805188"}}
2025-01-17 11:48:44,276 - INFO - {"request": {"command": "GET https://api.smartsheet.com/2.0/sheets/2183890417805188"}}
2025-01-17 11:48:48,910 - INFO - {"request": {"command": "GET https://api.smartsheet.com/2.0/sheets/2183890417805188"}}
2025-01-17 11:48:53,637 - INFO - {"request": {"command": "GET https://api.smartsheet.com/2.0/sheets/2183890417805188"}}
2025-01-17 11:48:58,850 - INFO - {"request": {"command": "GET https://api.smartsheet.com/2.0/sheets/2183890417805188"}}
2025-01-17 11:49:03,146 - INFO - {"request": {"command": "GET https://api.smartsheet.com/2.0/sheets/4477251556272004"}}
2025-01-17 11:49:04,370 - INFO - {"request": {"command": "GET https://api.smartsheet.com/2.0/sheets/4477251556272004"}}
2025-01-17 11:49:05,314 - INFO - {"request": {"command": "GET https://api.smartsheet.com/2.0/sheets/4477251556272004"}}
2025-01-17 11:49:06,065 - INFO - {"request": {"command": "GET https://api.smartsheet.com/2.0/sheets/4477251556272004"}}
2025-01-17 11:49:07,114 - INFO - {"request": {"command": "GET https://api.smartsheet.com/2.0/sheets/4477251556272004"}}
2025-01-17 11:49:07,973 - INFO - {"request": {"command": "GET https://api.smartsheet.com/2.0/sheets/4477251556272004"}}
2025-01-17 11:49:08,874 - INFO - {"request": {"command": "GET https://api.smartsheet.com/2.0/sheets/4477251556272004"}}
2025-01-17 11:49:09,724 - INFO - {"request": {"command": "GET https://api.smartsheet.com/2.0/sheets/246506489597828"}}
2025-01-17 11:49:10,054 - INFO - {"request": {"command": "GET https://api.smartsheet.com/2.0/sheets/1020182570946436"}}
2025-01-17 11:49:10,340 - INFO - {"request": {"command": "GET https://api.smartsheet.com/2.0/sheets/7016169517043588"}}
2025-01-17 11:49:10,644 - INFO - {"request": {"command": "GET https://api.smartsheet.com/2.0/sheets/1798024636354436"}}
2025-01-17 11:49:10,933 - INFO - {"request": {"command": "GET https://api.smartsheet.com/2.0/sheets/3892899364163460"}}
2025-01-17 11:49:11,234 - INFO - {"request": {"command": "GET https://api.smartsheet.com/2.0/sheets/1659494761189252"}}
2025-01-17 11:49:11,623 - INFO - {"request": {"command": "GET https://api.smartsheet.com/2.0/sheets/1254346335408004"}}
2025-01-17 11:49:11,917 - INFO - {"request": {"command": "GET https://api.smartsheet.com/2.0/sheets/3400777582202756"}}
2025-01-17 11:49:12,269 - INFO - {"request": {"command": "GET https://api.smartsheet.com/2.0/sheets/961708738695044"}}
2025-01-17 11:49:12,581 - INFO - {"request": {"command": "GET https://api.smartsheet.com/2.0/sheets/7007588038168452"}}
2025-01-17 11:49:13,005 - INFO - {"request": {"command": "GET https://api.smartsheet.com/2.0/sheets/5005115639418756"}}
2025-01-17 11:49:13,327 - INFO - {"request": {"command": "GET https://api.smartsheet.com/2.0/sheets/7816893456928644"}}
2025-01-17 11:49:13,661 - INFO - {"request": {"command": "GET https://api.smartsheet.com/2.0/sheets/2746464715362180"}}
2025-01-17 11:49:13,947 - INFO - {"request": {"command": "GET https://api.smartsheet.com/2.0/sheets/5256424007356292"}}
2025-01-17 11:49:14,229 - INFO - {"request": {"command": "GET https://api.smartsheet.com/2.0/sheets/7927413166002052"}}
2025-01-17 11:49:14,487 - INFO - {"request": {"command": "GET https://api.smartsheet.com/2.0/sheets/7584365538135940"}}
2025-01-17 11:49:14,840 - INFO - {"request": {"command": "GET https://api.smartsheet.com/2.0/sheets/2450665586511748"}}
2025-01-17 11:49:15,177 - INFO - {"request": {"command": "GET https://api.smartsheet.com/2.0/sheets/2787830585577348"}}
2025-01-17 11:49:15,473 - INFO - {"request": {"command": "GET https://api.smartsheet.com/2.0/sheets/2672134367170436"}}
2025-01-17 11:49:15,775 - INFO - {"request": {"command": "GET https://api.smartsheet.com/2.0/sheets/4902580677201796"}}
2025-01-17 11:49:16,087 - INFO - {"request": {"command": "GET https://api.smartsheet.com/2.0/sheets/728428126883716"}}
2025-01-17 11:49:16,396 - INFO - {"request": {"command": "GET https://api.smartsheet.com/2.0/sheets/105663774543748"}}
2025-01-17 11:49:16,668 - INFO - {"request": {"command": "GET https://api.smartsheet.com/2.0/sheets/7429495761883012"}}
2025-01-17 11:49:16,968 - INFO - {"request": {"command": "GET https://api.smartsheet.com/2.0/sheets/8062058545237892"}}
2025-01-17 11:49:17,337 - INFO - {"request": {"command": "GET https://api.smartsheet.com/2.0/sheets/8203706566659972"}}
2025-01-17 11:49:17,618 - INFO - {"request": {"command": "GET https://api.smartsheet.com/2.0/sheets/8955258197725060"}}
2025-01-17 11:49:17,927 - INFO - {"request": {"command": "GET https://api.smartsheet.com/2.0/sheets/527870938009476"}}
2025-01-17 11:49:18,211 - INFO - {"request": {"command": "GET https://api.smartsheet.com/2.0/sheets/5947079209734020"}}
2025-01-17 11:49:18,525 - INFO - {"request": {"command": "GET https://api.smartsheet.com/2.0/sheets/5365722100223876"}}
2025-01-17 11:49:18,838 - INFO - {"request": {"command": "GET https://api.smartsheet.com/2.0/sheets/7746223830159236"}}
2025-01-17 11:49:19,082 - INFO - {"request": {"command": "GET https://api.smartsheet.com/2.0/sheets/893577706033028"}}
2025-01-17 11:49:19,430 - INFO - {"request": {"command": "GET https://api.smartsheet.com/2.0/sheets/8659852326817668"}}
2025-01-17 11:49:19,750 - INFO - {"request": {"command": "GET https://api.smartsheet.com/2.0/sheets/84104011796356"}}
2025-01-17 11:49:20,145 - INFO - {"request": {"command": "GET https://api.smartsheet.com/2.0/sheets/1237521774104452"}}
2025-01-17 11:49:20,643 - INFO - {"request": {"command": "GET https://api.smartsheet.com/2.0/sheets/3608360901365636"}}
2025-01-17 11:49:21,039 - INFO - {"request": {"command": "GET https://api.smartsheet.com/2.0/sheets/6408052513132420"}}
2025-01-17 11:49:21,385 - INFO - {"request": {"command": "GET https://api.smartsheet.com/2.0/sheets/2661848893575044"}}
2025-01-17 11:49:21,667 - INFO - {"request": {"command": "GET https://api.smartsheet.com/2.0/sheets/1008201793228676"}}
2025-01-17 11:49:21,937 - INFO - {"request": {"command": "GET https://api.smartsheet.com/2.0/sheets/2345639828475780"}}
2025-01-17 11:49:22,303 - INFO - {"request": {"command": "GET https://api.smartsheet.com/2.0/sheets/8968790784036740"}}
2025-01-17 11:49:22,610 - INFO - {"request": {"command": "GET https://api.smartsheet.com/2.0/sheets/387111702187908"}}
2025-01-17 11:49:22,943 - INFO - {"request": {"command": "GET https://api.smartsheet.com/2.0/sheets/387111702187908"}}
2025-01-17 11:49:23,255 - INFO - {"request": {"command": "GET https://api.smartsheet.com/2.0/sheets/5997875246878596"}}
2025-01-17 11:49:23,546 - INFO - {"request": {"command": "GET https://api.smartsheet.com/2.0/sheets/5997875246878596"}}
2025-01-17 11:49:23,827 - INFO - {"request": {"command": "GET https://api.smartsheet.com/2.0/sheets/4621731889106820"}}
2025-01-17 11:49:24,164 - INFO - {"request": {"command": "GET https://api.smartsheet.com/2.0/sheets/4621731889106820"}}
2025-01-17 11:49:24,475 - INFO - {"request": {"command": "GET https://api.smartsheet.com/2.0/sheets/2702941559410564"}}
2025-01-17 11:49:25,357 - INFO - {"request": {"command": "PUT https://api.smartsheet.com/2.0/sheets/6375545637916548/rows"}}
2025-01-17 11:49:26,784 - INFO - {"request": {"command": "PUT https://api.smartsheet.com/2.0/sheets/6375545637916548/rows"}}
2025-01-17 11:49:26,788 - INFO - Script executed successfully.
