2025-01-16 15:21:31,895 - INFO - Script started.
2025-01-16 15:21:32,961 - INFO - {"request": {"command": "GET https://api.smartsheet.com/2.0/sheets/6375545637916548"}}
2025-01-16 15:21:33,208 - INFO - {"request": {"command": "GET https://api.smartsheet.com/2.0/sheets/6375545637916548"}}
2025-01-16 15:21:33,766 - INFO - {"request": {"command": "GET https://api.smartsheet.com/2.0/sheets/6375545637916548"}}
2025-01-16 15:21:34,270 - INFO - {"request": {"command": "GET https://api.smartsheet.com/2.0/sheets/3698191069302660"}}
2025-01-16 15:21:34,683 - INFO - {"request": {"command": "GET https://api.smartsheet.com/2.0/sheets/3698191069302660"}}
2025-01-16 15:21:34,966 - INFO - {"request": {"command": "GET https://api.smartsheet.com/2.0/sheets/968074702311300"}}
2025-01-16 15:21:34,966 - ERROR - {"response": {"statusCode": 404, "reason": "Not Found", "content": "<< application/json;charset=UTF-8 content type suppressed >>"}}
2025-01-16 15:21:35,630 - INFO - {"request": {"command": "GET https://api.smartsheet.com/2.0/reports/968074702311300"}}
2025-01-16 15:21:35,790 - INFO - {"request": {"command": "GET https://api.smartsheet.com/2.0/sheets/5825098598535044"}}
2025-01-16 15:21:35,790 - ERROR - {"response": {"statusCode": 404, "reason": "Not Found", "content": "<< application/json;charset=UTF-8 content type suppressed >>"}}
2025-01-16 15:21:36,194 - INFO - {"request": {"command": "GET https://api.smartsheet.com/2.0/reports/5825098598535044"}}
2025-01-16 15:21:36,329 - INFO - {"request": {"command": "GET https://api.smartsheet.com/2.0/sheets/3741894504828804"}}
2025-01-16 15:21:36,329 - ERROR - {"response": {"statusCode": 404, "reason": "Not Found", "content": "<< application/json;charset=UTF-8 content type suppressed >>"}}
2025-01-16 15:21:36,954 - INFO - {"request": {"command": "GET https://api.smartsheet.com/2.0/reports/3741894504828804"}}
2025-01-16 15:21:37,097 - INFO - {"request": {"command": "GET https://api.smartsheet.com/2.0/sheets/663833177706372"}}
2025-01-16 15:21:37,097 - ERROR - {"response": {"statusCode": 404, "reason": "Not Found", "content": "<< application/json;charset=UTF-8 content type suppressed >>"}}
2025-01-16 15:21:37,705 - INFO - {"request": {"command": "GET https://api.smartsheet.com/2.0/reports/663833177706372"}}
2025-01-16 15:21:37,836 - INFO - {"request": {"command": "GET https://api.smartsheet.com/2.0/sheets/968091882180484"}}
2025-01-16 15:21:37,836 - ERROR - {"response": {"statusCode": 404, "reason": "Not Found", "content": "<< application/json;charset=UTF-8 content type suppressed >>"}}
2025-01-16 15:21:38,367 - INFO - {"request": {"command": "GET https://api.smartsheet.com/2.0/reports/968091882180484"}}
2025-01-16 15:21:38,507 - INFO - {"request": {"command": "GET https://api.smartsheet.com/2.0/sheets/8568036512452484"}}
2025-01-16 15:21:38,507 - ERROR - {"response": {"statusCode": 404, "reason": "Not Found", "content": "<< application/json;charset=UTF-8 content type suppressed >>"}}
2025-01-16 15:21:38,882 - INFO - {"request": {"command": "GET https://api.smartsheet.com/2.0/reports/8568036512452484"}}
2025-01-16 15:21:39,029 - INFO - {"request": {"command": "GET https://api.smartsheet.com/2.0/sheets/1858671604617092"}}
2025-01-16 15:21:39,029 - ERROR - {"response": {"statusCode": 404, "reason": "Not Found", "content": "<< application/json;charset=UTF-8 content type suppressed >>"}}
2025-01-16 15:21:39,491 - INFO - {"request": {"command": "GET https://api.smartsheet.com/2.0/reports/1858671604617092"}}
2025-01-16 15:21:39,624 - INFO - {"request": {"command": "GET https://api.smartsheet.com/2.0/sheets/8849477129424772"}}
2025-01-16 15:21:39,624 - ERROR - {"response": {"statusCode": 404, "reason": "Not Found", "content": "<< application/json;charset=UTF-8 content type suppressed >>"}}
2025-01-16 15:21:40,099 - INFO - {"request": {"command": "GET https://api.smartsheet.com/2.0/reports/8849477129424772"}}
2025-01-16 15:21:40,254 - INFO - {"request": {"command": "GET https://api.smartsheet.com/2.0/sheets/7397984341806980"}}
2025-01-16 15:21:40,254 - ERROR - {"response": {"statusCode": 404, "reason": "Not Found", "content": "<< application/json;charset=UTF-8 content type suppressed >>"}}
2025-01-16 15:21:40,822 - INFO - {"request": {"command": "GET https://api.smartsheet.com/2.0/reports/7397984341806980"}}
2025-01-16 15:21:40,977 - INFO - {"request": {"command": "GET https://api.smartsheet.com/2.0/sheets/5402422277001092"}}
2025-01-16 15:21:40,977 - ERROR - {"response": {"statusCode": 404, "reason": "Not Found", "content": "<< application/json;charset=UTF-8 content type suppressed >>"}}
2025-01-16 15:21:41,458 - INFO - {"request": {"command": "GET https://api.smartsheet.com/2.0/reports/5402422277001092"}}
2025-01-16 15:21:41,588 - INFO - {"request": {"command": "GET https://api.smartsheet.com/2.0/sheets/6503098914656132"}}
2025-01-16 15:21:41,588 - ERROR - {"response": {"statusCode": 404, "reason": "Not Found", "content": "<< application/json;charset=UTF-8 content type suppressed >>"}}
2025-01-16 15:21:42,054 - INFO - {"request": {"command": "GET https://api.smartsheet.com/2.0/reports/6503098914656132"}}
2025-01-16 15:21:42,264 - INFO - {"request": {"command": "GET https://api.smartsheet.com/2.0/sheets/4936624483815300"}}
2025-01-16 15:21:42,265 - ERROR - {"response": {"statusCode": 404, "reason": "Not Found", "content": "<< application/json;charset=UTF-8 content type suppressed >>"}}
2025-01-16 15:21:42,763 - INFO - {"request": {"command": "GET https://api.smartsheet.com/2.0/reports/4936624483815300"}}
2025-01-16 15:21:42,891 - INFO - {"request": {"command": "GET https://api.smartsheet.com/2.0/sheets/241307180027780"}}
2025-01-16 15:21:42,891 - ERROR - {"response": {"statusCode": 404, "reason": "Not Found", "content": "<< application/json;charset=UTF-8 content type suppressed >>"}}
2025-01-16 15:21:43,405 - INFO - {"request": {"command": "GET https://api.smartsheet.com/2.0/reports/241307180027780"}}
2025-01-16 15:21:43,531 - INFO - {"request": {"command": "GET https://api.smartsheet.com/2.0/sheets/5870892613586820"}}
2025-01-16 15:21:43,531 - ERROR - {"response": {"statusCode": 404, "reason": "Not Found", "content": "<< application/json;charset=UTF-8 content type suppressed >>"}}
2025-01-16 15:21:43,936 - INFO - {"request": {"command": "GET https://api.smartsheet.com/2.0/reports/5870892613586820"}}
2025-01-16 15:21:44,071 - INFO - {"request": {"command": "GET https://api.smartsheet.com/2.0/sheets/8595180705763204"}}
2025-01-16 15:21:44,071 - ERROR - {"response": {"statusCode": 404, "reason": "Not Found", "content": "<< application/json;charset=UTF-8 content type suppressed >>"}}
2025-01-16 15:21:44,744 - INFO - {"request": {"command": "GET https://api.smartsheet.com/2.0/reports/8595180705763204"}}
2025-01-16 15:21:44,914 - INFO - {"request": {"command": "GET https://api.smartsheet.com/2.0/sheets/8101293826461572"}}
2025-01-16 15:21:44,914 - ERROR - {"response": {"statusCode": 404, "reason": "Not Found", "content": "<< application/json;charset=UTF-8 content type suppressed >>"}}
2025-01-16 15:21:45,435 - INFO - {"request": {"command": "GET https://api.smartsheet.com/2.0/reports/8101293826461572"}}
2025-01-16 15:21:45,584 - INFO - {"request": {"command": "GET https://api.smartsheet.com/2.0/sheets/117766740725636"}}
2025-01-16 15:21:45,584 - ERROR - {"response": {"statusCode": 404, "reason": "Not Found", "content": "<< application/json;charset=UTF-8 content type suppressed >>"}}
2025-01-16 15:21:46,236 - INFO - {"request": {"command": "GET https://api.smartsheet.com/2.0/reports/117766740725636"}}
2025-01-16 15:21:46,417 - INFO - {"request": {"command": "GET https://api.smartsheet.com/2.0/sheets/5612205659606916"}}
2025-01-16 15:21:46,417 - ERROR - {"response": {"statusCode": 404, "reason": "Not Found", "content": "<< application/json;charset=UTF-8 content type suppressed >>"}}
2025-01-16 15:21:46,914 - INFO - {"request": {"command": "GET https://api.smartsheet.com/2.0/reports/5612205659606916"}}
2025-01-16 15:21:47,071 - INFO - {"request": {"command": "GET https://api.smartsheet.com/2.0/sheets/713280062443396"}}
2025-01-16 15:21:47,072 - ERROR - {"response": {"statusCode": 404, "reason": "Not Found", "content": "<< application/json;charset=UTF-8 content type suppressed >>"}}
2025-01-16 15:21:47,662 - INFO - {"request": {"command": "GET https://api.smartsheet.com/2.0/reports/713280062443396"}}
2025-01-16 15:21:47,796 - INFO - {"request": {"command": "GET https://api.smartsheet.com/2.0/sheets/185840898625412"}}
2025-01-16 15:21:47,796 - ERROR - {"response": {"statusCode": 404, "reason": "Not Found", "content": "<< application/json;charset=UTF-8 content type suppressed >>"}}
2025-01-16 15:21:48,619 - INFO - {"request": {"command": "GET https://api.smartsheet.com/2.0/reports/185840898625412"}}
2025-01-16 15:21:48,766 - INFO - {"request": {"command": "GET https://api.smartsheet.com/2.0/sheets/264181102104452"}}
2025-01-16 15:21:48,766 - ERROR - {"response": {"statusCode": 404, "reason": "Not Found", "content": "<< application/json;charset=UTF-8 content type suppressed >>"}}
2025-01-16 15:21:49,462 - INFO - {"request": {"command": "GET https://api.smartsheet.com/2.0/reports/264181102104452"}}
2025-01-16 15:21:49,641 - INFO - {"request": {"command": "GET https://api.smartsheet.com/2.0/sheets/1472330706407300"}}
2025-01-16 15:21:49,641 - ERROR - {"response": {"statusCode": 404, "reason": "Not Found", "content": "<< application/json;charset=UTF-8 content type suppressed >>"}}
2025-01-16 15:21:50,207 - INFO - {"request": {"command": "GET https://api.smartsheet.com/2.0/reports/1472330706407300"}}
2025-01-16 15:21:50,343 - INFO - {"request": {"command": "GET https://api.smartsheet.com/2.0/sheets/6838578273275780"}}
2025-01-16 15:21:50,344 - ERROR - {"response": {"statusCode": 404, "reason": "Not Found", "content": "<< application/json;charset=UTF-8 content type suppressed >>"}}
2025-01-16 15:21:50,740 - INFO - {"request": {"command": "GET https://api.smartsheet.com/2.0/reports/6838578273275780"}}
2025-01-16 15:21:50,871 - INFO - {"request": {"command": "GET https://api.smartsheet.com/2.0/sheets/5250651554533252"}}
2025-01-16 15:21:50,872 - ERROR - {"response": {"statusCode": 404, "reason": "Not Found", "content": "<< application/json;charset=UTF-8 content type suppressed >>"}}
2025-01-16 15:21:51,357 - INFO - {"request": {"command": "GET https://api.smartsheet.com/2.0/reports/5250651554533252"}}
2025-01-16 15:21:51,516 - INFO - {"request": {"command": "GET https://api.smartsheet.com/2.0/sheets/6001722149261188"}}
2025-01-16 15:21:51,516 - ERROR - {"response": {"statusCode": 404, "reason": "Not Found", "content": "<< application/json;charset=UTF-8 content type suppressed >>"}}
2025-01-16 15:21:52,105 - INFO - {"request": {"command": "GET https://api.smartsheet.com/2.0/reports/6001722149261188"}}
2025-01-16 15:21:52,257 - INFO - {"request": {"command": "GET https://api.smartsheet.com/2.0/sheets/8863259142606724"}}
2025-01-16 15:21:52,257 - ERROR - {"response": {"statusCode": 404, "reason": "Not Found", "content": "<< application/json;charset=UTF-8 content type suppressed >>"}}
2025-01-16 15:21:52,780 - INFO - {"request": {"command": "GET https://api.smartsheet.com/2.0/reports/8863259142606724"}}
2025-01-16 15:21:52,913 - INFO - {"request": {"command": "GET https://api.smartsheet.com/2.0/sheets/124749283807108"}}
2025-01-16 15:21:52,914 - ERROR - {"response": {"statusCode": 404, "reason": "Not Found", "content": "<< application/json;charset=UTF-8 content type suppressed >>"}}
2025-01-16 15:21:53,437 - INFO - {"request": {"command": "GET https://api.smartsheet.com/2.0/reports/124749283807108"}}
2025-01-16 15:21:53,592 - INFO - {"request": {"command": "GET https://api.smartsheet.com/2.0/sheets/4586319434960772"}}
2025-01-16 15:21:53,593 - ERROR - {"response": {"statusCode": 404, "reason": "Not Found", "content": "<< application/json;charset=UTF-8 content type suppressed >>"}}
2025-01-16 15:21:54,197 - INFO - {"request": {"command": "GET https://api.smartsheet.com/2.0/reports/4586319434960772"}}
2025-01-16 15:21:54,340 - INFO - {"request": {"command": "GET https://api.smartsheet.com/2.0/sheets/4205999007158148"}}
2025-01-16 15:21:54,341 - ERROR - {"response": {"statusCode": 404, "reason": "Not Found", "content": "<< application/json;charset=UTF-8 content type suppressed >>"}}
2025-01-16 15:21:55,045 - INFO - {"request": {"command": "GET https://api.smartsheet.com/2.0/reports/4205999007158148"}}
2025-01-16 15:21:55,179 - INFO - {"request": {"command": "GET https://api.smartsheet.com/2.0/sheets/6129982220750724"}}
2025-01-16 15:21:55,179 - ERROR - {"response": {"statusCode": 404, "reason": "Not Found", "content": "<< application/json;charset=UTF-8 content type suppressed >>"}}
2025-01-16 15:21:55,664 - INFO - {"request": {"command": "GET https://api.smartsheet.com/2.0/reports/6129982220750724"}}
2025-01-16 15:21:55,806 - INFO - {"request": {"command": "GET https://api.smartsheet.com/2.0/sheets/1805985240797060"}}
2025-01-16 15:21:55,806 - ERROR - {"response": {"statusCode": 404, "reason": "Not Found", "content": "<< application/json;charset=UTF-8 content type suppressed >>"}}
2025-01-16 15:21:56,159 - INFO - {"request": {"command": "GET https://api.smartsheet.com/2.0/reports/1805985240797060"}}
2025-01-16 15:21:56,300 - INFO - {"request": {"command": "GET https://api.smartsheet.com/2.0/sheets/7469779015126916"}}
2025-01-16 15:21:56,301 - ERROR - {"response": {"statusCode": 404, "reason": "Not Found", "content": "<< application/json;charset=UTF-8 content type suppressed >>"}}
2025-01-16 15:21:56,831 - INFO - {"request": {"command": "GET https://api.smartsheet.com/2.0/reports/7469779015126916"}}
2025-01-16 15:21:56,979 - INFO - {"request": {"command": "GET https://api.smartsheet.com/2.0/sheets/3782841649287044"}}
2025-01-16 15:21:56,979 - ERROR - {"response": {"statusCode": 404, "reason": "Not Found", "content": "<< application/json;charset=UTF-8 content type suppressed >>"}}
2025-01-16 15:21:57,622 - INFO - {"request": {"command": "GET https://api.smartsheet.com/2.0/reports/3782841649287044"}}
2025-01-16 15:21:57,808 - INFO - {"request": {"command": "GET https://api.smartsheet.com/2.0/sheets/190775279177604"}}
2025-01-16 15:21:57,808 - ERROR - {"response": {"statusCode": 404, "reason": "Not Found", "content": "<< application/json;charset=UTF-8 content type suppressed >>"}}
2025-01-16 15:21:58,223 - INFO - {"request": {"command": "GET https://api.smartsheet.com/2.0/reports/190775279177604"}}
2025-01-16 15:21:58,374 - INFO - {"request": {"command": "GET https://api.smartsheet.com/2.0/sheets/7860830955589508"}}
2025-01-16 15:21:58,374 - ERROR - {"response": {"statusCode": 404, "reason": "Not Found", "content": "<< application/json;charset=UTF-8 content type suppressed >>"}}
2025-01-16 15:21:59,008 - INFO - {"request": {"command": "GET https://api.smartsheet.com/2.0/reports/7860830955589508"}}
2025-01-16 15:21:59,161 - INFO - {"request": {"command": "GET https://api.smartsheet.com/2.0/sheets/284207997734788"}}
2025-01-16 15:21:59,161 - ERROR - {"response": {"statusCode": 404, "reason": "Not Found", "content": "<< application/json;charset=UTF-8 content type suppressed >>"}}
2025-01-16 15:21:59,661 - INFO - {"request": {"command": "GET https://api.smartsheet.com/2.0/reports/284207997734788"}}
2025-01-16 15:21:59,790 - INFO - {"request": {"command": "GET https://api.smartsheet.com/2.0/sheets/1512693198442372"}}
2025-01-16 15:21:59,790 - ERROR - {"response": {"statusCode": 404, "reason": "Not Found", "content": "<< application/json;charset=UTF-8 content type suppressed >>"}}
2025-01-16 15:22:00,162 - INFO - {"request": {"command": "GET https://api.smartsheet.com/2.0/reports/1512693198442372"}}
2025-01-16 15:22:00,302 - INFO - {"request": {"command": "GET https://api.smartsheet.com/2.0/sheets/1825749069680516"}}
2025-01-16 15:22:00,302 - ERROR - {"response": {"statusCode": 404, "reason": "Not Found", "content": "<< application/json;charset=UTF-8 content type suppressed >>"}}
2025-01-16 15:22:00,693 - INFO - {"request": {"command": "GET https://api.smartsheet.com/2.0/reports/1825749069680516"}}
2025-01-16 15:22:00,835 - INFO - {"request": {"command": "GET https://api.smartsheet.com/2.0/sheets/5735797101645700"}}
2025-01-16 15:22:00,835 - ERROR - {"response": {"statusCode": 404, "reason": "Not Found", "content": "<< application/json;charset=UTF-8 content type suppressed >>"}}
2025-01-16 15:22:01,253 - INFO - {"request": {"command": "GET https://api.smartsheet.com/2.0/reports/5735797101645700"}}
2025-01-16 15:22:01,382 - INFO - {"request": {"command": "GET https://api.smartsheet.com/2.0/sheets/3497693938667396"}}
2025-01-16 15:22:01,383 - ERROR - {"response": {"statusCode": 404, "reason": "Not Found", "content": "<< application/json;charset=UTF-8 content type suppressed >>"}}
2025-01-16 15:22:01,773 - INFO - {"request": {"command": "GET https://api.smartsheet.com/2.0/reports/3497693938667396"}}
2025-01-16 15:22:01,915 - INFO - {"request": {"command": "GET https://api.smartsheet.com/2.0/sheets/6031698873503620"}}
2025-01-16 15:22:01,915 - ERROR - {"response": {"statusCode": 404, "reason": "Not Found", "content": "<< application/json;charset=UTF-8 content type suppressed >>"}}
2025-01-16 15:22:02,283 - INFO - {"request": {"command": "GET https://api.smartsheet.com/2.0/reports/6031698873503620"}}
2025-01-16 15:22:02,450 - INFO - {"request": {"command": "GET https://api.smartsheet.com/2.0/sheets/7718719077699460"}}
2025-01-16 15:22:02,450 - ERROR - {"response": {"statusCode": 404, "reason": "Not Found", "content": "<< application/json;charset=UTF-8 content type suppressed >>"}}
2025-01-16 15:22:02,886 - INFO - {"request": {"command": "GET https://api.smartsheet.com/2.0/reports/7718719077699460"}}
2025-01-16 15:22:03,022 - INFO - {"request": {"command": "GET https://api.smartsheet.com/2.0/sheets/2442575092862852"}}
2025-01-16 15:22:03,023 - ERROR - {"response": {"statusCode": 404, "reason": "Not Found", "content": "<< application/json;charset=UTF-8 content type suppressed >>"}}
2025-01-16 15:22:03,417 - INFO - {"request": {"command": "GET https://api.smartsheet.com/2.0/reports/2442575092862852"}}
2025-01-16 15:22:03,544 - INFO - {"request": {"command": "GET https://api.smartsheet.com/2.0/sheets/281772751277956"}}
2025-01-16 15:22:03,544 - ERROR - {"response": {"statusCode": 404, "reason": "Not Found", "content": "<< application/json;charset=UTF-8 content type suppressed >>"}}
2025-01-16 15:22:04,265 - INFO - {"request": {"command": "GET https://api.smartsheet.com/2.0/reports/281772751277956"}}
2025-01-16 15:22:04,412 - INFO - {"request": {"command": "GET https://api.smartsheet.com/2.0/sheets/9005263646314372"}}
2025-01-16 15:22:04,413 - ERROR - {"response": {"statusCode": 404, "reason": "Not Found", "content": "<< application/json;charset=UTF-8 content type suppressed >>"}}
2025-01-16 15:22:04,838 - INFO - {"request": {"command": "GET https://api.smartsheet.com/2.0/reports/9005263646314372"}}
2025-01-16 15:22:04,976 - INFO - {"request": {"command": "GET https://api.smartsheet.com/2.0/sheets/3236023056158596"}}
2025-01-16 15:22:04,976 - ERROR - {"response": {"statusCode": 404, "reason": "Not Found", "content": "<< application/json;charset=UTF-8 content type suppressed >>"}}
2025-01-16 15:22:05,383 - INFO - {"request": {"command": "GET https://api.smartsheet.com/2.0/reports/3236023056158596"}}
2025-01-16 15:22:05,499 - INFO - {"request": {"command": "GET https://api.smartsheet.com/2.0/sheets/4482444040294276"}}
2025-01-16 15:22:05,499 - ERROR - {"response": {"statusCode": 404, "reason": "Not Found", "content": "<< application/json;charset=UTF-8 content type suppressed >>"}}
2025-01-16 15:22:05,952 - INFO - {"request": {"command": "GET https://api.smartsheet.com/2.0/reports/4482444040294276"}}
2025-01-16 15:22:06,088 - INFO - {"request": {"command": "GET https://api.smartsheet.com/2.0/sheets/3779899059818372"}}
2025-01-16 15:22:06,089 - ERROR - {"response": {"statusCode": 404, "reason": "Not Found", "content": "<< application/json;charset=UTF-8 content type suppressed >>"}}
2025-01-16 15:22:06,667 - INFO - {"request": {"command": "GET https://api.smartsheet.com/2.0/reports/3779899059818372"}}
2025-01-16 15:22:06,793 - INFO - {"request": {"command": "GET https://api.smartsheet.com/2.0/sheets/1684753883287428"}}
2025-01-16 15:22:06,793 - ERROR - {"response": {"statusCode": 404, "reason": "Not Found", "content": "<< application/json;charset=UTF-8 content type suppressed >>"}}
2025-01-16 15:22:07,130 - INFO - {"request": {"command": "GET https://api.smartsheet.com/2.0/reports/1684753883287428"}}
2025-01-16 15:22:07,298 - INFO - {"request": {"command": "GET https://api.smartsheet.com/2.0/sheets/2424132503293828"}}
2025-01-16 15:22:07,298 - ERROR - {"response": {"statusCode": 404, "reason": "Not Found", "content": "<< application/json;charset=UTF-8 content type suppressed >>"}}
2025-01-16 15:22:07,707 - INFO - {"request": {"command": "GET https://api.smartsheet.com/2.0/reports/2424132503293828"}}
2025-01-16 15:22:07,845 - INFO - {"request": {"command": "GET https://api.smartsheet.com/2.0/sheets/5739037654470532"}}
2025-01-16 15:22:07,846 - ERROR - {"response": {"statusCode": 404, "reason": "Not Found", "content": "<< application/json;charset=UTF-8 content type suppressed >>"}}
2025-01-16 15:22:08,322 - INFO - {"request": {"command": "GET https://api.smartsheet.com/2.0/reports/5739037654470532"}}
2025-01-16 15:22:08,470 - INFO - {"request": {"command": "GET https://api.smartsheet.com/2.0/sheets/1862488219930500"}}
2025-01-16 15:22:08,470 - ERROR - {"response": {"statusCode": 404, "reason": "Not Found", "content": "<< application/json;charset=UTF-8 content type suppressed >>"}}
2025-01-16 15:22:08,947 - INFO - {"request": {"command": "GET https://api.smartsheet.com/2.0/reports/1862488219930500"}}
2025-01-16 15:22:09,081 - INFO - {"request": {"command": "GET https://api.smartsheet.com/2.0/sheets/2111360099897220"}}
2025-01-16 15:22:09,081 - ERROR - {"response": {"statusCode": 404, "reason": "Not Found", "content": "<< application/json;charset=UTF-8 content type suppressed >>"}}
2025-01-16 15:22:09,473 - INFO - {"request": {"command": "GET https://api.smartsheet.com/2.0/reports/2111360099897220"}}
2025-01-16 15:22:09,651 - INFO - {"request": {"command": "GET https://api.smartsheet.com/2.0/sheets/1362926456708"}}
2025-01-16 15:22:09,651 - ERROR - {"response": {"statusCode": 404, "reason": "Not Found", "content": "<< application/json;charset=UTF-8 content type suppressed >>"}}
2025-01-16 15:22:10,063 - INFO - {"request": {"command": "GET https://api.smartsheet.com/2.0/reports/1362926456708"}}
2025-01-16 15:22:10,202 - INFO - {"request": {"command": "GET https://api.smartsheet.com/2.0/sheets/2881391901495172"}}
2025-01-16 15:22:10,203 - ERROR - {"response": {"statusCode": 404, "reason": "Not Found", "content": "<< application/json;charset=UTF-8 content type suppressed >>"}}
2025-01-16 15:22:10,617 - INFO - {"request": {"command": "GET https://api.smartsheet.com/2.0/reports/2881391901495172"}}
2025-01-16 15:22:10,744 - INFO - {"request": {"command": "GET https://api.smartsheet.com/2.0/sheets/6614959727267716"}}
2025-01-16 15:22:10,745 - ERROR - {"response": {"statusCode": 404, "reason": "Not Found", "content": "<< application/json;charset=UTF-8 content type suppressed >>"}}
2025-01-16 15:22:11,316 - INFO - {"request": {"command": "GET https://api.smartsheet.com/2.0/reports/6614959727267716"}}
2025-01-16 15:22:11,451 - INFO - {"request": {"command": "GET https://api.smartsheet.com/2.0/sheets/100620425973636"}}
2025-01-16 15:22:11,451 - ERROR - {"response": {"statusCode": 404, "reason": "Not Found", "content": "<< application/json;charset=UTF-8 content type suppressed >>"}}
2025-01-16 15:22:11,879 - INFO - {"request": {"command": "GET https://api.smartsheet.com/2.0/reports/100620425973636"}}
2025-01-16 15:22:12,018 - INFO - {"request": {"command": "GET https://api.smartsheet.com/2.0/sheets/6296743184387972"}}
2025-01-16 15:22:12,018 - ERROR - {"response": {"statusCode": 404, "reason": "Not Found", "content": "<< application/json;charset=UTF-8 content type suppressed >>"}}
2025-01-16 15:22:12,747 - INFO - {"request": {"command": "GET https://api.smartsheet.com/2.0/reports/6296743184387972"}}
2025-01-16 15:22:13,108 - INFO - {"request": {"command": "GET https://api.smartsheet.com/2.0/sheets/4171908375334788"}}
2025-01-16 15:22:13,109 - ERROR - {"response": {"statusCode": 404, "reason": "Not Found", "content": "<< application/json;charset=UTF-8 content type suppressed >>"}}
2025-01-16 15:22:13,558 - INFO - {"request": {"command": "GET https://api.smartsheet.com/2.0/reports/4171908375334788"}}
2025-01-16 15:22:13,700 - INFO - {"request": {"command": "GET https://api.smartsheet.com/2.0/sheets/2701068370661252"}}
2025-01-16 15:22:13,701 - ERROR - {"response": {"statusCode": 404, "reason": "Not Found", "content": "<< application/json;charset=UTF-8 content type suppressed >>"}}
2025-01-16 15:22:14,267 - INFO - {"request": {"command": "GET https://api.smartsheet.com/2.0/reports/2701068370661252"}}
2025-01-16 15:22:14,403 - INFO - {"request": {"command": "GET https://api.smartsheet.com/2.0/sheets/3228404455264132"}}
2025-01-16 15:22:14,403 - ERROR - {"response": {"statusCode": 404, "reason": "Not Found", "content": "<< application/json;charset=UTF-8 content type suppressed >>"}}
2025-01-16 15:22:14,897 - INFO - {"request": {"command": "GET https://api.smartsheet.com/2.0/reports/3228404455264132"}}
2025-01-16 15:22:15,044 - INFO - {"request": {"command": "GET https://api.smartsheet.com/2.0/sheets/3577888628494212"}}
2025-01-16 15:22:15,045 - ERROR - {"response": {"statusCode": 404, "reason": "Not Found", "content": "<< application/json;charset=UTF-8 content type suppressed >>"}}
2025-01-16 15:22:15,430 - INFO - {"request": {"command": "GET https://api.smartsheet.com/2.0/reports/3577888628494212"}}
2025-01-16 15:22:15,568 - INFO - {"request": {"command": "GET https://api.smartsheet.com/2.0/sheets/2825341638758276"}}
2025-01-16 15:22:15,569 - ERROR - {"response": {"statusCode": 404, "reason": "Not Found", "content": "<< application/json;charset=UTF-8 content type suppressed >>"}}
2025-01-16 15:22:16,044 - INFO - {"request": {"command": "GET https://api.smartsheet.com/2.0/reports/2825341638758276"}}
2025-01-16 15:22:16,171 - INFO - {"request": {"command": "GET https://api.smartsheet.com/2.0/sheets/1926284724621188"}}
2025-01-16 15:22:16,172 - ERROR - {"response": {"statusCode": 404, "reason": "Not Found", "content": "<< application/json;charset=UTF-8 content type suppressed >>"}}
2025-01-16 15:22:16,797 - INFO - {"request": {"command": "GET https://api.smartsheet.com/2.0/reports/1926284724621188"}}
2025-01-16 15:22:16,932 - INFO - {"request": {"command": "GET https://api.smartsheet.com/2.0/sheets/108757644169092"}}
2025-01-16 15:22:16,933 - ERROR - {"response": {"statusCode": 404, "reason": "Not Found", "content": "<< application/json;charset=UTF-8 content type suppressed >>"}}
2025-01-16 15:22:17,312 - INFO - {"request": {"command": "GET https://api.smartsheet.com/2.0/reports/108757644169092"}}
2025-01-16 15:22:17,448 - INFO - {"request": {"command": "GET https://api.smartsheet.com/2.0/sheets/4178084538306436"}}
2025-01-16 15:22:17,448 - ERROR - {"response": {"statusCode": 404, "reason": "Not Found", "content": "<< application/json;charset=UTF-8 content type suppressed >>"}}
2025-01-16 15:22:17,883 - INFO - {"request": {"command": "GET https://api.smartsheet.com/2.0/reports/4178084538306436"}}
2025-01-16 15:22:18,014 - INFO - {"request": {"command": "GET https://api.smartsheet.com/2.0/sheets/3958903767256964"}}
2025-01-16 15:22:18,014 - ERROR - {"response": {"statusCode": 404, "reason": "Not Found", "content": "<< application/json;charset=UTF-8 content type suppressed >>"}}
2025-01-16 15:22:18,424 - INFO - {"request": {"command": "GET https://api.smartsheet.com/2.0/reports/3958903767256964"}}
2025-01-16 15:22:18,565 - INFO - {"request": {"command": "GET https://api.smartsheet.com/2.0/sheets/8462503394627460"}}
2025-01-16 15:22:18,565 - ERROR - {"response": {"statusCode": 404, "reason": "Not Found", "content": "<< application/json;charset=UTF-8 content type suppressed >>"}}
2025-01-16 15:22:19,101 - INFO - {"request": {"command": "GET https://api.smartsheet.com/2.0/reports/8462503394627460"}}
2025-01-16 15:22:19,243 - INFO - {"request": {"command": "GET https://api.smartsheet.com/2.0/sheets/518909841067908"}}
2025-01-16 15:22:19,243 - ERROR - {"response": {"statusCode": 404, "reason": "Not Found", "content": "<< application/json;charset=UTF-8 content type suppressed >>"}}
2025-01-16 15:22:20,176 - INFO - {"request": {"command": "GET https://api.smartsheet.com/2.0/reports/518909841067908"}}
2025-01-16 15:22:20,306 - INFO - {"request": {"command": "GET https://api.smartsheet.com/2.0/sheets/4612357271539588"}}
2025-01-16 15:22:20,306 - ERROR - {"response": {"statusCode": 404, "reason": "Not Found", "content": "<< application/json;charset=UTF-8 content type suppressed >>"}}
2025-01-16 15:22:20,970 - INFO - {"request": {"command": "GET https://api.smartsheet.com/2.0/reports/4612357271539588"}}
2025-01-16 15:22:21,178 - INFO - {"request": {"command": "GET https://api.smartsheet.com/2.0/sheets/7921955990622084"}}
2025-01-16 15:22:21,179 - ERROR - {"response": {"statusCode": 404, "reason": "Not Found", "content": "<< application/json;charset=UTF-8 content type suppressed >>"}}
2025-01-16 15:22:21,662 - INFO - {"request": {"command": "GET https://api.smartsheet.com/2.0/reports/7921955990622084"}}
2025-01-16 15:22:21,804 - INFO - {"request": {"command": "GET https://api.smartsheet.com/2.0/sheets/2540035551219588"}}
2025-01-16 15:22:21,804 - ERROR - {"response": {"statusCode": 404, "reason": "Not Found", "content": "<< application/json;charset=UTF-8 content type suppressed >>"}}
2025-01-16 15:22:22,354 - INFO - {"request": {"command": "GET https://api.smartsheet.com/2.0/reports/2540035551219588"}}
2025-01-16 15:22:22,498 - INFO - {"request": {"command": "GET https://api.smartsheet.com/2.0/sheets/8081488255864708"}}
2025-01-16 15:22:22,498 - ERROR - {"response": {"statusCode": 404, "reason": "Not Found", "content": "<< application/json;charset=UTF-8 content type suppressed >>"}}
2025-01-16 15:22:23,007 - INFO - {"request": {"command": "GET https://api.smartsheet.com/2.0/reports/8081488255864708"}}
2025-01-16 15:22:23,159 - INFO - {"request": {"command": "GET https://api.smartsheet.com/2.0/sheets/2360557457854340"}}
2025-01-16 15:22:23,160 - ERROR - {"response": {"statusCode": 404, "reason": "Not Found", "content": "<< application/json;charset=UTF-8 content type suppressed >>"}}
2025-01-16 15:22:23,591 - INFO - {"request": {"command": "GET https://api.smartsheet.com/2.0/reports/2360557457854340"}}
2025-01-16 15:22:23,726 - INFO - {"request": {"command": "GET https://api.smartsheet.com/2.0/sheets/518909841067908"}}
2025-01-16 15:22:23,726 - ERROR - {"response": {"statusCode": 404, "reason": "Not Found", "content": "<< application/json;charset=UTF-8 content type suppressed >>"}}
2025-01-16 15:22:24,290 - INFO - {"request": {"command": "GET https://api.smartsheet.com/2.0/reports/518909841067908"}}
2025-01-16 15:22:24,423 - INFO - {"request": {"command": "GET https://api.smartsheet.com/2.0/sheets/5022509468438404"}}
2025-01-16 15:22:24,423 - ERROR - {"response": {"statusCode": 404, "reason": "Not Found", "content": "<< application/json;charset=UTF-8 content type suppressed >>"}}
2025-01-16 15:22:25,081 - INFO - {"request": {"command": "GET https://api.smartsheet.com/2.0/reports/5022509468438404"}}
2025-01-16 15:22:25,221 - INFO - {"request": {"command": "GET https://api.smartsheet.com/2.0/sheets/603606596145028"}}
2025-01-16 15:22:25,221 - ERROR - {"response": {"statusCode": 404, "reason": "Not Found", "content": "<< application/json;charset=UTF-8 content type suppressed >>"}}
2025-01-16 15:22:25,984 - INFO - {"request": {"command": "GET https://api.smartsheet.com/2.0/reports/603606596145028"}}
2025-01-16 15:22:26,125 - INFO - {"request": {"command": "GET https://api.smartsheet.com/2.0/sheets/2770709654753156"}}
2025-01-16 15:22:26,126 - ERROR - {"response": {"statusCode": 404, "reason": "Not Found", "content": "<< application/json;charset=UTF-8 content type suppressed >>"}}
2025-01-16 15:22:26,754 - INFO - {"request": {"command": "GET https://api.smartsheet.com/2.0/reports/2770709654753156"}}
2025-01-16 15:22:26,896 - INFO - {"request": {"command": "GET https://api.smartsheet.com/2.0/sheets/4305677547687812"}}
2025-01-16 15:22:26,897 - ERROR - {"response": {"statusCode": 404, "reason": "Not Found", "content": "<< application/json;charset=UTF-8 content type suppressed >>"}}
2025-01-16 15:22:27,339 - INFO - {"request": {"command": "GET https://api.smartsheet.com/2.0/reports/4305677547687812"}}
2025-01-16 15:22:27,480 - INFO - {"request": {"command": "GET https://api.smartsheet.com/2.0/sheets/7941747703238532"}}
2025-01-16 15:22:27,481 - ERROR - {"response": {"statusCode": 404, "reason": "Not Found", "content": "<< application/json;charset=UTF-8 content type suppressed >>"}}
2025-01-16 15:22:27,941 - INFO - {"request": {"command": "GET https://api.smartsheet.com/2.0/reports/7941747703238532"}}
2025-01-16 15:22:28,090 - INFO - {"request": {"command": "GET https://api.smartsheet.com/2.0/sheets/6347455071211396"}}
2025-01-16 15:22:28,091 - ERROR - {"response": {"statusCode": 404, "reason": "Not Found", "content": "<< application/json;charset=UTF-8 content type suppressed >>"}}
2025-01-16 15:22:29,096 - INFO - {"request": {"command": "GET https://api.smartsheet.com/2.0/reports/6347455071211396"}}
2025-01-16 15:22:29,298 - INFO - {"request": {"command": "GET https://api.smartsheet.com/2.0/sheets/3352810129149828"}}
2025-01-16 15:22:29,298 - ERROR - {"response": {"statusCode": 404, "reason": "Not Found", "content": "<< application/json;charset=UTF-8 content type suppressed >>"}}
2025-01-16 15:22:29,761 - INFO - {"request": {"command": "GET https://api.smartsheet.com/2.0/reports/3352810129149828"}}
2025-01-16 15:22:29,889 - INFO - {"request": {"command": "GET https://api.smartsheet.com/2.0/sheets/624660324503428"}}
2025-01-16 15:22:29,890 - ERROR - {"response": {"statusCode": 404, "reason": "Not Found", "content": "<< application/json;charset=UTF-8 content type suppressed >>"}}
2025-01-16 15:22:30,448 - INFO - {"request": {"command": "GET https://api.smartsheet.com/2.0/reports/624660324503428"}}
2025-01-16 15:22:30,630 - INFO - {"request": {"command": "GET https://api.smartsheet.com/2.0/sheets/624660324503428"}}
2025-01-16 15:22:30,630 - ERROR - {"response": {"statusCode": 404, "reason": "Not Found", "content": "<< application/json;charset=UTF-8 content type suppressed >>"}}
2025-01-16 15:22:31,175 - INFO - {"request": {"command": "GET https://api.smartsheet.com/2.0/reports/624660324503428"}}
2025-01-16 15:22:31,347 - INFO - {"request": {"command": "GET https://api.smartsheet.com/2.0/sheets/3996040000655236"}}
2025-01-16 15:22:31,348 - ERROR - {"response": {"statusCode": 404, "reason": "Not Found", "content": "<< application/json;charset=UTF-8 content type suppressed >>"}}
2025-01-16 15:22:31,729 - INFO - {"request": {"command": "GET https://api.smartsheet.com/2.0/reports/3996040000655236"}}
2025-01-16 15:22:31,861 - INFO - {"request": {"command": "GET https://api.smartsheet.com/2.0/sheets/8685297105588100"}}
2025-01-16 15:22:31,861 - ERROR - {"response": {"statusCode": 404, "reason": "Not Found", "content": "<< application/json;charset=UTF-8 content type suppressed >>"}}
2025-01-16 15:22:32,385 - INFO - {"request": {"command": "GET https://api.smartsheet.com/2.0/reports/8685297105588100"}}
2025-01-16 15:22:32,703 - INFO - {"request": {"command": "GET https://api.smartsheet.com/2.0/sheets/1643172090302340"}}
2025-01-16 15:22:32,838 - INFO - {"request": {"command": "GET https://api.smartsheet.com/2.0/sheets/7941747703238532"}}
2025-01-16 15:22:32,838 - ERROR - {"response": {"statusCode": 404, "reason": "Not Found", "content": "<< application/json;charset=UTF-8 content type suppressed >>"}}
2025-01-16 15:22:33,680 - INFO - {"request": {"command": "GET https://api.smartsheet.com/2.0/reports/7941747703238532"}}
2025-01-16 15:22:33,828 - INFO - {"request": {"command": "GET https://api.smartsheet.com/2.0/sheets/118898531716996"}}
2025-01-16 15:22:33,828 - ERROR - {"response": {"statusCode": 404, "reason": "Not Found", "content": "<< application/json;charset=UTF-8 content type suppressed >>"}}
2025-01-16 15:22:35,610 - INFO - {"request": {"command": "GET https://api.smartsheet.com/2.0/reports/118898531716996"}}
2025-01-16 15:22:35,911 - INFO - {"request": {"command": "GET https://api.smartsheet.com/2.0/sheets/4649855221714820"}}
2025-01-16 15:22:37,357 - INFO - {"request": {"command": "GET https://api.smartsheet.com/2.0/sheets/1183673409136516"}}
2025-01-16 15:22:47,769 - INFO - {"request": {"command": "GET https://api.smartsheet.com/2.0/sheets/4649855221714820"}}
2025-01-16 15:22:48,277 - INFO - {"request": {"command": "GET https://api.smartsheet.com/2.0/sheets/4649855221714820"}}
2025-01-16 15:22:48,626 - INFO - {"request": {"command": "GET https://api.smartsheet.com/2.0/sheets/4649855221714820"}}
2025-01-16 15:22:48,924 - INFO - {"request": {"command": "GET https://api.smartsheet.com/2.0/sheets/8763318407745412"}}
2025-01-16 15:22:49,220 - INFO - {"request": {"command": "GET https://api.smartsheet.com/2.0/sheets/8763318407745412"}}
2025-01-16 15:22:49,507 - INFO - {"request": {"command": "GET https://api.smartsheet.com/2.0/sheets/8763318407745412"}}
2025-01-16 15:22:49,798 - INFO - {"request": {"command": "GET https://api.smartsheet.com/2.0/sheets/8763318407745412"}}
2025-01-16 15:22:50,088 - INFO - {"request": {"command": "GET https://api.smartsheet.com/2.0/sheets/8763318407745412"}}
2025-01-16 15:22:50,388 - INFO - {"request": {"command": "GET https://api.smartsheet.com/2.0/sheets/8763318407745412"}}
2025-01-16 15:22:50,551 - INFO - {"request": {"command": "GET https://api.smartsheet.com/2.0/sheets/1024314933464964"}}
2025-01-16 15:22:50,552 - ERROR - {"response": {"statusCode": 404, "reason": "Not Found", "content": "<< application/json;charset=UTF-8 content type suppressed >>"}}
2025-01-16 15:22:50,925 - INFO - {"request": {"command": "GET https://api.smartsheet.com/2.0/reports/1024314933464964"}}
2025-01-16 15:22:52,334 - INFO - {"request": {"command": "GET https://api.smartsheet.com/2.0/sheets/1183673409136516"}}
2025-01-16 15:23:01,886 - INFO - {"request": {"command": "GET https://api.smartsheet.com/2.0/sheets/6421148052967300"}}
2025-01-16 15:23:04,361 - INFO - {"request": {"command": "GET https://api.smartsheet.com/2.0/sheets/6421148052967300"}}
2025-01-16 15:23:06,075 - INFO - {"request": {"command": "GET https://api.smartsheet.com/2.0/sheets/6421148052967300"}}
2025-01-16 15:23:07,948 - INFO - {"request": {"command": "GET https://api.smartsheet.com/2.0/sheets/6421148052967300"}}
2025-01-16 15:23:09,792 - INFO - {"request": {"command": "GET https://api.smartsheet.com/2.0/sheets/5657351966484356"}}
2025-01-16 15:23:12,347 - INFO - {"request": {"command": "GET https://api.smartsheet.com/2.0/sheets/5657351966484356"}}
2025-01-16 15:23:15,104 - INFO - {"request": {"command": "GET https://api.smartsheet.com/2.0/sheets/5657351966484356"}}
2025-01-16 15:23:17,822 - INFO - {"request": {"command": "GET https://api.smartsheet.com/2.0/sheets/5657351966484356"}}
2025-01-16 15:23:20,145 - INFO - {"request": {"command": "GET https://api.smartsheet.com/2.0/sheets/1728348321435524"}}
2025-01-16 15:23:20,146 - ERROR - {"response": {"statusCode": 404, "reason": "Not Found", "content": "<< application/json;charset=UTF-8 content type suppressed >>"}}
2025-01-16 15:23:20,685 - INFO - {"request": {"command": "GET https://api.smartsheet.com/2.0/reports/1728348321435524"}}
2025-01-16 15:23:20,922 - INFO - {"request": {"command": "GET https://api.smartsheet.com/2.0/sheets/7310688846303108"}}
2025-01-16 15:23:20,922 - ERROR - {"response": {"statusCode": 404, "reason": "Not Found", "content": "<< application/json;charset=UTF-8 content type suppressed >>"}}
2025-01-16 15:23:21,613 - INFO - {"request": {"command": "GET https://api.smartsheet.com/2.0/reports/7310688846303108"}}
2025-01-16 15:23:21,824 - INFO - {"request": {"command": "GET https://api.smartsheet.com/2.0/sheets/7310688846303108"}}
2025-01-16 15:23:21,824 - ERROR - {"response": {"statusCode": 404, "reason": "Not Found", "content": "<< application/json;charset=UTF-8 content type suppressed >>"}}
2025-01-16 15:23:22,400 - INFO - {"request": {"command": "GET https://api.smartsheet.com/2.0/reports/7310688846303108"}}
2025-01-16 15:23:22,597 - INFO - {"request": {"command": "GET https://api.smartsheet.com/2.0/sheets/7310688846303108"}}
2025-01-16 15:23:22,598 - ERROR - {"response": {"statusCode": 404, "reason": "Not Found", "content": "<< application/json;charset=UTF-8 content type suppressed >>"}}
2025-01-16 15:23:23,189 - INFO - {"request": {"command": "GET https://api.smartsheet.com/2.0/reports/7310688846303108"}}
2025-01-16 15:23:23,385 - INFO - {"request": {"command": "GET https://api.smartsheet.com/2.0/sheets/7310688846303108"}}
2025-01-16 15:23:23,385 - ERROR - {"response": {"statusCode": 404, "reason": "Not Found", "content": "<< application/json;charset=UTF-8 content type suppressed >>"}}
2025-01-16 15:23:23,897 - INFO - {"request": {"command": "GET https://api.smartsheet.com/2.0/reports/7310688846303108"}}
2025-01-16 15:23:24,090 - INFO - {"request": {"command": "GET https://api.smartsheet.com/2.0/sheets/7310688846303108"}}
2025-01-16 15:23:24,090 - ERROR - {"response": {"statusCode": 404, "reason": "Not Found", "content": "<< application/json;charset=UTF-8 content type suppressed >>"}}
2025-01-16 15:23:24,611 - INFO - {"request": {"command": "GET https://api.smartsheet.com/2.0/reports/7310688846303108"}}
2025-01-16 15:23:24,822 - INFO - {"request": {"command": "GET https://api.smartsheet.com/2.0/sheets/7310688846303108"}}
2025-01-16 15:23:24,823 - ERROR - {"response": {"statusCode": 404, "reason": "Not Found", "content": "<< application/json;charset=UTF-8 content type suppressed >>"}}
2025-01-16 15:23:25,381 - INFO - {"request": {"command": "GET https://api.smartsheet.com/2.0/reports/7310688846303108"}}
2025-01-16 15:23:25,688 - INFO - {"request": {"command": "GET https://api.smartsheet.com/2.0/sheets/4823963378444164"}}
2025-01-16 15:23:25,963 - INFO - {"request": {"command": "GET https://api.smartsheet.com/2.0/sheets/4823963378444164"}}
2025-01-16 15:23:26,230 - INFO - {"request": {"command": "GET https://api.smartsheet.com/2.0/sheets/4823963378444164"}}
2025-01-16 15:23:26,492 - INFO - {"request": {"command": "GET https://api.smartsheet.com/2.0/sheets/4823963378444164"}}
2025-01-16 15:23:26,781 - INFO - {"request": {"command": "GET https://api.smartsheet.com/2.0/sheets/4823963378444164"}}
2025-01-16 15:23:27,053 - INFO - {"request": {"command": "GET https://api.smartsheet.com/2.0/sheets/4823963378444164"}}
2025-01-16 15:23:27,323 - INFO - {"request": {"command": "GET https://api.smartsheet.com/2.0/sheets/4823963378444164"}}
2025-01-16 15:23:27,635 - INFO - {"request": {"command": "GET https://api.smartsheet.com/2.0/sheets/4823963378444164"}}
2025-01-16 15:23:27,898 - INFO - {"request": {"command": "GET https://api.smartsheet.com/2.0/sheets/4823963378444164"}}
2025-01-16 15:23:28,156 - INFO - {"request": {"command": "GET https://api.smartsheet.com/2.0/sheets/4823963378444164"}}
2025-01-16 15:23:28,417 - INFO - {"request": {"command": "GET https://api.smartsheet.com/2.0/sheets/4823963378444164"}}
2025-01-16 15:23:28,705 - INFO - {"request": {"command": "GET https://api.smartsheet.com/2.0/sheets/4823963378444164"}}
2025-01-16 15:23:28,980 - INFO - {"request": {"command": "GET https://api.smartsheet.com/2.0/sheets/4823963378444164"}}
2025-01-16 15:23:29,254 - INFO - {"request": {"command": "GET https://api.smartsheet.com/2.0/sheets/4823963378444164"}}
2025-01-16 15:23:29,559 - INFO - {"request": {"command": "GET https://api.smartsheet.com/2.0/sheets/4823963378444164"}}
2025-01-16 15:23:29,819 - INFO - {"request": {"command": "GET https://api.smartsheet.com/2.0/sheets/4823963378444164"}}
2025-01-16 15:23:30,081 - INFO - {"request": {"command": "GET https://api.smartsheet.com/2.0/sheets/4823963378444164"}}
2025-01-16 15:23:30,494 - INFO - {"request": {"command": "GET https://api.smartsheet.com/2.0/sheets/4823963378444164"}}
2025-01-16 15:23:30,761 - INFO - {"request": {"command": "GET https://api.smartsheet.com/2.0/sheets/4823963378444164"}}
2025-01-16 15:23:31,020 - INFO - {"request": {"command": "GET https://api.smartsheet.com/2.0/sheets/4823963378444164"}}
2025-01-16 15:23:31,280 - INFO - {"request": {"command": "GET https://api.smartsheet.com/2.0/sheets/4823963378444164"}}
2025-01-16 15:23:31,478 - INFO - {"request": {"command": "GET https://api.smartsheet.com/2.0/sheets/7806524950112132"}}
2025-01-16 15:23:31,479 - ERROR - {"response": {"statusCode": 404, "reason": "Not Found", "content": "<< application/json;charset=UTF-8 content type suppressed >>"}}
2025-01-16 15:23:32,187 - INFO - {"request": {"command": "GET https://api.smartsheet.com/2.0/reports/7806524950112132"}}
2025-01-16 15:23:32,450 - INFO - {"request": {"command": "GET https://api.smartsheet.com/2.0/sheets/7806524950112132"}}
2025-01-16 15:23:32,451 - ERROR - {"response": {"statusCode": 404, "reason": "Not Found", "content": "<< application/json;charset=UTF-8 content type suppressed >>"}}
2025-01-16 15:23:33,338 - INFO - {"request": {"command": "GET https://api.smartsheet.com/2.0/reports/7806524950112132"}}
2025-01-16 15:23:33,647 - INFO - {"request": {"command": "GET https://api.smartsheet.com/2.0/sheets/7806524950112132"}}
2025-01-16 15:23:33,647 - ERROR - {"response": {"statusCode": 404, "reason": "Not Found", "content": "<< application/json;charset=UTF-8 content type suppressed >>"}}
2025-01-16 15:23:34,370 - INFO - {"request": {"command": "GET https://api.smartsheet.com/2.0/reports/7806524950112132"}}
2025-01-16 15:23:34,669 - INFO - {"request": {"command": "GET https://api.smartsheet.com/2.0/sheets/7806524950112132"}}
2025-01-16 15:23:34,669 - ERROR - {"response": {"statusCode": 404, "reason": "Not Found", "content": "<< application/json;charset=UTF-8 content type suppressed >>"}}
2025-01-16 15:23:35,411 - INFO - {"request": {"command": "GET https://api.smartsheet.com/2.0/reports/7806524950112132"}}
2025-01-16 15:23:35,677 - INFO - {"request": {"command": "GET https://api.smartsheet.com/2.0/sheets/7806524950112132"}}
2025-01-16 15:23:35,678 - ERROR - {"response": {"statusCode": 404, "reason": "Not Found", "content": "<< application/json;charset=UTF-8 content type suppressed >>"}}
2025-01-16 15:23:36,361 - INFO - {"request": {"command": "GET https://api.smartsheet.com/2.0/reports/7806524950112132"}}
2025-01-16 15:23:36,628 - INFO - {"request": {"command": "GET https://api.smartsheet.com/2.0/sheets/7806524950112132"}}
2025-01-16 15:23:36,628 - ERROR - {"response": {"statusCode": 404, "reason": "Not Found", "content": "<< application/json;charset=UTF-8 content type suppressed >>"}}
2025-01-16 15:23:37,374 - INFO - {"request": {"command": "GET https://api.smartsheet.com/2.0/reports/7806524950112132"}}
2025-01-16 15:23:37,691 - INFO - {"request": {"command": "GET https://api.smartsheet.com/2.0/sheets/7806524950112132"}}
2025-01-16 15:23:37,691 - ERROR - {"response": {"statusCode": 404, "reason": "Not Found", "content": "<< application/json;charset=UTF-8 content type suppressed >>"}}
2025-01-16 15:23:38,397 - INFO - {"request": {"command": "GET https://api.smartsheet.com/2.0/reports/7806524950112132"}}
2025-01-16 15:23:38,652 - INFO - {"request": {"command": "GET https://api.smartsheet.com/2.0/sheets/7806524950112132"}}
2025-01-16 15:23:38,652 - ERROR - {"response": {"statusCode": 404, "reason": "Not Found", "content": "<< application/json;charset=UTF-8 content type suppressed >>"}}
2025-01-16 15:23:39,302 - INFO - {"request": {"command": "GET https://api.smartsheet.com/2.0/reports/7806524950112132"}}
2025-01-16 15:23:39,584 - INFO - {"request": {"command": "GET https://api.smartsheet.com/2.0/sheets/7806524950112132"}}
2025-01-16 15:23:39,584 - ERROR - {"response": {"statusCode": 404, "reason": "Not Found", "content": "<< application/json;charset=UTF-8 content type suppressed >>"}}
2025-01-16 15:23:40,319 - INFO - {"request": {"command": "GET https://api.smartsheet.com/2.0/reports/7806524950112132"}}
2025-01-16 15:23:40,589 - INFO - {"request": {"command": "GET https://api.smartsheet.com/2.0/sheets/7806524950112132"}}
2025-01-16 15:23:40,589 - ERROR - {"response": {"statusCode": 404, "reason": "Not Found", "content": "<< application/json;charset=UTF-8 content type suppressed >>"}}
2025-01-16 15:23:41,361 - INFO - {"request": {"command": "GET https://api.smartsheet.com/2.0/reports/7806524950112132"}}
2025-01-16 15:23:41,719 - INFO - {"request": {"command": "GET https://api.smartsheet.com/2.0/sheets/3914468824141700"}}
2025-01-16 15:23:41,720 - ERROR - {"response": {"statusCode": 404, "reason": "Not Found", "content": "<< application/json;charset=UTF-8 content type suppressed >>"}}
2025-01-16 15:23:45,702 - INFO - {"request": {"command": "GET https://api.smartsheet.com/2.0/reports/3914468824141700"}}
2025-01-16 15:23:45,848 - INFO - {"request": {"command": "GET https://api.smartsheet.com/2.0/sheets/1729997085560708"}}
2025-01-16 15:23:45,849 - ERROR - {"response": {"statusCode": 404, "reason": "Not Found", "content": "<< application/json;charset=UTF-8 content type suppressed >>"}}
2025-01-16 15:23:46,261 - INFO - {"request": {"command": "GET https://api.smartsheet.com/2.0/reports/1729997085560708"}}
2025-01-16 15:23:46,401 - INFO - {"request": {"command": "GET https://api.smartsheet.com/2.0/sheets/6792667505577860"}}
2025-01-16 15:23:46,402 - ERROR - {"response": {"statusCode": 404, "reason": "Not Found", "content": "<< application/json;charset=UTF-8 content type suppressed >>"}}
2025-01-16 15:23:46,913 - INFO - {"request": {"command": "GET https://api.smartsheet.com/2.0/reports/6792667505577860"}}
2025-01-16 15:23:47,055 - INFO - {"request": {"command": "GET https://api.smartsheet.com/2.0/sheets/3286099170381700"}}
2025-01-16 15:23:47,056 - ERROR - {"response": {"statusCode": 404, "reason": "Not Found", "content": "<< application/json;charset=UTF-8 content type suppressed >>"}}
2025-01-16 15:23:47,523 - INFO - {"request": {"command": "GET https://api.smartsheet.com/2.0/reports/3286099170381700"}}
2025-01-16 15:23:47,656 - INFO - {"request": {"command": "GET https://api.smartsheet.com/2.0/sheets/890538748235652"}}
2025-01-16 15:23:47,657 - ERROR - {"response": {"statusCode": 404, "reason": "Not Found", "content": "<< application/json;charset=UTF-8 content type suppressed >>"}}
2025-01-16 15:23:48,043 - INFO - {"request": {"command": "GET https://api.smartsheet.com/2.0/reports/890538748235652"}}
2025-01-16 15:23:48,179 - INFO - {"request": {"command": "GET https://api.smartsheet.com/2.0/sheets/2236340980633476"}}
2025-01-16 15:23:48,179 - ERROR - {"response": {"statusCode": 404, "reason": "Not Found", "content": "<< application/json;charset=UTF-8 content type suppressed >>"}}
2025-01-16 15:23:48,831 - INFO - {"request": {"command": "GET https://api.smartsheet.com/2.0/reports/2236340980633476"}}
2025-01-16 15:23:48,995 - INFO - {"request": {"command": "GET https://api.smartsheet.com/2.0/sheets/7235740190592900"}}
2025-01-16 15:23:48,995 - ERROR - {"response": {"statusCode": 404, "reason": "Not Found", "content": "<< application/json;charset=UTF-8 content type suppressed >>"}}
2025-01-16 15:23:49,592 - INFO - {"request": {"command": "GET https://api.smartsheet.com/2.0/reports/7235740190592900"}}
2025-01-16 15:23:49,744 - INFO - {"request": {"command": "GET https://api.smartsheet.com/2.0/sheets/1151757283446660"}}
2025-01-16 15:23:49,745 - ERROR - {"response": {"statusCode": 404, "reason": "Not Found", "content": "<< application/json;charset=UTF-8 content type suppressed >>"}}
2025-01-16 15:23:50,273 - INFO - {"request": {"command": "GET https://api.smartsheet.com/2.0/reports/1151757283446660"}}
2025-01-16 15:23:50,415 - INFO - {"request": {"command": "GET https://api.smartsheet.com/2.0/sheets/279597065129860"}}
2025-01-16 15:23:50,415 - ERROR - {"response": {"statusCode": 404, "reason": "Not Found", "content": "<< application/json;charset=UTF-8 content type suppressed >>"}}
2025-01-16 15:23:50,914 - INFO - {"request": {"command": "GET https://api.smartsheet.com/2.0/reports/279597065129860"}}
2025-01-16 15:23:51,069 - INFO - {"request": {"command": "GET https://api.smartsheet.com/2.0/sheets/2510043375161220"}}
2025-01-16 15:23:51,069 - ERROR - {"response": {"statusCode": 404, "reason": "Not Found", "content": "<< application/json;charset=UTF-8 content type suppressed >>"}}
2025-01-16 15:23:51,425 - INFO - {"request": {"command": "GET https://api.smartsheet.com/2.0/reports/2510043375161220"}}
2025-01-16 15:23:51,559 - INFO - {"request": {"command": "GET https://api.smartsheet.com/2.0/sheets/5513502730964868"}}
2025-01-16 15:23:51,560 - ERROR - {"response": {"statusCode": 404, "reason": "Not Found", "content": "<< application/json;charset=UTF-8 content type suppressed >>"}}
2025-01-16 15:23:51,954 - INFO - {"request": {"command": "GET https://api.smartsheet.com/2.0/reports/5513502730964868"}}
2025-01-16 15:23:52,133 - INFO - {"request": {"command": "GET https://api.smartsheet.com/2.0/sheets/2638938564939652"}}
2025-01-16 15:23:52,133 - ERROR - {"response": {"statusCode": 404, "reason": "Not Found", "content": "<< application/json;charset=UTF-8 content type suppressed >>"}}
2025-01-16 15:23:52,860 - INFO - {"request": {"command": "GET https://api.smartsheet.com/2.0/reports/2638938564939652"}}
2025-01-16 15:23:53,031 - INFO - {"request": {"command": "GET https://api.smartsheet.com/2.0/sheets/6585070831751044"}}
2025-01-16 15:23:53,031 - ERROR - {"response": {"statusCode": 404, "reason": "Not Found", "content": "<< application/json;charset=UTF-8 content type suppressed >>"}}
2025-01-16 15:23:53,514 - INFO - {"request": {"command": "GET https://api.smartsheet.com/2.0/reports/6585070831751044"}}
2025-01-16 15:23:53,653 - INFO - {"request": {"command": "GET https://api.smartsheet.com/2.0/sheets/1025184127471492"}}
2025-01-16 15:23:53,653 - ERROR - {"response": {"statusCode": 404, "reason": "Not Found", "content": "<< application/json;charset=UTF-8 content type suppressed >>"}}
2025-01-16 15:23:54,090 - INFO - {"request": {"command": "GET https://api.smartsheet.com/2.0/reports/1025184127471492"}}
2025-01-16 15:23:54,306 - INFO - {"request": {"command": "GET https://api.smartsheet.com/2.0/sheets/744619683827588"}}
2025-01-16 15:23:54,306 - ERROR - {"response": {"statusCode": 404, "reason": "Not Found", "content": "<< application/json;charset=UTF-8 content type suppressed >>"}}
2025-01-16 15:23:54,695 - INFO - {"request": {"command": "GET https://api.smartsheet.com/2.0/reports/744619683827588"}}
2025-01-16 15:23:54,841 - INFO - {"request": {"command": "GET https://api.smartsheet.com/2.0/sheets/335087035961220"}}
2025-01-16 15:23:54,842 - ERROR - {"response": {"statusCode": 404, "reason": "Not Found", "content": "<< application/json;charset=UTF-8 content type suppressed >>"}}
2025-01-16 15:23:55,481 - INFO - {"request": {"command": "GET https://api.smartsheet.com/2.0/reports/335087035961220"}}
2025-01-16 15:23:55,660 - INFO - {"request": {"command": "GET https://api.smartsheet.com/2.0/sheets/4521297170091908"}}
2025-01-16 15:23:55,661 - ERROR - {"response": {"statusCode": 404, "reason": "Not Found", "content": "<< application/json;charset=UTF-8 content type suppressed >>"}}
2025-01-16 15:23:56,055 - INFO - {"request": {"command": "GET https://api.smartsheet.com/2.0/reports/4521297170091908"}}
2025-01-16 15:23:56,185 - INFO - {"request": {"command": "GET https://api.smartsheet.com/2.0/sheets/3554541907693444"}}
2025-01-16 15:23:56,185 - ERROR - {"response": {"statusCode": 404, "reason": "Not Found", "content": "<< application/json;charset=UTF-8 content type suppressed >>"}}
2025-01-16 15:23:56,601 - INFO - {"request": {"command": "GET https://api.smartsheet.com/2.0/reports/3554541907693444"}}
2025-01-16 15:23:56,729 - INFO - {"request": {"command": "GET https://api.smartsheet.com/2.0/sheets/2973184798183300"}}
2025-01-16 15:23:56,730 - ERROR - {"response": {"statusCode": 404, "reason": "Not Found", "content": "<< application/json;charset=UTF-8 content type suppressed >>"}}
2025-01-16 15:23:57,431 - INFO - {"request": {"command": "GET https://api.smartsheet.com/2.0/reports/2973184798183300"}}
2025-01-16 15:23:57,600 - INFO - {"request": {"command": "GET https://api.smartsheet.com/2.0/sheets/1764880575057796"}}
2025-01-16 15:23:57,600 - ERROR - {"response": {"statusCode": 404, "reason": "Not Found", "content": "<< application/json;charset=UTF-8 content type suppressed >>"}}
2025-01-16 15:23:58,022 - INFO - {"request": {"command": "GET https://api.smartsheet.com/2.0/reports/1764880575057796"}}
2025-01-16 15:23:58,160 - INFO - {"request": {"command": "GET https://api.smartsheet.com/2.0/sheets/8278756791635844"}}
2025-01-16 15:23:58,160 - ERROR - {"response": {"statusCode": 404, "reason": "Not Found", "content": "<< application/json;charset=UTF-8 content type suppressed >>"}}
2025-01-16 15:23:58,659 - INFO - {"request": {"command": "GET https://api.smartsheet.com/2.0/reports/8278756791635844"}}
2025-01-16 15:23:58,798 - INFO - {"request": {"command": "GET https://api.smartsheet.com/2.0/sheets/5716824771481476"}}
2025-01-16 15:23:58,798 - ERROR - {"response": {"statusCode": 404, "reason": "Not Found", "content": "<< application/json;charset=UTF-8 content type suppressed >>"}}
2025-01-16 15:23:59,278 - INFO - {"request": {"command": "GET https://api.smartsheet.com/2.0/reports/5716824771481476"}}
2025-01-16 15:23:59,418 - INFO - {"request": {"command": "GET https://api.smartsheet.com/2.0/sheets/1514864992276356"}}
2025-01-16 15:23:59,419 - ERROR - {"response": {"statusCode": 404, "reason": "Not Found", "content": "<< application/json;charset=UTF-8 content type suppressed >>"}}
2025-01-16 15:24:00,257 - INFO - {"request": {"command": "GET https://api.smartsheet.com/2.0/reports/1514864992276356"}}
2025-01-16 15:24:00,393 - INFO - {"request": {"command": "GET https://api.smartsheet.com/2.0/sheets/2195767632547716"}}
2025-01-16 15:24:00,393 - ERROR - {"response": {"statusCode": 404, "reason": "Not Found", "content": "<< application/json;charset=UTF-8 content type suppressed >>"}}
2025-01-16 15:24:00,830 - INFO - {"request": {"command": "GET https://api.smartsheet.com/2.0/reports/2195767632547716"}}
2025-01-16 15:24:00,968 - INFO - {"request": {"command": "GET https://api.smartsheet.com/2.0/sheets/4513374935142276"}}
2025-01-16 15:24:00,968 - ERROR - {"response": {"statusCode": 404, "reason": "Not Found", "content": "<< application/json;charset=UTF-8 content type suppressed >>"}}
2025-01-16 15:24:01,638 - INFO - {"request": {"command": "GET https://api.smartsheet.com/2.0/reports/4513374935142276"}}
2025-01-16 15:24:01,762 - INFO - {"request": {"command": "GET https://api.smartsheet.com/2.0/sheets/4538502641307524"}}
2025-01-16 15:24:01,763 - ERROR - {"response": {"statusCode": 404, "reason": "Not Found", "content": "<< application/json;charset=UTF-8 content type suppressed >>"}}
2025-01-16 15:24:02,177 - INFO - {"request": {"command": "GET https://api.smartsheet.com/2.0/reports/4538502641307524"}}
2025-01-16 15:24:02,306 - INFO - {"request": {"command": "GET https://api.smartsheet.com/2.0/sheets/7968624585166724"}}
2025-01-16 15:24:02,306 - ERROR - {"response": {"statusCode": 404, "reason": "Not Found", "content": "<< application/json;charset=UTF-8 content type suppressed >>"}}
2025-01-16 15:24:02,703 - INFO - {"request": {"command": "GET https://api.smartsheet.com/2.0/reports/7968624585166724"}}
2025-01-16 15:24:02,837 - INFO - {"request": {"command": "GET https://api.smartsheet.com/2.0/sheets/6744575146151812"}}
2025-01-16 15:24:02,837 - ERROR - {"response": {"statusCode": 404, "reason": "Not Found", "content": "<< application/json;charset=UTF-8 content type suppressed >>"}}
2025-01-16 15:24:03,322 - INFO - {"request": {"command": "GET https://api.smartsheet.com/2.0/reports/6744575146151812"}}
2025-01-16 15:24:03,457 - INFO - {"request": {"command": "GET https://api.smartsheet.com/2.0/sheets/3246812550877060"}}
2025-01-16 15:24:03,458 - ERROR - {"response": {"statusCode": 404, "reason": "Not Found", "content": "<< application/json;charset=UTF-8 content type suppressed >>"}}
2025-01-16 15:24:04,181 - INFO - {"request": {"command": "GET https://api.smartsheet.com/2.0/reports/3246812550877060"}}
2025-01-16 15:24:04,379 - INFO - {"request": {"command": "GET https://api.smartsheet.com/2.0/sheets/3246812550877060"}}
2025-01-16 15:24:04,380 - ERROR - {"response": {"statusCode": 404, "reason": "Not Found", "content": "<< application/json;charset=UTF-8 content type suppressed >>"}}
2025-01-16 15:24:04,999 - INFO - {"request": {"command": "GET https://api.smartsheet.com/2.0/reports/3246812550877060"}}
2025-01-16 15:24:05,173 - INFO - {"request": {"command": "GET https://api.smartsheet.com/2.0/sheets/6268298467430276"}}
2025-01-16 15:24:05,174 - ERROR - {"response": {"statusCode": 404, "reason": "Not Found", "content": "<< application/json;charset=UTF-8 content type suppressed >>"}}
2025-01-16 15:24:05,659 - INFO - {"request": {"command": "GET https://api.smartsheet.com/2.0/reports/6268298467430276"}}
2025-01-16 15:24:05,819 - INFO - {"request": {"command": "GET https://api.smartsheet.com/2.0/sheets/5815013470064516"}}
2025-01-16 15:24:05,819 - ERROR - {"response": {"statusCode": 404, "reason": "Not Found", "content": "<< application/json;charset=UTF-8 content type suppressed >>"}}
2025-01-16 15:24:06,985 - INFO - {"request": {"command": "GET https://api.smartsheet.com/2.0/reports/5815013470064516"}}
2025-01-16 15:24:07,175 - INFO - {"request": {"command": "GET https://api.smartsheet.com/2.0/sheets/8797125282320260"}}
2025-01-16 15:24:07,175 - ERROR - {"response": {"statusCode": 404, "reason": "Not Found", "content": "<< application/json;charset=UTF-8 content type suppressed >>"}}
2025-01-16 15:24:07,932 - INFO - {"request": {"command": "GET https://api.smartsheet.com/2.0/reports/8797125282320260"}}
2025-01-16 15:24:08,131 - INFO - {"request": {"command": "GET https://api.smartsheet.com/2.0/sheets/5815013470064516"}}
2025-01-16 15:24:08,131 - ERROR - {"response": {"statusCode": 404, "reason": "Not Found", "content": "<< application/json;charset=UTF-8 content type suppressed >>"}}
2025-01-16 15:24:14,646 - INFO - {"request": {"command": "GET https://api.smartsheet.com/2.0/reports/5815013470064516"}}
2025-01-16 15:24:14,856 - INFO - {"request": {"command": "GET https://api.smartsheet.com/2.0/sheets/7207212006985604"}}
2025-01-16 15:24:14,857 - ERROR - {"response": {"statusCode": 404, "reason": "Not Found", "content": "<< application/json;charset=UTF-8 content type suppressed >>"}}
2025-01-16 15:24:15,364 - INFO - {"request": {"command": "GET https://api.smartsheet.com/2.0/reports/7207212006985604"}}
2025-01-16 15:24:15,550 - INFO - {"request": {"command": "GET https://api.smartsheet.com/2.0/sheets/5815013470064516"}}
2025-01-16 15:24:15,550 - ERROR - {"response": {"statusCode": 404, "reason": "Not Found", "content": "<< application/json;charset=UTF-8 content type suppressed >>"}}
2025-01-16 15:24:18,632 - INFO - {"request": {"command": "GET https://api.smartsheet.com/2.0/reports/5815013470064516"}}
2025-01-16 15:24:18,833 - INFO - {"request": {"command": "GET https://api.smartsheet.com/2.0/sheets/7737099390242692"}}
2025-01-16 15:24:18,833 - ERROR - {"response": {"statusCode": 404, "reason": "Not Found", "content": "<< application/json;charset=UTF-8 content type suppressed >>"}}
2025-01-16 15:24:19,361 - INFO - {"request": {"command": "GET https://api.smartsheet.com/2.0/reports/7737099390242692"}}
2025-01-16 15:24:19,698 - INFO - {"request": {"command": "GET https://api.smartsheet.com/2.0/sheets/1111593497978756"}}
2025-01-16 15:24:48,928 - INFO - {"request": {"command": "PUT https://api.smartsheet.com/2.0/sheets/6375545637916548/rows"}}
2025-01-16 15:24:49,486 - INFO - {"request": {"command": "GET https://api.smartsheet.com/2.0/sheets/3698191069302660"}}
2025-01-16 15:24:49,943 - INFO - {"request": {"command": "GET https://api.smartsheet.com/2.0/sheets/3698191069302660"}}
2025-01-16 15:24:50,417 - INFO - {"request": {"command": "GET https://api.smartsheet.com/2.0/sheets/7683906220281732"}}
2025-01-16 15:24:50,974 - INFO - {"request": {"command": "GET https://api.smartsheet.com/2.0/sheets/6673180156448644"}}
2025-01-16 15:24:51,663 - INFO - {"request": {"command": "GET https://api.smartsheet.com/2.0/sheets/7719399830015876"}}
2025-01-16 15:24:51,999 - INFO - {"request": {"command": "GET https://api.smartsheet.com/2.0/sheets/3340199635406724"}}
2025-01-16 15:24:52,297 - INFO - {"request": {"command": "GET https://api.smartsheet.com/2.0/sheets/1551685059039108"}}
2025-01-16 15:24:52,589 - INFO - {"request": {"command": "GET https://api.smartsheet.com/2.0/sheets/7391814084415364"}}
2025-01-16 15:24:52,840 - INFO - {"request": {"command": "GET https://api.smartsheet.com/2.0/sheets/1762314550202244"}}
2025-01-16 15:24:53,141 - INFO - {"request": {"command": "GET https://api.smartsheet.com/2.0/sheets/6469718965702532"}}
2025-01-16 15:24:53,838 - INFO - {"request": {"command": "GET https://api.smartsheet.com/2.0/sheets/6610400619483012"}}
2025-01-16 15:24:54,131 - INFO - {"request": {"command": "GET https://api.smartsheet.com/2.0/sheets/2178926377914244"}}
2025-01-16 15:24:54,455 - INFO - {"request": {"command": "GET https://api.smartsheet.com/2.0/sheets/3549862758928260"}}
2025-01-16 15:24:54,719 - INFO - {"request": {"command": "GET https://api.smartsheet.com/2.0/sheets/4103280032436100"}}
2025-01-16 15:24:55,003 - INFO - {"request": {"command": "GET https://api.smartsheet.com/2.0/sheets/7962960982921092"}}
2025-01-16 15:24:55,274 - INFO - {"request": {"command": "GET https://api.smartsheet.com/2.0/sheets/6470234361778052"}}
2025-01-16 15:24:55,605 - INFO - {"request": {"command": "GET https://api.smartsheet.com/2.0/sheets/2810716067155844"}}
2025-01-16 15:24:56,225 - INFO - {"request": {"command": "GET https://api.smartsheet.com/2.0/sheets/3012341159382916"}}
2025-01-16 15:24:56,487 - INFO - {"request": {"command": "GET https://api.smartsheet.com/2.0/sheets/7083145522270084"}}
2025-01-16 15:24:56,751 - INFO - {"request": {"command": "GET https://api.smartsheet.com/2.0/sheets/2776510947610500"}}
2025-01-16 15:24:57,023 - INFO - {"request": {"command": "GET https://api.smartsheet.com/2.0/sheets/3732841250639748"}}
2025-01-16 15:24:57,330 - INFO - {"request": {"command": "GET https://api.smartsheet.com/2.0/sheets/5563390671933316"}}
2025-01-16 15:24:57,797 - INFO - {"request": {"command": "GET https://api.smartsheet.com/2.0/sheets/1990542669860740"}}
2025-01-16 15:24:58,124 - INFO - {"request": {"command": "GET https://api.smartsheet.com/2.0/sheets/7806806709456772"}}
2025-01-16 15:24:58,525 - INFO - {"request": {"command": "GET https://api.smartsheet.com/2.0/sheets/7762179851767684"}}
2025-01-16 15:24:58,821 - INFO - {"request": {"command": "GET https://api.smartsheet.com/2.0/sheets/4640419379892100"}}
2025-01-16 15:24:59,128 - INFO - {"request": {"command": "GET https://api.smartsheet.com/2.0/sheets/179327043850116"}}
2025-01-16 15:24:59,436 - INFO - {"request": {"command": "GET https://api.smartsheet.com/2.0/sheets/2769133535973252"}}
2025-01-16 15:24:59,716 - INFO - {"request": {"command": "GET https://api.smartsheet.com/2.0/sheets/8364170252603268"}}
2025-01-16 15:25:00,030 - INFO - {"request": {"command": "GET https://api.smartsheet.com/2.0/sheets/1740093731590020"}}
2025-01-16 15:25:00,312 - INFO - {"request": {"command": "GET https://api.smartsheet.com/2.0/sheets/5646005710049156"}}
2025-01-16 15:25:00,620 - INFO - {"request": {"command": "GET https://api.smartsheet.com/2.0/sheets/5409550580535172"}}
2025-01-16 15:25:01,010 - INFO - {"request": {"command": "GET https://api.smartsheet.com/2.0/sheets/3692860742258564"}}
2025-01-16 15:25:01,298 - INFO - {"request": {"command": "GET https://api.smartsheet.com/2.0/sheets/7424223907630980"}}
2025-01-16 15:25:01,558 - INFO - {"request": {"command": "GET https://api.smartsheet.com/2.0/sheets/7185011409112964"}}
2025-01-16 15:25:01,918 - INFO - {"request": {"command": "GET https://api.smartsheet.com/2.0/sheets/1600636143488900"}}
2025-01-16 15:25:02,197 - INFO - {"request": {"command": "GET https://api.smartsheet.com/2.0/sheets/7563141672030084"}}
2025-01-16 15:25:02,475 - INFO - {"request": {"command": "GET https://api.smartsheet.com/2.0/sheets/422157247008644"}}
2025-01-16 15:25:02,755 - INFO - {"request": {"command": "GET https://api.smartsheet.com/2.0/sheets/8090469166698372"}}
2025-01-16 15:25:03,090 - INFO - {"request": {"command": "GET https://api.smartsheet.com/2.0/sheets/2852317120384900"}}
2025-01-16 15:25:03,420 - INFO - {"request": {"command": "GET https://api.smartsheet.com/2.0/sheets/5093877732036484"}}
2025-01-16 15:25:03,698 - INFO - {"request": {"command": "GET https://api.smartsheet.com/2.0/sheets/8345749137870724"}}
2025-01-16 15:25:03,994 - INFO - {"request": {"command": "GET https://api.smartsheet.com/2.0/sheets/1291566001901444"}}
2025-01-16 15:25:04,318 - INFO - {"request": {"command": "GET https://api.smartsheet.com/2.0/sheets/2346401379864452"}}
2025-01-16 15:25:04,654 - INFO - {"request": {"command": "GET https://api.smartsheet.com/2.0/sheets/166172901199748"}}
2025-01-16 15:25:05,049 - INFO - {"request": {"command": "GET https://api.smartsheet.com/2.0/sheets/7619799538421636"}}
2025-01-16 15:25:05,326 - INFO - {"request": {"command": "GET https://api.smartsheet.com/2.0/sheets/2029888059953028"}}
2025-01-16 15:25:05,603 - INFO - {"request": {"command": "GET https://api.smartsheet.com/2.0/sheets/76806174494596"}}
2025-01-16 15:25:05,867 - INFO - {"request": {"command": "GET https://api.smartsheet.com/2.0/sheets/376179622104964"}}
2025-01-16 15:25:06,144 - INFO - {"request": {"command": "GET https://api.smartsheet.com/2.0/sheets/976306812440452"}}
2025-01-16 15:25:06,406 - INFO - {"request": {"command": "GET https://api.smartsheet.com/2.0/sheets/4317104173961092"}}
2025-01-16 15:25:06,688 - INFO - {"request": {"command": "GET https://api.smartsheet.com/2.0/sheets/4846630691884932"}}
2025-01-16 15:25:06,959 - INFO - {"request": {"command": "GET https://api.smartsheet.com/2.0/sheets/8222543706017668"}}
2025-01-16 15:25:07,221 - INFO - {"request": {"command": "GET https://api.smartsheet.com/2.0/sheets/4384349134737284"}}
2025-01-16 15:25:07,482 - INFO - {"request": {"command": "GET https://api.smartsheet.com/2.0/sheets/4343148855644036"}}
2025-01-16 15:25:07,766 - INFO - {"request": {"command": "GET https://api.smartsheet.com/2.0/sheets/7080539819298692"}}
2025-01-16 15:25:08,037 - INFO - {"request": {"command": "GET https://api.smartsheet.com/2.0/sheets/8558489605459844"}}
2025-01-16 15:25:08,315 - INFO - {"request": {"command": "GET https://api.smartsheet.com/2.0/sheets/2013543561908100"}}
2025-01-16 15:25:08,565 - INFO - {"request": {"command": "GET https://api.smartsheet.com/2.0/sheets/5689385953480580"}}
2025-01-16 15:25:08,923 - INFO - {"request": {"command": "GET https://api.smartsheet.com/2.0/sheets/8486620172865412"}}
2025-01-16 15:25:09,189 - INFO - {"request": {"command": "GET https://api.smartsheet.com/2.0/sheets/6582931216617348"}}
2025-01-16 15:25:09,484 - INFO - {"request": {"command": "GET https://api.smartsheet.com/2.0/sheets/1699441731915652"}}
2025-01-16 15:25:09,745 - INFO - {"request": {"command": "GET https://api.smartsheet.com/2.0/sheets/6203041359286148"}}
2025-01-16 15:25:09,997 - INFO - {"request": {"command": "GET https://api.smartsheet.com/2.0/sheets/3014938675072900"}}
2025-01-16 15:25:10,291 - INFO - {"request": {"command": "GET https://api.smartsheet.com/2.0/sheets/6606104175792004"}}
2025-01-16 15:25:10,613 - INFO - {"request": {"command": "GET https://api.smartsheet.com/2.0/sheets/2855406409830276"}}
2025-01-16 15:25:10,877 - INFO - {"request": {"command": "GET https://api.smartsheet.com/2.0/sheets/7043635178590084"}}
2025-01-16 15:25:11,135 - INFO - {"request": {"command": "GET https://api.smartsheet.com/2.0/sheets/2678522476711812"}}
2025-01-16 15:25:11,410 - INFO - {"request": {"command": "GET https://api.smartsheet.com/2.0/sheets/7359006037200772"}}
2025-01-16 15:25:11,708 - INFO - {"request": {"command": "GET https://api.smartsheet.com/2.0/sheets/3951241545600900"}}
2025-01-16 15:25:11,976 - INFO - {"request": {"command": "GET https://api.smartsheet.com/2.0/sheets/3951241545600900"}}
2025-01-16 15:25:12,248 - INFO - {"request": {"command": "GET https://api.smartsheet.com/2.0/sheets/1414135644376964"}}
2025-01-16 15:25:12,504 - INFO - {"request": {"command": "GET https://api.smartsheet.com/2.0/sheets/2551528883703684"}}
2025-01-16 15:25:12,771 - INFO - {"request": {"command": "GET https://api.smartsheet.com/2.0/sheets/8454841172971396"}}
2025-01-16 15:25:13,051 - INFO - {"request": {"command": "GET https://api.smartsheet.com/2.0/sheets/1234657551011716"}}
2025-01-16 15:25:13,367 - INFO - {"request": {"command": "GET https://api.smartsheet.com/2.0/sheets/1552622569869188"}}
2025-01-16 15:25:13,683 - INFO - {"request": {"command": "GET https://api.smartsheet.com/2.0/sheets/6078768091189124"}}
2025-01-16 15:25:13,954 - INFO - {"request": {"command": "GET https://api.smartsheet.com/2.0/sheets/8169535085432708"}}
2025-01-16 15:25:14,234 - INFO - {"request": {"command": "GET https://api.smartsheet.com/2.0/sheets/4140838581915524"}}
2025-01-16 15:25:14,503 - INFO - {"request": {"command": "GET https://api.smartsheet.com/2.0/sheets/3826968277503876"}}
2025-01-16 15:25:14,812 - INFO - {"request": {"command": "GET https://api.smartsheet.com/2.0/sheets/1876106890137476"}}
2025-01-16 15:25:20,816 - INFO - {"request": {"command": "GET https://api.smartsheet.com/2.0/sheets/8967712450865028"}}
