2025-03-24 10:07:34,028 - INFO - Script started.
2025-03-24 10:07:35,237 - INFO - {"request": {"command": "GET https://api.smartsheet.com/2.0/sheets/6375545637916548"}}
2025-03-24 10:07:35,575 - INFO - {"request": {"command": "GET https://api.smartsheet.com/2.0/sheets/6375545637916548"}}
2025-03-24 10:07:36,117 - INFO - {"request": {"command": "GET https://api.smartsheet.com/2.0/sheets/6375545637916548"}}
2025-03-24 10:07:36,560 - INFO - {"request": {"command": "GET https://api.smartsheet.com/2.0/sheets/8286888007782276"}}
2025-03-24 10:07:37,158 - INFO - {"request": {"command": "GET https://api.smartsheet.com/2.0/sheets/8286888007782276"}}
2025-03-24 10:07:38,182 - INFO - {"request": {"command": "GET https://api.smartsheet.com/2.0/sheets/1321399974422404"}}
2025-03-24 10:07:41,277 - INFO - {"request": {"command": "GET https://api.smartsheet.com/2.0/sheets/3343337609553796"}}
2025-03-24 10:07:41,278 - ERROR - {"response": {"statusCode": 404, "reason": "Not Found", "content": "<< application/json;charset=UTF-8 content type suppressed >>"}}
2025-03-24 10:07:42,241 - INFO - {"request": {"command": "GET https://api.smartsheet.com/2.0/reports/3343337609553796"}}
2025-03-24 10:07:43,255 - INFO - {"request": {"command": "GET https://api.smartsheet.com/2.0/sheets/1321399974422404"}}
2025-03-24 10:07:47,361 - INFO - {"request": {"command": "GET https://api.smartsheet.com/2.0/sheets/1321399974422404"}}
2025-03-24 10:07:50,851 - INFO - {"request": {"command": "GET https://api.smartsheet.com/2.0/sheets/6626954460850052"}}
2025-03-24 10:07:51,144 - INFO - {"request": {"command": "GET https://api.smartsheet.com/2.0/sheets/1049489529169796"}}
2025-03-24 10:07:51,145 - ERROR - {"response": {"statusCode": 404, "reason": "Not Found", "content": "<< application/json;charset=UTF-8 content type suppressed >>"}}
2025-03-24 10:07:51,994 - INFO - {"request": {"command": "GET https://api.smartsheet.com/2.0/reports/1049489529169796"}}
2025-03-24 10:07:52,449 - INFO - {"request": {"command": "GET https://api.smartsheet.com/2.0/sheets/1567434936215428"}}
2025-03-24 10:07:53,414 - INFO - {"request": {"command": "GET https://api.smartsheet.com/2.0/sheets/1321399974422404"}}
2025-03-24 10:07:56,419 - INFO - {"request": {"command": "GET https://api.smartsheet.com/2.0/sheets/7806524950112132"}}
2025-03-24 10:07:56,419 - ERROR - {"response": {"statusCode": 404, "reason": "Not Found", "content": "<< application/json;charset=UTF-8 content type suppressed >>"}}
2025-03-24 10:07:57,400 - INFO - {"request": {"command": "GET https://api.smartsheet.com/2.0/reports/7806524950112132"}}
2025-03-24 10:07:57,807 - INFO - {"request": {"command": "GET https://api.smartsheet.com/2.0/sheets/838036346589060"}}
2025-03-24 10:07:57,807 - ERROR - {"response": {"statusCode": 404, "reason": "Not Found", "content": "<< application/json;charset=UTF-8 content type suppressed >>"}}
2025-03-24 10:07:58,856 - INFO - {"request": {"command": "GET https://api.smartsheet.com/2.0/reports/838036346589060"}}
2025-03-24 10:07:59,224 - INFO - {"request": {"command": "GET https://api.smartsheet.com/2.0/sheets/514056393805700"}}
2025-03-24 10:07:59,224 - ERROR - {"response": {"statusCode": 404, "reason": "Not Found", "content": "<< application/json;charset=UTF-8 content type suppressed >>"}}
2025-03-24 10:08:00,049 - INFO - {"request": {"command": "GET https://api.smartsheet.com/2.0/reports/514056393805700"}}
2025-03-24 10:08:00,435 - INFO - {"request": {"command": "GET https://api.smartsheet.com/2.0/sheets/119227404314500"}}
2025-03-24 10:08:00,436 - ERROR - {"response": {"statusCode": 404, "reason": "Not Found", "content": "<< application/json;charset=UTF-8 content type suppressed >>"}}
2025-03-24 10:08:01,829 - INFO - {"request": {"command": "GET https://api.smartsheet.com/2.0/reports/119227404314500"}}
2025-03-24 10:08:02,160 - INFO - {"request": {"command": "GET https://api.smartsheet.com/2.0/sheets/119227404314500"}}
2025-03-24 10:08:02,161 - ERROR - {"response": {"statusCode": 404, "reason": "Not Found", "content": "<< application/json;charset=UTF-8 content type suppressed >>"}}
2025-03-24 10:08:03,261 - INFO - {"request": {"command": "GET https://api.smartsheet.com/2.0/reports/119227404314500"}}
2025-03-24 10:08:03,587 - INFO - {"request": {"command": "GET https://api.smartsheet.com/2.0/sheets/6830703011751812"}}
2025-03-24 10:08:03,588 - ERROR - {"response": {"statusCode": 404, "reason": "Not Found", "content": "<< application/json;charset=UTF-8 content type suppressed >>"}}
2025-03-24 10:08:04,553 - INFO - {"request": {"command": "GET https://api.smartsheet.com/2.0/reports/6830703011751812"}}
2025-03-24 10:08:04,847 - INFO - {"request": {"command": "GET https://api.smartsheet.com/2.0/sheets/5416198482487172"}}
2025-03-24 10:08:04,848 - ERROR - {"response": {"statusCode": 404, "reason": "Not Found", "content": "<< application/json;charset=UTF-8 content type suppressed >>"}}
2025-03-24 10:08:05,870 - INFO - {"request": {"command": "GET https://api.smartsheet.com/2.0/reports/5416198482487172"}}
2025-03-24 10:08:06,115 - INFO - {"request": {"command": "GET https://api.smartsheet.com/2.0/sheets/4071633200670596"}}
2025-03-24 10:08:06,115 - ERROR - {"response": {"statusCode": 404, "reason": "Not Found", "content": "<< application/json;charset=UTF-8 content type suppressed >>"}}
2025-03-24 10:08:07,051 - INFO - {"request": {"command": "GET https://api.smartsheet.com/2.0/reports/4071633200670596"}}
2025-03-24 10:08:07,297 - INFO - {"request": {"command": "GET https://api.smartsheet.com/2.0/sheets/6253025107961732"}}
2025-03-24 10:08:07,297 - ERROR - {"response": {"statusCode": 404, "reason": "Not Found", "content": "<< application/json;charset=UTF-8 content type suppressed >>"}}
2025-03-24 10:08:08,146 - INFO - {"request": {"command": "GET https://api.smartsheet.com/2.0/reports/6253025107961732"}}
2025-03-24 10:08:08,355 - INFO - {"request": {"command": "GET https://api.smartsheet.com/2.0/sheets/1201203477538692"}}
2025-03-24 10:08:08,356 - ERROR - {"response": {"statusCode": 404, "reason": "Not Found", "content": "<< application/json;charset=UTF-8 content type suppressed >>"}}
2025-03-24 10:08:09,238 - INFO - {"request": {"command": "GET https://api.smartsheet.com/2.0/reports/1201203477538692"}}
2025-03-24 10:08:09,462 - INFO - {"request": {"command": "GET https://api.smartsheet.com/2.0/sheets/4035160338392964"}}
2025-03-24 10:08:09,462 - ERROR - {"response": {"statusCode": 404, "reason": "Not Found", "content": "<< application/json;charset=UTF-8 content type suppressed >>"}}
2025-03-24 10:08:10,355 - INFO - {"request": {"command": "GET https://api.smartsheet.com/2.0/reports/4035160338392964"}}
2025-03-24 10:08:10,601 - INFO - {"request": {"command": "GET https://api.smartsheet.com/2.0/sheets/5033933884313476"}}
2025-03-24 10:08:10,601 - ERROR - {"response": {"statusCode": 404, "reason": "Not Found", "content": "<< application/json;charset=UTF-8 content type suppressed >>"}}
2025-03-24 10:08:11,373 - INFO - {"request": {"command": "GET https://api.smartsheet.com/2.0/reports/5033933884313476"}}
2025-03-24 10:08:11,537 - INFO - {"request": {"command": "GET https://api.smartsheet.com/2.0/sheets/2610120080969604"}}
2025-03-24 10:08:11,538 - ERROR - {"response": {"statusCode": 404, "reason": "Not Found", "content": "<< application/json;charset=UTF-8 content type suppressed >>"}}
2025-03-24 10:08:12,672 - INFO - {"request": {"command": "GET https://api.smartsheet.com/2.0/reports/2610120080969604"}}
2025-03-24 10:08:12,850 - INFO - {"request": {"command": "GET https://api.smartsheet.com/2.0/sheets/7806524950112132"}}
2025-03-24 10:08:12,850 - ERROR - {"response": {"statusCode": 404, "reason": "Not Found", "content": "<< application/json;charset=UTF-8 content type suppressed >>"}}
2025-03-24 10:08:13,612 - INFO - {"request": {"command": "GET https://api.smartsheet.com/2.0/reports/7806524950112132"}}
2025-03-24 10:08:15,163 - INFO - {"request": {"command": "GET https://api.smartsheet.com/2.0/sheets/4928893615400836"}}
2025-03-24 10:08:24,395 - INFO - {"request": {"command": "GET https://api.smartsheet.com/2.0/sheets/6300903738238852"}}
2025-03-24 10:08:29,472 - INFO - {"request": {"command": "GET https://api.smartsheet.com/2.0/sheets/5213426365556612"}}
2025-03-24 10:08:29,473 - ERROR - {"response": {"statusCode": 404, "reason": "Not Found", "content": "<< application/json;charset=UTF-8 content type suppressed >>"}}
2025-03-24 10:08:30,581 - INFO - {"request": {"command": "GET https://api.smartsheet.com/2.0/reports/5213426365556612"}}
2025-03-24 10:08:30,932 - INFO - {"request": {"command": "GET https://api.smartsheet.com/2.0/sheets/3136311461734276"}}
2025-03-24 10:08:30,932 - ERROR - {"response": {"statusCode": 404, "reason": "Not Found", "content": "<< application/json;charset=UTF-8 content type suppressed >>"}}
2025-03-24 10:08:33,220 - INFO - {"request": {"command": "GET https://api.smartsheet.com/2.0/reports/3136311461734276"}}
2025-03-24 10:08:33,447 - INFO - {"request": {"command": "GET https://api.smartsheet.com/2.0/sheets/313057659381636"}}
2025-03-24 10:08:33,447 - ERROR - {"response": {"statusCode": 404, "reason": "Not Found", "content": "<< application/json;charset=UTF-8 content type suppressed >>"}}
2025-03-24 10:08:34,711 - INFO - {"request": {"command": "GET https://api.smartsheet.com/2.0/reports/313057659381636"}}
2025-03-24 10:08:34,925 - INFO - {"request": {"command": "GET https://api.smartsheet.com/2.0/sheets/2010411554891652"}}
2025-03-24 10:08:34,926 - ERROR - {"response": {"statusCode": 404, "reason": "Not Found", "content": "<< application/json;charset=UTF-8 content type suppressed >>"}}
2025-03-24 10:08:35,778 - INFO - {"request": {"command": "GET https://api.smartsheet.com/2.0/reports/2010411554891652"}}
2025-03-24 10:08:35,960 - INFO - {"request": {"command": "GET https://api.smartsheet.com/2.0/sheets/3524542145554308"}}
2025-03-24 10:08:35,961 - ERROR - {"response": {"statusCode": 404, "reason": "Not Found", "content": "<< application/json;charset=UTF-8 content type suppressed >>"}}
2025-03-24 10:08:36,719 - INFO - {"request": {"command": "GET https://api.smartsheet.com/2.0/reports/3524542145554308"}}
2025-03-24 10:08:36,950 - INFO - {"request": {"command": "GET https://api.smartsheet.com/2.0/sheets/3999909125875588"}}
2025-03-24 10:08:36,950 - ERROR - {"response": {"statusCode": 404, "reason": "Not Found", "content": "<< application/json;charset=UTF-8 content type suppressed >>"}}
2025-03-24 10:08:37,659 - INFO - {"request": {"command": "GET https://api.smartsheet.com/2.0/reports/3999909125875588"}}
2025-03-24 10:08:37,843 - INFO - {"request": {"command": "GET https://api.smartsheet.com/2.0/sheets/4236166686893956"}}
2025-03-24 10:08:37,843 - ERROR - {"response": {"statusCode": 404, "reason": "Not Found", "content": "<< application/json;charset=UTF-8 content type suppressed >>"}}
2025-03-24 10:08:39,195 - INFO - {"request": {"command": "GET https://api.smartsheet.com/2.0/reports/4236166686893956"}}
2025-03-24 10:08:39,422 - INFO - {"request": {"command": "GET https://api.smartsheet.com/2.0/sheets/1928360499668868"}}
2025-03-24 10:08:39,423 - ERROR - {"response": {"statusCode": 404, "reason": "Not Found", "content": "<< application/json;charset=UTF-8 content type suppressed >>"}}
2025-03-24 10:08:40,220 - INFO - {"request": {"command": "GET https://api.smartsheet.com/2.0/reports/1928360499668868"}}
2025-03-24 10:08:40,432 - INFO - {"request": {"command": "GET https://api.smartsheet.com/2.0/sheets/8598066753234820"}}
2025-03-24 10:08:40,432 - ERROR - {"response": {"statusCode": 404, "reason": "Not Found", "content": "<< application/json;charset=UTF-8 content type suppressed >>"}}
2025-03-24 10:08:41,696 - INFO - {"request": {"command": "GET https://api.smartsheet.com/2.0/reports/8598066753234820"}}
2025-03-24 10:08:41,897 - INFO - {"request": {"command": "GET https://api.smartsheet.com/2.0/sheets/8598066753234820"}}
2025-03-24 10:08:41,897 - ERROR - {"response": {"statusCode": 404, "reason": "Not Found", "content": "<< application/json;charset=UTF-8 content type suppressed >>"}}
2025-03-24 10:08:44,158 - INFO - {"request": {"command": "GET https://api.smartsheet.com/2.0/reports/8598066753234820"}}
2025-03-24 10:08:44,358 - INFO - {"request": {"command": "GET https://api.smartsheet.com/2.0/sheets/856267943110532"}}
2025-03-24 10:08:44,358 - ERROR - {"response": {"statusCode": 404, "reason": "Not Found", "content": "<< application/json;charset=UTF-8 content type suppressed >>"}}
2025-03-24 10:08:45,602 - INFO - {"request": {"command": "GET https://api.smartsheet.com/2.0/reports/856267943110532"}}
2025-03-24 10:08:45,804 - INFO - {"request": {"command": "GET https://api.smartsheet.com/2.0/sheets/856267943110532"}}
2025-03-24 10:08:45,805 - ERROR - {"response": {"statusCode": 404, "reason": "Not Found", "content": "<< application/json;charset=UTF-8 content type suppressed >>"}}
2025-03-24 10:08:46,808 - INFO - {"request": {"command": "GET https://api.smartsheet.com/2.0/reports/856267943110532"}}
2025-03-24 10:08:47,047 - INFO - {"request": {"command": "GET https://api.smartsheet.com/2.0/sheets/3522652359944068"}}
2025-03-24 10:08:47,048 - ERROR - {"response": {"statusCode": 404, "reason": "Not Found", "content": "<< application/json;charset=UTF-8 content type suppressed >>"}}
2025-03-24 10:08:48,030 - INFO - {"request": {"command": "GET https://api.smartsheet.com/2.0/reports/3522652359944068"}}
2025-03-24 10:08:48,284 - INFO - {"request": {"command": "GET https://api.smartsheet.com/2.0/sheets/3522652359944068"}}
2025-03-24 10:08:48,285 - ERROR - {"response": {"statusCode": 404, "reason": "Not Found", "content": "<< application/json;charset=UTF-8 content type suppressed >>"}}
2025-03-24 10:08:49,939 - INFO - {"request": {"command": "GET https://api.smartsheet.com/2.0/reports/3522652359944068"}}
2025-03-24 10:08:50,262 - INFO - {"request": {"command": "GET https://api.smartsheet.com/2.0/sheets/3204756060563332"}}
2025-03-24 10:08:50,263 - ERROR - {"response": {"statusCode": 404, "reason": "Not Found", "content": "<< application/json;charset=UTF-8 content type suppressed >>"}}
2025-03-24 10:08:51,578 - INFO - {"request": {"command": "GET https://api.smartsheet.com/2.0/reports/3204756060563332"}}
2025-03-24 10:08:51,837 - INFO - {"request": {"command": "GET https://api.smartsheet.com/2.0/sheets/3204756060563332"}}
2025-03-24 10:08:51,838 - ERROR - {"response": {"statusCode": 404, "reason": "Not Found", "content": "<< application/json;charset=UTF-8 content type suppressed >>"}}
2025-03-24 10:08:52,756 - INFO - {"request": {"command": "GET https://api.smartsheet.com/2.0/reports/3204756060563332"}}
2025-03-24 10:08:57,611 - INFO - {"request": {"command": "GET https://api.smartsheet.com/2.0/sheets/4552067932022660"}}
2025-03-24 10:09:12,886 - INFO - {"request": {"command": "GET https://api.smartsheet.com/2.0/sheets/4552067932022660"}}
2025-03-24 10:09:28,103 - INFO - {"request": {"command": "GET https://api.smartsheet.com/2.0/sheets/7806524950112132"}}
2025-03-24 10:09:28,104 - ERROR - {"response": {"statusCode": 404, "reason": "Not Found", "content": "<< application/json;charset=UTF-8 content type suppressed >>"}}
2025-03-24 10:09:29,168 - INFO - {"request": {"command": "GET https://api.smartsheet.com/2.0/reports/7806524950112132"}}
2025-03-24 10:09:30,470 - INFO - {"request": {"command": "GET https://api.smartsheet.com/2.0/sheets/1321399974422404"}}
2025-03-24 10:09:34,248 - INFO - {"request": {"command": "GET https://api.smartsheet.com/2.0/sheets/1321399974422404"}}
2025-03-24 10:09:38,307 - INFO - {"request": {"command": "GET https://api.smartsheet.com/2.0/sheets/1321399974422404"}}
2025-03-24 10:09:41,922 - INFO - {"request": {"command": "GET https://api.smartsheet.com/2.0/sheets/1067526747645828"}}
2025-03-24 10:09:41,922 - ERROR - {"response": {"statusCode": 404, "reason": "Not Found", "content": "<< application/json;charset=UTF-8 content type suppressed >>"}}
2025-03-24 10:09:43,131 - INFO - {"request": {"command": "GET https://api.smartsheet.com/2.0/reports/1067526747645828"}}
2025-03-24 10:09:43,796 - INFO - {"request": {"command": "GET https://api.smartsheet.com/2.0/sheets/4823963378444164"}}
2025-03-24 10:09:44,302 - INFO - {"request": {"command": "GET https://api.smartsheet.com/2.0/sheets/4823963378444164"}}
2025-03-24 10:09:44,785 - INFO - {"request": {"command": "GET https://api.smartsheet.com/2.0/sheets/4823963378444164"}}
2025-03-24 10:09:46,824 - INFO - {"request": {"command": "GET https://api.smartsheet.com/2.0/sheets/4823963378444164"}}
2025-03-24 10:09:47,230 - INFO - {"request": {"command": "PUT https://api.smartsheet.com/2.0/sheets/6375545637916548/rows"}}
2025-03-24 10:09:47,842 - INFO - {"request": {"command": "PUT https://api.smartsheet.com/2.0/sheets/8286888007782276/rows"}}
2025-03-24 10:09:48,351 - INFO - {"request": {"command": "PUT https://api.smartsheet.com/2.0/sheets/6375545637916548/rows"}}
2025-03-24 10:09:49,844 - INFO - {"request": {"command": "PUT https://api.smartsheet.com/2.0/sheets/6375545637916548/rows"}}
2025-03-24 10:09:50,387 - INFO - {"request": {"command": "GET https://api.smartsheet.com/2.0/sheets/8286888007782276"}}
2025-03-24 10:09:50,887 - INFO - {"request": {"command": "GET https://api.smartsheet.com/2.0/sheets/8286888007782276"}}
2025-03-24 10:09:51,321 - INFO - {"request": {"command": "GET https://api.smartsheet.com/2.0/sheets/927699087714180"}}
2025-03-24 10:09:51,851 - INFO - {"request": {"command": "GET https://api.smartsheet.com/2.0/sheets/7025547290142596"}}
2025-03-24 10:09:52,372 - INFO - {"request": {"command": "GET https://api.smartsheet.com/2.0/sheets/3802319289640836"}}
2025-03-24 10:09:52,936 - INFO - {"request": {"command": "GET https://api.smartsheet.com/2.0/sheets/3318326337267588"}}
2025-03-24 10:09:54,551 - INFO - {"request": {"command": "GET https://api.smartsheet.com/2.0/sheets/2626405101004676"}}
2025-03-24 10:09:58,464 - INFO - {"request": {"command": "GET https://api.smartsheet.com/2.0/sheets/7076538148513668"}}
2025-03-24 10:10:03,633 - INFO - {"request": {"command": "GET https://api.smartsheet.com/2.0/sheets/7076538148513668"}}
2025-03-24 10:10:08,789 - INFO - {"request": {"command": "GET https://api.smartsheet.com/2.0/sheets/8985484681602948"}}
2025-03-24 10:10:10,284 - INFO - {"request": {"command": "GET https://api.smartsheet.com/2.0/sheets/4846896138217348"}}
2025-03-24 10:10:13,752 - INFO - {"request": {"command": "GET https://api.smartsheet.com/2.0/sheets/6394619958192004"}}
2025-03-24 10:10:14,570 - INFO - {"request": {"command": "GET https://api.smartsheet.com/2.0/sheets/5889084137727876"}}
2025-03-24 10:10:16,346 - INFO - {"request": {"command": "GET https://api.smartsheet.com/2.0/sheets/8972796274468740"}}
2025-03-24 10:10:17,031 - INFO - {"request": {"command": "GET https://api.smartsheet.com/2.0/sheets/8302056399234948"}}
2025-03-24 10:10:18,157 - INFO - {"request": {"command": "GET https://api.smartsheet.com/2.0/sheets/5418305407215492"}}
2025-03-24 10:10:19,389 - INFO - {"request": {"command": "GET https://api.smartsheet.com/2.0/sheets/5418305407215492"}}
2025-03-24 10:10:20,716 - INFO - {"request": {"command": "GET https://api.smartsheet.com/2.0/sheets/5418305407215492"}}
2025-03-24 10:10:22,108 - INFO - {"request": {"command": "GET https://api.smartsheet.com/2.0/sheets/5418305407215492"}}
2025-03-24 10:10:23,386 - INFO - {"request": {"command": "GET https://api.smartsheet.com/2.0/sheets/5418305407215492"}}
2025-03-24 10:10:24,748 - INFO - {"request": {"command": "GET https://api.smartsheet.com/2.0/sheets/5418305407215492"}}
2025-03-24 10:10:25,974 - INFO - {"request": {"command": "GET https://api.smartsheet.com/2.0/sheets/5418305407215492"}}
2025-03-24 10:10:27,468 - INFO - {"request": {"command": "GET https://api.smartsheet.com/2.0/sheets/5418305407215492"}}
2025-03-24 10:10:29,132 - INFO - {"request": {"command": "GET https://api.smartsheet.com/2.0/sheets/4675179990280068"}}
2025-03-24 10:10:32,965 - INFO - {"request": {"command": "GET https://api.smartsheet.com/2.0/sheets/7139522434623364"}}
2025-03-24 10:10:34,282 - INFO - {"request": {"command": "GET https://api.smartsheet.com/2.0/sheets/7139522434623364"}}
2025-03-24 10:10:36,339 - INFO - {"request": {"command": "GET https://api.smartsheet.com/2.0/sheets/7587854214817668"}}
2025-03-24 10:10:41,857 - INFO - {"request": {"command": "GET https://api.smartsheet.com/2.0/sheets/8632242219050884"}}
2025-03-24 10:10:47,827 - INFO - {"request": {"command": "GET https://api.smartsheet.com/2.0/sheets/4447916199831428"}}
2025-03-24 10:11:00,777 - INFO - {"request": {"command": "GET https://api.smartsheet.com/2.0/sheets/436283903371140"}}
2025-03-24 10:11:03,420 - INFO - {"request": {"command": "GET https://api.smartsheet.com/2.0/sheets/958078809073540"}}
2025-03-24 10:11:12,632 - INFO - {"request": {"command": "GET https://api.smartsheet.com/2.0/sheets/1032417847863172"}}
2025-03-24 10:11:15,095 - INFO - {"request": {"command": "GET https://api.smartsheet.com/2.0/sheets/6805970316748676"}}
2025-03-24 10:11:18,181 - INFO - {"request": {"command": "GET https://api.smartsheet.com/2.0/sheets/5299063055771524"}}
2025-03-24 10:11:19,982 - INFO - {"request": {"command": "GET https://api.smartsheet.com/2.0/sheets/5299063055771524"}}
2025-03-24 10:11:21,838 - INFO - {"request": {"command": "GET https://api.smartsheet.com/2.0/sheets/6805970316748676"}}
2025-03-24 10:11:25,662 - INFO - {"request": {"command": "GET https://api.smartsheet.com/2.0/sheets/8632242219050884"}}
2025-03-24 10:11:31,072 - INFO - {"request": {"command": "GET https://api.smartsheet.com/2.0/sheets/7587854214817668"}}
2025-03-24 10:11:37,558 - INFO - {"request": {"command": "GET https://api.smartsheet.com/2.0/sheets/436283903371140"}}
2025-03-24 10:11:40,605 - INFO - {"request": {"command": "GET https://api.smartsheet.com/2.0/sheets/4447916199831428"}}
2025-03-24 10:11:53,034 - INFO - {"request": {"command": "GET https://api.smartsheet.com/2.0/sheets/1032417847863172"}}
2025-03-24 10:11:55,732 - INFO - {"request": {"command": "GET https://api.smartsheet.com/2.0/sheets/958078809073540"}}
2025-03-24 10:12:07,286 - INFO - {"request": {"command": "GET https://api.smartsheet.com/2.0/sheets/7139522434623364"}}
2025-03-24 10:12:08,739 - INFO - {"request": {"command": "GET https://api.smartsheet.com/2.0/sheets/7139522434623364"}}
2025-03-24 10:12:10,044 - INFO - {"request": {"command": "GET https://api.smartsheet.com/2.0/sheets/6177578441566084"}}
2025-03-24 10:12:11,463 - INFO - {"request": {"command": "GET https://api.smartsheet.com/2.0/sheets/6867960678639492"}}
2025-03-24 10:12:12,134 - INFO - {"request": {"command": "GET https://api.smartsheet.com/2.0/sheets/2628866612193156"}}
2025-03-24 10:12:12,577 - INFO - {"request": {"command": "GET https://api.smartsheet.com/2.0/sheets/8645286865201028"}}
2025-03-24 10:12:13,123 - INFO - {"request": {"command": "GET https://api.smartsheet.com/2.0/sheets/5418305407215492"}}
2025-03-24 10:12:15,203 - INFO - {"request": {"command": "GET https://api.smartsheet.com/2.0/sheets/7209223378495364"}}
2025-03-24 10:12:24,385 - INFO - {"request": {"command": "GET https://api.smartsheet.com/2.0/sheets/7380175961778052"}}
2025-03-24 10:12:29,884 - INFO - {"request": {"command": "GET https://api.smartsheet.com/2.0/sheets/6646101626382212"}}
2025-03-24 10:12:36,251 - INFO - {"request": {"command": "PUT https://api.smartsheet.com/2.0/sheets/6375545637916548/rows"}}
2025-03-24 10:12:36,699 - INFO - {"request": {"command": "PUT https://api.smartsheet.com/2.0/sheets/6375545637916548/rows"}}
2025-03-24 10:12:36,700 - INFO - Script executed successfully.
