2025-03-25 10:12:58,805 - INFO - Script started.
2025-03-25 10:13:00,067 - INFO - {"request": {"command": "GET https://api.smartsheet.com/2.0/sheets/6375545637916548"}}
2025-03-25 10:13:00,396 - INFO - {"request": {"command": "GET https://api.smartsheet.com/2.0/sheets/6375545637916548"}}
2025-03-25 10:13:00,707 - INFO - {"request": {"command": "GET https://api.smartsheet.com/2.0/sheets/6375545637916548"}}
2025-03-25 10:13:01,462 - INFO - {"request": {"command": "GET https://api.smartsheet.com/2.0/sheets/8286888007782276"}}
2025-03-25 10:13:01,893 - INFO - {"request": {"command": "GET https://api.smartsheet.com/2.0/sheets/8286888007782276"}}
2025-03-25 10:13:02,831 - INFO - {"request": {"command": "GET https://api.smartsheet.com/2.0/sheets/1321399974422404"}}
2025-03-25 10:13:05,787 - INFO - {"request": {"command": "GET https://api.smartsheet.com/2.0/sheets/3343337609553796"}}
2025-03-25 10:13:05,787 - ERROR - {"response": {"statusCode": 404, "reason": "Not Found", "content": "<< application/json;charset=UTF-8 content type suppressed >>"}}
2025-03-25 10:13:06,433 - INFO - {"request": {"command": "GET https://api.smartsheet.com/2.0/reports/3343337609553796"}}
2025-03-25 10:13:07,448 - INFO - {"request": {"command": "GET https://api.smartsheet.com/2.0/sheets/1321399974422404"}}
2025-03-25 10:13:11,097 - INFO - {"request": {"command": "GET https://api.smartsheet.com/2.0/sheets/1321399974422404"}}
2025-03-25 10:13:14,528 - INFO - {"request": {"command": "GET https://api.smartsheet.com/2.0/sheets/6626954460850052"}}
2025-03-25 10:13:14,768 - INFO - {"request": {"command": "GET https://api.smartsheet.com/2.0/sheets/1049489529169796"}}
2025-03-25 10:13:14,768 - ERROR - {"response": {"statusCode": 404, "reason": "Not Found", "content": "<< application/json;charset=UTF-8 content type suppressed >>"}}
2025-03-25 10:13:15,617 - INFO - {"request": {"command": "GET https://api.smartsheet.com/2.0/reports/1049489529169796"}}
2025-03-25 10:13:16,035 - INFO - {"request": {"command": "GET https://api.smartsheet.com/2.0/sheets/1567434936215428"}}
2025-03-25 10:13:16,962 - INFO - {"request": {"command": "GET https://api.smartsheet.com/2.0/sheets/1321399974422404"}}
2025-03-25 10:13:19,585 - INFO - {"request": {"command": "GET https://api.smartsheet.com/2.0/sheets/7806524950112132"}}
2025-03-25 10:13:19,585 - ERROR - {"response": {"statusCode": 404, "reason": "Not Found", "content": "<< application/json;charset=UTF-8 content type suppressed >>"}}
2025-03-25 10:13:20,448 - INFO - {"request": {"command": "GET https://api.smartsheet.com/2.0/reports/7806524950112132"}}
2025-03-25 10:13:20,813 - INFO - {"request": {"command": "GET https://api.smartsheet.com/2.0/sheets/838036346589060"}}
2025-03-25 10:13:20,813 - ERROR - {"response": {"statusCode": 404, "reason": "Not Found", "content": "<< application/json;charset=UTF-8 content type suppressed >>"}}
2025-03-25 10:13:22,357 - INFO - {"request": {"command": "GET https://api.smartsheet.com/2.0/reports/838036346589060"}}
2025-03-25 10:13:22,755 - INFO - {"request": {"command": "GET https://api.smartsheet.com/2.0/sheets/514056393805700"}}
2025-03-25 10:13:22,756 - ERROR - {"response": {"statusCode": 404, "reason": "Not Found", "content": "<< application/json;charset=UTF-8 content type suppressed >>"}}
2025-03-25 10:13:24,455 - INFO - {"request": {"command": "GET https://api.smartsheet.com/2.0/reports/514056393805700"}}
2025-03-25 10:13:24,748 - INFO - {"request": {"command": "GET https://api.smartsheet.com/2.0/sheets/119227404314500"}}
2025-03-25 10:13:24,749 - ERROR - {"response": {"statusCode": 404, "reason": "Not Found", "content": "<< application/json;charset=UTF-8 content type suppressed >>"}}
2025-03-25 10:13:25,901 - INFO - {"request": {"command": "GET https://api.smartsheet.com/2.0/reports/119227404314500"}}
2025-03-25 10:13:26,218 - INFO - {"request": {"command": "GET https://api.smartsheet.com/2.0/sheets/119227404314500"}}
2025-03-25 10:13:26,218 - ERROR - {"response": {"statusCode": 404, "reason": "Not Found", "content": "<< application/json;charset=UTF-8 content type suppressed >>"}}
2025-03-25 10:13:27,473 - INFO - {"request": {"command": "GET https://api.smartsheet.com/2.0/reports/119227404314500"}}
2025-03-25 10:13:27,818 - INFO - {"request": {"command": "GET https://api.smartsheet.com/2.0/sheets/6830703011751812"}}
2025-03-25 10:13:27,818 - ERROR - {"response": {"statusCode": 404, "reason": "Not Found", "content": "<< application/json;charset=UTF-8 content type suppressed >>"}}
2025-03-25 10:13:28,792 - INFO - {"request": {"command": "GET https://api.smartsheet.com/2.0/reports/6830703011751812"}}
2025-03-25 10:13:29,146 - INFO - {"request": {"command": "GET https://api.smartsheet.com/2.0/sheets/5416198482487172"}}
2025-03-25 10:13:29,146 - ERROR - {"response": {"statusCode": 404, "reason": "Not Found", "content": "<< application/json;charset=UTF-8 content type suppressed >>"}}
2025-03-25 10:13:30,103 - INFO - {"request": {"command": "GET https://api.smartsheet.com/2.0/reports/5416198482487172"}}
2025-03-25 10:13:30,299 - INFO - {"request": {"command": "GET https://api.smartsheet.com/2.0/sheets/4071633200670596"}}
2025-03-25 10:13:30,300 - ERROR - {"response": {"statusCode": 404, "reason": "Not Found", "content": "<< application/json;charset=UTF-8 content type suppressed >>"}}
2025-03-25 10:13:31,252 - INFO - {"request": {"command": "GET https://api.smartsheet.com/2.0/reports/4071633200670596"}}
2025-03-25 10:13:31,472 - INFO - {"request": {"command": "GET https://api.smartsheet.com/2.0/sheets/6253025107961732"}}
2025-03-25 10:13:31,472 - ERROR - {"response": {"statusCode": 404, "reason": "Not Found", "content": "<< application/json;charset=UTF-8 content type suppressed >>"}}
2025-03-25 10:13:32,166 - INFO - {"request": {"command": "GET https://api.smartsheet.com/2.0/reports/6253025107961732"}}
2025-03-25 10:13:32,334 - INFO - {"request": {"command": "GET https://api.smartsheet.com/2.0/sheets/1201203477538692"}}
2025-03-25 10:13:32,335 - ERROR - {"response": {"statusCode": 404, "reason": "Not Found", "content": "<< application/json;charset=UTF-8 content type suppressed >>"}}
2025-03-25 10:13:33,688 - INFO - {"request": {"command": "GET https://api.smartsheet.com/2.0/reports/1201203477538692"}}
2025-03-25 10:13:33,868 - INFO - {"request": {"command": "GET https://api.smartsheet.com/2.0/sheets/4035160338392964"}}
2025-03-25 10:13:33,869 - ERROR - {"response": {"statusCode": 404, "reason": "Not Found", "content": "<< application/json;charset=UTF-8 content type suppressed >>"}}
2025-03-25 10:13:34,646 - INFO - {"request": {"command": "GET https://api.smartsheet.com/2.0/reports/4035160338392964"}}
2025-03-25 10:13:35,025 - INFO - {"request": {"command": "GET https://api.smartsheet.com/2.0/sheets/5033933884313476"}}
2025-03-25 10:13:35,025 - ERROR - {"response": {"statusCode": 404, "reason": "Not Found", "content": "<< application/json;charset=UTF-8 content type suppressed >>"}}
2025-03-25 10:13:36,103 - INFO - {"request": {"command": "GET https://api.smartsheet.com/2.0/reports/5033933884313476"}}
2025-03-25 10:13:36,280 - INFO - {"request": {"command": "GET https://api.smartsheet.com/2.0/sheets/2610120080969604"}}
2025-03-25 10:13:36,281 - ERROR - {"response": {"statusCode": 404, "reason": "Not Found", "content": "<< application/json;charset=UTF-8 content type suppressed >>"}}
2025-03-25 10:13:38,051 - INFO - {"request": {"command": "GET https://api.smartsheet.com/2.0/reports/2610120080969604"}}
2025-03-25 10:13:38,204 - INFO - {"request": {"command": "GET https://api.smartsheet.com/2.0/sheets/7806524950112132"}}
2025-03-25 10:13:38,204 - ERROR - {"response": {"statusCode": 404, "reason": "Not Found", "content": "<< application/json;charset=UTF-8 content type suppressed >>"}}
2025-03-25 10:13:39,413 - INFO - {"request": {"command": "GET https://api.smartsheet.com/2.0/reports/7806524950112132"}}
2025-03-25 10:13:40,726 - INFO - {"request": {"command": "GET https://api.smartsheet.com/2.0/sheets/4928893615400836"}}
2025-03-25 10:13:46,409 - INFO - {"request": {"command": "GET https://api.smartsheet.com/2.0/sheets/6300903738238852"}}
2025-03-25 10:13:51,082 - INFO - {"request": {"command": "GET https://api.smartsheet.com/2.0/sheets/5213426365556612"}}
2025-03-25 10:13:51,083 - ERROR - {"response": {"statusCode": 404, "reason": "Not Found", "content": "<< application/json;charset=UTF-8 content type suppressed >>"}}
2025-03-25 10:13:52,730 - INFO - {"request": {"command": "GET https://api.smartsheet.com/2.0/reports/5213426365556612"}}
2025-03-25 10:13:53,058 - INFO - {"request": {"command": "GET https://api.smartsheet.com/2.0/sheets/3136311461734276"}}
2025-03-25 10:13:53,059 - ERROR - {"response": {"statusCode": 404, "reason": "Not Found", "content": "<< application/json;charset=UTF-8 content type suppressed >>"}}
2025-03-25 10:13:54,280 - INFO - {"request": {"command": "GET https://api.smartsheet.com/2.0/reports/3136311461734276"}}
2025-03-25 10:13:54,514 - INFO - {"request": {"command": "GET https://api.smartsheet.com/2.0/sheets/313057659381636"}}
2025-03-25 10:13:54,515 - ERROR - {"response": {"statusCode": 404, "reason": "Not Found", "content": "<< application/json;charset=UTF-8 content type suppressed >>"}}
2025-03-25 10:13:55,743 - INFO - {"request": {"command": "GET https://api.smartsheet.com/2.0/reports/313057659381636"}}
2025-03-25 10:13:56,045 - INFO - {"request": {"command": "GET https://api.smartsheet.com/2.0/sheets/2010411554891652"}}
2025-03-25 10:13:56,045 - ERROR - {"response": {"statusCode": 404, "reason": "Not Found", "content": "<< application/json;charset=UTF-8 content type suppressed >>"}}
2025-03-25 10:13:56,703 - INFO - {"request": {"command": "GET https://api.smartsheet.com/2.0/reports/2010411554891652"}}
2025-03-25 10:13:56,868 - INFO - {"request": {"command": "GET https://api.smartsheet.com/2.0/sheets/3524542145554308"}}
2025-03-25 10:13:56,869 - ERROR - {"response": {"statusCode": 404, "reason": "Not Found", "content": "<< application/json;charset=UTF-8 content type suppressed >>"}}
2025-03-25 10:13:57,552 - INFO - {"request": {"command": "GET https://api.smartsheet.com/2.0/reports/3524542145554308"}}
2025-03-25 10:13:57,755 - INFO - {"request": {"command": "GET https://api.smartsheet.com/2.0/sheets/3999909125875588"}}
2025-03-25 10:13:57,755 - ERROR - {"response": {"statusCode": 404, "reason": "Not Found", "content": "<< application/json;charset=UTF-8 content type suppressed >>"}}
2025-03-25 10:14:01,409 - INFO - {"request": {"command": "GET https://api.smartsheet.com/2.0/reports/3999909125875588"}}
2025-03-25 10:14:01,587 - INFO - {"request": {"command": "GET https://api.smartsheet.com/2.0/sheets/4236166686893956"}}
2025-03-25 10:14:01,587 - ERROR - {"response": {"statusCode": 404, "reason": "Not Found", "content": "<< application/json;charset=UTF-8 content type suppressed >>"}}
2025-03-25 10:14:02,960 - INFO - {"request": {"command": "GET https://api.smartsheet.com/2.0/reports/4236166686893956"}}
2025-03-25 10:14:03,171 - INFO - {"request": {"command": "GET https://api.smartsheet.com/2.0/sheets/1928360499668868"}}
2025-03-25 10:14:03,172 - ERROR - {"response": {"statusCode": 404, "reason": "Not Found", "content": "<< application/json;charset=UTF-8 content type suppressed >>"}}
2025-03-25 10:14:04,031 - INFO - {"request": {"command": "GET https://api.smartsheet.com/2.0/reports/1928360499668868"}}
2025-03-25 10:14:04,205 - INFO - {"request": {"command": "GET https://api.smartsheet.com/2.0/sheets/8598066753234820"}}
2025-03-25 10:14:04,205 - ERROR - {"response": {"statusCode": 404, "reason": "Not Found", "content": "<< application/json;charset=UTF-8 content type suppressed >>"}}
2025-03-25 10:14:05,325 - INFO - {"request": {"command": "GET https://api.smartsheet.com/2.0/reports/8598066753234820"}}
2025-03-25 10:14:05,506 - INFO - {"request": {"command": "GET https://api.smartsheet.com/2.0/sheets/8598066753234820"}}
2025-03-25 10:14:05,507 - ERROR - {"response": {"statusCode": 404, "reason": "Not Found", "content": "<< application/json;charset=UTF-8 content type suppressed >>"}}
2025-03-25 10:14:06,791 - INFO - {"request": {"command": "GET https://api.smartsheet.com/2.0/reports/8598066753234820"}}
2025-03-25 10:14:07,001 - INFO - {"request": {"command": "GET https://api.smartsheet.com/2.0/sheets/856267943110532"}}
2025-03-25 10:14:07,001 - ERROR - {"response": {"statusCode": 404, "reason": "Not Found", "content": "<< application/json;charset=UTF-8 content type suppressed >>"}}
2025-03-25 10:14:07,870 - INFO - {"request": {"command": "GET https://api.smartsheet.com/2.0/reports/856267943110532"}}
2025-03-25 10:14:08,064 - INFO - {"request": {"command": "GET https://api.smartsheet.com/2.0/sheets/856267943110532"}}
2025-03-25 10:14:08,064 - ERROR - {"response": {"statusCode": 404, "reason": "Not Found", "content": "<< application/json;charset=UTF-8 content type suppressed >>"}}
2025-03-25 10:14:09,893 - INFO - {"request": {"command": "GET https://api.smartsheet.com/2.0/reports/856267943110532"}}
2025-03-25 10:14:10,093 - INFO - {"request": {"command": "GET https://api.smartsheet.com/2.0/sheets/3522652359944068"}}
2025-03-25 10:14:10,093 - ERROR - {"response": {"statusCode": 404, "reason": "Not Found", "content": "<< application/json;charset=UTF-8 content type suppressed >>"}}
2025-03-25 10:14:10,966 - INFO - {"request": {"command": "GET https://api.smartsheet.com/2.0/reports/3522652359944068"}}
2025-03-25 10:14:11,167 - INFO - {"request": {"command": "GET https://api.smartsheet.com/2.0/sheets/3522652359944068"}}
2025-03-25 10:14:11,168 - ERROR - {"response": {"statusCode": 404, "reason": "Not Found", "content": "<< application/json;charset=UTF-8 content type suppressed >>"}}
2025-03-25 10:14:11,237 - INFO - {"request": {"command": "GET https://api.smartsheet.com/2.0/reports/3522652359944068"}}
2025-03-25 10:14:11,237 - ERROR - {"response": {"statusCode": 502, "reason": "Bad Gateway", "content": "<< text/html content type suppressed >>"}}
2025-03-25 10:14:11,239 - ERROR - GET_SHEET_OR_REPORT NONE Error: Expecting value: line 1 column 1 (char 0)
2025-03-25 10:14:12,707 - INFO - {"request": {"command": "PUT https://api.smartsheet.com/2.0/sheets/8286888007782276/rows"}}
2025-03-25 10:14:12,867 - INFO - {"request": {"command": "GET https://api.smartsheet.com/2.0/sheets/3204756060563332"}}
2025-03-25 10:14:12,867 - ERROR - {"response": {"statusCode": 404, "reason": "Not Found", "content": "<< application/json;charset=UTF-8 content type suppressed >>"}}
2025-03-25 10:14:13,831 - INFO - {"request": {"command": "GET https://api.smartsheet.com/2.0/reports/3204756060563332"}}
2025-03-25 10:14:14,033 - INFO - {"request": {"command": "GET https://api.smartsheet.com/2.0/sheets/3204756060563332"}}
2025-03-25 10:14:14,034 - ERROR - {"response": {"statusCode": 404, "reason": "Not Found", "content": "<< application/json;charset=UTF-8 content type suppressed >>"}}
2025-03-25 10:14:15,095 - INFO - {"request": {"command": "GET https://api.smartsheet.com/2.0/reports/3204756060563332"}}
2025-03-25 10:14:16,590 - INFO - {"request": {"command": "GET https://api.smartsheet.com/2.0/sheets/4552067932022660"}}
2025-03-25 10:14:30,293 - INFO - {"request": {"command": "GET https://api.smartsheet.com/2.0/sheets/4552067932022660"}}
2025-03-25 10:14:43,298 - INFO - {"request": {"command": "GET https://api.smartsheet.com/2.0/sheets/7806524950112132"}}
2025-03-25 10:14:43,298 - ERROR - {"response": {"statusCode": 404, "reason": "Not Found", "content": "<< application/json;charset=UTF-8 content type suppressed >>"}}
2025-03-25 10:14:44,072 - INFO - {"request": {"command": "GET https://api.smartsheet.com/2.0/reports/7806524950112132"}}
2025-03-25 10:14:45,737 - INFO - {"request": {"command": "GET https://api.smartsheet.com/2.0/sheets/1321399974422404"}}
2025-03-25 10:14:49,385 - INFO - {"request": {"command": "GET https://api.smartsheet.com/2.0/sheets/1321399974422404"}}
2025-03-25 10:14:53,117 - INFO - {"request": {"command": "GET https://api.smartsheet.com/2.0/sheets/1321399974422404"}}
2025-03-25 10:14:56,439 - INFO - {"request": {"command": "GET https://api.smartsheet.com/2.0/sheets/1067526747645828"}}
2025-03-25 10:14:56,439 - ERROR - {"response": {"statusCode": 404, "reason": "Not Found", "content": "<< application/json;charset=UTF-8 content type suppressed >>"}}
2025-03-25 10:14:57,236 - INFO - {"request": {"command": "GET https://api.smartsheet.com/2.0/reports/1067526747645828"}}
2025-03-25 10:14:57,666 - INFO - {"request": {"command": "GET https://api.smartsheet.com/2.0/sheets/4823963378444164"}}
2025-03-25 10:14:58,037 - INFO - {"request": {"command": "GET https://api.smartsheet.com/2.0/sheets/4823963378444164"}}
2025-03-25 10:14:58,386 - INFO - {"request": {"command": "GET https://api.smartsheet.com/2.0/sheets/4823963378444164"}}
2025-03-25 10:14:58,538 - INFO - {"request": {"command": "GET https://api.smartsheet.com/2.0/sheets/2538835208310660"}}
2025-03-25 10:14:58,538 - ERROR - {"response": {"statusCode": 404, "reason": "Not Found", "content": "<< application/json;charset=UTF-8 content type suppressed >>"}}
2025-03-25 10:14:58,656 - INFO - {"request": {"command": "GET https://api.smartsheet.com/2.0/reports/2538835208310660"}}
2025-03-25 10:14:58,656 - ERROR - {"response": {"statusCode": 404, "reason": "Not Found", "content": "<< application/json;charset=UTF-8 content type suppressed >>"}}
2025-03-25 10:14:58,657 - ERROR - GET_SHEET_OR_REPORT NONE Error: {"result": {"code": 1006, "errorCode": 1006, "message": "Not Found", "name": "ApiError", "recommendation": "Do not retry without fixing the problem. ", "refId": "sxknt", "shouldRetry": false, "statusCode": 404}}
2025-03-25 10:14:59,569 - INFO - {"request": {"command": "PUT https://api.smartsheet.com/2.0/sheets/8286888007782276/rows"}}
2025-03-25 10:15:00,184 - INFO - {"request": {"command": "PUT https://api.smartsheet.com/2.0/sheets/6375545637916548/rows"}}
2025-03-25 10:15:00,620 - INFO - {"request": {"command": "GET https://api.smartsheet.com/2.0/sheets/8286888007782276"}}
2025-03-25 10:15:01,029 - INFO - {"request": {"command": "GET https://api.smartsheet.com/2.0/sheets/8286888007782276"}}
2025-03-25 10:15:01,448 - INFO - {"request": {"command": "GET https://api.smartsheet.com/2.0/sheets/927699087714180"}}
2025-03-25 10:15:01,863 - INFO - {"request": {"command": "GET https://api.smartsheet.com/2.0/sheets/7025547290142596"}}
2025-03-25 10:15:02,233 - INFO - {"request": {"command": "GET https://api.smartsheet.com/2.0/sheets/3802319289640836"}}
2025-03-25 10:15:02,824 - INFO - {"request": {"command": "GET https://api.smartsheet.com/2.0/sheets/3318326337267588"}}
2025-03-25 10:15:04,084 - INFO - {"request": {"command": "GET https://api.smartsheet.com/2.0/sheets/2626405101004676"}}
2025-03-25 10:15:07,600 - INFO - {"request": {"command": "GET https://api.smartsheet.com/2.0/sheets/7076538148513668"}}
2025-03-25 10:15:15,399 - INFO - {"request": {"command": "GET https://api.smartsheet.com/2.0/sheets/7076538148513668"}}
2025-03-25 10:15:20,390 - INFO - {"request": {"command": "GET https://api.smartsheet.com/2.0/sheets/8985484681602948"}}
2025-03-25 10:15:21,742 - INFO - {"request": {"command": "GET https://api.smartsheet.com/2.0/sheets/4846896138217348"}}
2025-03-25 10:15:25,748 - INFO - {"request": {"command": "GET https://api.smartsheet.com/2.0/sheets/6394619958192004"}}
2025-03-25 10:15:26,499 - INFO - {"request": {"command": "GET https://api.smartsheet.com/2.0/sheets/5889084137727876"}}
2025-03-25 10:15:28,025 - INFO - {"request": {"command": "GET https://api.smartsheet.com/2.0/sheets/8972796274468740"}}
2025-03-25 10:15:28,656 - INFO - {"request": {"command": "GET https://api.smartsheet.com/2.0/sheets/8302056399234948"}}
2025-03-25 10:15:29,612 - INFO - {"request": {"command": "GET https://api.smartsheet.com/2.0/sheets/5418305407215492"}}
2025-03-25 10:15:30,801 - INFO - {"request": {"command": "GET https://api.smartsheet.com/2.0/sheets/5418305407215492"}}
2025-03-25 10:15:31,928 - INFO - {"request": {"command": "GET https://api.smartsheet.com/2.0/sheets/5418305407215492"}}
2025-03-25 10:15:33,302 - INFO - {"request": {"command": "GET https://api.smartsheet.com/2.0/sheets/5418305407215492"}}
2025-03-25 10:15:34,605 - INFO - {"request": {"command": "GET https://api.smartsheet.com/2.0/sheets/5418305407215492"}}
2025-03-25 10:15:36,028 - INFO - {"request": {"command": "GET https://api.smartsheet.com/2.0/sheets/5418305407215492"}}
2025-03-25 10:15:37,230 - INFO - {"request": {"command": "GET https://api.smartsheet.com/2.0/sheets/5418305407215492"}}
2025-03-25 10:15:38,799 - INFO - {"request": {"command": "GET https://api.smartsheet.com/2.0/sheets/5418305407215492"}}
2025-03-25 10:15:40,360 - INFO - {"request": {"command": "GET https://api.smartsheet.com/2.0/sheets/4675179990280068"}}
2025-03-25 10:15:43,332 - INFO - {"request": {"command": "GET https://api.smartsheet.com/2.0/sheets/7139522434623364"}}
2025-03-25 10:15:44,525 - INFO - {"request": {"command": "GET https://api.smartsheet.com/2.0/sheets/7139522434623364"}}
2025-03-25 10:15:45,936 - INFO - {"request": {"command": "GET https://api.smartsheet.com/2.0/sheets/7587854214817668"}}
2025-03-25 10:15:50,780 - INFO - {"request": {"command": "GET https://api.smartsheet.com/2.0/sheets/8632242219050884"}}
2025-03-25 10:15:55,662 - INFO - {"request": {"command": "GET https://api.smartsheet.com/2.0/sheets/4447916199831428"}}
2025-03-25 10:16:06,567 - INFO - {"request": {"command": "GET https://api.smartsheet.com/2.0/sheets/436283903371140"}}
2025-03-25 10:16:08,607 - INFO - {"request": {"command": "GET https://api.smartsheet.com/2.0/sheets/958078809073540"}}
2025-03-25 10:16:18,436 - INFO - {"request": {"command": "GET https://api.smartsheet.com/2.0/sheets/1032417847863172"}}
2025-03-25 10:16:19,686 - INFO - {"request": {"command": "GET https://api.smartsheet.com/2.0/sheets/6805970316748676"}}
2025-03-25 10:16:22,356 - INFO - {"request": {"command": "GET https://api.smartsheet.com/2.0/sheets/5299063055771524"}}
2025-03-25 10:16:23,981 - INFO - {"request": {"command": "GET https://api.smartsheet.com/2.0/sheets/5299063055771524"}}
2025-03-25 10:16:25,444 - INFO - {"request": {"command": "GET https://api.smartsheet.com/2.0/sheets/6805970316748676"}}
2025-03-25 10:16:28,598 - INFO - {"request": {"command": "GET https://api.smartsheet.com/2.0/sheets/8632242219050884"}}
2025-03-25 10:16:32,804 - INFO - {"request": {"command": "GET https://api.smartsheet.com/2.0/sheets/7587854214817668"}}
2025-03-25 10:16:37,729 - INFO - {"request": {"command": "GET https://api.smartsheet.com/2.0/sheets/436283903371140"}}
2025-03-25 10:16:39,763 - INFO - {"request": {"command": "GET https://api.smartsheet.com/2.0/sheets/4447916199831428"}}
2025-03-25 10:16:50,637 - INFO - {"request": {"command": "GET https://api.smartsheet.com/2.0/sheets/1032417847863172"}}
2025-03-25 10:16:52,523 - INFO - {"request": {"command": "GET https://api.smartsheet.com/2.0/sheets/958078809073540"}}
2025-03-25 10:17:01,591 - INFO - {"request": {"command": "GET https://api.smartsheet.com/2.0/sheets/7139522434623364"}}
2025-03-25 10:17:03,495 - INFO - {"request": {"command": "GET https://api.smartsheet.com/2.0/sheets/7139522434623364"}}
2025-03-25 10:17:04,476 - INFO - {"request": {"command": "GET https://api.smartsheet.com/2.0/sheets/6177578441566084"}}
2025-03-25 10:17:05,634 - INFO - {"request": {"command": "GET https://api.smartsheet.com/2.0/sheets/6867960678639492"}}
2025-03-25 10:17:06,061 - INFO - {"request": {"command": "GET https://api.smartsheet.com/2.0/sheets/2628866612193156"}}
2025-03-25 10:17:06,401 - INFO - {"request": {"command": "GET https://api.smartsheet.com/2.0/sheets/8645286865201028"}}
2025-03-25 10:17:06,833 - INFO - {"request": {"command": "GET https://api.smartsheet.com/2.0/sheets/5418305407215492"}}
2025-03-25 10:17:08,510 - INFO - {"request": {"command": "GET https://api.smartsheet.com/2.0/sheets/7209223378495364"}}
2025-03-25 10:17:15,409 - INFO - {"request": {"command": "GET https://api.smartsheet.com/2.0/sheets/7380175961778052"}}
2025-03-25 10:17:22,194 - INFO - {"request": {"command": "GET https://api.smartsheet.com/2.0/sheets/6646101626382212"}}
2025-03-25 10:17:28,289 - INFO - {"request": {"command": "PUT https://api.smartsheet.com/2.0/sheets/6375545637916548/rows"}}
2025-03-25 10:17:28,290 - INFO - Script executed successfully.
