2025-03-25 09:58:35,401 - INFO - Script started.
2025-03-25 09:58:36,546 - INFO - {"request": {"command": "GET https://api.smartsheet.com/2.0/sheets/6375545637916548"}}
2025-03-25 09:58:36,843 - INFO - {"request": {"command": "GET https://api.smartsheet.com/2.0/sheets/6375545637916548"}}
2025-03-25 09:58:37,163 - INFO - {"request": {"command": "GET https://api.smartsheet.com/2.0/sheets/6375545637916548"}}
2025-03-25 09:58:37,521 - INFO - {"request": {"command": "GET https://api.smartsheet.com/2.0/sheets/8286888007782276"}}
2025-03-25 09:58:37,929 - INFO - {"request": {"command": "GET https://api.smartsheet.com/2.0/sheets/8286888007782276"}}
2025-03-25 09:58:38,719 - INFO - {"request": {"command": "GET https://api.smartsheet.com/2.0/sheets/1321399974422404"}}
2025-03-25 09:58:41,516 - INFO - {"request": {"command": "GET https://api.smartsheet.com/2.0/sheets/3343337609553796"}}
2025-03-25 09:58:41,517 - ERROR - {"response": {"statusCode": 404, "reason": "Not Found", "content": "<< application/json;charset=UTF-8 content type suppressed >>"}}
2025-03-25 09:58:42,132 - INFO - {"request": {"command": "GET https://api.smartsheet.com/2.0/reports/3343337609553796"}}
2025-03-25 09:58:42,991 - INFO - {"request": {"command": "GET https://api.smartsheet.com/2.0/sheets/1321399974422404"}}
2025-03-25 09:58:46,132 - INFO - {"request": {"command": "GET https://api.smartsheet.com/2.0/sheets/1321399974422404"}}
2025-03-25 09:58:49,432 - INFO - {"request": {"command": "GET https://api.smartsheet.com/2.0/sheets/6626954460850052"}}
2025-03-25 09:58:49,679 - INFO - {"request": {"command": "GET https://api.smartsheet.com/2.0/sheets/1049489529169796"}}
2025-03-25 09:58:49,680 - ERROR - {"response": {"statusCode": 404, "reason": "Not Found", "content": "<< application/json;charset=UTF-8 content type suppressed >>"}}
2025-03-25 09:58:50,504 - INFO - {"request": {"command": "GET https://api.smartsheet.com/2.0/reports/1049489529169796"}}
2025-03-25 09:58:50,926 - INFO - {"request": {"command": "GET https://api.smartsheet.com/2.0/sheets/1567434936215428"}}
2025-03-25 09:58:51,645 - INFO - {"request": {"command": "GET https://api.smartsheet.com/2.0/sheets/1321399974422404"}}
2025-03-25 09:58:54,165 - INFO - {"request": {"command": "GET https://api.smartsheet.com/2.0/sheets/7806524950112132"}}
2025-03-25 09:58:54,166 - ERROR - {"response": {"statusCode": 404, "reason": "Not Found", "content": "<< application/json;charset=UTF-8 content type suppressed >>"}}
2025-03-25 09:58:55,066 - INFO - {"request": {"command": "GET https://api.smartsheet.com/2.0/reports/7806524950112132"}}
2025-03-25 09:58:55,426 - INFO - {"request": {"command": "GET https://api.smartsheet.com/2.0/sheets/838036346589060"}}
2025-03-25 09:58:55,427 - ERROR - {"response": {"statusCode": 404, "reason": "Not Found", "content": "<< application/json;charset=UTF-8 content type suppressed >>"}}
2025-03-25 09:58:56,327 - INFO - {"request": {"command": "GET https://api.smartsheet.com/2.0/reports/838036346589060"}}
2025-03-25 09:58:56,652 - INFO - {"request": {"command": "GET https://api.smartsheet.com/2.0/sheets/514056393805700"}}
2025-03-25 09:58:56,652 - ERROR - {"response": {"statusCode": 404, "reason": "Not Found", "content": "<< application/json;charset=UTF-8 content type suppressed >>"}}
2025-03-25 09:58:57,435 - INFO - {"request": {"command": "GET https://api.smartsheet.com/2.0/reports/514056393805700"}}
2025-03-25 09:58:57,722 - INFO - {"request": {"command": "GET https://api.smartsheet.com/2.0/sheets/119227404314500"}}
2025-03-25 09:58:57,723 - ERROR - {"response": {"statusCode": 404, "reason": "Not Found", "content": "<< application/json;charset=UTF-8 content type suppressed >>"}}
2025-03-25 09:58:58,759 - INFO - {"request": {"command": "GET https://api.smartsheet.com/2.0/reports/119227404314500"}}
2025-03-25 09:58:59,052 - INFO - {"request": {"command": "GET https://api.smartsheet.com/2.0/sheets/119227404314500"}}
2025-03-25 09:58:59,053 - ERROR - {"response": {"statusCode": 404, "reason": "Not Found", "content": "<< application/json;charset=UTF-8 content type suppressed >>"}}
2025-03-25 09:58:59,951 - INFO - {"request": {"command": "GET https://api.smartsheet.com/2.0/reports/119227404314500"}}
2025-03-25 09:59:00,288 - INFO - {"request": {"command": "GET https://api.smartsheet.com/2.0/sheets/6830703011751812"}}
2025-03-25 09:59:00,288 - ERROR - {"response": {"statusCode": 404, "reason": "Not Found", "content": "<< application/json;charset=UTF-8 content type suppressed >>"}}
2025-03-25 09:59:01,297 - INFO - {"request": {"command": "GET https://api.smartsheet.com/2.0/reports/6830703011751812"}}
2025-03-25 09:59:01,622 - INFO - {"request": {"command": "GET https://api.smartsheet.com/2.0/sheets/5416198482487172"}}
2025-03-25 09:59:01,623 - ERROR - {"response": {"statusCode": 404, "reason": "Not Found", "content": "<< application/json;charset=UTF-8 content type suppressed >>"}}
2025-03-25 09:59:02,513 - INFO - {"request": {"command": "GET https://api.smartsheet.com/2.0/reports/5416198482487172"}}
2025-03-25 09:59:02,735 - INFO - {"request": {"command": "GET https://api.smartsheet.com/2.0/sheets/4071633200670596"}}
2025-03-25 09:59:02,736 - ERROR - {"response": {"statusCode": 404, "reason": "Not Found", "content": "<< application/json;charset=UTF-8 content type suppressed >>"}}
2025-03-25 09:59:03,520 - INFO - {"request": {"command": "GET https://api.smartsheet.com/2.0/reports/4071633200670596"}}
2025-03-25 09:59:03,731 - INFO - {"request": {"command": "GET https://api.smartsheet.com/2.0/sheets/6253025107961732"}}
2025-03-25 09:59:03,732 - ERROR - {"response": {"statusCode": 404, "reason": "Not Found", "content": "<< application/json;charset=UTF-8 content type suppressed >>"}}
2025-03-25 09:59:04,424 - INFO - {"request": {"command": "GET https://api.smartsheet.com/2.0/reports/6253025107961732"}}
2025-03-25 09:59:04,598 - INFO - {"request": {"command": "GET https://api.smartsheet.com/2.0/sheets/1201203477538692"}}
2025-03-25 09:59:04,598 - ERROR - {"response": {"statusCode": 404, "reason": "Not Found", "content": "<< application/json;charset=UTF-8 content type suppressed >>"}}
2025-03-25 09:59:05,282 - INFO - {"request": {"command": "GET https://api.smartsheet.com/2.0/reports/1201203477538692"}}
2025-03-25 09:59:05,480 - INFO - {"request": {"command": "GET https://api.smartsheet.com/2.0/sheets/4035160338392964"}}
2025-03-25 09:59:05,480 - ERROR - {"response": {"statusCode": 404, "reason": "Not Found", "content": "<< application/json;charset=UTF-8 content type suppressed >>"}}
2025-03-25 09:59:06,309 - INFO - {"request": {"command": "GET https://api.smartsheet.com/2.0/reports/4035160338392964"}}
2025-03-25 09:59:06,515 - INFO - {"request": {"command": "GET https://api.smartsheet.com/2.0/sheets/5033933884313476"}}
2025-03-25 09:59:06,516 - ERROR - {"response": {"statusCode": 404, "reason": "Not Found", "content": "<< application/json;charset=UTF-8 content type suppressed >>"}}
2025-03-25 09:59:07,190 - INFO - {"request": {"command": "GET https://api.smartsheet.com/2.0/reports/5033933884313476"}}
2025-03-25 09:59:07,380 - INFO - {"request": {"command": "GET https://api.smartsheet.com/2.0/sheets/2610120080969604"}}
2025-03-25 09:59:07,380 - ERROR - {"response": {"statusCode": 404, "reason": "Not Found", "content": "<< application/json;charset=UTF-8 content type suppressed >>"}}
2025-03-25 09:59:08,341 - INFO - {"request": {"command": "GET https://api.smartsheet.com/2.0/reports/2610120080969604"}}
2025-03-25 09:59:08,495 - INFO - {"request": {"command": "GET https://api.smartsheet.com/2.0/sheets/7806524950112132"}}
2025-03-25 09:59:08,496 - ERROR - {"response": {"statusCode": 404, "reason": "Not Found", "content": "<< application/json;charset=UTF-8 content type suppressed >>"}}
2025-03-25 09:59:09,364 - INFO - {"request": {"command": "GET https://api.smartsheet.com/2.0/reports/7806524950112132"}}
2025-03-25 09:59:13,451 - INFO - {"request": {"command": "GET https://api.smartsheet.com/2.0/sheets/4928893615400836"}}
2025-03-25 09:59:18,908 - INFO - {"request": {"command": "GET https://api.smartsheet.com/2.0/sheets/6300903738238852"}}
2025-03-25 09:59:23,437 - INFO - {"request": {"command": "GET https://api.smartsheet.com/2.0/sheets/5213426365556612"}}
2025-03-25 09:59:23,437 - ERROR - {"response": {"statusCode": 404, "reason": "Not Found", "content": "<< application/json;charset=UTF-8 content type suppressed >>"}}
2025-03-25 09:59:24,250 - INFO - {"request": {"command": "GET https://api.smartsheet.com/2.0/reports/5213426365556612"}}
2025-03-25 09:59:24,556 - INFO - {"request": {"command": "GET https://api.smartsheet.com/2.0/sheets/3136311461734276"}}
2025-03-25 09:59:24,557 - ERROR - {"response": {"statusCode": 404, "reason": "Not Found", "content": "<< application/json;charset=UTF-8 content type suppressed >>"}}
2025-03-25 09:59:25,225 - INFO - {"request": {"command": "GET https://api.smartsheet.com/2.0/reports/3136311461734276"}}
2025-03-25 09:59:25,442 - INFO - {"request": {"command": "GET https://api.smartsheet.com/2.0/sheets/313057659381636"}}
2025-03-25 09:59:25,442 - ERROR - {"response": {"statusCode": 404, "reason": "Not Found", "content": "<< application/json;charset=UTF-8 content type suppressed >>"}}
2025-03-25 09:59:26,171 - INFO - {"request": {"command": "GET https://api.smartsheet.com/2.0/reports/313057659381636"}}
2025-03-25 09:59:26,387 - INFO - {"request": {"command": "GET https://api.smartsheet.com/2.0/sheets/2010411554891652"}}
2025-03-25 09:59:26,388 - ERROR - {"response": {"statusCode": 404, "reason": "Not Found", "content": "<< application/json;charset=UTF-8 content type suppressed >>"}}
2025-03-25 09:59:27,048 - INFO - {"request": {"command": "GET https://api.smartsheet.com/2.0/reports/2010411554891652"}}
2025-03-25 09:59:27,203 - INFO - {"request": {"command": "GET https://api.smartsheet.com/2.0/sheets/3524542145554308"}}
2025-03-25 09:59:27,204 - ERROR - {"response": {"statusCode": 404, "reason": "Not Found", "content": "<< application/json;charset=UTF-8 content type suppressed >>"}}
2025-03-25 09:59:28,049 - INFO - {"request": {"command": "GET https://api.smartsheet.com/2.0/reports/3524542145554308"}}
2025-03-25 09:59:28,256 - INFO - {"request": {"command": "GET https://api.smartsheet.com/2.0/sheets/3999909125875588"}}
2025-03-25 09:59:28,257 - ERROR - {"response": {"statusCode": 404, "reason": "Not Found", "content": "<< application/json;charset=UTF-8 content type suppressed >>"}}
2025-03-25 09:59:28,921 - INFO - {"request": {"command": "GET https://api.smartsheet.com/2.0/reports/3999909125875588"}}
2025-03-25 09:59:29,085 - INFO - {"request": {"command": "GET https://api.smartsheet.com/2.0/sheets/4236166686893956"}}
2025-03-25 09:59:29,085 - ERROR - {"response": {"statusCode": 404, "reason": "Not Found", "content": "<< application/json;charset=UTF-8 content type suppressed >>"}}
2025-03-25 09:59:29,695 - INFO - {"request": {"command": "GET https://api.smartsheet.com/2.0/reports/4236166686893956"}}
2025-03-25 09:59:29,895 - INFO - {"request": {"command": "GET https://api.smartsheet.com/2.0/sheets/1928360499668868"}}
2025-03-25 09:59:29,896 - ERROR - {"response": {"statusCode": 404, "reason": "Not Found", "content": "<< application/json;charset=UTF-8 content type suppressed >>"}}
2025-03-25 09:59:30,514 - INFO - {"request": {"command": "GET https://api.smartsheet.com/2.0/reports/1928360499668868"}}
2025-03-25 09:59:30,726 - INFO - {"request": {"command": "GET https://api.smartsheet.com/2.0/sheets/8598066753234820"}}
2025-03-25 09:59:30,727 - ERROR - {"response": {"statusCode": 404, "reason": "Not Found", "content": "<< application/json;charset=UTF-8 content type suppressed >>"}}
2025-03-25 09:59:31,544 - INFO - {"request": {"command": "GET https://api.smartsheet.com/2.0/reports/8598066753234820"}}
2025-03-25 09:59:31,742 - INFO - {"request": {"command": "GET https://api.smartsheet.com/2.0/sheets/8598066753234820"}}
2025-03-25 09:59:31,743 - ERROR - {"response": {"statusCode": 404, "reason": "Not Found", "content": "<< application/json;charset=UTF-8 content type suppressed >>"}}
2025-03-25 09:59:32,495 - INFO - {"request": {"command": "GET https://api.smartsheet.com/2.0/reports/8598066753234820"}}
2025-03-25 09:59:32,702 - INFO - {"request": {"command": "GET https://api.smartsheet.com/2.0/sheets/856267943110532"}}
2025-03-25 09:59:32,703 - ERROR - {"response": {"statusCode": 404, "reason": "Not Found", "content": "<< application/json;charset=UTF-8 content type suppressed >>"}}
2025-03-25 09:59:33,375 - INFO - {"request": {"command": "GET https://api.smartsheet.com/2.0/reports/856267943110532"}}
2025-03-25 09:59:33,552 - INFO - {"request": {"command": "GET https://api.smartsheet.com/2.0/sheets/856267943110532"}}
2025-03-25 09:59:33,552 - ERROR - {"response": {"statusCode": 404, "reason": "Not Found", "content": "<< application/json;charset=UTF-8 content type suppressed >>"}}
2025-03-25 09:59:34,219 - INFO - {"request": {"command": "GET https://api.smartsheet.com/2.0/reports/856267943110532"}}
2025-03-25 09:59:34,481 - INFO - {"request": {"command": "GET https://api.smartsheet.com/2.0/sheets/3522652359944068"}}
2025-03-25 09:59:34,481 - ERROR - {"response": {"statusCode": 404, "reason": "Not Found", "content": "<< application/json;charset=UTF-8 content type suppressed >>"}}
2025-03-25 09:59:35,199 - INFO - {"request": {"command": "GET https://api.smartsheet.com/2.0/reports/3522652359944068"}}
2025-03-25 09:59:35,410 - INFO - {"request": {"command": "GET https://api.smartsheet.com/2.0/sheets/3522652359944068"}}
2025-03-25 09:59:35,411 - ERROR - {"response": {"statusCode": 404, "reason": "Not Found", "content": "<< application/json;charset=UTF-8 content type suppressed >>"}}
2025-03-25 09:59:36,177 - INFO - {"request": {"command": "GET https://api.smartsheet.com/2.0/reports/3522652359944068"}}
2025-03-25 09:59:36,429 - INFO - {"request": {"command": "GET https://api.smartsheet.com/2.0/sheets/3204756060563332"}}
2025-03-25 09:59:36,429 - ERROR - {"response": {"statusCode": 404, "reason": "Not Found", "content": "<< application/json;charset=UTF-8 content type suppressed >>"}}
2025-03-25 09:59:37,283 - INFO - {"request": {"command": "GET https://api.smartsheet.com/2.0/reports/3204756060563332"}}
2025-03-25 09:59:37,491 - INFO - {"request": {"command": "GET https://api.smartsheet.com/2.0/sheets/3204756060563332"}}
2025-03-25 09:59:37,491 - ERROR - {"response": {"statusCode": 404, "reason": "Not Found", "content": "<< application/json;charset=UTF-8 content type suppressed >>"}}
2025-03-25 09:59:38,368 - INFO - {"request": {"command": "GET https://api.smartsheet.com/2.0/reports/3204756060563332"}}
2025-03-25 09:59:39,869 - INFO - {"request": {"command": "GET https://api.smartsheet.com/2.0/sheets/4552067932022660"}}
2025-03-25 09:59:53,111 - INFO - {"request": {"command": "GET https://api.smartsheet.com/2.0/sheets/4552067932022660"}}
2025-03-25 10:00:06,117 - INFO - {"request": {"command": "GET https://api.smartsheet.com/2.0/sheets/7806524950112132"}}
2025-03-25 10:00:06,117 - ERROR - {"response": {"statusCode": 404, "reason": "Not Found", "content": "<< application/json;charset=UTF-8 content type suppressed >>"}}
2025-03-25 10:00:06,927 - INFO - {"request": {"command": "GET https://api.smartsheet.com/2.0/reports/7806524950112132"}}
2025-03-25 10:00:08,366 - INFO - {"request": {"command": "GET https://api.smartsheet.com/2.0/sheets/1321399974422404"}}
2025-03-25 10:00:11,926 - INFO - {"request": {"command": "GET https://api.smartsheet.com/2.0/sheets/1321399974422404"}}
2025-03-25 10:00:15,949 - INFO - {"request": {"command": "GET https://api.smartsheet.com/2.0/sheets/1321399974422404"}}
2025-03-25 10:00:18,863 - INFO - {"request": {"command": "GET https://api.smartsheet.com/2.0/sheets/1067526747645828"}}
2025-03-25 10:00:18,864 - ERROR - {"response": {"statusCode": 404, "reason": "Not Found", "content": "<< application/json;charset=UTF-8 content type suppressed >>"}}
2025-03-25 10:00:19,548 - INFO - {"request": {"command": "GET https://api.smartsheet.com/2.0/reports/1067526747645828"}}
2025-03-25 10:00:20,017 - INFO - {"request": {"command": "GET https://api.smartsheet.com/2.0/sheets/4823963378444164"}}
2025-03-25 10:00:20,340 - INFO - {"request": {"command": "GET https://api.smartsheet.com/2.0/sheets/4823963378444164"}}
2025-03-25 10:00:20,684 - INFO - {"request": {"command": "GET https://api.smartsheet.com/2.0/sheets/4823963378444164"}}
2025-03-25 10:00:21,125 - INFO - {"request": {"command": "GET https://api.smartsheet.com/2.0/sheets/4823963378444164"}}
2025-03-25 10:00:21,657 - INFO - {"request": {"command": "PUT https://api.smartsheet.com/2.0/sheets/6375545637916548/rows"}}
2025-03-25 10:00:22,000 - INFO - {"request": {"command": "GET https://api.smartsheet.com/2.0/sheets/8286888007782276"}}
2025-03-25 10:00:22,365 - INFO - {"request": {"command": "GET https://api.smartsheet.com/2.0/sheets/8286888007782276"}}
2025-03-25 10:00:22,738 - INFO - {"request": {"command": "GET https://api.smartsheet.com/2.0/sheets/927699087714180"}}
2025-03-25 10:00:23,107 - INFO - {"request": {"command": "GET https://api.smartsheet.com/2.0/sheets/7025547290142596"}}
2025-03-25 10:00:23,555 - INFO - {"request": {"command": "GET https://api.smartsheet.com/2.0/sheets/3802319289640836"}}
2025-03-25 10:00:24,025 - INFO - {"request": {"command": "GET https://api.smartsheet.com/2.0/sheets/3318326337267588"}}
2025-03-25 10:00:25,198 - INFO - {"request": {"command": "GET https://api.smartsheet.com/2.0/sheets/2626405101004676"}}
2025-03-25 10:00:28,911 - INFO - {"request": {"command": "GET https://api.smartsheet.com/2.0/sheets/7076538148513668"}}
2025-03-25 10:00:33,245 - INFO - {"request": {"command": "GET https://api.smartsheet.com/2.0/sheets/7076538148513668"}}
2025-03-25 10:00:37,627 - INFO - {"request": {"command": "GET https://api.smartsheet.com/2.0/sheets/8985484681602948"}}
2025-03-25 10:00:38,822 - INFO - {"request": {"command": "GET https://api.smartsheet.com/2.0/sheets/4846896138217348"}}
2025-03-25 10:00:42,133 - INFO - {"request": {"command": "GET https://api.smartsheet.com/2.0/sheets/6394619958192004"}}
2025-03-25 10:00:43,360 - INFO - {"request": {"command": "GET https://api.smartsheet.com/2.0/sheets/5889084137727876"}}
2025-03-25 10:00:45,086 - INFO - {"request": {"command": "GET https://api.smartsheet.com/2.0/sheets/8972796274468740"}}
2025-03-25 10:00:45,735 - INFO - {"request": {"command": "GET https://api.smartsheet.com/2.0/sheets/8302056399234948"}}
2025-03-25 10:00:46,581 - INFO - {"request": {"command": "GET https://api.smartsheet.com/2.0/sheets/5418305407215492"}}
2025-03-25 10:00:47,820 - INFO - {"request": {"command": "GET https://api.smartsheet.com/2.0/sheets/5418305407215492"}}
2025-03-25 10:00:48,958 - INFO - {"request": {"command": "GET https://api.smartsheet.com/2.0/sheets/5418305407215492"}}
2025-03-25 10:00:50,200 - INFO - {"request": {"command": "GET https://api.smartsheet.com/2.0/sheets/5418305407215492"}}
2025-03-25 10:00:51,309 - INFO - {"request": {"command": "GET https://api.smartsheet.com/2.0/sheets/5418305407215492"}}
2025-03-25 10:00:52,539 - INFO - {"request": {"command": "GET https://api.smartsheet.com/2.0/sheets/5418305407215492"}}
2025-03-25 10:00:53,712 - INFO - {"request": {"command": "GET https://api.smartsheet.com/2.0/sheets/5418305407215492"}}
2025-03-25 10:00:54,991 - INFO - {"request": {"command": "GET https://api.smartsheet.com/2.0/sheets/5418305407215492"}}
2025-03-25 10:00:56,391 - INFO - {"request": {"command": "GET https://api.smartsheet.com/2.0/sheets/4675179990280068"}}
2025-03-25 10:00:59,028 - INFO - {"request": {"command": "GET https://api.smartsheet.com/2.0/sheets/7139522434623364"}}
2025-03-25 10:01:00,186 - INFO - {"request": {"command": "GET https://api.smartsheet.com/2.0/sheets/7139522434623364"}}
2025-03-25 10:01:01,643 - INFO - {"request": {"command": "GET https://api.smartsheet.com/2.0/sheets/7587854214817668"}}
2025-03-25 10:01:06,399 - INFO - {"request": {"command": "GET https://api.smartsheet.com/2.0/sheets/8632242219050884"}}
2025-03-25 10:01:11,099 - INFO - {"request": {"command": "GET https://api.smartsheet.com/2.0/sheets/4447916199831428"}}
2025-03-25 10:01:22,186 - INFO - {"request": {"command": "GET https://api.smartsheet.com/2.0/sheets/436283903371140"}}
2025-03-25 10:01:24,324 - INFO - {"request": {"command": "GET https://api.smartsheet.com/2.0/sheets/958078809073540"}}
2025-03-25 10:01:32,715 - INFO - {"request": {"command": "GET https://api.smartsheet.com/2.0/sheets/1032417847863172"}}
2025-03-25 10:01:34,811 - INFO - {"request": {"command": "GET https://api.smartsheet.com/2.0/sheets/6805970316748676"}}
2025-03-25 10:01:37,513 - INFO - {"request": {"command": "GET https://api.smartsheet.com/2.0/sheets/5299063055771524"}}
2025-03-25 10:01:39,044 - INFO - {"request": {"command": "GET https://api.smartsheet.com/2.0/sheets/5299063055771524"}}
2025-03-25 10:01:40,506 - INFO - {"request": {"command": "GET https://api.smartsheet.com/2.0/sheets/6805970316748676"}}
2025-03-25 10:01:43,617 - INFO - {"request": {"command": "GET https://api.smartsheet.com/2.0/sheets/8632242219050884"}}
2025-03-25 10:01:47,815 - INFO - {"request": {"command": "GET https://api.smartsheet.com/2.0/sheets/7587854214817668"}}
2025-03-25 10:01:52,950 - INFO - {"request": {"command": "GET https://api.smartsheet.com/2.0/sheets/436283903371140"}}
2025-03-25 10:01:55,093 - INFO - {"request": {"command": "GET https://api.smartsheet.com/2.0/sheets/4447916199831428"}}
2025-03-25 10:02:06,136 - INFO - {"request": {"command": "GET https://api.smartsheet.com/2.0/sheets/1032417847863172"}}
2025-03-25 10:02:08,133 - INFO - {"request": {"command": "GET https://api.smartsheet.com/2.0/sheets/958078809073540"}}
2025-03-25 10:02:16,841 - INFO - {"request": {"command": "GET https://api.smartsheet.com/2.0/sheets/7139522434623364"}}
2025-03-25 10:02:17,901 - INFO - {"request": {"command": "GET https://api.smartsheet.com/2.0/sheets/7139522434623364"}}
2025-03-25 10:02:18,886 - INFO - {"request": {"command": "GET https://api.smartsheet.com/2.0/sheets/6177578441566084"}}
2025-03-25 10:02:20,216 - INFO - {"request": {"command": "GET https://api.smartsheet.com/2.0/sheets/6867960678639492"}}
2025-03-25 10:02:20,798 - INFO - {"request": {"command": "GET https://api.smartsheet.com/2.0/sheets/2628866612193156"}}
2025-03-25 10:02:21,140 - INFO - {"request": {"command": "GET https://api.smartsheet.com/2.0/sheets/8645286865201028"}}
2025-03-25 10:02:21,660 - INFO - {"request": {"command": "GET https://api.smartsheet.com/2.0/sheets/5418305407215492"}}
2025-03-25 10:02:25,277 - INFO - {"request": {"command": "GET https://api.smartsheet.com/2.0/sheets/7209223378495364"}}
2025-03-25 10:02:34,589 - INFO - {"request": {"command": "GET https://api.smartsheet.com/2.0/sheets/7380175961778052"}}
2025-03-25 10:02:41,320 - INFO - {"request": {"command": "GET https://api.smartsheet.com/2.0/sheets/6646101626382212"}}
2025-03-25 10:02:47,360 - INFO - {"request": {"command": "PUT https://api.smartsheet.com/2.0/sheets/6375545637916548/rows"}}
2025-03-25 10:02:47,361 - INFO - Script executed successfully.
