2025-03-21 15:02:51,674 - INFO - Script started.
2025-03-21 15:02:52,868 - INFO - {"request": {"command": "GET https://api.smartsheet.com/2.0/sheets/6375545637916548"}}
2025-03-21 15:02:53,165 - INFO - {"request": {"command": "GET https://api.smartsheet.com/2.0/sheets/6375545637916548"}}
2025-03-21 15:02:53,470 - INFO - {"request": {"command": "GET https://api.smartsheet.com/2.0/sheets/6375545637916548"}}
2025-03-21 15:02:54,197 - INFO - {"request": {"command": "GET https://api.smartsheet.com/2.0/sheets/8933103327569796"}}
2025-03-21 15:02:54,785 - INFO - {"request": {"command": "GET https://api.smartsheet.com/2.0/sheets/8933103327569796"}}
2025-03-21 15:02:55,990 - INFO - {"request": {"command": "GET https://api.smartsheet.com/2.0/sheets/1321399974422404"}}
2025-03-21 15:02:59,154 - INFO - {"request": {"command": "GET https://api.smartsheet.com/2.0/sheets/3343337609553796"}}
2025-03-21 15:02:59,154 - ERROR - {"response": {"statusCode": 404, "reason": "Not Found", "content": "<< application/json;charset=UTF-8 content type suppressed >>"}}
2025-03-21 15:02:59,970 - INFO - {"request": {"command": "GET https://api.smartsheet.com/2.0/reports/3343337609553796"}}
2025-03-21 15:03:01,035 - INFO - {"request": {"command": "GET https://api.smartsheet.com/2.0/sheets/1321399974422404"}}
2025-03-21 15:03:05,044 - INFO - {"request": {"command": "GET https://api.smartsheet.com/2.0/sheets/1321399974422404"}}
2025-03-21 15:03:08,505 - INFO - {"request": {"command": "GET https://api.smartsheet.com/2.0/sheets/6626954460850052"}}
2025-03-21 15:03:08,737 - INFO - {"request": {"command": "GET https://api.smartsheet.com/2.0/sheets/1049489529169796"}}
2025-03-21 15:03:08,738 - ERROR - {"response": {"statusCode": 404, "reason": "Not Found", "content": "<< application/json;charset=UTF-8 content type suppressed >>"}}
2025-03-21 15:03:09,820 - INFO - {"request": {"command": "GET https://api.smartsheet.com/2.0/reports/1049489529169796"}}
2025-03-21 15:03:10,270 - INFO - {"request": {"command": "GET https://api.smartsheet.com/2.0/sheets/1567434936215428"}}
2025-03-21 15:03:11,170 - INFO - {"request": {"command": "GET https://api.smartsheet.com/2.0/sheets/1321399974422404"}}
2025-03-21 15:03:15,078 - INFO - {"request": {"command": "GET https://api.smartsheet.com/2.0/sheets/7806524950112132"}}
2025-03-21 15:03:15,079 - ERROR - {"response": {"statusCode": 404, "reason": "Not Found", "content": "<< application/json;charset=UTF-8 content type suppressed >>"}}
2025-03-21 15:03:16,161 - INFO - {"request": {"command": "GET https://api.smartsheet.com/2.0/reports/7806524950112132"}}
2025-03-21 15:03:17,043 - INFO - {"request": {"command": "GET https://api.smartsheet.com/2.0/sheets/838036346589060"}}
2025-03-21 15:03:17,044 - ERROR - {"response": {"statusCode": 404, "reason": "Not Found", "content": "<< application/json;charset=UTF-8 content type suppressed >>"}}
2025-03-21 15:03:18,414 - INFO - {"request": {"command": "GET https://api.smartsheet.com/2.0/reports/838036346589060"}}
2025-03-21 15:03:18,801 - INFO - {"request": {"command": "GET https://api.smartsheet.com/2.0/sheets/514056393805700"}}
2025-03-21 15:03:18,802 - ERROR - {"response": {"statusCode": 404, "reason": "Not Found", "content": "<< application/json;charset=UTF-8 content type suppressed >>"}}
2025-03-21 15:03:20,176 - INFO - {"request": {"command": "GET https://api.smartsheet.com/2.0/reports/514056393805700"}}
2025-03-21 15:03:20,500 - INFO - {"request": {"command": "GET https://api.smartsheet.com/2.0/sheets/119227404314500"}}
2025-03-21 15:03:20,500 - ERROR - {"response": {"statusCode": 404, "reason": "Not Found", "content": "<< application/json;charset=UTF-8 content type suppressed >>"}}
2025-03-21 15:03:22,152 - INFO - {"request": {"command": "GET https://api.smartsheet.com/2.0/reports/119227404314500"}}
2025-03-21 15:03:22,532 - INFO - {"request": {"command": "GET https://api.smartsheet.com/2.0/sheets/119227404314500"}}
2025-03-21 15:03:22,532 - ERROR - {"response": {"statusCode": 404, "reason": "Not Found", "content": "<< application/json;charset=UTF-8 content type suppressed >>"}}
2025-03-21 15:03:23,618 - INFO - {"request": {"command": "GET https://api.smartsheet.com/2.0/reports/119227404314500"}}
2025-03-21 15:05:17,983 - INFO - {"request": {"command": "GET https://api.smartsheet.com/2.0/sheets/6830703011751812"}}
2025-03-21 15:05:17,985 - ERROR - {"response": {"statusCode": 404, "reason": "Not Found", "content": "<< application/json;charset=UTF-8 content type suppressed >>"}}
2025-03-21 15:05:19,522 - INFO - {"request": {"command": "GET https://api.smartsheet.com/2.0/reports/6830703011751812"}}
2025-03-21 15:05:19,886 - INFO - {"request": {"command": "GET https://api.smartsheet.com/2.0/sheets/5416198482487172"}}
2025-03-21 15:05:19,886 - ERROR - {"response": {"statusCode": 404, "reason": "Not Found", "content": "<< application/json;charset=UTF-8 content type suppressed >>"}}
2025-03-21 15:05:21,017 - INFO - {"request": {"command": "GET https://api.smartsheet.com/2.0/reports/5416198482487172"}}
2025-03-21 15:05:21,267 - INFO - {"request": {"command": "GET https://api.smartsheet.com/2.0/sheets/4071633200670596"}}
2025-03-21 15:05:21,268 - ERROR - {"response": {"statusCode": 404, "reason": "Not Found", "content": "<< application/json;charset=UTF-8 content type suppressed >>"}}
2025-03-21 15:05:22,294 - INFO - {"request": {"command": "GET https://api.smartsheet.com/2.0/reports/4071633200670596"}}
2025-03-21 15:05:22,557 - INFO - {"request": {"command": "GET https://api.smartsheet.com/2.0/sheets/6253025107961732"}}
2025-03-21 15:05:22,558 - ERROR - {"response": {"statusCode": 404, "reason": "Not Found", "content": "<< application/json;charset=UTF-8 content type suppressed >>"}}
2025-03-21 15:05:23,635 - INFO - {"request": {"command": "GET https://api.smartsheet.com/2.0/reports/6253025107961732"}}
2025-03-21 15:05:23,820 - INFO - {"request": {"command": "GET https://api.smartsheet.com/2.0/sheets/1201203477538692"}}
2025-03-21 15:05:23,820 - ERROR - {"response": {"statusCode": 404, "reason": "Not Found", "content": "<< application/json;charset=UTF-8 content type suppressed >>"}}
2025-03-21 15:05:24,798 - INFO - {"request": {"command": "GET https://api.smartsheet.com/2.0/reports/1201203477538692"}}
2025-03-21 15:05:25,002 - INFO - {"request": {"command": "GET https://api.smartsheet.com/2.0/sheets/4035160338392964"}}
2025-03-21 15:05:25,002 - ERROR - {"response": {"statusCode": 404, "reason": "Not Found", "content": "<< application/json;charset=UTF-8 content type suppressed >>"}}
2025-03-21 15:05:26,334 - INFO - {"request": {"command": "GET https://api.smartsheet.com/2.0/reports/4035160338392964"}}
2025-03-21 15:05:26,556 - INFO - {"request": {"command": "GET https://api.smartsheet.com/2.0/sheets/5033933884313476"}}
2025-03-21 15:05:26,556 - ERROR - {"response": {"statusCode": 404, "reason": "Not Found", "content": "<< application/json;charset=UTF-8 content type suppressed >>"}}
2025-03-21 15:05:27,264 - INFO - {"request": {"command": "GET https://api.smartsheet.com/2.0/reports/5033933884313476"}}
2025-03-21 15:05:27,427 - INFO - {"request": {"command": "GET https://api.smartsheet.com/2.0/sheets/2610120080969604"}}
2025-03-21 15:05:27,428 - ERROR - {"response": {"statusCode": 404, "reason": "Not Found", "content": "<< application/json;charset=UTF-8 content type suppressed >>"}}
2025-03-21 15:05:28,460 - INFO - {"request": {"command": "GET https://api.smartsheet.com/2.0/reports/2610120080969604"}}
2025-03-21 15:05:28,631 - INFO - {"request": {"command": "GET https://api.smartsheet.com/2.0/sheets/7806524950112132"}}
2025-03-21 15:05:28,632 - ERROR - {"response": {"statusCode": 404, "reason": "Not Found", "content": "<< application/json;charset=UTF-8 content type suppressed >>"}}
2025-03-21 15:05:30,033 - INFO - {"request": {"command": "GET https://api.smartsheet.com/2.0/reports/7806524950112132"}}
2025-03-21 15:05:31,805 - INFO - {"request": {"command": "GET https://api.smartsheet.com/2.0/sheets/4928893615400836"}}
2025-03-21 15:05:38,265 - INFO - {"request": {"command": "GET https://api.smartsheet.com/2.0/sheets/6300903738238852"}}
2025-03-21 15:05:43,547 - INFO - {"request": {"command": "GET https://api.smartsheet.com/2.0/sheets/5213426365556612"}}
2025-03-21 15:05:43,548 - ERROR - {"response": {"statusCode": 404, "reason": "Not Found", "content": "<< application/json;charset=UTF-8 content type suppressed >>"}}
2025-03-21 15:05:44,535 - INFO - {"request": {"command": "GET https://api.smartsheet.com/2.0/reports/5213426365556612"}}
2025-03-21 15:05:44,913 - INFO - {"request": {"command": "GET https://api.smartsheet.com/2.0/sheets/3136311461734276"}}
2025-03-21 15:05:44,914 - ERROR - {"response": {"statusCode": 404, "reason": "Not Found", "content": "<< application/json;charset=UTF-8 content type suppressed >>"}}
2025-03-21 15:05:45,860 - INFO - {"request": {"command": "GET https://api.smartsheet.com/2.0/reports/3136311461734276"}}
2025-03-21 15:05:46,167 - INFO - {"request": {"command": "GET https://api.smartsheet.com/2.0/sheets/313057659381636"}}
2025-03-21 15:05:46,167 - ERROR - {"response": {"statusCode": 404, "reason": "Not Found", "content": "<< application/json;charset=UTF-8 content type suppressed >>"}}
2025-03-21 15:05:47,224 - INFO - {"request": {"command": "GET https://api.smartsheet.com/2.0/reports/313057659381636"}}
2025-03-21 15:05:47,506 - INFO - {"request": {"command": "GET https://api.smartsheet.com/2.0/sheets/2010411554891652"}}
2025-03-21 15:05:47,506 - ERROR - {"response": {"statusCode": 404, "reason": "Not Found", "content": "<< application/json;charset=UTF-8 content type suppressed >>"}}
2025-03-21 15:05:48,518 - INFO - {"request": {"command": "GET https://api.smartsheet.com/2.0/reports/2010411554891652"}}
2025-03-21 15:05:48,769 - INFO - {"request": {"command": "GET https://api.smartsheet.com/2.0/sheets/3524542145554308"}}
2025-03-21 15:05:48,769 - ERROR - {"response": {"statusCode": 404, "reason": "Not Found", "content": "<< application/json;charset=UTF-8 content type suppressed >>"}}
2025-03-21 15:05:50,076 - INFO - {"request": {"command": "GET https://api.smartsheet.com/2.0/reports/3524542145554308"}}
2025-03-21 15:05:50,304 - INFO - {"request": {"command": "GET https://api.smartsheet.com/2.0/sheets/3999909125875588"}}
2025-03-21 15:05:50,304 - ERROR - {"response": {"statusCode": 404, "reason": "Not Found", "content": "<< application/json;charset=UTF-8 content type suppressed >>"}}
2025-03-21 15:05:51,696 - INFO - {"request": {"command": "GET https://api.smartsheet.com/2.0/reports/3999909125875588"}}
2025-03-21 15:05:51,880 - INFO - {"request": {"command": "GET https://api.smartsheet.com/2.0/sheets/4236166686893956"}}
2025-03-21 15:05:51,880 - ERROR - {"response": {"statusCode": 404, "reason": "Not Found", "content": "<< application/json;charset=UTF-8 content type suppressed >>"}}
2025-03-21 15:05:52,584 - INFO - {"request": {"command": "GET https://api.smartsheet.com/2.0/reports/4236166686893956"}}
2025-03-21 15:05:52,809 - INFO - {"request": {"command": "GET https://api.smartsheet.com/2.0/sheets/1928360499668868"}}
2025-03-21 15:05:52,810 - ERROR - {"response": {"statusCode": 404, "reason": "Not Found", "content": "<< application/json;charset=UTF-8 content type suppressed >>"}}
2025-03-21 15:05:53,411 - INFO - {"request": {"command": "GET https://api.smartsheet.com/2.0/reports/1928360499668868"}}
2025-03-21 15:05:53,597 - INFO - {"request": {"command": "GET https://api.smartsheet.com/2.0/sheets/8598066753234820"}}
2025-03-21 15:05:53,598 - ERROR - {"response": {"statusCode": 404, "reason": "Not Found", "content": "<< application/json;charset=UTF-8 content type suppressed >>"}}
2025-03-21 15:05:54,568 - INFO - {"request": {"command": "GET https://api.smartsheet.com/2.0/reports/8598066753234820"}}
2025-03-21 15:05:54,917 - INFO - {"request": {"command": "GET https://api.smartsheet.com/2.0/sheets/8598066753234820"}}
2025-03-21 15:05:54,918 - ERROR - {"response": {"statusCode": 404, "reason": "Not Found", "content": "<< application/json;charset=UTF-8 content type suppressed >>"}}
2025-03-21 15:05:55,780 - INFO - {"request": {"command": "GET https://api.smartsheet.com/2.0/reports/8598066753234820"}}
2025-03-21 15:05:55,981 - INFO - {"request": {"command": "GET https://api.smartsheet.com/2.0/sheets/856267943110532"}}
2025-03-21 15:05:55,981 - ERROR - {"response": {"statusCode": 404, "reason": "Not Found", "content": "<< application/json;charset=UTF-8 content type suppressed >>"}}
2025-03-21 15:05:56,637 - INFO - {"request": {"command": "GET https://api.smartsheet.com/2.0/reports/856267943110532"}}
2025-03-21 15:05:56,828 - INFO - {"request": {"command": "GET https://api.smartsheet.com/2.0/sheets/856267943110532"}}
2025-03-21 15:05:56,828 - ERROR - {"response": {"statusCode": 404, "reason": "Not Found", "content": "<< application/json;charset=UTF-8 content type suppressed >>"}}
2025-03-21 15:05:57,661 - INFO - {"request": {"command": "GET https://api.smartsheet.com/2.0/reports/856267943110532"}}
2025-03-21 15:05:57,872 - INFO - {"request": {"command": "GET https://api.smartsheet.com/2.0/sheets/3522652359944068"}}
2025-03-21 15:05:57,873 - ERROR - {"response": {"statusCode": 404, "reason": "Not Found", "content": "<< application/json;charset=UTF-8 content type suppressed >>"}}
2025-03-21 15:05:58,634 - INFO - {"request": {"command": "GET https://api.smartsheet.com/2.0/reports/3522652359944068"}}
2025-03-21 15:05:58,847 - INFO - {"request": {"command": "GET https://api.smartsheet.com/2.0/sheets/3522652359944068"}}
2025-03-21 15:05:58,848 - ERROR - {"response": {"statusCode": 404, "reason": "Not Found", "content": "<< application/json;charset=UTF-8 content type suppressed >>"}}
2025-03-21 15:05:59,807 - INFO - {"request": {"command": "GET https://api.smartsheet.com/2.0/reports/3522652359944068"}}
2025-03-21 15:06:00,038 - INFO - {"request": {"command": "GET https://api.smartsheet.com/2.0/sheets/3204756060563332"}}
2025-03-21 15:06:00,038 - ERROR - {"response": {"statusCode": 404, "reason": "Not Found", "content": "<< application/json;charset=UTF-8 content type suppressed >>"}}
2025-03-21 15:06:01,292 - INFO - {"request": {"command": "GET https://api.smartsheet.com/2.0/reports/3204756060563332"}}
2025-03-21 15:06:01,513 - INFO - {"request": {"command": "GET https://api.smartsheet.com/2.0/sheets/3204756060563332"}}
2025-03-21 15:06:01,514 - ERROR - {"response": {"statusCode": 404, "reason": "Not Found", "content": "<< application/json;charset=UTF-8 content type suppressed >>"}}
2025-03-21 15:06:02,382 - INFO - {"request": {"command": "GET https://api.smartsheet.com/2.0/reports/3204756060563332"}}
2025-03-21 15:06:04,201 - INFO - {"request": {"command": "GET https://api.smartsheet.com/2.0/sheets/4552067932022660"}}
2025-03-21 15:06:19,918 - INFO - {"request": {"command": "GET https://api.smartsheet.com/2.0/sheets/4552067932022660"}}
2025-03-21 15:06:34,497 - INFO - {"request": {"command": "GET https://api.smartsheet.com/2.0/sheets/7806524950112132"}}
2025-03-21 15:06:34,497 - ERROR - {"response": {"statusCode": 404, "reason": "Not Found", "content": "<< application/json;charset=UTF-8 content type suppressed >>"}}
2025-03-21 15:06:35,453 - INFO - {"request": {"command": "GET https://api.smartsheet.com/2.0/reports/7806524950112132"}}
2025-03-21 15:06:36,993 - INFO - {"request": {"command": "GET https://api.smartsheet.com/2.0/sheets/1321399974422404"}}
2025-03-21 15:06:40,833 - INFO - {"request": {"command": "GET https://api.smartsheet.com/2.0/sheets/1321399974422404"}}
2025-03-21 15:06:45,279 - INFO - {"request": {"command": "GET https://api.smartsheet.com/2.0/sheets/1321399974422404"}}
2025-03-21 15:06:48,658 - INFO - {"request": {"command": "GET https://api.smartsheet.com/2.0/sheets/1067526747645828"}}
2025-03-21 15:06:48,659 - ERROR - {"response": {"statusCode": 404, "reason": "Not Found", "content": "<< application/json;charset=UTF-8 content type suppressed >>"}}
2025-03-21 15:06:49,553 - INFO - {"request": {"command": "GET https://api.smartsheet.com/2.0/reports/1067526747645828"}}
2025-03-21 15:06:50,138 - INFO - {"request": {"command": "GET https://api.smartsheet.com/2.0/sheets/4823963378444164"}}
2025-03-21 15:06:50,538 - INFO - {"request": {"command": "GET https://api.smartsheet.com/2.0/sheets/4823963378444164"}}
2025-03-21 15:06:50,897 - INFO - {"request": {"command": "GET https://api.smartsheet.com/2.0/sheets/4823963378444164"}}
2025-03-21 15:06:51,230 - INFO - {"request": {"command": "GET https://api.smartsheet.com/2.0/sheets/4823963378444164"}}
2025-03-21 15:06:51,550 - INFO - {"request": {"command": "GET https://api.smartsheet.com/2.0/sheets/4823963378444164"}}
2025-03-21 15:06:51,886 - INFO - {"request": {"command": "GET https://api.smartsheet.com/2.0/sheets/4823963378444164"}}
2025-03-21 15:06:52,216 - INFO - {"request": {"command": "GET https://api.smartsheet.com/2.0/sheets/4823963378444164"}}
2025-03-21 15:06:52,549 - INFO - {"request": {"command": "GET https://api.smartsheet.com/2.0/sheets/4823963378444164"}}
2025-03-21 15:06:52,994 - INFO - {"request": {"command": "GET https://api.smartsheet.com/2.0/sheets/4823963378444164"}}
2025-03-21 15:06:53,353 - INFO - {"request": {"command": "GET https://api.smartsheet.com/2.0/sheets/4823963378444164"}}
2025-03-21 15:06:53,667 - INFO - {"request": {"command": "GET https://api.smartsheet.com/2.0/sheets/4823963378444164"}}
2025-03-21 15:06:53,980 - INFO - {"request": {"command": "GET https://api.smartsheet.com/2.0/sheets/4823963378444164"}}
2025-03-21 15:06:54,316 - INFO - {"request": {"command": "GET https://api.smartsheet.com/2.0/sheets/4823963378444164"}}
2025-03-21 15:06:54,692 - INFO - {"request": {"command": "GET https://api.smartsheet.com/2.0/sheets/4823963378444164"}}
2025-03-21 15:06:54,899 - INFO - {"request": {"command": "GET https://api.smartsheet.com/2.0/sheets/119227404314500"}}
2025-03-21 15:06:54,900 - ERROR - {"response": {"statusCode": 404, "reason": "Not Found", "content": "<< application/json;charset=UTF-8 content type suppressed >>"}}
2025-03-21 15:06:56,122 - INFO - {"request": {"command": "GET https://api.smartsheet.com/2.0/reports/119227404314500"}}
2025-03-21 15:06:56,708 - INFO - {"request": {"command": "GET https://api.smartsheet.com/2.0/sheets/133674910934916"}}
2025-03-21 15:06:57,902 - INFO - {"request": {"command": "GET https://api.smartsheet.com/2.0/sheets/5657351966484356"}}
2025-03-21 15:07:00,790 - INFO - {"request": {"command": "GET https://api.smartsheet.com/2.0/sheets/4781353154701188"}}
2025-03-21 15:07:00,790 - ERROR - {"response": {"statusCode": 404, "reason": "Not Found", "content": "<< application/json;charset=UTF-8 content type suppressed >>"}}
2025-03-21 15:07:01,735 - INFO - {"request": {"command": "GET https://api.smartsheet.com/2.0/reports/4781353154701188"}}
2025-03-21 15:07:02,203 - INFO - {"request": {"command": "GET https://api.smartsheet.com/2.0/sheets/6934517702256516"}}
2025-03-21 15:07:02,589 - INFO - {"request": {"command": "GET https://api.smartsheet.com/2.0/sheets/6934517702256516"}}
2025-03-21 15:07:02,811 - INFO - {"request": {"command": "GET https://api.smartsheet.com/2.0/sheets/5300001308993412"}}
2025-03-21 15:07:02,811 - ERROR - {"response": {"statusCode": 404, "reason": "Not Found", "content": "<< application/json;charset=UTF-8 content type suppressed >>"}}
2025-03-21 15:07:02,979 - INFO - {"request": {"command": "GET https://api.smartsheet.com/2.0/reports/5300001308993412"}}
2025-03-21 15:07:02,980 - ERROR - {"response": {"statusCode": 404, "reason": "Not Found", "content": "<< application/json;charset=UTF-8 content type suppressed >>"}}
2025-03-21 15:07:02,984 - ERROR - GET_SHEET_OR_REPORT NONE Error: {"result": {"code": 1006, "errorCode": 1006, "message": "Not Found", "name": "ApiError", "recommendation": "Do not retry without fixing the problem. ", "refId": "dk92dr", "shouldRetry": false, "statusCode": 404}}
2025-03-21 15:07:04,752 - INFO - {"request": {"command": "PUT https://api.smartsheet.com/2.0/sheets/8933103327569796/rows"}}
2025-03-21 15:07:04,929 - INFO - {"request": {"command": "GET https://api.smartsheet.com/2.0/sheets/3649842393180036"}}
2025-03-21 15:07:04,930 - ERROR - {"response": {"statusCode": 404, "reason": "Not Found", "content": "<< application/json;charset=UTF-8 content type suppressed >>"}}
2025-03-21 15:07:05,103 - INFO - {"request": {"command": "GET https://api.smartsheet.com/2.0/reports/3649842393180036"}}
2025-03-21 15:07:05,103 - ERROR - {"response": {"statusCode": 404, "reason": "Not Found", "content": "<< application/json;charset=UTF-8 content type suppressed >>"}}
2025-03-21 15:07:05,104 - ERROR - GET_SHEET_OR_REPORT NONE Error: {"result": {"code": 1006, "errorCode": 1006, "message": "Not Found", "name": "ApiError", "recommendation": "Do not retry without fixing the problem. ", "refId": "cnb85k", "shouldRetry": false, "statusCode": 404}}
2025-03-21 15:07:06,058 - INFO - {"request": {"command": "PUT https://api.smartsheet.com/2.0/sheets/8933103327569796/rows"}}
2025-03-21 15:07:06,235 - INFO - {"request": {"command": "GET https://api.smartsheet.com/2.0/sheets/372163871041412"}}
2025-03-21 15:07:06,235 - ERROR - {"response": {"statusCode": 404, "reason": "Not Found", "content": "<< application/json;charset=UTF-8 content type suppressed >>"}}
2025-03-21 15:07:06,404 - INFO - {"request": {"command": "GET https://api.smartsheet.com/2.0/reports/372163871041412"}}
2025-03-21 15:07:06,404 - ERROR - {"response": {"statusCode": 404, "reason": "Not Found", "content": "<< application/json;charset=UTF-8 content type suppressed >>"}}
2025-03-21 15:07:06,405 - ERROR - GET_SHEET_OR_REPORT NONE Error: {"result": {"code": 1006, "errorCode": 1006, "message": "Not Found", "name": "ApiError", "recommendation": "Do not retry without fixing the problem. ", "refId": "vcvsgd", "shouldRetry": false, "statusCode": 404}}
2025-03-21 15:07:06,923 - INFO - {"request": {"command": "PUT https://api.smartsheet.com/2.0/sheets/8933103327569796/rows"}}
2025-03-21 15:07:07,097 - INFO - {"request": {"command": "GET https://api.smartsheet.com/2.0/sheets/372163871041412"}}
2025-03-21 15:07:07,098 - ERROR - {"response": {"statusCode": 404, "reason": "Not Found", "content": "<< application/json;charset=UTF-8 content type suppressed >>"}}
2025-03-21 15:07:07,287 - INFO - {"request": {"command": "GET https://api.smartsheet.com/2.0/reports/372163871041412"}}
2025-03-21 15:07:07,287 - ERROR - {"response": {"statusCode": 404, "reason": "Not Found", "content": "<< application/json;charset=UTF-8 content type suppressed >>"}}
2025-03-21 15:07:07,288 - ERROR - GET_SHEET_OR_REPORT NONE Error: {"result": {"code": 1006, "errorCode": 1006, "message": "Not Found", "name": "ApiError", "recommendation": "Do not retry without fixing the problem. ", "refId": "nxm0zc", "shouldRetry": false, "statusCode": 404}}
2025-03-21 15:07:08,663 - INFO - {"request": {"command": "PUT https://api.smartsheet.com/2.0/sheets/8933103327569796/rows"}}
2025-03-21 15:07:08,818 - INFO - {"request": {"command": "GET https://api.smartsheet.com/2.0/sheets/5416198482487172"}}
2025-03-21 15:07:08,819 - ERROR - {"response": {"statusCode": 404, "reason": "Not Found", "content": "<< application/json;charset=UTF-8 content type suppressed >>"}}
2025-03-21 15:07:09,814 - INFO - {"request": {"command": "GET https://api.smartsheet.com/2.0/reports/5416198482487172"}}
2025-03-21 15:07:10,499 - INFO - {"request": {"command": "GET https://api.smartsheet.com/2.0/sheets/5657351966484356"}}
2025-03-21 15:07:13,442 - INFO - {"request": {"command": "GET https://api.smartsheet.com/2.0/sheets/133674910934916"}}
2025-03-21 15:07:14,873 - INFO - {"request": {"command": "GET https://api.smartsheet.com/2.0/sheets/3054530863622020"}}
2025-03-21 15:07:17,278 - INFO - {"request": {"command": "GET https://api.smartsheet.com/2.0/sheets/2100398749181828"}}
2025-03-21 15:07:17,279 - ERROR - {"response": {"statusCode": 404, "reason": "Not Found", "content": "<< application/json;charset=UTF-8 content type suppressed >>"}}
2025-03-21 15:07:18,460 - INFO - {"request": {"command": "GET https://api.smartsheet.com/2.0/reports/2100398749181828"}}
2025-03-21 15:07:18,966 - INFO - {"request": {"command": "GET https://api.smartsheet.com/2.0/sheets/133674910934916"}}
2025-03-21 15:07:19,596 - INFO - {"request": {"command": "GET https://api.smartsheet.com/2.0/sheets/5561360202393476"}}
2025-03-21 15:07:19,597 - ERROR - {"response": {"statusCode": 404, "reason": "Not Found", "content": "<< application/json;charset=UTF-8 content type suppressed >>"}}
2025-03-21 15:07:20,803 - INFO - {"request": {"command": "GET https://api.smartsheet.com/2.0/reports/5561360202393476"}}
2025-03-21 15:07:22,467 - INFO - {"request": {"command": "GET https://api.smartsheet.com/2.0/sheets/6884210880341892"}}
2025-03-21 15:07:27,467 - INFO - {"request": {"command": "GET https://api.smartsheet.com/2.0/sheets/6884210880341892"}}
2025-03-21 15:07:32,626 - INFO - {"request": {"command": "GET https://api.smartsheet.com/2.0/sheets/6884210880341892"}}
2025-03-21 15:07:37,120 - INFO - {"request": {"command": "GET https://api.smartsheet.com/2.0/sheets/4037760148367236"}}
2025-03-21 15:07:37,121 - ERROR - {"response": {"statusCode": 404, "reason": "Not Found", "content": "<< application/json;charset=UTF-8 content type suppressed >>"}}
2025-03-21 15:07:37,804 - INFO - {"request": {"command": "GET https://api.smartsheet.com/2.0/reports/4037760148367236"}}
2025-03-21 15:07:38,104 - INFO - {"request": {"command": "GET https://api.smartsheet.com/2.0/sheets/7806524950112132"}}
2025-03-21 15:07:38,105 - ERROR - {"response": {"statusCode": 404, "reason": "Not Found", "content": "<< application/json;charset=UTF-8 content type suppressed >>"}}
2025-03-21 15:07:38,879 - INFO - {"request": {"command": "GET https://api.smartsheet.com/2.0/reports/7806524950112132"}}
2025-03-21 15:07:39,183 - INFO - {"request": {"command": "GET https://api.smartsheet.com/2.0/sheets/5561360202393476"}}
2025-03-21 15:07:39,183 - ERROR - {"response": {"statusCode": 404, "reason": "Not Found", "content": "<< application/json;charset=UTF-8 content type suppressed >>"}}
2025-03-21 15:07:40,255 - INFO - {"request": {"command": "GET https://api.smartsheet.com/2.0/reports/5561360202393476"}}
2025-03-21 15:07:40,522 - INFO - {"request": {"command": "GET https://api.smartsheet.com/2.0/sheets/1072403280357252"}}
2025-03-21 15:07:40,522 - ERROR - {"response": {"statusCode": 404, "reason": "Not Found", "content": "<< application/json;charset=UTF-8 content type suppressed >>"}}
2025-03-21 15:07:40,703 - INFO - {"request": {"command": "GET https://api.smartsheet.com/2.0/reports/1072403280357252"}}
2025-03-21 15:07:40,704 - ERROR - {"response": {"statusCode": 404, "reason": "Not Found", "content": "<< application/json;charset=UTF-8 content type suppressed >>"}}
2025-03-21 15:07:40,704 - ERROR - GET_SHEET_OR_REPORT NONE Error: {"result": {"code": 1006, "errorCode": 1006, "message": "Not Found", "name": "ApiError", "recommendation": "Do not retry without fixing the problem. ", "refId": "9p9vdf", "shouldRetry": false, "statusCode": 404}}
2025-03-21 15:07:41,497 - INFO - {"request": {"command": "PUT https://api.smartsheet.com/2.0/sheets/8933103327569796/rows"}}
2025-03-21 15:07:41,971 - INFO - {"request": {"command": "GET https://api.smartsheet.com/2.0/sheets/133674910934916"}}
2025-03-21 15:07:42,569 - INFO - {"request": {"command": "GET https://api.smartsheet.com/2.0/sheets/4774972552963972"}}
2025-03-21 15:07:42,569 - ERROR - {"response": {"statusCode": 404, "reason": "Not Found", "content": "<< application/json;charset=UTF-8 content type suppressed >>"}}
2025-03-21 15:07:43,493 - INFO - {"request": {"command": "GET https://api.smartsheet.com/2.0/reports/4774972552963972"}}
2025-03-21 15:07:43,724 - INFO - {"request": {"command": "GET https://api.smartsheet.com/2.0/sheets/7027996432328580"}}
2025-03-21 15:07:43,724 - ERROR - {"response": {"statusCode": 404, "reason": "Not Found", "content": "<< application/json;charset=UTF-8 content type suppressed >>"}}
2025-03-21 15:07:44,509 - INFO - {"request": {"command": "GET https://api.smartsheet.com/2.0/reports/7027996432328580"}}
2025-03-21 15:07:44,730 - INFO - {"request": {"command": "GET https://api.smartsheet.com/2.0/sheets/4666202506192772"}}
2025-03-21 15:07:44,730 - ERROR - {"response": {"statusCode": 404, "reason": "Not Found", "content": "<< application/json;charset=UTF-8 content type suppressed >>"}}
2025-03-21 15:07:45,936 - INFO - {"request": {"command": "GET https://api.smartsheet.com/2.0/reports/4666202506192772"}}
2025-03-21 15:07:46,506 - INFO - {"request": {"command": "GET https://api.smartsheet.com/2.0/sheets/1944382317324164"}}
2025-03-21 15:07:46,692 - INFO - {"request": {"command": "GET https://api.smartsheet.com/2.0/sheets/7806524950112132"}}
2025-03-21 15:07:46,693 - ERROR - {"response": {"statusCode": 404, "reason": "Not Found", "content": "<< application/json;charset=UTF-8 content type suppressed >>"}}
2025-03-21 15:07:47,605 - INFO - {"request": {"command": "GET https://api.smartsheet.com/2.0/reports/7806524950112132"}}
2025-03-21 15:07:47,970 - INFO - {"request": {"command": "GET https://api.smartsheet.com/2.0/sheets/7326204131862404"}}
2025-03-21 15:07:47,970 - ERROR - {"response": {"statusCode": 404, "reason": "Not Found", "content": "<< application/json;charset=UTF-8 content type suppressed >>"}}
2025-03-21 15:07:51,787 - INFO - {"request": {"command": "GET https://api.smartsheet.com/2.0/reports/7326204131862404"}}
2025-03-21 15:07:52,118 - INFO - {"request": {"command": "GET https://api.smartsheet.com/2.0/sheets/912011378511748"}}
2025-03-21 15:07:52,320 - INFO - {"request": {"command": "GET https://api.smartsheet.com/2.0/sheets/2100398749181828"}}
2025-03-21 15:07:52,321 - ERROR - {"response": {"statusCode": 404, "reason": "Not Found", "content": "<< application/json;charset=UTF-8 content type suppressed >>"}}
2025-03-21 15:07:53,484 - INFO - {"request": {"command": "GET https://api.smartsheet.com/2.0/reports/2100398749181828"}}
2025-03-21 15:07:53,719 - INFO - {"request": {"command": "GET https://api.smartsheet.com/2.0/sheets/5561360202393476"}}
2025-03-21 15:07:53,719 - ERROR - {"response": {"statusCode": 404, "reason": "Not Found", "content": "<< application/json;charset=UTF-8 content type suppressed >>"}}
2025-03-21 15:07:54,830 - INFO - {"request": {"command": "GET https://api.smartsheet.com/2.0/reports/5561360202393476"}}
2025-03-21 15:07:55,063 - INFO - {"request": {"command": "GET https://api.smartsheet.com/2.0/sheets/2100398749181828"}}
2025-03-21 15:07:55,063 - ERROR - {"response": {"statusCode": 404, "reason": "Not Found", "content": "<< application/json;charset=UTF-8 content type suppressed >>"}}
2025-03-21 15:07:56,008 - INFO - {"request": {"command": "GET https://api.smartsheet.com/2.0/reports/2100398749181828"}}
2025-03-21 15:07:56,466 - INFO - {"request": {"command": "GET https://api.smartsheet.com/2.0/sheets/1567434936215428"}}
2025-03-21 15:07:56,855 - INFO - {"request": {"command": "GET https://api.smartsheet.com/2.0/sheets/1567434936215428"}}
2025-03-21 15:07:57,424 - INFO - {"request": {"command": "GET https://api.smartsheet.com/2.0/sheets/1567434936215428"}}
2025-03-21 15:07:57,746 - INFO - {"request": {"command": "GET https://api.smartsheet.com/2.0/sheets/1567434936215428"}}
2025-03-21 15:07:57,909 - INFO - {"request": {"command": "GET https://api.smartsheet.com/2.0/sheets/4774972552963972"}}
2025-03-21 15:07:57,910 - ERROR - {"response": {"statusCode": 404, "reason": "Not Found", "content": "<< application/json;charset=UTF-8 content type suppressed >>"}}
2025-03-21 15:07:58,817 - INFO - {"request": {"command": "GET https://api.smartsheet.com/2.0/reports/4774972552963972"}}
2025-03-21 15:07:59,027 - INFO - {"request": {"command": "GET https://api.smartsheet.com/2.0/sheets/7027996432328580"}}
2025-03-21 15:07:59,027 - ERROR - {"response": {"statusCode": 404, "reason": "Not Found", "content": "<< application/json;charset=UTF-8 content type suppressed >>"}}
2025-03-21 15:07:59,775 - INFO - {"request": {"command": "GET https://api.smartsheet.com/2.0/reports/7027996432328580"}}
2025-03-21 15:07:59,993 - INFO - {"request": {"command": "GET https://api.smartsheet.com/2.0/sheets/4666202506192772"}}
2025-03-21 15:07:59,994 - ERROR - {"response": {"statusCode": 404, "reason": "Not Found", "content": "<< application/json;charset=UTF-8 content type suppressed >>"}}
2025-03-21 15:08:01,076 - INFO - {"request": {"command": "GET https://api.smartsheet.com/2.0/reports/4666202506192772"}}
2025-03-21 15:08:01,360 - INFO - {"request": {"command": "GET https://api.smartsheet.com/2.0/sheets/2082896638594948"}}
2025-03-21 15:08:01,361 - ERROR - {"response": {"statusCode": 404, "reason": "Not Found", "content": "<< application/json;charset=UTF-8 content type suppressed >>"}}
2025-03-21 15:08:04,140 - INFO - {"request": {"command": "GET https://api.smartsheet.com/2.0/reports/2082896638594948"}}
2025-03-21 15:08:04,397 - INFO - {"request": {"command": "GET https://api.smartsheet.com/2.0/sheets/1323337208778628"}}
2025-03-21 15:08:04,397 - ERROR - {"response": {"statusCode": 404, "reason": "Not Found", "content": "<< application/json;charset=UTF-8 content type suppressed >>"}}
2025-03-21 15:08:05,229 - INFO - {"request": {"command": "GET https://api.smartsheet.com/2.0/reports/1323337208778628"}}
2025-03-21 15:08:05,490 - INFO - {"request": {"command": "GET https://api.smartsheet.com/2.0/sheets/7077822975659908"}}
2025-03-21 15:08:05,490 - ERROR - {"response": {"statusCode": 404, "reason": "Not Found", "content": "<< application/json;charset=UTF-8 content type suppressed >>"}}
2025-03-21 15:08:07,706 - INFO - {"request": {"command": "GET https://api.smartsheet.com/2.0/reports/7077822975659908"}}
2025-03-21 15:08:07,943 - INFO - {"request": {"command": "GET https://api.smartsheet.com/2.0/sheets/7267399610879876"}}
2025-03-21 15:08:07,944 - ERROR - {"response": {"statusCode": 404, "reason": "Not Found", "content": "<< application/json;charset=UTF-8 content type suppressed >>"}}
2025-03-21 15:08:09,218 - INFO - {"request": {"command": "GET https://api.smartsheet.com/2.0/reports/7267399610879876"}}
2025-03-21 15:08:09,431 - INFO - {"request": {"command": "GET https://api.smartsheet.com/2.0/sheets/5815013470064516"}}
2025-03-21 15:08:09,432 - ERROR - {"response": {"statusCode": 404, "reason": "Not Found", "content": "<< application/json;charset=UTF-8 content type suppressed >>"}}
2025-03-21 15:08:10,306 - INFO - {"request": {"command": "GET https://api.smartsheet.com/2.0/reports/5815013470064516"}}
2025-03-21 15:08:10,519 - INFO - {"request": {"command": "GET https://api.smartsheet.com/2.0/sheets/7020284372537220"}}
2025-03-21 15:08:10,519 - ERROR - {"response": {"statusCode": 404, "reason": "Not Found", "content": "<< application/json;charset=UTF-8 content type suppressed >>"}}
2025-03-21 15:08:11,605 - INFO - {"request": {"command": "GET https://api.smartsheet.com/2.0/reports/7020284372537220"}}
2025-03-21 15:08:11,824 - INFO - {"request": {"command": "GET https://api.smartsheet.com/2.0/sheets/4055176390332292"}}
2025-03-21 15:08:11,825 - ERROR - {"response": {"statusCode": 404, "reason": "Not Found", "content": "<< application/json;charset=UTF-8 content type suppressed >>"}}
2025-03-21 15:08:12,770 - INFO - {"request": {"command": "GET https://api.smartsheet.com/2.0/reports/4055176390332292"}}
2025-03-21 15:08:12,988 - INFO - {"request": {"command": "GET https://api.smartsheet.com/2.0/sheets/2100398749181828"}}
2025-03-21 15:08:12,989 - ERROR - {"response": {"statusCode": 404, "reason": "Not Found", "content": "<< application/json;charset=UTF-8 content type suppressed >>"}}
2025-03-21 15:08:13,866 - INFO - {"request": {"command": "GET https://api.smartsheet.com/2.0/reports/2100398749181828"}}
2025-03-21 15:08:14,235 - INFO - {"request": {"command": "GET https://api.smartsheet.com/2.0/sheets/5561360202393476"}}
2025-03-21 15:08:14,235 - ERROR - {"response": {"statusCode": 404, "reason": "Not Found", "content": "<< application/json;charset=UTF-8 content type suppressed >>"}}
2025-03-21 15:08:15,603 - INFO - {"request": {"command": "GET https://api.smartsheet.com/2.0/reports/5561360202393476"}}
2025-03-21 15:08:15,882 - INFO - {"request": {"command": "GET https://api.smartsheet.com/2.0/sheets/1634896552349572"}}
2025-03-21 15:08:15,883 - ERROR - {"response": {"statusCode": 404, "reason": "Not Found", "content": "<< application/json;charset=UTF-8 content type suppressed >>"}}
2025-03-21 15:08:17,051 - INFO - {"request": {"command": "GET https://api.smartsheet.com/2.0/reports/1634896552349572"}}
2025-03-21 15:08:17,414 - INFO - {"request": {"command": "GET https://api.smartsheet.com/2.0/sheets/641307542245252"}}
2025-03-21 15:08:17,415 - ERROR - {"response": {"statusCode": 404, "reason": "Not Found", "content": "<< application/json;charset=UTF-8 content type suppressed >>"}}
2025-03-21 15:08:18,869 - INFO - {"request": {"command": "GET https://api.smartsheet.com/2.0/reports/641307542245252"}}
2025-03-21 15:08:19,280 - INFO - {"request": {"command": "GET https://api.smartsheet.com/2.0/sheets/641307542245252"}}
2025-03-21 15:08:19,280 - ERROR - {"response": {"statusCode": 404, "reason": "Not Found", "content": "<< application/json;charset=UTF-8 content type suppressed >>"}}
2025-03-21 15:08:20,386 - INFO - {"request": {"command": "GET https://api.smartsheet.com/2.0/reports/641307542245252"}}
2025-03-21 15:08:20,643 - INFO - {"request": {"command": "GET https://api.smartsheet.com/2.0/sheets/641307542245252"}}
2025-03-21 15:08:20,643 - ERROR - {"response": {"statusCode": 404, "reason": "Not Found", "content": "<< application/json;charset=UTF-8 content type suppressed >>"}}
2025-03-21 15:08:21,718 - INFO - {"request": {"command": "GET https://api.smartsheet.com/2.0/reports/641307542245252"}}
2025-03-21 15:08:21,912 - INFO - {"request": {"command": "GET https://api.smartsheet.com/2.0/sheets/641307542245252"}}
2025-03-21 15:08:21,912 - ERROR - {"response": {"statusCode": 404, "reason": "Not Found", "content": "<< application/json;charset=UTF-8 content type suppressed >>"}}
2025-03-21 15:08:23,128 - INFO - {"request": {"command": "GET https://api.smartsheet.com/2.0/reports/641307542245252"}}
2025-03-21 15:08:23,328 - INFO - {"request": {"command": "GET https://api.smartsheet.com/2.0/sheets/641307542245252"}}
2025-03-21 15:08:23,329 - ERROR - {"response": {"statusCode": 404, "reason": "Not Found", "content": "<< application/json;charset=UTF-8 content type suppressed >>"}}
2025-03-21 15:08:24,177 - INFO - {"request": {"command": "GET https://api.smartsheet.com/2.0/reports/641307542245252"}}
2025-03-21 15:08:24,402 - INFO - {"request": {"command": "GET https://api.smartsheet.com/2.0/sheets/641307542245252"}}
2025-03-21 15:08:24,403 - ERROR - {"response": {"statusCode": 404, "reason": "Not Found", "content": "<< application/json;charset=UTF-8 content type suppressed >>"}}
2025-03-21 15:08:25,469 - INFO - {"request": {"command": "GET https://api.smartsheet.com/2.0/reports/641307542245252"}}
2025-03-21 15:08:25,687 - INFO - {"request": {"command": "GET https://api.smartsheet.com/2.0/sheets/641307542245252"}}
2025-03-21 15:08:25,688 - ERROR - {"response": {"statusCode": 404, "reason": "Not Found", "content": "<< application/json;charset=UTF-8 content type suppressed >>"}}
2025-03-21 15:08:26,482 - INFO - {"request": {"command": "GET https://api.smartsheet.com/2.0/reports/641307542245252"}}
2025-03-21 15:08:26,697 - INFO - {"request": {"command": "GET https://api.smartsheet.com/2.0/sheets/641307542245252"}}
2025-03-21 15:08:26,698 - ERROR - {"response": {"statusCode": 404, "reason": "Not Found", "content": "<< application/json;charset=UTF-8 content type suppressed >>"}}
2025-03-21 15:08:27,571 - INFO - {"request": {"command": "GET https://api.smartsheet.com/2.0/reports/641307542245252"}}
2025-03-21 15:08:27,785 - INFO - {"request": {"command": "GET https://api.smartsheet.com/2.0/sheets/641307542245252"}}
2025-03-21 15:08:27,786 - ERROR - {"response": {"statusCode": 404, "reason": "Not Found", "content": "<< application/json;charset=UTF-8 content type suppressed >>"}}
2025-03-21 15:08:29,568 - INFO - {"request": {"command": "GET https://api.smartsheet.com/2.0/reports/641307542245252"}}
2025-03-21 15:08:29,821 - INFO - {"request": {"command": "GET https://api.smartsheet.com/2.0/sheets/641307542245252"}}
2025-03-21 15:08:29,822 - ERROR - {"response": {"statusCode": 404, "reason": "Not Found", "content": "<< application/json;charset=UTF-8 content type suppressed >>"}}
2025-03-21 15:08:30,839 - INFO - {"request": {"command": "GET https://api.smartsheet.com/2.0/reports/641307542245252"}}
2025-03-21 15:08:31,093 - INFO - {"request": {"command": "GET https://api.smartsheet.com/2.0/sheets/641307542245252"}}
2025-03-21 15:08:31,093 - ERROR - {"response": {"statusCode": 404, "reason": "Not Found", "content": "<< application/json;charset=UTF-8 content type suppressed >>"}}
2025-03-21 15:08:31,888 - INFO - {"request": {"command": "GET https://api.smartsheet.com/2.0/reports/641307542245252"}}
2025-03-21 15:08:32,087 - INFO - {"request": {"command": "GET https://api.smartsheet.com/2.0/sheets/641307542245252"}}
2025-03-21 15:08:32,087 - ERROR - {"response": {"statusCode": 404, "reason": "Not Found", "content": "<< application/json;charset=UTF-8 content type suppressed >>"}}
2025-03-21 15:08:33,201 - INFO - {"request": {"command": "GET https://api.smartsheet.com/2.0/reports/641307542245252"}}
2025-03-21 15:08:33,447 - INFO - {"request": {"command": "GET https://api.smartsheet.com/2.0/sheets/641307542245252"}}
2025-03-21 15:08:33,448 - ERROR - {"response": {"statusCode": 404, "reason": "Not Found", "content": "<< application/json;charset=UTF-8 content type suppressed >>"}}
2025-03-21 15:08:34,600 - INFO - {"request": {"command": "GET https://api.smartsheet.com/2.0/reports/641307542245252"}}
2025-03-21 15:08:34,807 - INFO - {"request": {"command": "GET https://api.smartsheet.com/2.0/sheets/641307542245252"}}
2025-03-21 15:08:34,808 - ERROR - {"response": {"statusCode": 404, "reason": "Not Found", "content": "<< application/json;charset=UTF-8 content type suppressed >>"}}
2025-03-21 15:08:35,713 - INFO - {"request": {"command": "GET https://api.smartsheet.com/2.0/reports/641307542245252"}}
2025-03-21 15:08:35,918 - INFO - {"request": {"command": "GET https://api.smartsheet.com/2.0/sheets/641307542245252"}}
2025-03-21 15:08:35,918 - ERROR - {"response": {"statusCode": 404, "reason": "Not Found", "content": "<< application/json;charset=UTF-8 content type suppressed >>"}}
2025-03-21 15:08:37,172 - INFO - {"request": {"command": "GET https://api.smartsheet.com/2.0/reports/641307542245252"}}
2025-03-21 15:08:37,401 - INFO - {"request": {"command": "GET https://api.smartsheet.com/2.0/sheets/641307542245252"}}
2025-03-21 15:08:37,401 - ERROR - {"response": {"statusCode": 404, "reason": "Not Found", "content": "<< application/json;charset=UTF-8 content type suppressed >>"}}
2025-03-21 15:08:38,300 - INFO - {"request": {"command": "GET https://api.smartsheet.com/2.0/reports/641307542245252"}}
2025-03-21 15:08:38,502 - INFO - {"request": {"command": "GET https://api.smartsheet.com/2.0/sheets/641307542245252"}}
2025-03-21 15:08:38,502 - ERROR - {"response": {"statusCode": 404, "reason": "Not Found", "content": "<< application/json;charset=UTF-8 content type suppressed >>"}}
2025-03-21 15:08:39,426 - INFO - {"request": {"command": "GET https://api.smartsheet.com/2.0/reports/641307542245252"}}
2025-03-21 15:08:39,656 - INFO - {"request": {"command": "GET https://api.smartsheet.com/2.0/sheets/641307542245252"}}
2025-03-21 15:08:39,657 - ERROR - {"response": {"statusCode": 404, "reason": "Not Found", "content": "<< application/json;charset=UTF-8 content type suppressed >>"}}
2025-03-21 15:08:40,786 - INFO - {"request": {"command": "GET https://api.smartsheet.com/2.0/reports/641307542245252"}}
2025-03-21 15:08:40,988 - INFO - {"request": {"command": "GET https://api.smartsheet.com/2.0/sheets/641307542245252"}}
2025-03-21 15:08:40,988 - ERROR - {"response": {"statusCode": 404, "reason": "Not Found", "content": "<< application/json;charset=UTF-8 content type suppressed >>"}}
2025-03-21 15:08:42,290 - INFO - {"request": {"command": "GET https://api.smartsheet.com/2.0/reports/641307542245252"}}
2025-03-21 15:08:42,501 - INFO - {"request": {"command": "GET https://api.smartsheet.com/2.0/sheets/641307542245252"}}
2025-03-21 15:08:42,501 - ERROR - {"response": {"statusCode": 404, "reason": "Not Found", "content": "<< application/json;charset=UTF-8 content type suppressed >>"}}
2025-03-21 15:08:43,539 - INFO - {"request": {"command": "GET https://api.smartsheet.com/2.0/reports/641307542245252"}}
2025-03-21 15:08:43,738 - INFO - {"request": {"command": "GET https://api.smartsheet.com/2.0/sheets/641307542245252"}}
2025-03-21 15:08:43,739 - ERROR - {"response": {"statusCode": 404, "reason": "Not Found", "content": "<< application/json;charset=UTF-8 content type suppressed >>"}}
2025-03-21 15:08:44,824 - INFO - {"request": {"command": "GET https://api.smartsheet.com/2.0/reports/641307542245252"}}
2025-03-21 15:08:45,057 - INFO - {"request": {"command": "GET https://api.smartsheet.com/2.0/sheets/641307542245252"}}
2025-03-21 15:08:45,057 - ERROR - {"response": {"statusCode": 404, "reason": "Not Found", "content": "<< application/json;charset=UTF-8 content type suppressed >>"}}
2025-03-21 15:08:46,065 - INFO - {"request": {"command": "GET https://api.smartsheet.com/2.0/reports/641307542245252"}}
2025-03-21 15:08:46,346 - INFO - {"request": {"command": "GET https://api.smartsheet.com/2.0/sheets/641307542245252"}}
2025-03-21 15:08:46,347 - ERROR - {"response": {"statusCode": 404, "reason": "Not Found", "content": "<< application/json;charset=UTF-8 content type suppressed >>"}}
2025-03-21 15:08:47,449 - INFO - {"request": {"command": "GET https://api.smartsheet.com/2.0/reports/641307542245252"}}
2025-03-21 15:08:47,688 - INFO - {"request": {"command": "GET https://api.smartsheet.com/2.0/sheets/641307542245252"}}
2025-03-21 15:08:47,689 - ERROR - {"response": {"statusCode": 404, "reason": "Not Found", "content": "<< application/json;charset=UTF-8 content type suppressed >>"}}
2025-03-21 15:08:48,777 - INFO - {"request": {"command": "GET https://api.smartsheet.com/2.0/reports/641307542245252"}}
2025-03-21 15:08:49,125 - INFO - {"request": {"command": "GET https://api.smartsheet.com/2.0/sheets/641307542245252"}}
2025-03-21 15:08:49,125 - ERROR - {"response": {"statusCode": 404, "reason": "Not Found", "content": "<< application/json;charset=UTF-8 content type suppressed >>"}}
2025-03-21 15:08:50,432 - INFO - {"request": {"command": "GET https://api.smartsheet.com/2.0/reports/641307542245252"}}
2025-03-21 15:08:50,682 - INFO - {"request": {"command": "GET https://api.smartsheet.com/2.0/sheets/641307542245252"}}
2025-03-21 15:08:50,683 - ERROR - {"response": {"statusCode": 404, "reason": "Not Found", "content": "<< application/json;charset=UTF-8 content type suppressed >>"}}
2025-03-21 15:08:52,172 - INFO - {"request": {"command": "GET https://api.smartsheet.com/2.0/reports/641307542245252"}}
2025-03-21 15:08:52,374 - INFO - {"request": {"command": "GET https://api.smartsheet.com/2.0/sheets/641307542245252"}}
2025-03-21 15:08:52,375 - ERROR - {"response": {"statusCode": 404, "reason": "Not Found", "content": "<< application/json;charset=UTF-8 content type suppressed >>"}}
2025-03-21 15:08:53,153 - INFO - {"request": {"command": "GET https://api.smartsheet.com/2.0/reports/641307542245252"}}
2025-03-21 15:08:53,388 - INFO - {"request": {"command": "GET https://api.smartsheet.com/2.0/sheets/641307542245252"}}
2025-03-21 15:08:53,388 - ERROR - {"response": {"statusCode": 404, "reason": "Not Found", "content": "<< application/json;charset=UTF-8 content type suppressed >>"}}
2025-03-21 15:08:54,564 - INFO - {"request": {"command": "GET https://api.smartsheet.com/2.0/reports/641307542245252"}}
2025-03-21 15:08:54,785 - INFO - {"request": {"command": "GET https://api.smartsheet.com/2.0/sheets/641307542245252"}}
2025-03-21 15:08:54,786 - ERROR - {"response": {"statusCode": 404, "reason": "Not Found", "content": "<< application/json;charset=UTF-8 content type suppressed >>"}}
2025-03-21 15:08:55,718 - INFO - {"request": {"command": "GET https://api.smartsheet.com/2.0/reports/641307542245252"}}
2025-03-21 15:08:55,929 - INFO - {"request": {"command": "GET https://api.smartsheet.com/2.0/sheets/641307542245252"}}
2025-03-21 15:08:55,930 - ERROR - {"response": {"statusCode": 404, "reason": "Not Found", "content": "<< application/json;charset=UTF-8 content type suppressed >>"}}
2025-03-21 15:08:56,941 - INFO - {"request": {"command": "GET https://api.smartsheet.com/2.0/reports/641307542245252"}}
2025-03-21 15:08:57,165 - INFO - {"request": {"command": "GET https://api.smartsheet.com/2.0/sheets/641307542245252"}}
2025-03-21 15:08:57,165 - ERROR - {"response": {"statusCode": 404, "reason": "Not Found", "content": "<< application/json;charset=UTF-8 content type suppressed >>"}}
2025-03-21 15:08:58,126 - INFO - {"request": {"command": "GET https://api.smartsheet.com/2.0/reports/641307542245252"}}
2025-03-21 15:08:58,401 - INFO - {"request": {"command": "GET https://api.smartsheet.com/2.0/sheets/641307542245252"}}
2025-03-21 15:08:58,401 - ERROR - {"response": {"statusCode": 404, "reason": "Not Found", "content": "<< application/json;charset=UTF-8 content type suppressed >>"}}
2025-03-21 15:09:00,240 - INFO - {"request": {"command": "GET https://api.smartsheet.com/2.0/reports/641307542245252"}}
2025-03-21 15:09:00,475 - INFO - {"request": {"command": "GET https://api.smartsheet.com/2.0/sheets/641307542245252"}}
2025-03-21 15:09:00,475 - ERROR - {"response": {"statusCode": 404, "reason": "Not Found", "content": "<< application/json;charset=UTF-8 content type suppressed >>"}}
2025-03-21 15:09:01,591 - INFO - {"request": {"command": "GET https://api.smartsheet.com/2.0/reports/641307542245252"}}
2025-03-21 15:09:01,804 - INFO - {"request": {"command": "GET https://api.smartsheet.com/2.0/sheets/641307542245252"}}
2025-03-21 15:09:01,804 - ERROR - {"response": {"statusCode": 404, "reason": "Not Found", "content": "<< application/json;charset=UTF-8 content type suppressed >>"}}
2025-03-21 15:09:02,695 - INFO - {"request": {"command": "GET https://api.smartsheet.com/2.0/reports/641307542245252"}}
2025-03-21 15:09:02,905 - INFO - {"request": {"command": "GET https://api.smartsheet.com/2.0/sheets/641307542245252"}}
2025-03-21 15:09:02,905 - ERROR - {"response": {"statusCode": 404, "reason": "Not Found", "content": "<< application/json;charset=UTF-8 content type suppressed >>"}}
2025-03-21 15:09:04,063 - INFO - {"request": {"command": "GET https://api.smartsheet.com/2.0/reports/641307542245252"}}
2025-03-21 15:09:04,289 - INFO - {"request": {"command": "GET https://api.smartsheet.com/2.0/sheets/641307542245252"}}
2025-03-21 15:09:04,290 - ERROR - {"response": {"statusCode": 404, "reason": "Not Found", "content": "<< application/json;charset=UTF-8 content type suppressed >>"}}
2025-03-21 15:09:05,230 - INFO - {"request": {"command": "GET https://api.smartsheet.com/2.0/reports/641307542245252"}}
2025-03-21 15:09:05,462 - INFO - {"request": {"command": "GET https://api.smartsheet.com/2.0/sheets/641307542245252"}}
2025-03-21 15:09:05,463 - ERROR - {"response": {"statusCode": 404, "reason": "Not Found", "content": "<< application/json;charset=UTF-8 content type suppressed >>"}}
2025-03-21 15:09:06,328 - INFO - {"request": {"command": "GET https://api.smartsheet.com/2.0/reports/641307542245252"}}
2025-03-21 15:09:06,779 - INFO - {"request": {"command": "GET https://api.smartsheet.com/2.0/sheets/5942061219925892"}}
2025-03-21 15:09:07,176 - INFO - {"request": {"command": "GET https://api.smartsheet.com/2.0/sheets/1698553202167684"}}
2025-03-21 15:09:07,348 - INFO - {"request": {"command": "GET https://api.smartsheet.com/2.0/sheets/7020284372537220"}}
2025-03-21 15:09:07,348 - ERROR - {"response": {"statusCode": 404, "reason": "Not Found", "content": "<< application/json;charset=UTF-8 content type suppressed >>"}}
2025-03-21 15:09:08,335 - INFO - {"request": {"command": "GET https://api.smartsheet.com/2.0/reports/7020284372537220"}}
2025-03-21 15:09:08,505 - INFO - {"request": {"command": "GET https://api.smartsheet.com/2.0/sheets/2100398749181828"}}
2025-03-21 15:09:08,506 - ERROR - {"response": {"statusCode": 404, "reason": "Not Found", "content": "<< application/json;charset=UTF-8 content type suppressed >>"}}
2025-03-21 15:09:09,401 - INFO - {"request": {"command": "GET https://api.smartsheet.com/2.0/reports/2100398749181828"}}
2025-03-21 15:09:09,611 - INFO - {"request": {"command": "GET https://api.smartsheet.com/2.0/sheets/1689116462763908"}}
2025-03-21 15:09:09,612 - ERROR - {"response": {"statusCode": 404, "reason": "Not Found", "content": "<< application/json;charset=UTF-8 content type suppressed >>"}}
2025-03-21 15:09:10,203 - INFO - {"request": {"command": "GET https://api.smartsheet.com/2.0/reports/1689116462763908"}}
2025-03-21 15:09:10,369 - INFO - {"request": {"command": "GET https://api.smartsheet.com/2.0/sheets/1080713944190852"}}
2025-03-21 15:09:10,369 - ERROR - {"response": {"statusCode": 404, "reason": "Not Found", "content": "<< application/json;charset=UTF-8 content type suppressed >>"}}
2025-03-21 15:09:11,159 - INFO - {"request": {"command": "GET https://api.smartsheet.com/2.0/reports/1080713944190852"}}
2025-03-21 15:09:11,349 - INFO - {"request": {"command": "GET https://api.smartsheet.com/2.0/sheets/6745758627745668"}}
2025-03-21 15:09:11,349 - ERROR - {"response": {"statusCode": 404, "reason": "Not Found", "content": "<< application/json;charset=UTF-8 content type suppressed >>"}}
2025-03-21 15:09:11,889 - INFO - {"request": {"command": "GET https://api.smartsheet.com/2.0/reports/6745758627745668"}}
2025-03-21 15:09:12,073 - INFO - {"request": {"command": "GET https://api.smartsheet.com/2.0/sheets/1950633800191876"}}
2025-03-21 15:09:12,074 - ERROR - {"response": {"statusCode": 404, "reason": "Not Found", "content": "<< application/json;charset=UTF-8 content type suppressed >>"}}
2025-03-21 15:09:13,217 - INFO - {"request": {"command": "GET https://api.smartsheet.com/2.0/reports/1950633800191876"}}
2025-03-21 15:09:13,375 - INFO - {"request": {"command": "GET https://api.smartsheet.com/2.0/sheets/7105487908589444"}}
2025-03-21 15:09:13,375 - ERROR - {"response": {"statusCode": 404, "reason": "Not Found", "content": "<< application/json;charset=UTF-8 content type suppressed >>"}}
2025-03-21 15:09:13,860 - INFO - {"request": {"command": "GET https://api.smartsheet.com/2.0/reports/7105487908589444"}}
2025-03-21 15:09:14,017 - INFO - {"request": {"command": "GET https://api.smartsheet.com/2.0/sheets/2110269144649604"}}
2025-03-21 15:09:14,017 - ERROR - {"response": {"statusCode": 404, "reason": "Not Found", "content": "<< application/json;charset=UTF-8 content type suppressed >>"}}
2025-03-21 15:09:14,670 - INFO - {"request": {"command": "GET https://api.smartsheet.com/2.0/reports/2110269144649604"}}
2025-03-21 15:09:14,862 - INFO - {"request": {"command": "GET https://api.smartsheet.com/2.0/sheets/798477684526980"}}
2025-03-21 15:09:14,863 - ERROR - {"response": {"statusCode": 404, "reason": "Not Found", "content": "<< application/json;charset=UTF-8 content type suppressed >>"}}
2025-03-21 15:09:15,704 - INFO - {"request": {"command": "GET https://api.smartsheet.com/2.0/reports/798477684526980"}}
2025-03-21 15:09:15,906 - INFO - {"request": {"command": "GET https://api.smartsheet.com/2.0/sheets/3119406070583172"}}
2025-03-21 15:09:15,914 - ERROR - {"response": {"statusCode": 404, "reason": "Not Found", "content": "<< application/json;charset=UTF-8 content type suppressed >>"}}
2025-03-21 15:09:16,483 - INFO - {"request": {"command": "GET https://api.smartsheet.com/2.0/reports/3119406070583172"}}
2025-03-21 15:09:16,662 - INFO - {"request": {"command": "GET https://api.smartsheet.com/2.0/sheets/6235803202047876"}}
2025-03-21 15:09:16,663 - ERROR - {"response": {"statusCode": 404, "reason": "Not Found", "content": "<< application/json;charset=UTF-8 content type suppressed >>"}}
2025-03-21 15:09:17,557 - INFO - {"request": {"command": "GET https://api.smartsheet.com/2.0/reports/6235803202047876"}}
2025-03-21 15:09:17,781 - INFO - {"request": {"command": "GET https://api.smartsheet.com/2.0/sheets/641307542245252"}}
2025-03-21 15:09:17,782 - ERROR - {"response": {"statusCode": 404, "reason": "Not Found", "content": "<< application/json;charset=UTF-8 content type suppressed >>"}}
2025-03-21 15:09:18,921 - INFO - {"request": {"command": "GET https://api.smartsheet.com/2.0/reports/641307542245252"}}
2025-03-21 15:09:19,266 - INFO - {"request": {"command": "GET https://api.smartsheet.com/2.0/sheets/641307542245252"}}
2025-03-21 15:09:19,267 - ERROR - {"response": {"statusCode": 404, "reason": "Not Found", "content": "<< application/json;charset=UTF-8 content type suppressed >>"}}
2025-03-21 15:09:20,140 - INFO - {"request": {"command": "GET https://api.smartsheet.com/2.0/reports/641307542245252"}}
2025-03-21 15:09:20,373 - INFO - {"request": {"command": "GET https://api.smartsheet.com/2.0/sheets/641307542245252"}}
2025-03-21 15:09:20,374 - ERROR - {"response": {"statusCode": 404, "reason": "Not Found", "content": "<< application/json;charset=UTF-8 content type suppressed >>"}}
2025-03-21 15:09:21,171 - INFO - {"request": {"command": "GET https://api.smartsheet.com/2.0/reports/641307542245252"}}
2025-03-21 15:09:21,383 - INFO - {"request": {"command": "GET https://api.smartsheet.com/2.0/sheets/641307542245252"}}
2025-03-21 15:09:21,383 - ERROR - {"response": {"statusCode": 404, "reason": "Not Found", "content": "<< application/json;charset=UTF-8 content type suppressed >>"}}
2025-03-21 15:09:22,131 - INFO - {"request": {"command": "GET https://api.smartsheet.com/2.0/reports/641307542245252"}}
2025-03-21 15:09:22,332 - INFO - {"request": {"command": "GET https://api.smartsheet.com/2.0/sheets/641307542245252"}}
2025-03-21 15:09:22,332 - ERROR - {"response": {"statusCode": 404, "reason": "Not Found", "content": "<< application/json;charset=UTF-8 content type suppressed >>"}}
2025-03-21 15:09:23,289 - INFO - {"request": {"command": "GET https://api.smartsheet.com/2.0/reports/641307542245252"}}
2025-03-21 15:09:23,499 - INFO - {"request": {"command": "GET https://api.smartsheet.com/2.0/sheets/641307542245252"}}
2025-03-21 15:09:23,500 - ERROR - {"response": {"statusCode": 404, "reason": "Not Found", "content": "<< application/json;charset=UTF-8 content type suppressed >>"}}
2025-03-21 15:09:24,683 - INFO - {"request": {"command": "GET https://api.smartsheet.com/2.0/reports/641307542245252"}}
2025-03-21 15:09:24,922 - INFO - {"request": {"command": "GET https://api.smartsheet.com/2.0/sheets/641307542245252"}}
2025-03-21 15:09:24,922 - ERROR - {"response": {"statusCode": 404, "reason": "Not Found", "content": "<< application/json;charset=UTF-8 content type suppressed >>"}}
2025-03-21 15:09:26,210 - INFO - {"request": {"command": "GET https://api.smartsheet.com/2.0/reports/641307542245252"}}
2025-03-21 15:09:26,460 - INFO - {"request": {"command": "GET https://api.smartsheet.com/2.0/sheets/641307542245252"}}
2025-03-21 15:09:26,460 - ERROR - {"response": {"statusCode": 404, "reason": "Not Found", "content": "<< application/json;charset=UTF-8 content type suppressed >>"}}
2025-03-21 15:09:27,369 - INFO - {"request": {"command": "GET https://api.smartsheet.com/2.0/reports/641307542245252"}}
2025-03-21 15:09:27,583 - INFO - {"request": {"command": "GET https://api.smartsheet.com/2.0/sheets/641307542245252"}}
2025-03-21 15:09:27,583 - ERROR - {"response": {"statusCode": 404, "reason": "Not Found", "content": "<< application/json;charset=UTF-8 content type suppressed >>"}}
2025-03-21 15:09:28,595 - INFO - {"request": {"command": "GET https://api.smartsheet.com/2.0/reports/641307542245252"}}
2025-03-21 15:09:28,814 - INFO - {"request": {"command": "GET https://api.smartsheet.com/2.0/sheets/641307542245252"}}
2025-03-21 15:09:28,814 - ERROR - {"response": {"statusCode": 404, "reason": "Not Found", "content": "<< application/json;charset=UTF-8 content type suppressed >>"}}
2025-03-21 15:09:29,494 - INFO - {"request": {"command": "GET https://api.smartsheet.com/2.0/reports/641307542245252"}}
2025-03-21 15:09:29,706 - INFO - {"request": {"command": "GET https://api.smartsheet.com/2.0/sheets/641307542245252"}}
2025-03-21 15:09:29,706 - ERROR - {"response": {"statusCode": 404, "reason": "Not Found", "content": "<< application/json;charset=UTF-8 content type suppressed >>"}}
2025-03-21 15:09:30,628 - INFO - {"request": {"command": "GET https://api.smartsheet.com/2.0/reports/641307542245252"}}
2025-03-21 15:09:30,861 - INFO - {"request": {"command": "GET https://api.smartsheet.com/2.0/sheets/641307542245252"}}
2025-03-21 15:09:30,861 - ERROR - {"response": {"statusCode": 404, "reason": "Not Found", "content": "<< application/json;charset=UTF-8 content type suppressed >>"}}
2025-03-21 15:09:31,910 - INFO - {"request": {"command": "GET https://api.smartsheet.com/2.0/reports/641307542245252"}}
2025-03-21 15:09:32,141 - INFO - {"request": {"command": "GET https://api.smartsheet.com/2.0/sheets/641307542245252"}}
2025-03-21 15:09:32,141 - ERROR - {"response": {"statusCode": 404, "reason": "Not Found", "content": "<< application/json;charset=UTF-8 content type suppressed >>"}}
2025-03-21 15:09:33,144 - INFO - {"request": {"command": "GET https://api.smartsheet.com/2.0/reports/641307542245252"}}
2025-03-21 15:09:33,414 - INFO - {"request": {"command": "GET https://api.smartsheet.com/2.0/sheets/641307542245252"}}
2025-03-21 15:09:33,414 - ERROR - {"response": {"statusCode": 404, "reason": "Not Found", "content": "<< application/json;charset=UTF-8 content type suppressed >>"}}
2025-03-21 15:09:34,278 - INFO - {"request": {"command": "GET https://api.smartsheet.com/2.0/reports/641307542245252"}}
2025-03-21 15:09:34,502 - INFO - {"request": {"command": "GET https://api.smartsheet.com/2.0/sheets/641307542245252"}}
2025-03-21 15:09:34,502 - ERROR - {"response": {"statusCode": 404, "reason": "Not Found", "content": "<< application/json;charset=UTF-8 content type suppressed >>"}}
2025-03-21 15:09:35,296 - INFO - {"request": {"command": "GET https://api.smartsheet.com/2.0/reports/641307542245252"}}
2025-03-21 15:09:35,501 - INFO - {"request": {"command": "GET https://api.smartsheet.com/2.0/sheets/641307542245252"}}
2025-03-21 15:09:35,502 - ERROR - {"response": {"statusCode": 404, "reason": "Not Found", "content": "<< application/json;charset=UTF-8 content type suppressed >>"}}
2025-03-21 15:09:36,486 - INFO - {"request": {"command": "GET https://api.smartsheet.com/2.0/reports/641307542245252"}}
2025-03-21 15:09:36,875 - INFO - {"request": {"command": "GET https://api.smartsheet.com/2.0/sheets/641307542245252"}}
2025-03-21 15:09:36,876 - ERROR - {"response": {"statusCode": 404, "reason": "Not Found", "content": "<< application/json;charset=UTF-8 content type suppressed >>"}}
2025-03-21 15:09:37,809 - INFO - {"request": {"command": "GET https://api.smartsheet.com/2.0/reports/641307542245252"}}
2025-03-21 15:09:38,053 - INFO - {"request": {"command": "GET https://api.smartsheet.com/2.0/sheets/641307542245252"}}
2025-03-21 15:09:38,054 - ERROR - {"response": {"statusCode": 404, "reason": "Not Found", "content": "<< application/json;charset=UTF-8 content type suppressed >>"}}
2025-03-21 15:09:38,961 - INFO - {"request": {"command": "GET https://api.smartsheet.com/2.0/reports/641307542245252"}}
2025-03-21 15:09:39,181 - INFO - {"request": {"command": "GET https://api.smartsheet.com/2.0/sheets/641307542245252"}}
2025-03-21 15:09:39,181 - ERROR - {"response": {"statusCode": 404, "reason": "Not Found", "content": "<< application/json;charset=UTF-8 content type suppressed >>"}}
2025-03-21 15:09:39,978 - INFO - {"request": {"command": "GET https://api.smartsheet.com/2.0/reports/641307542245252"}}
2025-03-21 15:09:40,201 - INFO - {"request": {"command": "GET https://api.smartsheet.com/2.0/sheets/641307542245252"}}
2025-03-21 15:09:40,201 - ERROR - {"response": {"statusCode": 404, "reason": "Not Found", "content": "<< application/json;charset=UTF-8 content type suppressed >>"}}
2025-03-21 15:09:41,005 - INFO - {"request": {"command": "GET https://api.smartsheet.com/2.0/reports/641307542245252"}}
2025-03-21 15:09:41,240 - INFO - {"request": {"command": "GET https://api.smartsheet.com/2.0/sheets/7806524950112132"}}
2025-03-21 15:09:41,241 - ERROR - {"response": {"statusCode": 404, "reason": "Not Found", "content": "<< application/json;charset=UTF-8 content type suppressed >>"}}
2025-03-21 15:09:42,295 - INFO - {"request": {"command": "GET https://api.smartsheet.com/2.0/reports/7806524950112132"}}
2025-03-21 15:09:42,730 - INFO - {"request": {"command": "GET https://api.smartsheet.com/2.0/sheets/7941747703238532"}}
2025-03-21 15:09:42,731 - ERROR - {"response": {"statusCode": 404, "reason": "Not Found", "content": "<< application/json;charset=UTF-8 content type suppressed >>"}}
2025-03-21 15:09:43,459 - INFO - {"request": {"command": "GET https://api.smartsheet.com/2.0/reports/7941747703238532"}}
2025-03-21 15:09:43,680 - INFO - {"request": {"command": "GET https://api.smartsheet.com/2.0/sheets/8598066753234820"}}
2025-03-21 15:09:43,680 - ERROR - {"response": {"statusCode": 404, "reason": "Not Found", "content": "<< application/json;charset=UTF-8 content type suppressed >>"}}
2025-03-21 15:09:44,663 - INFO - {"request": {"command": "GET https://api.smartsheet.com/2.0/reports/8598066753234820"}}
2025-03-21 15:09:44,895 - INFO - {"request": {"command": "GET https://api.smartsheet.com/2.0/sheets/8598066753234820"}}
2025-03-21 15:09:44,896 - ERROR - {"response": {"statusCode": 404, "reason": "Not Found", "content": "<< application/json;charset=UTF-8 content type suppressed >>"}}
2025-03-21 15:09:46,089 - INFO - {"request": {"command": "GET https://api.smartsheet.com/2.0/reports/8598066753234820"}}
2025-03-21 15:09:46,328 - INFO - {"request": {"command": "GET https://api.smartsheet.com/2.0/sheets/856267943110532"}}
2025-03-21 15:09:46,329 - ERROR - {"response": {"statusCode": 404, "reason": "Not Found", "content": "<< application/json;charset=UTF-8 content type suppressed >>"}}
2025-03-21 15:09:47,657 - INFO - {"request": {"command": "GET https://api.smartsheet.com/2.0/reports/856267943110532"}}
2025-03-21 15:09:47,925 - INFO - {"request": {"command": "GET https://api.smartsheet.com/2.0/sheets/856267943110532"}}
2025-03-21 15:09:47,926 - ERROR - {"response": {"statusCode": 404, "reason": "Not Found", "content": "<< application/json;charset=UTF-8 content type suppressed >>"}}
2025-03-21 15:09:49,107 - INFO - {"request": {"command": "GET https://api.smartsheet.com/2.0/reports/856267943110532"}}
2025-03-21 15:09:49,439 - INFO - {"request": {"command": "GET https://api.smartsheet.com/2.0/sheets/3522652359944068"}}
2025-03-21 15:09:49,440 - ERROR - {"response": {"statusCode": 404, "reason": "Not Found", "content": "<< application/json;charset=UTF-8 content type suppressed >>"}}
2025-03-21 15:09:50,739 - INFO - {"request": {"command": "GET https://api.smartsheet.com/2.0/reports/3522652359944068"}}
2025-03-21 15:09:50,995 - INFO - {"request": {"command": "GET https://api.smartsheet.com/2.0/sheets/3522652359944068"}}
2025-03-21 15:09:50,995 - ERROR - {"response": {"statusCode": 404, "reason": "Not Found", "content": "<< application/json;charset=UTF-8 content type suppressed >>"}}
2025-03-21 15:09:52,002 - INFO - {"request": {"command": "GET https://api.smartsheet.com/2.0/reports/3522652359944068"}}
2025-03-21 15:09:52,218 - INFO - {"request": {"command": "GET https://api.smartsheet.com/2.0/sheets/3204756060563332"}}
2025-03-21 15:09:52,219 - ERROR - {"response": {"statusCode": 404, "reason": "Not Found", "content": "<< application/json;charset=UTF-8 content type suppressed >>"}}
2025-03-21 15:09:53,365 - INFO - {"request": {"command": "GET https://api.smartsheet.com/2.0/reports/3204756060563332"}}
2025-03-21 15:09:53,571 - INFO - {"request": {"command": "GET https://api.smartsheet.com/2.0/sheets/3204756060563332"}}
2025-03-21 15:09:53,571 - ERROR - {"response": {"statusCode": 404, "reason": "Not Found", "content": "<< application/json;charset=UTF-8 content type suppressed >>"}}
2025-03-21 15:09:54,763 - INFO - {"request": {"command": "GET https://api.smartsheet.com/2.0/reports/3204756060563332"}}
2025-03-21 15:09:54,994 - INFO - {"request": {"command": "GET https://api.smartsheet.com/2.0/sheets/7806524950112132"}}
2025-03-21 15:09:54,994 - ERROR - {"response": {"statusCode": 404, "reason": "Not Found", "content": "<< application/json;charset=UTF-8 content type suppressed >>"}}
2025-03-21 15:09:55,902 - INFO - {"request": {"command": "GET https://api.smartsheet.com/2.0/reports/7806524950112132"}}
2025-03-21 15:09:56,243 - INFO - {"request": {"command": "GET https://api.smartsheet.com/2.0/sheets/7806524950112132"}}
2025-03-21 15:09:56,243 - ERROR - {"response": {"statusCode": 404, "reason": "Not Found", "content": "<< application/json;charset=UTF-8 content type suppressed >>"}}
2025-03-21 15:09:57,065 - INFO - {"request": {"command": "GET https://api.smartsheet.com/2.0/reports/7806524950112132"}}
2025-03-21 15:09:57,400 - INFO - {"request": {"command": "GET https://api.smartsheet.com/2.0/sheets/641307542245252"}}
2025-03-21 15:09:57,400 - ERROR - {"response": {"statusCode": 404, "reason": "Not Found", "content": "<< application/json;charset=UTF-8 content type suppressed >>"}}
2025-03-21 15:09:58,682 - INFO - {"request": {"command": "GET https://api.smartsheet.com/2.0/reports/641307542245252"}}
2025-03-21 15:09:58,903 - INFO - {"request": {"command": "GET https://api.smartsheet.com/2.0/sheets/5727445369966468"}}
2025-03-21 15:09:58,904 - ERROR - {"response": {"statusCode": 404, "reason": "Not Found", "content": "<< application/json;charset=UTF-8 content type suppressed >>"}}
2025-03-21 15:10:00,018 - INFO - {"request": {"command": "GET https://api.smartsheet.com/2.0/reports/5727445369966468"}}
2025-03-21 15:10:00,252 - INFO - {"request": {"command": "GET https://api.smartsheet.com/2.0/sheets/7838164097912708"}}
2025-03-21 15:10:00,252 - ERROR - {"response": {"statusCode": 404, "reason": "Not Found", "content": "<< application/json;charset=UTF-8 content type suppressed >>"}}
2025-03-21 15:10:01,462 - INFO - {"request": {"command": "GET https://api.smartsheet.com/2.0/reports/7838164097912708"}}
2025-03-21 15:10:02,888 - INFO - {"request": {"command": "GET https://api.smartsheet.com/2.0/sheets/6884210880341892"}}
2025-03-21 15:10:07,739 - INFO - {"request": {"command": "GET https://api.smartsheet.com/2.0/sheets/6884210880341892"}}
2025-03-21 15:10:12,969 - INFO - {"request": {"command": "GET https://api.smartsheet.com/2.0/sheets/6884210880341892"}}
2025-03-21 15:10:17,285 - INFO - {"request": {"command": "GET https://api.smartsheet.com/2.0/sheets/641307542245252"}}
2025-03-21 15:10:17,285 - ERROR - {"response": {"statusCode": 404, "reason": "Not Found", "content": "<< application/json;charset=UTF-8 content type suppressed >>"}}
2025-03-21 15:10:18,716 - INFO - {"request": {"command": "GET https://api.smartsheet.com/2.0/reports/641307542245252"}}
2025-03-21 15:10:20,472 - INFO - {"request": {"command": "GET https://api.smartsheet.com/2.0/sheets/6884210880341892"}}
2025-03-21 15:10:24,808 - INFO - {"request": {"command": "GET https://api.smartsheet.com/2.0/sheets/641307542245252"}}
2025-03-21 15:10:24,808 - ERROR - {"response": {"statusCode": 404, "reason": "Not Found", "content": "<< application/json;charset=UTF-8 content type suppressed >>"}}
2025-03-21 15:10:25,800 - INFO - {"request": {"command": "GET https://api.smartsheet.com/2.0/reports/641307542245252"}}
2025-03-21 15:10:27,214 - INFO - {"request": {"command": "GET https://api.smartsheet.com/2.0/sheets/6884210880341892"}}
2025-03-21 15:10:30,781 - INFO - {"request": {"command": "GET https://api.smartsheet.com/2.0/sheets/641307542245252"}}
2025-03-21 15:10:30,782 - ERROR - {"response": {"statusCode": 404, "reason": "Not Found", "content": "<< application/json;charset=UTF-8 content type suppressed >>"}}
2025-03-21 15:10:32,264 - INFO - {"request": {"command": "GET https://api.smartsheet.com/2.0/reports/641307542245252"}}
2025-03-21 15:10:33,663 - INFO - {"request": {"command": "GET https://api.smartsheet.com/2.0/sheets/6884210880341892"}}
2025-03-21 15:10:37,873 - INFO - {"request": {"command": "GET https://api.smartsheet.com/2.0/sheets/641307542245252"}}
2025-03-21 15:10:37,874 - ERROR - {"response": {"statusCode": 404, "reason": "Not Found", "content": "<< application/json;charset=UTF-8 content type suppressed >>"}}
2025-03-21 15:10:38,854 - INFO - {"request": {"command": "GET https://api.smartsheet.com/2.0/reports/641307542245252"}}
2025-03-21 15:10:40,186 - INFO - {"request": {"command": "GET https://api.smartsheet.com/2.0/sheets/6884210880341892"}}
2025-03-21 15:10:44,062 - INFO - {"request": {"command": "GET https://api.smartsheet.com/2.0/sheets/641307542245252"}}
2025-03-21 15:10:44,063 - ERROR - {"response": {"statusCode": 404, "reason": "Not Found", "content": "<< application/json;charset=UTF-8 content type suppressed >>"}}
2025-03-21 15:10:45,173 - INFO - {"request": {"command": "GET https://api.smartsheet.com/2.0/reports/641307542245252"}}
2025-03-21 15:10:46,746 - INFO - {"request": {"command": "GET https://api.smartsheet.com/2.0/sheets/6884210880341892"}}
2025-03-21 15:10:50,743 - INFO - {"request": {"command": "GET https://api.smartsheet.com/2.0/sheets/641307542245252"}}
2025-03-21 15:10:50,744 - ERROR - {"response": {"statusCode": 404, "reason": "Not Found", "content": "<< application/json;charset=UTF-8 content type suppressed >>"}}
2025-03-21 15:10:51,828 - INFO - {"request": {"command": "GET https://api.smartsheet.com/2.0/reports/641307542245252"}}
2025-03-21 15:10:53,189 - INFO - {"request": {"command": "GET https://api.smartsheet.com/2.0/sheets/6884210880341892"}}
2025-03-21 15:10:57,160 - INFO - {"request": {"command": "GET https://api.smartsheet.com/2.0/sheets/641307542245252"}}
2025-03-21 15:10:57,161 - ERROR - {"response": {"statusCode": 404, "reason": "Not Found", "content": "<< application/json;charset=UTF-8 content type suppressed >>"}}
2025-03-21 15:10:58,242 - INFO - {"request": {"command": "GET https://api.smartsheet.com/2.0/reports/641307542245252"}}
2025-03-21 15:10:59,557 - INFO - {"request": {"command": "GET https://api.smartsheet.com/2.0/sheets/6884210880341892"}}
2025-03-21 15:11:03,323 - INFO - {"request": {"command": "GET https://api.smartsheet.com/2.0/sheets/641307542245252"}}
2025-03-21 15:11:03,323 - ERROR - {"response": {"statusCode": 404, "reason": "Not Found", "content": "<< application/json;charset=UTF-8 content type suppressed >>"}}
2025-03-21 15:11:04,041 - INFO - {"request": {"command": "GET https://api.smartsheet.com/2.0/reports/641307542245252"}}
2025-03-21 15:11:05,849 - INFO - {"request": {"command": "GET https://api.smartsheet.com/2.0/sheets/6884210880341892"}}
2025-03-21 15:11:09,805 - INFO - {"request": {"command": "GET https://api.smartsheet.com/2.0/sheets/641307542245252"}}
2025-03-21 15:11:09,805 - ERROR - {"response": {"statusCode": 404, "reason": "Not Found", "content": "<< application/json;charset=UTF-8 content type suppressed >>"}}
2025-03-21 15:11:10,937 - INFO - {"request": {"command": "GET https://api.smartsheet.com/2.0/reports/641307542245252"}}
2025-03-21 15:11:12,678 - INFO - {"request": {"command": "GET https://api.smartsheet.com/2.0/sheets/6884210880341892"}}
2025-03-21 15:11:16,415 - INFO - {"request": {"command": "GET https://api.smartsheet.com/2.0/sheets/641307542245252"}}
2025-03-21 15:11:16,416 - ERROR - {"response": {"statusCode": 404, "reason": "Not Found", "content": "<< application/json;charset=UTF-8 content type suppressed >>"}}
2025-03-21 15:11:17,513 - INFO - {"request": {"command": "GET https://api.smartsheet.com/2.0/reports/641307542245252"}}
2025-03-21 15:11:18,927 - INFO - {"request": {"command": "GET https://api.smartsheet.com/2.0/sheets/6884210880341892"}}
2025-03-21 15:11:22,840 - INFO - {"request": {"command": "GET https://api.smartsheet.com/2.0/sheets/5727445369966468"}}
2025-03-21 15:11:22,841 - ERROR - {"response": {"statusCode": 404, "reason": "Not Found", "content": "<< application/json;charset=UTF-8 content type suppressed >>"}}
2025-03-21 15:11:23,613 - INFO - {"request": {"command": "GET https://api.smartsheet.com/2.0/reports/5727445369966468"}}
2025-03-21 15:11:24,901 - INFO - {"request": {"command": "GET https://api.smartsheet.com/2.0/sheets/6884210880341892"}}
2025-03-21 15:11:28,962 - INFO - {"request": {"command": "GET https://api.smartsheet.com/2.0/sheets/5727445369966468"}}
2025-03-21 15:11:28,962 - ERROR - {"response": {"statusCode": 404, "reason": "Not Found", "content": "<< application/json;charset=UTF-8 content type suppressed >>"}}
2025-03-21 15:11:30,138 - INFO - {"request": {"command": "GET https://api.smartsheet.com/2.0/reports/5727445369966468"}}
2025-03-21 15:11:31,639 - INFO - {"request": {"command": "GET https://api.smartsheet.com/2.0/sheets/6884210880341892"}}
2025-03-21 15:11:35,512 - INFO - {"request": {"command": "GET https://api.smartsheet.com/2.0/sheets/5727445369966468"}}
2025-03-21 15:11:35,513 - ERROR - {"response": {"statusCode": 404, "reason": "Not Found", "content": "<< application/json;charset=UTF-8 content type suppressed >>"}}
2025-03-21 15:11:36,569 - INFO - {"request": {"command": "GET https://api.smartsheet.com/2.0/reports/5727445369966468"}}
2025-03-21 15:11:37,932 - INFO - {"request": {"command": "GET https://api.smartsheet.com/2.0/sheets/6884210880341892"}}
2025-03-21 15:11:41,504 - INFO - {"request": {"command": "GET https://api.smartsheet.com/2.0/sheets/5727445369966468"}}
2025-03-21 15:11:41,505 - ERROR - {"response": {"statusCode": 404, "reason": "Not Found", "content": "<< application/json;charset=UTF-8 content type suppressed >>"}}
2025-03-21 15:11:42,460 - INFO - {"request": {"command": "GET https://api.smartsheet.com/2.0/reports/5727445369966468"}}
2025-03-21 15:11:43,851 - INFO - {"request": {"command": "GET https://api.smartsheet.com/2.0/sheets/6884210880341892"}}
2025-03-21 15:11:47,714 - INFO - {"request": {"command": "GET https://api.smartsheet.com/2.0/sheets/5727445369966468"}}
2025-03-21 15:11:47,715 - ERROR - {"response": {"statusCode": 404, "reason": "Not Found", "content": "<< application/json;charset=UTF-8 content type suppressed >>"}}
2025-03-21 15:11:49,094 - INFO - {"request": {"command": "GET https://api.smartsheet.com/2.0/reports/5727445369966468"}}
2025-03-21 15:11:50,594 - INFO - {"request": {"command": "GET https://api.smartsheet.com/2.0/sheets/6884210880341892"}}
2025-03-21 15:11:54,595 - INFO - {"request": {"command": "GET https://api.smartsheet.com/2.0/sheets/5727445369966468"}}
2025-03-21 15:11:54,596 - ERROR - {"response": {"statusCode": 404, "reason": "Not Found", "content": "<< application/json;charset=UTF-8 content type suppressed >>"}}
2025-03-21 15:11:55,364 - INFO - {"request": {"command": "GET https://api.smartsheet.com/2.0/reports/5727445369966468"}}
2025-03-21 15:11:56,591 - INFO - {"request": {"command": "GET https://api.smartsheet.com/2.0/sheets/6884210880341892"}}
2025-03-21 15:12:00,485 - INFO - {"request": {"command": "GET https://api.smartsheet.com/2.0/sheets/5727445369966468"}}
2025-03-21 15:12:00,486 - ERROR - {"response": {"statusCode": 404, "reason": "Not Found", "content": "<< application/json;charset=UTF-8 content type suppressed >>"}}
2025-03-21 15:12:01,600 - INFO - {"request": {"command": "GET https://api.smartsheet.com/2.0/reports/5727445369966468"}}
2025-03-21 15:12:02,814 - INFO - {"request": {"command": "GET https://api.smartsheet.com/2.0/sheets/6884210880341892"}}
2025-03-21 15:12:08,059 - INFO - {"request": {"command": "GET https://api.smartsheet.com/2.0/sheets/5727445369966468"}}
2025-03-21 15:12:08,060 - ERROR - {"response": {"statusCode": 404, "reason": "Not Found", "content": "<< application/json;charset=UTF-8 content type suppressed >>"}}
2025-03-21 15:12:08,850 - INFO - {"request": {"command": "GET https://api.smartsheet.com/2.0/reports/5727445369966468"}}
2025-03-21 15:12:10,316 - INFO - {"request": {"command": "GET https://api.smartsheet.com/2.0/sheets/6884210880341892"}}
2025-03-21 15:12:13,895 - INFO - {"request": {"command": "GET https://api.smartsheet.com/2.0/sheets/5727445369966468"}}
2025-03-21 15:12:13,895 - ERROR - {"response": {"statusCode": 404, "reason": "Not Found", "content": "<< application/json;charset=UTF-8 content type suppressed >>"}}
2025-03-21 15:12:14,926 - INFO - {"request": {"command": "GET https://api.smartsheet.com/2.0/reports/5727445369966468"}}
2025-03-21 15:12:16,363 - INFO - {"request": {"command": "GET https://api.smartsheet.com/2.0/sheets/6884210880341892"}}
2025-03-21 15:12:31,707 - ERROR - ImportError! Could not load api or model class __iter__
2025-03-21 15:12:38,977 - ERROR - ImportError! Could not load api or model class __iter__
2025-03-21 15:16:45,357 - ERROR - ImportError! Could not load api or model class __iter__
2025-03-21 15:19:15,539 - ERROR - ImportError! Could not load api or model class __iter__
2025-03-21 15:28:14,237 - ERROR - ImportError! Could not load api or model class __iter__
2025-03-21 15:29:13,222 - ERROR - ImportError! Could not load api or model class __iter__
2025-03-21 15:30:00,042 - ERROR - ImportError! Could not load api or model class __iter__
2025-03-21 15:30:21,535 - ERROR - ImportError! Could not load api or model class __iter__
