2025-03-26 08:06:29,334 - INFO - Script started.
2025-03-26 08:06:30,621 - INFO - {"request": {"command": "GET https://api.smartsheet.com/2.0/sheets/6375545637916548"}}
2025-03-26 08:06:31,028 - INFO - {"request": {"command": "GET https://api.smartsheet.com/2.0/sheets/6375545637916548"}}
2025-03-26 08:06:31,590 - INFO - {"request": {"command": "GET https://api.smartsheet.com/2.0/sheets/6375545637916548"}}
2025-03-26 08:06:32,816 - INFO - {"request": {"command": "GET https://api.smartsheet.com/2.0/sheets/8286888007782276"}}
2025-03-26 08:06:34,076 - INFO - {"request": {"command": "GET https://api.smartsheet.com/2.0/sheets/8286888007782276"}}
2025-03-26 08:06:36,646 - INFO - {"request": {"command": "GET https://api.smartsheet.com/2.0/sheets/1321399974422404"}}
2025-03-26 08:06:39,424 - INFO - {"request": {"command": "GET https://api.smartsheet.com/2.0/sheets/3343337609553796"}}
2025-03-26 08:06:39,425 - ERROR - {"response": {"statusCode": 404, "reason": "Not Found", "content": "<< application/json;charset=UTF-8 content type suppressed >>"}}
2025-03-26 08:06:40,332 - INFO - {"request": {"command": "GET https://api.smartsheet.com/2.0/reports/3343337609553796"}}
2025-03-26 08:06:41,466 - INFO - {"request": {"command": "GET https://api.smartsheet.com/2.0/sheets/1321399974422404"}}
2025-03-26 08:06:44,949 - INFO - {"request": {"command": "GET https://api.smartsheet.com/2.0/sheets/1321399974422404"}}
2025-03-26 08:06:48,353 - INFO - {"request": {"command": "GET https://api.smartsheet.com/2.0/sheets/6626954460850052"}}
2025-03-26 08:06:48,618 - INFO - {"request": {"command": "GET https://api.smartsheet.com/2.0/sheets/1049489529169796"}}
2025-03-26 08:06:48,619 - ERROR - {"response": {"statusCode": 404, "reason": "Not Found", "content": "<< application/json;charset=UTF-8 content type suppressed >>"}}
2025-03-26 08:06:49,460 - INFO - {"request": {"command": "GET https://api.smartsheet.com/2.0/reports/1049489529169796"}}
2025-03-26 08:06:49,973 - INFO - {"request": {"command": "GET https://api.smartsheet.com/2.0/sheets/1567434936215428"}}
2025-03-26 08:06:50,917 - INFO - {"request": {"command": "GET https://api.smartsheet.com/2.0/sheets/1321399974422404"}}
2025-03-26 08:06:53,591 - INFO - {"request": {"command": "GET https://api.smartsheet.com/2.0/sheets/7806524950112132"}}
2025-03-26 08:06:53,592 - ERROR - {"response": {"statusCode": 404, "reason": "Not Found", "content": "<< application/json;charset=UTF-8 content type suppressed >>"}}
2025-03-26 08:06:54,441 - INFO - {"request": {"command": "GET https://api.smartsheet.com/2.0/reports/7806524950112132"}}
2025-03-26 08:06:54,810 - INFO - {"request": {"command": "GET https://api.smartsheet.com/2.0/sheets/838036346589060"}}
2025-03-26 08:06:54,811 - ERROR - {"response": {"statusCode": 404, "reason": "Not Found", "content": "<< application/json;charset=UTF-8 content type suppressed >>"}}
2025-03-26 08:06:55,751 - INFO - {"request": {"command": "GET https://api.smartsheet.com/2.0/reports/838036346589060"}}
2025-03-26 08:06:56,072 - INFO - {"request": {"command": "GET https://api.smartsheet.com/2.0/sheets/514056393805700"}}
2025-03-26 08:06:56,073 - ERROR - {"response": {"statusCode": 404, "reason": "Not Found", "content": "<< application/json;charset=UTF-8 content type suppressed >>"}}
2025-03-26 08:06:57,813 - INFO - {"request": {"command": "GET https://api.smartsheet.com/2.0/reports/514056393805700"}}
2025-03-26 08:06:58,115 - INFO - {"request": {"command": "GET https://api.smartsheet.com/2.0/sheets/119227404314500"}}
2025-03-26 08:06:58,116 - ERROR - {"response": {"statusCode": 404, "reason": "Not Found", "content": "<< application/json;charset=UTF-8 content type suppressed >>"}}
2025-03-26 08:06:59,299 - INFO - {"request": {"command": "GET https://api.smartsheet.com/2.0/reports/119227404314500"}}
2025-03-26 08:06:59,626 - INFO - {"request": {"command": "GET https://api.smartsheet.com/2.0/sheets/119227404314500"}}
2025-03-26 08:06:59,626 - ERROR - {"response": {"statusCode": 404, "reason": "Not Found", "content": "<< application/json;charset=UTF-8 content type suppressed >>"}}
2025-03-26 08:07:00,605 - INFO - {"request": {"command": "GET https://api.smartsheet.com/2.0/reports/119227404314500"}}
2025-03-26 08:07:00,996 - INFO - {"request": {"command": "GET https://api.smartsheet.com/2.0/sheets/6830703011751812"}}
2025-03-26 08:07:00,996 - ERROR - {"response": {"statusCode": 404, "reason": "Not Found", "content": "<< application/json;charset=UTF-8 content type suppressed >>"}}
2025-03-26 08:07:02,138 - INFO - {"request": {"command": "GET https://api.smartsheet.com/2.0/reports/6830703011751812"}}
2025-03-26 08:07:02,407 - INFO - {"request": {"command": "GET https://api.smartsheet.com/2.0/sheets/5416198482487172"}}
2025-03-26 08:07:02,407 - ERROR - {"response": {"statusCode": 404, "reason": "Not Found", "content": "<< application/json;charset=UTF-8 content type suppressed >>"}}
2025-03-26 08:07:03,446 - INFO - {"request": {"command": "GET https://api.smartsheet.com/2.0/reports/5416198482487172"}}
2025-03-26 08:07:03,724 - INFO - {"request": {"command": "GET https://api.smartsheet.com/2.0/sheets/4071633200670596"}}
2025-03-26 08:07:03,724 - ERROR - {"response": {"statusCode": 404, "reason": "Not Found", "content": "<< application/json;charset=UTF-8 content type suppressed >>"}}
2025-03-26 08:07:04,714 - INFO - {"request": {"command": "GET https://api.smartsheet.com/2.0/reports/4071633200670596"}}
2025-03-26 08:07:04,934 - INFO - {"request": {"command": "GET https://api.smartsheet.com/2.0/sheets/6253025107961732"}}
2025-03-26 08:07:04,934 - ERROR - {"response": {"statusCode": 404, "reason": "Not Found", "content": "<< application/json;charset=UTF-8 content type suppressed >>"}}
2025-03-26 08:07:05,736 - INFO - {"request": {"command": "GET https://api.smartsheet.com/2.0/reports/6253025107961732"}}
2025-03-26 08:07:05,922 - INFO - {"request": {"command": "GET https://api.smartsheet.com/2.0/sheets/1201203477538692"}}
2025-03-26 08:07:05,923 - ERROR - {"response": {"statusCode": 404, "reason": "Not Found", "content": "<< application/json;charset=UTF-8 content type suppressed >>"}}
2025-03-26 08:07:06,701 - INFO - {"request": {"command": "GET https://api.smartsheet.com/2.0/reports/1201203477538692"}}
2025-03-26 08:07:06,913 - INFO - {"request": {"command": "GET https://api.smartsheet.com/2.0/sheets/4035160338392964"}}
2025-03-26 08:07:06,913 - ERROR - {"response": {"statusCode": 404, "reason": "Not Found", "content": "<< application/json;charset=UTF-8 content type suppressed >>"}}
2025-03-26 08:07:07,812 - INFO - {"request": {"command": "GET https://api.smartsheet.com/2.0/reports/4035160338392964"}}
2025-03-26 08:07:08,024 - INFO - {"request": {"command": "GET https://api.smartsheet.com/2.0/sheets/5033933884313476"}}
2025-03-26 08:07:08,024 - ERROR - {"response": {"statusCode": 404, "reason": "Not Found", "content": "<< application/json;charset=UTF-8 content type suppressed >>"}}
2025-03-26 08:07:08,755 - INFO - {"request": {"command": "GET https://api.smartsheet.com/2.0/reports/5033933884313476"}}
2025-03-26 08:07:08,916 - INFO - {"request": {"command": "GET https://api.smartsheet.com/2.0/sheets/2610120080969604"}}
2025-03-26 08:07:08,917 - ERROR - {"response": {"statusCode": 404, "reason": "Not Found", "content": "<< application/json;charset=UTF-8 content type suppressed >>"}}
2025-03-26 08:07:09,588 - INFO - {"request": {"command": "GET https://api.smartsheet.com/2.0/reports/2610120080969604"}}
2025-03-26 08:07:09,766 - INFO - {"request": {"command": "GET https://api.smartsheet.com/2.0/sheets/7806524950112132"}}
2025-03-26 08:07:09,767 - ERROR - {"response": {"statusCode": 404, "reason": "Not Found", "content": "<< application/json;charset=UTF-8 content type suppressed >>"}}
2025-03-26 08:07:10,644 - INFO - {"request": {"command": "GET https://api.smartsheet.com/2.0/reports/7806524950112132"}}
2025-03-26 08:07:12,324 - INFO - {"request": {"command": "GET https://api.smartsheet.com/2.0/sheets/4928893615400836"}}
2025-03-26 08:07:21,412 - INFO - {"request": {"command": "GET https://api.smartsheet.com/2.0/sheets/6300903738238852"}}
2025-03-26 08:07:25,463 - INFO - {"request": {"command": "GET https://api.smartsheet.com/2.0/sheets/5213426365556612"}}
2025-03-26 08:07:25,464 - ERROR - {"response": {"statusCode": 404, "reason": "Not Found", "content": "<< application/json;charset=UTF-8 content type suppressed >>"}}
2025-03-26 08:07:26,306 - INFO - {"request": {"command": "GET https://api.smartsheet.com/2.0/reports/5213426365556612"}}
2025-03-26 08:07:26,626 - INFO - {"request": {"command": "GET https://api.smartsheet.com/2.0/sheets/3136311461734276"}}
2025-03-26 08:07:26,627 - ERROR - {"response": {"statusCode": 404, "reason": "Not Found", "content": "<< application/json;charset=UTF-8 content type suppressed >>"}}
2025-03-26 08:07:28,050 - INFO - {"request": {"command": "GET https://api.smartsheet.com/2.0/reports/3136311461734276"}}
2025-03-26 08:07:28,253 - INFO - {"request": {"command": "GET https://api.smartsheet.com/2.0/sheets/313057659381636"}}
2025-03-26 08:07:28,253 - ERROR - {"response": {"statusCode": 404, "reason": "Not Found", "content": "<< application/json;charset=UTF-8 content type suppressed >>"}}
2025-03-26 08:07:28,984 - INFO - {"request": {"command": "GET https://api.smartsheet.com/2.0/reports/313057659381636"}}
2025-03-26 08:07:29,204 - INFO - {"request": {"command": "GET https://api.smartsheet.com/2.0/sheets/2010411554891652"}}
2025-03-26 08:07:29,205 - ERROR - {"response": {"statusCode": 404, "reason": "Not Found", "content": "<< application/json;charset=UTF-8 content type suppressed >>"}}
2025-03-26 08:07:30,020 - INFO - {"request": {"command": "GET https://api.smartsheet.com/2.0/reports/2010411554891652"}}
2025-03-26 08:07:30,184 - INFO - {"request": {"command": "GET https://api.smartsheet.com/2.0/sheets/3524542145554308"}}
2025-03-26 08:07:30,184 - ERROR - {"response": {"statusCode": 404, "reason": "Not Found", "content": "<< application/json;charset=UTF-8 content type suppressed >>"}}
2025-03-26 08:07:30,841 - INFO - {"request": {"command": "GET https://api.smartsheet.com/2.0/reports/3524542145554308"}}
2025-03-26 08:07:31,050 - INFO - {"request": {"command": "GET https://api.smartsheet.com/2.0/sheets/3999909125875588"}}
2025-03-26 08:07:31,050 - ERROR - {"response": {"statusCode": 404, "reason": "Not Found", "content": "<< application/json;charset=UTF-8 content type suppressed >>"}}
2025-03-26 08:07:31,717 - INFO - {"request": {"command": "GET https://api.smartsheet.com/2.0/reports/3999909125875588"}}
2025-03-26 08:07:31,899 - INFO - {"request": {"command": "GET https://api.smartsheet.com/2.0/sheets/4236166686893956"}}
2025-03-26 08:07:31,899 - ERROR - {"response": {"statusCode": 404, "reason": "Not Found", "content": "<< application/json;charset=UTF-8 content type suppressed >>"}}
2025-03-26 08:07:32,586 - INFO - {"request": {"command": "GET https://api.smartsheet.com/2.0/reports/4236166686893956"}}
2025-03-26 08:07:32,788 - INFO - {"request": {"command": "GET https://api.smartsheet.com/2.0/sheets/1928360499668868"}}
2025-03-26 08:07:32,789 - ERROR - {"response": {"statusCode": 404, "reason": "Not Found", "content": "<< application/json;charset=UTF-8 content type suppressed >>"}}
2025-03-26 08:07:33,702 - INFO - {"request": {"command": "GET https://api.smartsheet.com/2.0/reports/1928360499668868"}}
2025-03-26 08:07:33,888 - INFO - {"request": {"command": "GET https://api.smartsheet.com/2.0/sheets/8598066753234820"}}
2025-03-26 08:07:33,889 - ERROR - {"response": {"statusCode": 404, "reason": "Not Found", "content": "<< application/json;charset=UTF-8 content type suppressed >>"}}
2025-03-26 08:07:35,046 - INFO - {"request": {"command": "GET https://api.smartsheet.com/2.0/reports/8598066753234820"}}
2025-03-26 08:07:35,225 - INFO - {"request": {"command": "GET https://api.smartsheet.com/2.0/sheets/8598066753234820"}}
2025-03-26 08:07:35,226 - ERROR - {"response": {"statusCode": 404, "reason": "Not Found", "content": "<< application/json;charset=UTF-8 content type suppressed >>"}}
2025-03-26 08:07:36,562 - INFO - {"request": {"command": "GET https://api.smartsheet.com/2.0/reports/8598066753234820"}}
2025-03-26 08:07:36,767 - INFO - {"request": {"command": "GET https://api.smartsheet.com/2.0/sheets/856267943110532"}}
2025-03-26 08:07:36,767 - ERROR - {"response": {"statusCode": 404, "reason": "Not Found", "content": "<< application/json;charset=UTF-8 content type suppressed >>"}}
2025-03-26 08:07:37,607 - INFO - {"request": {"command": "GET https://api.smartsheet.com/2.0/reports/856267943110532"}}
2025-03-26 08:07:37,815 - INFO - {"request": {"command": "GET https://api.smartsheet.com/2.0/sheets/856267943110532"}}
2025-03-26 08:07:37,815 - ERROR - {"response": {"statusCode": 404, "reason": "Not Found", "content": "<< application/json;charset=UTF-8 content type suppressed >>"}}
2025-03-26 08:07:38,650 - INFO - {"request": {"command": "GET https://api.smartsheet.com/2.0/reports/856267943110532"}}
2025-03-26 08:07:38,855 - INFO - {"request": {"command": "GET https://api.smartsheet.com/2.0/sheets/3522652359944068"}}
2025-03-26 08:07:38,856 - ERROR - {"response": {"statusCode": 404, "reason": "Not Found", "content": "<< application/json;charset=UTF-8 content type suppressed >>"}}
2025-03-26 08:07:39,870 - INFO - {"request": {"command": "GET https://api.smartsheet.com/2.0/reports/3522652359944068"}}
2025-03-26 08:07:40,098 - INFO - {"request": {"command": "GET https://api.smartsheet.com/2.0/sheets/3522652359944068"}}
2025-03-26 08:07:40,098 - ERROR - {"response": {"statusCode": 404, "reason": "Not Found", "content": "<< application/json;charset=UTF-8 content type suppressed >>"}}
2025-03-26 08:07:41,216 - INFO - {"request": {"command": "GET https://api.smartsheet.com/2.0/reports/3522652359944068"}}
2025-03-26 08:07:41,456 - INFO - {"request": {"command": "GET https://api.smartsheet.com/2.0/sheets/3204756060563332"}}
2025-03-26 08:07:41,456 - ERROR - {"response": {"statusCode": 404, "reason": "Not Found", "content": "<< application/json;charset=UTF-8 content type suppressed >>"}}
2025-03-26 08:07:42,486 - INFO - {"request": {"command": "GET https://api.smartsheet.com/2.0/reports/3204756060563332"}}
2025-03-26 08:07:42,753 - INFO - {"request": {"command": "GET https://api.smartsheet.com/2.0/sheets/3204756060563332"}}
2025-03-26 08:07:42,753 - ERROR - {"response": {"statusCode": 404, "reason": "Not Found", "content": "<< application/json;charset=UTF-8 content type suppressed >>"}}
2025-03-26 08:07:44,294 - INFO - {"request": {"command": "GET https://api.smartsheet.com/2.0/reports/3204756060563332"}}
2025-03-26 08:07:46,152 - INFO - {"request": {"command": "GET https://api.smartsheet.com/2.0/sheets/4552067932022660"}}
2025-03-26 08:08:00,380 - INFO - {"request": {"command": "GET https://api.smartsheet.com/2.0/sheets/4552067932022660"}}
2025-03-26 08:08:13,646 - INFO - {"request": {"command": "GET https://api.smartsheet.com/2.0/sheets/7806524950112132"}}
2025-03-26 08:08:13,646 - ERROR - {"response": {"statusCode": 404, "reason": "Not Found", "content": "<< application/json;charset=UTF-8 content type suppressed >>"}}
2025-03-26 08:08:14,430 - INFO - {"request": {"command": "GET https://api.smartsheet.com/2.0/reports/7806524950112132"}}
2025-03-26 08:08:16,094 - INFO - {"request": {"command": "GET https://api.smartsheet.com/2.0/sheets/1321399974422404"}}
2025-03-26 08:08:19,461 - INFO - {"request": {"command": "GET https://api.smartsheet.com/2.0/sheets/1321399974422404"}}
2025-03-26 08:08:23,428 - INFO - {"request": {"command": "GET https://api.smartsheet.com/2.0/sheets/1321399974422404"}}
2025-03-26 08:08:26,297 - INFO - {"request": {"command": "GET https://api.smartsheet.com/2.0/sheets/1067526747645828"}}
2025-03-26 08:08:26,298 - ERROR - {"response": {"statusCode": 404, "reason": "Not Found", "content": "<< application/json;charset=UTF-8 content type suppressed >>"}}
2025-03-26 08:08:27,169 - INFO - {"request": {"command": "GET https://api.smartsheet.com/2.0/reports/1067526747645828"}}
2025-03-26 08:08:27,614 - INFO - {"request": {"command": "GET https://api.smartsheet.com/2.0/sheets/4823963378444164"}}
2025-03-26 08:08:27,962 - INFO - {"request": {"command": "GET https://api.smartsheet.com/2.0/sheets/4823963378444164"}}
2025-03-26 08:08:28,443 - INFO - {"request": {"command": "GET https://api.smartsheet.com/2.0/sheets/4823963378444164"}}
2025-03-26 08:08:28,602 - INFO - {"request": {"command": "GET https://api.smartsheet.com/2.0/sheets/2538835208310660"}}
2025-03-26 08:08:28,603 - ERROR - {"response": {"statusCode": 404, "reason": "Not Found", "content": "<< application/json;charset=UTF-8 content type suppressed >>"}}
2025-03-26 08:08:28,753 - INFO - {"request": {"command": "GET https://api.smartsheet.com/2.0/reports/2538835208310660"}}
2025-03-26 08:08:28,754 - ERROR - {"response": {"statusCode": 404, "reason": "Not Found", "content": "<< application/json;charset=UTF-8 content type suppressed >>"}}
2025-03-26 08:08:28,756 - ERROR - GET_SHEET_OR_REPORT NONE Error: {"result": {"code": 1006, "errorCode": 1006, "message": "Not Found", "name": "ApiError", "recommendation": "Do not retry without fixing the problem. ", "refId": "q4ybwb", "shouldRetry": false, "statusCode": 404}}
2025-03-26 08:09:05,681 - INFO - {"request": {"command": "PUT https://api.smartsheet.com/2.0/sheets/8286888007782276/rows"}}
2025-03-26 08:09:14,559 - INFO - {"request": {"command": "PUT https://api.smartsheet.com/2.0/sheets/6375545637916548/rows"}}
2025-03-26 08:09:51,773 - INFO - {"request": {"command": "PUT https://api.smartsheet.com/2.0/sheets/8286888007782276/rows"}}
2025-03-26 08:09:52,354 - INFO - {"request": {"command": "PUT https://api.smartsheet.com/2.0/sheets/6375545637916548/rows"}}
2025-03-26 08:09:53,153 - INFO - {"request": {"command": "GET https://api.smartsheet.com/2.0/sheets/8286888007782276"}}
2025-03-26 08:09:53,629 - INFO - {"request": {"command": "GET https://api.smartsheet.com/2.0/sheets/8286888007782276"}}
2025-03-26 08:09:54,455 - INFO - {"request": {"command": "GET https://api.smartsheet.com/2.0/sheets/927699087714180"}}
2025-03-26 08:09:54,824 - INFO - {"request": {"command": "GET https://api.smartsheet.com/2.0/sheets/7025547290142596"}}
2025-03-26 08:09:55,208 - INFO - {"request": {"command": "GET https://api.smartsheet.com/2.0/sheets/3802319289640836"}}
2025-03-26 08:09:56,431 - INFO - {"request": {"command": "GET https://api.smartsheet.com/2.0/sheets/3318326337267588"}}
2025-03-26 08:09:57,658 - INFO - {"request": {"command": "GET https://api.smartsheet.com/2.0/sheets/2626405101004676"}}
2025-03-26 08:09:59,224 - INFO - {"request": {"command": "GET https://api.smartsheet.com/2.0/sheets/7076538148513668"}}
2025-03-26 08:10:04,206 - INFO - {"request": {"command": "GET https://api.smartsheet.com/2.0/sheets/7076538148513668"}}
2025-03-26 08:10:08,774 - INFO - {"request": {"command": "GET https://api.smartsheet.com/2.0/sheets/8985484681602948"}}
2025-03-26 08:10:10,218 - INFO - {"request": {"command": "GET https://api.smartsheet.com/2.0/sheets/4846896138217348"}}
2025-03-26 08:10:13,400 - INFO - {"request": {"command": "GET https://api.smartsheet.com/2.0/sheets/6394619958192004"}}
2025-03-26 08:10:15,089 - INFO - {"request": {"command": "GET https://api.smartsheet.com/2.0/sheets/5889084137727876"}}
2025-03-26 08:10:16,746 - INFO - {"request": {"command": "GET https://api.smartsheet.com/2.0/sheets/8972796274468740"}}
2025-03-26 08:10:17,866 - INFO - {"request": {"command": "GET https://api.smartsheet.com/2.0/sheets/8302056399234948"}}
2025-03-26 08:10:18,885 - INFO - {"request": {"command": "GET https://api.smartsheet.com/2.0/sheets/5418305407215492"}}
2025-03-26 08:10:20,194 - INFO - {"request": {"command": "GET https://api.smartsheet.com/2.0/sheets/5418305407215492"}}
2025-03-26 08:10:21,669 - INFO - {"request": {"command": "GET https://api.smartsheet.com/2.0/sheets/5418305407215492"}}
2025-03-26 08:10:22,969 - INFO - {"request": {"command": "GET https://api.smartsheet.com/2.0/sheets/5418305407215492"}}
2025-03-26 08:10:24,579 - INFO - {"request": {"command": "GET https://api.smartsheet.com/2.0/sheets/5418305407215492"}}
2025-03-26 08:10:26,273 - INFO - {"request": {"command": "GET https://api.smartsheet.com/2.0/sheets/5418305407215492"}}
2025-03-26 08:10:28,154 - INFO - {"request": {"command": "GET https://api.smartsheet.com/2.0/sheets/5418305407215492"}}
2025-03-26 08:10:29,504 - INFO - {"request": {"command": "GET https://api.smartsheet.com/2.0/sheets/5418305407215492"}}
2025-03-26 08:10:32,458 - INFO - {"request": {"command": "GET https://api.smartsheet.com/2.0/sheets/4675179990280068"}}
2025-03-26 08:10:35,222 - INFO - {"request": {"command": "GET https://api.smartsheet.com/2.0/sheets/7139522434623364"}}
2025-03-26 08:10:36,480 - INFO - {"request": {"command": "GET https://api.smartsheet.com/2.0/sheets/7139522434623364"}}
2025-03-26 08:10:38,144 - INFO - {"request": {"command": "GET https://api.smartsheet.com/2.0/sheets/7587854214817668"}}
2025-03-26 08:10:43,052 - INFO - {"request": {"command": "GET https://api.smartsheet.com/2.0/sheets/8632242219050884"}}
2025-03-26 08:10:48,631 - INFO - {"request": {"command": "GET https://api.smartsheet.com/2.0/sheets/4447916199831428"}}
2025-03-26 08:11:00,005 - INFO - {"request": {"command": "GET https://api.smartsheet.com/2.0/sheets/436283903371140"}}
2025-03-26 08:11:07,489 - INFO - {"request": {"command": "GET https://api.smartsheet.com/2.0/sheets/958078809073540"}}
2025-03-26 08:11:17,497 - INFO - {"request": {"command": "GET https://api.smartsheet.com/2.0/sheets/1032417847863172"}}
2025-03-26 08:11:19,014 - INFO - {"request": {"command": "GET https://api.smartsheet.com/2.0/sheets/6805970316748676"}}
2025-03-26 08:11:21,699 - INFO - {"request": {"command": "GET https://api.smartsheet.com/2.0/sheets/5299063055771524"}}
2025-03-26 08:11:23,806 - INFO - {"request": {"command": "GET https://api.smartsheet.com/2.0/sheets/5299063055771524"}}
2025-03-26 08:11:25,793 - INFO - {"request": {"command": "GET https://api.smartsheet.com/2.0/sheets/6805970316748676"}}
2025-03-26 08:11:29,415 - INFO - {"request": {"command": "GET https://api.smartsheet.com/2.0/sheets/8632242219050884"}}
2025-03-26 08:11:34,187 - INFO - {"request": {"command": "GET https://api.smartsheet.com/2.0/sheets/7587854214817668"}}
2025-03-26 08:11:38,929 - INFO - {"request": {"command": "GET https://api.smartsheet.com/2.0/sheets/436283903371140"}}
2025-03-26 08:11:41,027 - INFO - {"request": {"command": "GET https://api.smartsheet.com/2.0/sheets/4447916199831428"}}
2025-03-26 08:11:51,476 - INFO - {"request": {"command": "GET https://api.smartsheet.com/2.0/sheets/1032417847863172"}}
2025-03-26 08:11:54,807 - INFO - {"request": {"command": "GET https://api.smartsheet.com/2.0/sheets/958078809073540"}}
2025-03-26 08:12:03,527 - INFO - {"request": {"command": "GET https://api.smartsheet.com/2.0/sheets/7139522434623364"}}
2025-03-26 08:12:04,645 - INFO - {"request": {"command": "GET https://api.smartsheet.com/2.0/sheets/7139522434623364"}}
2025-03-26 08:12:06,653 - INFO - {"request": {"command": "GET https://api.smartsheet.com/2.0/sheets/6177578441566084"}}
2025-03-26 08:12:07,860 - INFO - {"request": {"command": "GET https://api.smartsheet.com/2.0/sheets/6867960678639492"}}
2025-03-26 08:12:08,289 - INFO - {"request": {"command": "GET https://api.smartsheet.com/2.0/sheets/2628866612193156"}}
2025-03-26 08:12:08,624 - INFO - {"request": {"command": "GET https://api.smartsheet.com/2.0/sheets/8645286865201028"}}
2025-03-26 08:12:09,204 - INFO - {"request": {"command": "GET https://api.smartsheet.com/2.0/sheets/5418305407215492"}}
2025-03-26 08:12:11,126 - INFO - {"request": {"command": "GET https://api.smartsheet.com/2.0/sheets/7209223378495364"}}
2025-03-26 08:12:17,993 - INFO - {"request": {"command": "GET https://api.smartsheet.com/2.0/sheets/7380175961778052"}}
2025-03-26 08:12:24,566 - INFO - {"request": {"command": "GET https://api.smartsheet.com/2.0/sheets/6646101626382212"}}
2025-03-26 08:12:31,315 - INFO - {"request": {"command": "PUT https://api.smartsheet.com/2.0/sheets/6375545637916548/rows"}}
2025-03-26 08:12:31,316 - INFO - Script executed successfully.
