2025-04-18 11:31:35,362 - INFO - Script started.
2025-04-18 11:31:36,603 - INFO - {"request": {"command": "GET https://api.smartsheet.com/2.0/sheets/6375545637916548"}}
2025-04-18 11:31:36,988 - INFO - {"request": {"command": "GET https://api.smartsheet.com/2.0/sheets/6375545637916548"}}
2025-04-18 11:31:37,446 - INFO - {"request": {"command": "GET https://api.smartsheet.com/2.0/sheets/6375545637916548"}}
2025-04-18 11:31:37,899 - INFO - {"request": {"command": "GET https://api.smartsheet.com/2.0/sheets/8286888007782276"}}
2025-04-18 11:31:38,315 - INFO - {"request": {"command": "GET https://api.smartsheet.com/2.0/sheets/8286888007782276"}}
2025-04-18 11:31:38,724 - INFO - Sheet Dictionary: {'1049489529169796': 'https://app.smartsheet.com/reports/Jpc6jg4M9JC2Mfv86MQhGJxVPF7qwJ5xWhJGjGF1', '1067526747645828': 'https://app.smartsheet.com/reports/VprCVRCv4c73GHQWVJQxPX8wPCGw9fgrMhwXfg81', '119227404314500': 'https://app.smartsheet.com/reports/WjGFCCJVvg3HGHQGgXXVHfjwjhwXGFCh9Qcq9Wx1', '1201203477538692': 'https://app.smartsheet.com/reports/w725Pvp53f4F82vgwcm7wxwHFwgfQpx7RHvcqxf1', '1321399974422404': 'https://app.smartsheet.com/sheets/Qm2HjJpQJxvhjfrW3wprj55jmCvXQ8gHwh9RgWF1', '1567434936215428': 'https://app.smartsheet.com/sheets/9W6M62vrcX3xJCpv265FPJ6XWcJMv6fHVHmp95C1', '1928360499668868': 'https://app.smartsheet.com/reports/m48XgX5r3cgFRcqwR766Rh2xXCf352XhCFG6jGM1', '2010411554891652': 'https://app.smartsheet.com/reports/wVvF256P3Wfv4W5mFG9GFQ47jf5JGHcj3m7QFcr1', '2610120080969604': 'https://app.smartsheet.com/reports/9q5gMP8fH3H85wXHVPF7wRp7M6W4VhH46GcCGP31', '313057659381636': 'https://app.smartsheet.com/reports/WjH55QWXMxvfhpp5pjJ338X4Prq796qW797wWQR1', '3136311461734276': 'https://app.smartsheet.com/reports/Xhw7rrxfv2GmWFwWC5mcMGpf3j8f7Gfvx5C97Mg1', '3204756060563332': 'https://app.smartsheet.com/reports/mG66mJV6wvJf4hCmPRwChvm44P8Xm8JCVXW6MCJ1', '3343337609553796': 'https://app.smartsheet.com/reports/x37v894JprcpFrhh4MJGpr376mRJqJjhx6QPCJr1', '3522652359944068': 'https://app.smartsheet.com/reports/rgGHF68MFmW2c4P9MR9VqhjvC6rwCQ9jp6PX6R91', '3524542145554308': 'https://app.smartsheet.com/reports/wp4C983Wj4gFGrCVcjWx7fWR5gqJgJFXG2x3r931', '3999909125875588': 'https://app.smartsheet.com/reports/6vGQj7j9jr2h7c4gCwRf9QwMHmhFpFc4hcPqM2P1', '4035160338392964': 'https://app.smartsheet.com/reports/Ww6GCwgjvP642MjgC7H5W5fj9hgXg4qGMxM6QVm1', '4071633200670596': 'https://app.smartsheet.com/reports/XQ2jhjqhRmqWfJjjmvQqwrgG683R83qRCvr4hR91', '4236166686893956': 'https://app.smartsheet.com/reports/2FhGVjwrMcpWXjrhR9xwXCmmgV4cGgC9c75M8h81', '4552067932022660': 'https://app.smartsheet.com/sheets/VH5vMwcXjR45QxqCjxQ8vqppqqXR9G8v6GmXJG21', '4823963378444164': 'https://app.smartsheet.com/sheets/82rp9mP8hvGgWh2w86g77553MWfCxVw8Cf8PHv31', '4928893615400836': 'https://app.smartsheet.com/sheets/32GHw73v4qvV6wGh7MPmPRxmQGC2252GxJ5PG5r1', '5033933884313476': 'https://app.smartsheet.com/reports/Rm299PrhgrFWV8pv8RXphJh4rJQG9f8XmXj8G5G1', '514056393805700': 'https://app.smartsheet.com/reports/PcCfjC8pj79xvW5QVGvHwGRWXfCP746q5QRCh3M1', '5213426365556612': 'https://app.smartsheet.com/reports/rj6CQhmmm48P89m7m9fQ2hWqRg8M6C6r8Ww3Mvv1', '5416198482487172': 'https://app.smartsheet.com/reports/rg26p396fp8Wvf4hV7QqRHxpRQm6HFm9RpQjp691', '6253025107961732': 'https://app.smartsheet.com/reports/rX9hWv2wHMwPvJcPcg6fH4rCFXh8Fch6Vr7prcx1', '6300903738238852': 'https://app.smartsheet.com/sheets/pMx89h4MmM2rv2qm6XqwH8JHjVFHHpQmQH8wQC41', '6626954460850052': 'https://app.smartsheet.com/sheets/7HwvGgqP7cR9QH3Cw78VvgF69xwF25xJ84jvqxR1', '6830703011751812': 'https://app.smartsheet.com/reports/6j4P4vgvqxv5g9JqJ6pf9M6G2j54hmM5fwxqm4X1', '7806524950112132': 'https://app.smartsheet.com/reports/Cg4rqC5pfFcF6pfxMW8MVx5Jr5cXx8mXV684Wj51', '838036346589060': 'https://app.smartsheet.com/reports/w75Hm7wPcH6hw23HvvhxMqfrpMgvHRrvF27XHVg1', '856267943110532': 'https://app.smartsheet.com/reports/P4Qh4jvxcjxFQg5WXwFx9FXmfhqq6CVW83Rhhxc1', '8598066753234820': 'https://app.smartsheet.com/reports/HCHRqf5RC7VpCPrx8VQjqqfQVC34vHMcvFFQ9v41'}
2025-04-18 11:31:38,725 - INFO - Permalink Source Sheet ID: 1321399974422404
2025-04-18 11:31:38,725 - INFO - Permalink: https://app.smartsheet.com/sheets/Qm2HjJpQJxvhjfrW3wprj55jmCvXQ8gHwh9RgWF1
2025-04-18 11:31:38,726 - INFO - Permalink Source Sheet ID: 3343337609553796
2025-04-18 11:31:38,726 - INFO - Permalink: https://app.smartsheet.com/reports/x37v894JprcpFrhh4MJGpr376mRJqJjhx6QPCJr1
2025-04-18 11:31:38,727 - INFO - Permalink Source Sheet ID: 1321399974422404
2025-04-18 11:31:38,727 - INFO - Permalink: https://app.smartsheet.com/sheets/Qm2HjJpQJxvhjfrW3wprj55jmCvXQ8gHwh9RgWF1
2025-04-18 11:31:38,727 - INFO - Permalink Source Sheet ID: 1321399974422404
2025-04-18 11:31:38,727 - INFO - Permalink: https://app.smartsheet.com/sheets/Qm2HjJpQJxvhjfrW3wprj55jmCvXQ8gHwh9RgWF1
2025-04-18 11:31:38,728 - INFO - Permalink Source Sheet ID: 6626954460850052
2025-04-18 11:31:38,728 - INFO - Permalink: https://app.smartsheet.com/sheets/7HwvGgqP7cR9QH3Cw78VvgF69xwF25xJ84jvqxR1
2025-04-18 11:31:38,728 - INFO - Permalink Source Sheet ID: 1049489529169796
2025-04-18 11:31:38,729 - INFO - Permalink: https://app.smartsheet.com/reports/Jpc6jg4M9JC2Mfv86MQhGJxVPF7qwJ5xWhJGjGF1
2025-04-18 11:31:38,729 - INFO - Permalink Source Sheet ID: 1567434936215428
2025-04-18 11:31:38,729 - INFO - Permalink: https://app.smartsheet.com/sheets/9W6M62vrcX3xJCpv265FPJ6XWcJMv6fHVHmp95C1
2025-04-18 11:31:38,730 - INFO - Permalink Source Sheet ID: 1321399974422404
2025-04-18 11:31:38,730 - INFO - Permalink: https://app.smartsheet.com/sheets/Qm2HjJpQJxvhjfrW3wprj55jmCvXQ8gHwh9RgWF1
2025-04-18 11:31:38,730 - INFO - Permalink Source Sheet ID: 7806524950112132
2025-04-18 11:31:38,731 - INFO - Permalink: https://app.smartsheet.com/reports/Cg4rqC5pfFcF6pfxMW8MVx5Jr5cXx8mXV684Wj51
2025-04-18 11:31:38,731 - INFO - Permalink Source Sheet ID: 838036346589060
2025-04-18 11:31:38,731 - INFO - Permalink: https://app.smartsheet.com/reports/w75Hm7wPcH6hw23HvvhxMqfrpMgvHRrvF27XHVg1
2025-04-18 11:31:38,732 - INFO - Permalink Source Sheet ID: 514056393805700
2025-04-18 11:31:38,732 - INFO - Permalink: https://app.smartsheet.com/reports/PcCfjC8pj79xvW5QVGvHwGRWXfCP746q5QRCh3M1
2025-04-18 11:31:38,732 - INFO - Permalink Source Sheet ID: 119227404314500
2025-04-18 11:31:38,733 - INFO - Permalink: https://app.smartsheet.com/reports/WjGFCCJVvg3HGHQGgXXVHfjwjhwXGFCh9Qcq9Wx1
2025-04-18 11:31:38,733 - INFO - Permalink Source Sheet ID: 119227404314500
2025-04-18 11:31:38,733 - INFO - Permalink: https://app.smartsheet.com/reports/WjGFCCJVvg3HGHQGgXXVHfjwjhwXGFCh9Qcq9Wx1
2025-04-18 11:31:38,734 - INFO - Permalink Source Sheet ID: 6830703011751812
2025-04-18 11:31:38,734 - INFO - Permalink: https://app.smartsheet.com/reports/6j4P4vgvqxv5g9JqJ6pf9M6G2j54hmM5fwxqm4X1
2025-04-18 11:31:38,734 - INFO - Permalink Source Sheet ID: 5416198482487172
2025-04-18 11:31:38,734 - INFO - Permalink: https://app.smartsheet.com/reports/rg26p396fp8Wvf4hV7QqRHxpRQm6HFm9RpQjp691
2025-04-18 11:31:38,735 - INFO - Permalink Source Sheet ID: 4071633200670596
2025-04-18 11:31:38,735 - INFO - Permalink: https://app.smartsheet.com/reports/XQ2jhjqhRmqWfJjjmvQqwrgG683R83qRCvr4hR91
2025-04-18 11:31:38,735 - INFO - Permalink Source Sheet ID: 6253025107961732
2025-04-18 11:31:38,736 - INFO - Permalink: https://app.smartsheet.com/reports/rX9hWv2wHMwPvJcPcg6fH4rCFXh8Fch6Vr7prcx1
2025-04-18 11:31:38,736 - INFO - Permalink Source Sheet ID: 1201203477538692
2025-04-18 11:31:38,736 - INFO - Permalink: https://app.smartsheet.com/reports/w725Pvp53f4F82vgwcm7wxwHFwgfQpx7RHvcqxf1
2025-04-18 11:31:38,737 - INFO - Permalink Source Sheet ID: 4035160338392964
2025-04-18 11:31:38,737 - INFO - Permalink: https://app.smartsheet.com/reports/Ww6GCwgjvP642MjgC7H5W5fj9hgXg4qGMxM6QVm1
2025-04-18 11:31:38,737 - INFO - Permalink Source Sheet ID: 5033933884313476
2025-04-18 11:31:38,738 - INFO - Permalink: https://app.smartsheet.com/reports/Rm299PrhgrFWV8pv8RXphJh4rJQG9f8XmXj8G5G1
2025-04-18 11:31:38,738 - INFO - Permalink Source Sheet ID: 2610120080969604
2025-04-18 11:31:38,738 - INFO - Permalink: https://app.smartsheet.com/reports/9q5gMP8fH3H85wXHVPF7wRp7M6W4VhH46GcCGP31
2025-04-18 11:31:38,739 - INFO - Permalink Source Sheet ID: 7806524950112132
2025-04-18 11:31:38,739 - INFO - Permalink: https://app.smartsheet.com/reports/Cg4rqC5pfFcF6pfxMW8MVx5Jr5cXx8mXV684Wj51
2025-04-18 11:31:38,739 - INFO - Permalink Source Sheet ID: 4928893615400836
2025-04-18 11:31:38,740 - INFO - Permalink: https://app.smartsheet.com/sheets/32GHw73v4qvV6wGh7MPmPRxmQGC2252GxJ5PG5r1
2025-04-18 11:31:38,740 - INFO - Permalink Source Sheet ID: 6300903738238852
2025-04-18 11:31:38,740 - INFO - Permalink: https://app.smartsheet.com/sheets/pMx89h4MmM2rv2qm6XqwH8JHjVFHHpQmQH8wQC41
2025-04-18 11:31:38,741 - INFO - Permalink Source Sheet ID: 5213426365556612
2025-04-18 11:31:38,741 - INFO - Permalink: https://app.smartsheet.com/reports/rj6CQhmmm48P89m7m9fQ2hWqRg8M6C6r8Ww3Mvv1
2025-04-18 11:31:38,741 - INFO - Permalink Source Sheet ID: 3136311461734276
2025-04-18 11:31:38,742 - INFO - Permalink: https://app.smartsheet.com/reports/Xhw7rrxfv2GmWFwWC5mcMGpf3j8f7Gfvx5C97Mg1
2025-04-18 11:31:38,742 - INFO - Permalink Source Sheet ID: 313057659381636
2025-04-18 11:31:38,742 - INFO - Permalink: https://app.smartsheet.com/reports/WjH55QWXMxvfhpp5pjJ338X4Prq796qW797wWQR1
2025-04-18 11:31:38,743 - INFO - Permalink Source Sheet ID: 2010411554891652
2025-04-18 11:31:38,743 - INFO - Permalink: https://app.smartsheet.com/reports/wVvF256P3Wfv4W5mFG9GFQ47jf5JGHcj3m7QFcr1
2025-04-18 11:31:38,743 - INFO - Permalink Source Sheet ID: 3524542145554308
2025-04-18 11:31:38,744 - INFO - Permalink: https://app.smartsheet.com/reports/wp4C983Wj4gFGrCVcjWx7fWR5gqJgJFXG2x3r931
2025-04-18 11:31:38,744 - INFO - Permalink Source Sheet ID: 3999909125875588
2025-04-18 11:31:38,744 - INFO - Permalink: https://app.smartsheet.com/reports/6vGQj7j9jr2h7c4gCwRf9QwMHmhFpFc4hcPqM2P1
2025-04-18 11:31:38,745 - INFO - Permalink Source Sheet ID: 4236166686893956
2025-04-18 11:31:38,746 - INFO - Permalink: https://app.smartsheet.com/reports/2FhGVjwrMcpWXjrhR9xwXCmmgV4cGgC9c75M8h81
2025-04-18 11:31:38,746 - INFO - Permalink Source Sheet ID: 1928360499668868
2025-04-18 11:31:38,746 - INFO - Permalink: https://app.smartsheet.com/reports/m48XgX5r3cgFRcqwR766Rh2xXCf352XhCFG6jGM1
2025-04-18 11:31:38,747 - INFO - Permalink Source Sheet ID: 8598066753234820
2025-04-18 11:31:38,747 - INFO - Permalink: https://app.smartsheet.com/reports/HCHRqf5RC7VpCPrx8VQjqqfQVC34vHMcvFFQ9v41
2025-04-18 11:31:38,747 - INFO - Permalink Source Sheet ID: 8598066753234820
2025-04-18 11:31:38,748 - INFO - Permalink: https://app.smartsheet.com/reports/HCHRqf5RC7VpCPrx8VQjqqfQVC34vHMcvFFQ9v41
2025-04-18 11:31:38,748 - INFO - Permalink Source Sheet ID: 856267943110532
2025-04-18 11:31:38,748 - INFO - Permalink: https://app.smartsheet.com/reports/P4Qh4jvxcjxFQg5WXwFx9FXmfhqq6CVW83Rhhxc1
2025-04-18 11:31:38,749 - INFO - Permalink Source Sheet ID: 856267943110532
2025-04-18 11:31:38,749 - INFO - Permalink: https://app.smartsheet.com/reports/P4Qh4jvxcjxFQg5WXwFx9FXmfhqq6CVW83Rhhxc1
2025-04-18 11:31:38,750 - INFO - Permalink Source Sheet ID: 3522652359944068
2025-04-18 11:31:38,750 - INFO - Permalink: https://app.smartsheet.com/reports/rgGHF68MFmW2c4P9MR9VqhjvC6rwCQ9jp6PX6R91
2025-04-18 11:31:38,750 - INFO - Permalink Source Sheet ID: 3522652359944068
2025-04-18 11:31:38,751 - INFO - Permalink: https://app.smartsheet.com/reports/rgGHF68MFmW2c4P9MR9VqhjvC6rwCQ9jp6PX6R91
2025-04-18 11:31:38,751 - INFO - Permalink Source Sheet ID: 3204756060563332
2025-04-18 11:31:38,751 - INFO - Permalink: https://app.smartsheet.com/reports/mG66mJV6wvJf4hCmPRwChvm44P8Xm8JCVXW6MCJ1
2025-04-18 11:31:38,752 - INFO - Permalink Source Sheet ID: 3204756060563332
2025-04-18 11:31:38,752 - INFO - Permalink: https://app.smartsheet.com/reports/mG66mJV6wvJf4hCmPRwChvm44P8Xm8JCVXW6MCJ1
2025-04-18 11:31:38,753 - INFO - Permalink Source Sheet ID: 4552067932022660
2025-04-18 11:31:38,753 - INFO - Permalink: https://app.smartsheet.com/sheets/VH5vMwcXjR45QxqCjxQ8vqppqqXR9G8v6GmXJG21
2025-04-18 11:31:38,753 - INFO - Permalink Source Sheet ID: 4552067932022660
2025-04-18 11:31:38,754 - INFO - Permalink: https://app.smartsheet.com/sheets/VH5vMwcXjR45QxqCjxQ8vqppqqXR9G8v6GmXJG21
2025-04-18 11:31:38,754 - INFO - Permalink Source Sheet ID: 7806524950112132
2025-04-18 11:31:38,754 - INFO - Permalink: https://app.smartsheet.com/reports/Cg4rqC5pfFcF6pfxMW8MVx5Jr5cXx8mXV684Wj51
2025-04-18 11:31:38,755 - INFO - Permalink Source Sheet ID: 1321399974422404
2025-04-18 11:31:38,755 - INFO - Permalink: https://app.smartsheet.com/sheets/Qm2HjJpQJxvhjfrW3wprj55jmCvXQ8gHwh9RgWF1
2025-04-18 11:31:38,756 - INFO - Permalink Source Sheet ID: 1321399974422404
2025-04-18 11:31:38,756 - INFO - Permalink: https://app.smartsheet.com/sheets/Qm2HjJpQJxvhjfrW3wprj55jmCvXQ8gHwh9RgWF1
2025-04-18 11:31:38,757 - INFO - Permalink Source Sheet ID: 1321399974422404
2025-04-18 11:31:38,757 - INFO - Permalink: https://app.smartsheet.com/sheets/Qm2HjJpQJxvhjfrW3wprj55jmCvXQ8gHwh9RgWF1
2025-04-18 11:31:38,757 - INFO - Permalink Source Sheet ID: 1067526747645828
2025-04-18 11:31:38,758 - INFO - Permalink: https://app.smartsheet.com/reports/VprCVRCv4c73GHQWVJQxPX8wPCGw9fgrMhwXfg81
2025-04-18 11:31:38,758 - INFO - Permalink Source Sheet ID: 4823963378444164
2025-04-18 11:31:38,758 - INFO - Permalink: https://app.smartsheet.com/sheets/82rp9mP8hvGgWh2w86g77553MWfCxVw8Cf8PHv31
2025-04-18 11:31:38,759 - INFO - Permalink Source Sheet ID: 4823963378444164
2025-04-18 11:31:38,759 - INFO - Permalink: https://app.smartsheet.com/sheets/82rp9mP8hvGgWh2w86g77553MWfCxVw8Cf8PHv31
2025-04-18 11:31:38,760 - INFO - Permalink Source Sheet ID: 4823963378444164
2025-04-18 11:31:38,760 - INFO - Permalink: https://app.smartsheet.com/sheets/82rp9mP8hvGgWh2w86g77553MWfCxVw8Cf8PHv31
2025-04-18 11:31:40,191 - INFO - {"request": {"command": "PUT https://api.smartsheet.com/2.0/sheets/8286888007782276/rows"}}
2025-04-18 11:31:40,225 - INFO - Updated 200 permalinks
2025-04-18 11:31:40,534 - INFO - {"request": {"command": "PUT https://api.smartsheet.com/2.0/sheets/6375545637916548/rows"}}
2025-04-18 11:31:40,969 - INFO - {"request": {"command": "GET https://api.smartsheet.com/2.0/sheets/8286888007782276"}}
2025-04-18 11:31:41,389 - INFO - {"request": {"command": "GET https://api.smartsheet.com/2.0/sheets/8286888007782276"}}
2025-04-18 11:31:41,465 - INFO - Sheet Dictionary: {'1032417847863172': 'https://app.smartsheet.com/sheets/4hgh2FGWpm2rMMQ5C7PwgWCP832Qp86q2Rm8JmM1', '2626405101004676': 'https://app.smartsheet.com/sheets/7f4cwPJHghVg9jCchG3F2GWQmCQggJxXqqVh9V21', '2628866612193156': 'https://app.smartsheet.com/sheets/rj9vQWjvpHxGgfqW6cfgmF93c7264pJfgM7645c1', '3318326337267588': 'https://app.smartsheet.com/sheets/cJw5gcR4XHG4pQ2pC4Hj3qg25V8Hjvf4Jf2whXW1', '3802319289640836': 'https://app.smartsheet.com/sheets/857mX98P3HMvXQWVcprmjm66GxMMgJF8WGC8Mh21', '436283903371140': 'https://app.smartsheet.com/sheets/CQ2RxcgJfQWmW2p8G2J4XQFHvfRg98hVvvhCjRM1', '4447916199831428': 'https://app.smartsheet.com/sheets/V59fVFPRvxpcMHWcHgF24qCG3rx7fCrr7xXmg9V1', '4675179990280068': 'https://app.smartsheet.com/sheets/wXQPG6qMr3HC5GG6M5CHmV2j3j7qH5wjMCRw38m1', '4846896138217348': 'https://app.smartsheet.com/sheets/gjVPvJ9MHfRQ9hwJVQpw34FXvPjX43Gmmv7WwVP1', '5299063055771524': 'https://app.smartsheet.com/sheets/XX2j4HqFmC9wrF7grg578mHgVrch88Qg5grpX531', '5418305407215492': 'https://app.smartsheet.com/sheets/hH8jW7wp5mMxp88rFMCpcfHfjcX3g6R3rpM3fHg1', '5889084137727876': 'https://app.smartsheet.com/sheets/Mx25QmFfFwXMF5q6jhWVMVxxhFPh9p5Qj4cV5531', '6177578441566084': 'https://app.smartsheet.com/sheets/PjjHxfhW8CV85R4w939qxvRMjmjX8q6G386GfPj1', '6394619958192004': 'https://app.smartsheet.com/sheets/Xr9hVGMGrvPfVJJ525gFg6GGWF5XWfPWrchffhj1', '6646101626382212': 'https://app.smartsheet.com/sheets/gg7j5RwrjXJf65964PF4GJC2mf24X3hX6QvMmqV1', '6805970316748676': 'https://app.smartsheet.com/sheets/5XwfC7gRcQq5jG5FP4XVqCgfpqww2Qx26Fv7hgv1', '6867960678639492': 'https://app.smartsheet.com/sheets/vXcMxG35jHX3X6x8wPR3jFGp7Xg4c3cHCW2XGW31', '7025547290142596': 'https://app.smartsheet.com/sheets/VHQ28MvrCV4xqhG86hHfgwFXgJjF7M3wrp7fCMC1', '7076538148513668': 'https://app.smartsheet.com/sheets/cvwFV9g7rX8WWQP2fhHPfQj7rjrj33QJ45wc75G1', '7139522434623364': 'https://app.smartsheet.com/sheets/9xMp64MMMcj3PQgQPg8635678CqWrG7cqvc3hvg1', '7209223378495364': 'https://app.smartsheet.com/sheets/M3qpfHP9J2j3mGqrfvHPJXPc5cfQv3Jhc2fCfXf1', '7380175961778052': 'https://app.smartsheet.com/sheets/rmmVC3XJPMC9mFfG3w7MX5XgcHprxxqfPWFhXX81', '7587854214817668': 'https://app.smartsheet.com/sheets/9G3pqCpF9Wh6w5WXVVw2XJJ7QGV8qXJc7pjCgHM1', '8302056399234948': 'https://app.smartsheet.com/sheets/2xQVXFrRFWhgc8r3fVXR7X29vfjMP6qwFW8Rfjx1', '8632242219050884': 'https://app.smartsheet.com/sheets/2cFmRVMqMf22mVpJVXWvpVcj5xwc6R5xCfjwMWp1', '8645286865201028': 'https://app.smartsheet.com/sheets/jhXjPrrHq6pmXcW3cVhcRv357FxcP4r6RxpxQHp1', '8972796274468740': 'https://app.smartsheet.com/sheets/65F6qpW8GW79P6vvQRqxqRGrRXq8h6Qp7RHfhHq1', '8985484681602948': 'https://app.smartsheet.com/sheets/Wfv5hxgVCPprMc5VVwJQwmh6F5v9GJm828h3phJ1', '927699087714180': 'https://app.smartsheet.com/sheets/wxMHqhGjHP25mmj66GCHMj45v2fCV3XF9CqH2CP1', '958078809073540': 'https://app.smartsheet.com/sheets/jGQMvCf2cqcXVjJ45Gg6HM3GXMJqvv9CqvjM32c1'}
2025-04-18 11:31:41,466 - INFO - Permalink Source Sheet ID: 927699087714180
2025-04-18 11:31:41,466 - INFO - Permalink: https://app.smartsheet.com/sheets/wxMHqhGjHP25mmj66GCHMj45v2fCV3XF9CqH2CP1
2025-04-18 11:31:41,466 - INFO - Permalink Source Sheet ID: 7025547290142596
2025-04-18 11:31:41,466 - INFO - Permalink: https://app.smartsheet.com/sheets/VHQ28MvrCV4xqhG86hHfgwFXgJjF7M3wrp7fCMC1
2025-04-18 11:31:41,467 - INFO - Permalink Source Sheet ID: 3802319289640836
2025-04-18 11:31:41,467 - INFO - Permalink: https://app.smartsheet.com/sheets/857mX98P3HMvXQWVcprmjm66GxMMgJF8WGC8Mh21
2025-04-18 11:31:41,467 - INFO - Permalink Source Sheet ID: 3318326337267588
2025-04-18 11:31:41,467 - INFO - Permalink: https://app.smartsheet.com/sheets/cJw5gcR4XHG4pQ2pC4Hj3qg25V8Hjvf4Jf2whXW1
2025-04-18 11:31:41,467 - INFO - Permalink Source Sheet ID: 2626405101004676
2025-04-18 11:31:41,467 - INFO - Permalink: https://app.smartsheet.com/sheets/7f4cwPJHghVg9jCchG3F2GWQmCQggJxXqqVh9V21
2025-04-18 11:31:41,468 - INFO - Permalink Source Sheet ID: 7076538148513668
2025-04-18 11:31:41,468 - INFO - Permalink: https://app.smartsheet.com/sheets/cvwFV9g7rX8WWQP2fhHPfQj7rjrj33QJ45wc75G1
2025-04-18 11:31:41,468 - INFO - Permalink Source Sheet ID: 7076538148513668
2025-04-18 11:31:41,468 - INFO - Permalink: https://app.smartsheet.com/sheets/cvwFV9g7rX8WWQP2fhHPfQj7rjrj33QJ45wc75G1
2025-04-18 11:31:41,468 - INFO - Permalink Source Sheet ID: 8985484681602948
2025-04-18 11:31:41,468 - INFO - Permalink: https://app.smartsheet.com/sheets/Wfv5hxgVCPprMc5VVwJQwmh6F5v9GJm828h3phJ1
2025-04-18 11:31:41,469 - INFO - Permalink Source Sheet ID: 4846896138217348
2025-04-18 11:31:41,469 - INFO - Permalink: https://app.smartsheet.com/sheets/gjVPvJ9MHfRQ9hwJVQpw34FXvPjX43Gmmv7WwVP1
2025-04-18 11:31:41,469 - INFO - Permalink Source Sheet ID: 6394619958192004
2025-04-18 11:31:41,469 - INFO - Permalink: https://app.smartsheet.com/sheets/Xr9hVGMGrvPfVJJ525gFg6GGWF5XWfPWrchffhj1
2025-04-18 11:31:41,469 - INFO - Permalink Source Sheet ID: 5889084137727876
2025-04-18 11:31:41,470 - INFO - Permalink: https://app.smartsheet.com/sheets/Mx25QmFfFwXMF5q6jhWVMVxxhFPh9p5Qj4cV5531
2025-04-18 11:31:41,470 - INFO - Permalink Source Sheet ID: 8972796274468740
2025-04-18 11:31:41,470 - INFO - Permalink: https://app.smartsheet.com/sheets/65F6qpW8GW79P6vvQRqxqRGrRXq8h6Qp7RHfhHq1
2025-04-18 11:31:41,470 - INFO - Permalink Source Sheet ID: 8302056399234948
2025-04-18 11:31:41,470 - INFO - Permalink: https://app.smartsheet.com/sheets/2xQVXFrRFWhgc8r3fVXR7X29vfjMP6qwFW8Rfjx1
2025-04-18 11:31:41,471 - INFO - Permalink Source Sheet ID: 5418305407215492
2025-04-18 11:31:41,471 - INFO - Permalink: https://app.smartsheet.com/sheets/hH8jW7wp5mMxp88rFMCpcfHfjcX3g6R3rpM3fHg1
2025-04-18 11:31:41,471 - INFO - Permalink Source Sheet ID: 5418305407215492
2025-04-18 11:31:41,471 - INFO - Permalink: https://app.smartsheet.com/sheets/hH8jW7wp5mMxp88rFMCpcfHfjcX3g6R3rpM3fHg1
2025-04-18 11:31:41,472 - INFO - Permalink Source Sheet ID: 5418305407215492
2025-04-18 11:31:41,472 - INFO - Permalink: https://app.smartsheet.com/sheets/hH8jW7wp5mMxp88rFMCpcfHfjcX3g6R3rpM3fHg1
2025-04-18 11:31:41,472 - INFO - Permalink Source Sheet ID: 5418305407215492
2025-04-18 11:31:41,472 - INFO - Permalink: https://app.smartsheet.com/sheets/hH8jW7wp5mMxp88rFMCpcfHfjcX3g6R3rpM3fHg1
2025-04-18 11:31:41,472 - INFO - Permalink Source Sheet ID: 5418305407215492
2025-04-18 11:31:41,472 - INFO - Permalink: https://app.smartsheet.com/sheets/hH8jW7wp5mMxp88rFMCpcfHfjcX3g6R3rpM3fHg1
2025-04-18 11:31:41,473 - INFO - Permalink Source Sheet ID: 5418305407215492
2025-04-18 11:31:41,473 - INFO - Permalink: https://app.smartsheet.com/sheets/hH8jW7wp5mMxp88rFMCpcfHfjcX3g6R3rpM3fHg1
2025-04-18 11:31:41,473 - INFO - Permalink Source Sheet ID: 5418305407215492
2025-04-18 11:31:41,473 - INFO - Permalink: https://app.smartsheet.com/sheets/hH8jW7wp5mMxp88rFMCpcfHfjcX3g6R3rpM3fHg1
2025-04-18 11:31:41,473 - INFO - Permalink Source Sheet ID: 5418305407215492
2025-04-18 11:31:41,473 - INFO - Permalink: https://app.smartsheet.com/sheets/hH8jW7wp5mMxp88rFMCpcfHfjcX3g6R3rpM3fHg1
2025-04-18 11:31:41,474 - INFO - Permalink Source Sheet ID: 4675179990280068
2025-04-18 11:31:41,474 - INFO - Permalink: https://app.smartsheet.com/sheets/wXQPG6qMr3HC5GG6M5CHmV2j3j7qH5wjMCRw38m1
2025-04-18 11:31:41,474 - INFO - Permalink Source Sheet ID: 7139522434623364
2025-04-18 11:31:41,474 - INFO - Permalink: https://app.smartsheet.com/sheets/9xMp64MMMcj3PQgQPg8635678CqWrG7cqvc3hvg1
2025-04-18 11:31:41,474 - INFO - Permalink Source Sheet ID: 7139522434623364
2025-04-18 11:31:41,475 - INFO - Permalink: https://app.smartsheet.com/sheets/9xMp64MMMcj3PQgQPg8635678CqWrG7cqvc3hvg1
2025-04-18 11:31:41,475 - INFO - Permalink Source Sheet ID: 7587854214817668
2025-04-18 11:31:41,475 - INFO - Permalink: https://app.smartsheet.com/sheets/9G3pqCpF9Wh6w5WXVVw2XJJ7QGV8qXJc7pjCgHM1
2025-04-18 11:31:41,475 - INFO - Permalink Source Sheet ID: 8632242219050884
2025-04-18 11:31:41,475 - INFO - Permalink: https://app.smartsheet.com/sheets/2cFmRVMqMf22mVpJVXWvpVcj5xwc6R5xCfjwMWp1
2025-04-18 11:31:41,476 - INFO - Permalink Source Sheet ID: 4447916199831428
2025-04-18 11:31:41,476 - INFO - Permalink: https://app.smartsheet.com/sheets/V59fVFPRvxpcMHWcHgF24qCG3rx7fCrr7xXmg9V1
2025-04-18 11:31:41,476 - INFO - Permalink Source Sheet ID: 436283903371140
2025-04-18 11:31:41,476 - INFO - Permalink: https://app.smartsheet.com/sheets/CQ2RxcgJfQWmW2p8G2J4XQFHvfRg98hVvvhCjRM1
2025-04-18 11:31:41,476 - INFO - Permalink Source Sheet ID: 958078809073540
2025-04-18 11:31:41,476 - INFO - Permalink: https://app.smartsheet.com/sheets/jGQMvCf2cqcXVjJ45Gg6HM3GXMJqvv9CqvjM32c1
2025-04-18 11:31:41,477 - INFO - Permalink Source Sheet ID: 1032417847863172
2025-04-18 11:31:41,477 - INFO - Permalink: https://app.smartsheet.com/sheets/4hgh2FGWpm2rMMQ5C7PwgWCP832Qp86q2Rm8JmM1
2025-04-18 11:31:41,477 - INFO - Permalink Source Sheet ID: 6805970316748676
2025-04-18 11:31:41,477 - INFO - Permalink: https://app.smartsheet.com/sheets/5XwfC7gRcQq5jG5FP4XVqCgfpqww2Qx26Fv7hgv1
2025-04-18 11:31:41,478 - INFO - Permalink Source Sheet ID: 5299063055771524
2025-04-18 11:31:41,478 - INFO - Permalink: https://app.smartsheet.com/sheets/XX2j4HqFmC9wrF7grg578mHgVrch88Qg5grpX531
2025-04-18 11:31:41,478 - INFO - Permalink Source Sheet ID: 5299063055771524
2025-04-18 11:31:41,478 - INFO - Permalink: https://app.smartsheet.com/sheets/XX2j4HqFmC9wrF7grg578mHgVrch88Qg5grpX531
2025-04-18 11:31:41,478 - INFO - Permalink Source Sheet ID: 6805970316748676
2025-04-18 11:31:41,478 - INFO - Permalink: https://app.smartsheet.com/sheets/5XwfC7gRcQq5jG5FP4XVqCgfpqww2Qx26Fv7hgv1
2025-04-18 11:31:41,479 - INFO - Permalink Source Sheet ID: 8632242219050884
2025-04-18 11:31:41,479 - INFO - Permalink: https://app.smartsheet.com/sheets/2cFmRVMqMf22mVpJVXWvpVcj5xwc6R5xCfjwMWp1
2025-04-18 11:31:41,480 - INFO - Permalink Source Sheet ID: 7587854214817668
2025-04-18 11:31:41,480 - INFO - Permalink: https://app.smartsheet.com/sheets/9G3pqCpF9Wh6w5WXVVw2XJJ7QGV8qXJc7pjCgHM1
2025-04-18 11:31:41,480 - INFO - Permalink Source Sheet ID: 436283903371140
2025-04-18 11:31:41,480 - INFO - Permalink: https://app.smartsheet.com/sheets/CQ2RxcgJfQWmW2p8G2J4XQFHvfRg98hVvvhCjRM1
2025-04-18 11:31:41,481 - INFO - Permalink Source Sheet ID: 4447916199831428
2025-04-18 11:31:41,481 - INFO - Permalink: https://app.smartsheet.com/sheets/V59fVFPRvxpcMHWcHgF24qCG3rx7fCrr7xXmg9V1
2025-04-18 11:31:41,482 - INFO - Permalink Source Sheet ID: 1032417847863172
2025-04-18 11:31:41,482 - INFO - Permalink: https://app.smartsheet.com/sheets/4hgh2FGWpm2rMMQ5C7PwgWCP832Qp86q2Rm8JmM1
2025-04-18 11:31:41,482 - INFO - Permalink Source Sheet ID: 958078809073540
2025-04-18 11:31:41,482 - INFO - Permalink: https://app.smartsheet.com/sheets/jGQMvCf2cqcXVjJ45Gg6HM3GXMJqvv9CqvjM32c1
2025-04-18 11:31:41,483 - INFO - Permalink Source Sheet ID: 7139522434623364
2025-04-18 11:31:41,483 - INFO - Permalink: https://app.smartsheet.com/sheets/9xMp64MMMcj3PQgQPg8635678CqWrG7cqvc3hvg1
2025-04-18 11:31:41,483 - INFO - Permalink Source Sheet ID: 7139522434623364
2025-04-18 11:31:41,483 - INFO - Permalink: https://app.smartsheet.com/sheets/9xMp64MMMcj3PQgQPg8635678CqWrG7cqvc3hvg1
2025-04-18 11:31:41,484 - INFO - Permalink Source Sheet ID: 6177578441566084
2025-04-18 11:31:41,484 - INFO - Permalink: https://app.smartsheet.com/sheets/PjjHxfhW8CV85R4w939qxvRMjmjX8q6G386GfPj1
2025-04-18 11:31:41,484 - INFO - Permalink Source Sheet ID: 6867960678639492
2025-04-18 11:31:41,484 - INFO - Permalink: https://app.smartsheet.com/sheets/vXcMxG35jHX3X6x8wPR3jFGp7Xg4c3cHCW2XGW31
2025-04-18 11:31:41,485 - INFO - Permalink Source Sheet ID: 2628866612193156
2025-04-18 11:31:41,485 - INFO - Permalink: https://app.smartsheet.com/sheets/rj9vQWjvpHxGgfqW6cfgmF93c7264pJfgM7645c1
2025-04-18 11:31:41,486 - INFO - Permalink Source Sheet ID: 8645286865201028
2025-04-18 11:31:41,486 - INFO - Permalink: https://app.smartsheet.com/sheets/jhXjPrrHq6pmXcW3cVhcRv357FxcP4r6RxpxQHp1
2025-04-18 11:31:41,486 - INFO - Permalink Source Sheet ID: 5418305407215492
2025-04-18 11:31:41,486 - INFO - Permalink: https://app.smartsheet.com/sheets/hH8jW7wp5mMxp88rFMCpcfHfjcX3g6R3rpM3fHg1
2025-04-18 11:31:41,487 - INFO - Permalink Source Sheet ID: 7209223378495364
2025-04-18 11:31:41,487 - INFO - Permalink: https://app.smartsheet.com/sheets/M3qpfHP9J2j3mGqrfvHPJXPc5cfQv3Jhc2fCfXf1
2025-04-18 11:31:41,487 - INFO - Permalink Source Sheet ID: 7380175961778052
2025-04-18 11:31:41,487 - INFO - Permalink: https://app.smartsheet.com/sheets/rmmVC3XJPMC9mFfG3w7MX5XgcHprxxqfPWFhXX81
2025-04-18 11:31:41,488 - INFO - Permalink Source Sheet ID: 6646101626382212
2025-04-18 11:31:41,488 - INFO - Permalink: https://app.smartsheet.com/sheets/gg7j5RwrjXJf65964PF4GJC2mf24X3hX6QvMmqV1
2025-04-18 11:31:42,977 - INFO - {"request": {"command": "PUT https://api.smartsheet.com/2.0/sheets/8286888007782276/rows"}}
2025-04-18 11:31:43,011 - INFO - Updated 200 permalinks
2025-04-18 11:31:43,857 - INFO - {"request": {"command": "PUT https://api.smartsheet.com/2.0/sheets/6375545637916548/rows"}}
2025-04-18 11:31:43,859 - INFO - Script executed successfully.
