2025-04-18 10:53:49,727 - INFO - Script started.
2025-04-18 10:53:50,885 - INFO - {"request": {"command": "GET https://api.smartsheet.com/2.0/sheets/6375545637916548"}}
2025-04-18 10:53:51,247 - INFO - {"request": {"command": "GET https://api.smartsheet.com/2.0/sheets/6375545637916548"}}
2025-04-18 10:53:51,556 - INFO - {"request": {"command": "GET https://api.smartsheet.com/2.0/sheets/6375545637916548"}}
2025-04-18 10:53:51,849 - INFO - {"request": {"command": "GET https://api.smartsheet.com/2.0/sheets/8286888007782276"}}
2025-04-18 10:53:52,164 - INFO - {"request": {"command": "GET https://api.smartsheet.com/2.0/sheets/8286888007782276"}}
2025-04-18 10:53:52,246 - ERROR - ImportError! Could not load api or model class __iter__
2025-04-18 10:53:56,310 - ERROR - ImportError! Could not load api or model class __iter__
2025-04-18 10:53:57,281 - ERROR - ImportError! Could not load api or model class __iter__
2025-04-18 10:53:59,718 - ERROR - ImportError! Could not load api or model class __iter__
2025-04-18 10:54:00,764 - ERROR - ImportError! Could not load api or model class __iter__
2025-04-18 10:54:01,987 - INFO - Sheet Dictionary: {'1049489529169796': 'https://app.smartsheet.com/reports/Jpc6jg4M9JC2Mfv86MQhGJxVPF7qwJ5xWhJGjGF1', '1067526747645828': 'https://app.smartsheet.com/reports/VprCVRCv4c73GHQWVJQxPX8wPCGw9fgrMhwXfg81', '119227404314500': 'https://app.smartsheet.com/reports/WjGFCCJVvg3HGHQGgXXVHfjwjhwXGFCh9Qcq9Wx1', '1201203477538692': 'https://app.smartsheet.com/reports/w725Pvp53f4F82vgwcm7wxwHFwgfQpx7RHvcqxf1', '1321399974422404': 'https://app.smartsheet.com/sheets/Qm2HjJpQJxvhjfrW3wprj55jmCvXQ8gHwh9RgWF1', '1567434936215428': 'https://app.smartsheet.com/sheets/9W6M62vrcX3xJCpv265FPJ6XWcJMv6fHVHmp95C1', '1928360499668868': 'https://app.smartsheet.com/reports/m48XgX5r3cgFRcqwR766Rh2xXCf352XhCFG6jGM1', '2010411554891652': 'https://app.smartsheet.com/reports/wVvF256P3Wfv4W5mFG9GFQ47jf5JGHcj3m7QFcr1', '2610120080969604': 'https://app.smartsheet.com/reports/9q5gMP8fH3H85wXHVPF7wRp7M6W4VhH46GcCGP31', '313057659381636': 'https://app.smartsheet.com/reports/WjH55QWXMxvfhpp5pjJ338X4Prq796qW797wWQR1', '3136311461734276': 'https://app.smartsheet.com/reports/Xhw7rrxfv2GmWFwWC5mcMGpf3j8f7Gfvx5C97Mg1', '3204756060563332': 'https://app.smartsheet.com/reports/mG66mJV6wvJf4hCmPRwChvm44P8Xm8JCVXW6MCJ1', '3343337609553796': 'https://app.smartsheet.com/reports/x37v894JprcpFrhh4MJGpr376mRJqJjhx6QPCJr1', '3522652359944068': 'https://app.smartsheet.com/reports/rgGHF68MFmW2c4P9MR9VqhjvC6rwCQ9jp6PX6R91', '3524542145554308': 'https://app.smartsheet.com/reports/wp4C983Wj4gFGrCVcjWx7fWR5gqJgJFXG2x3r931', '3999909125875588': 'https://app.smartsheet.com/reports/6vGQj7j9jr2h7c4gCwRf9QwMHmhFpFc4hcPqM2P1', '4035160338392964': 'https://app.smartsheet.com/reports/Ww6GCwgjvP642MjgC7H5W5fj9hgXg4qGMxM6QVm1', '4071633200670596': 'https://app.smartsheet.com/reports/XQ2jhjqhRmqWfJjjmvQqwrgG683R83qRCvr4hR91', '4236166686893956': 'https://app.smartsheet.com/reports/2FhGVjwrMcpWXjrhR9xwXCmmgV4cGgC9c75M8h81', '4552067932022660': 'https://app.smartsheet.com/sheets/VH5vMwcXjR45QxqCjxQ8vqppqqXR9G8v6GmXJG21', '4823963378444164': 'https://app.smartsheet.com/sheets/82rp9mP8hvGgWh2w86g77553MWfCxVw8Cf8PHv31', '4928893615400836': 'https://app.smartsheet.com/sheets/32GHw73v4qvV6wGh7MPmPRxmQGC2252GxJ5PG5r1', '5033933884313476': 'https://app.smartsheet.com/reports/Rm299PrhgrFWV8pv8RXphJh4rJQG9f8XmXj8G5G1', '514056393805700': 'https://app.smartsheet.com/reports/PcCfjC8pj79xvW5QVGvHwGRWXfCP746q5QRCh3M1', '5213426365556612': 'https://app.smartsheet.com/reports/rj6CQhmmm48P89m7m9fQ2hWqRg8M6C6r8Ww3Mvv1', '5416198482487172': 'https://app.smartsheet.com/reports/rg26p396fp8Wvf4hV7QqRHxpRQm6HFm9RpQjp691', '6253025107961732': 'https://app.smartsheet.com/reports/rX9hWv2wHMwPvJcPcg6fH4rCFXh8Fch6Vr7prcx1', '6300903738238852': 'https://app.smartsheet.com/sheets/pMx89h4MmM2rv2qm6XqwH8JHjVFHHpQmQH8wQC41', '6626954460850052': 'https://app.smartsheet.com/sheets/7HwvGgqP7cR9QH3Cw78VvgF69xwF25xJ84jvqxR1', '6830703011751812': 'https://app.smartsheet.com/reports/6j4P4vgvqxv5g9JqJ6pf9M6G2j54hmM5fwxqm4X1', '7806524950112132': 'https://app.smartsheet.com/reports/Cg4rqC5pfFcF6pfxMW8MVx5Jr5cXx8mXV684Wj51', '838036346589060': 'https://app.smartsheet.com/reports/w75Hm7wPcH6hw23HvvhxMqfrpMgvHRrvF27XHVg1', '856267943110532': 'https://app.smartsheet.com/reports/P4Qh4jvxcjxFQg5WXwFx9FXmfhqq6CVW83Rhhxc1', '8598066753234820': 'https://app.smartsheet.com/reports/HCHRqf5RC7VpCPrx8VQjqqfQVC34vHMcvFFQ9v41'}
2025-04-18 10:54:02,029 - ERROR - ImportError! Could not load api or model class __iter__
2025-04-18 10:54:02,826 - ERROR - ImportError! Could not load api or model class __iter__
2025-04-18 10:54:10,183 - ERROR - ImportError! Could not load api or model class __iter__
2025-04-18 10:54:14,022 - ERROR - ImportError! Could not load api or model class __iter__
2025-04-18 10:54:19,002 - ERROR - ImportError! Could not load api or model class __iter__
2025-04-18 10:54:25,654 - INFO - {"request": {"command": "PUT https://api.smartsheet.com/2.0/sheets/8286888007782276/rows"}}
2025-04-18 10:54:25,674 - ERROR - ImportError! Could not load api or model class __iter__
2025-04-18 10:54:58,590 - ERROR - ImportError! Could not load api or model class __iter__
2025-04-18 10:55:00,934 - ERROR - ImportError! Could not load api or model class __iter__
2025-04-18 10:55:23,539 - INFO - {"request": {"command": "PUT https://api.smartsheet.com/2.0/sheets/8286888007782276/rows"}}
2025-04-18 10:55:24,900 - INFO - {"request": {"command": "PUT https://api.smartsheet.com/2.0/sheets/8286888007782276/rows"}}
2025-04-18 10:55:25,733 - INFO - {"request": {"command": "PUT https://api.smartsheet.com/2.0/sheets/8286888007782276/rows"}}
2025-04-18 10:55:28,145 - INFO - {"request": {"command": "PUT https://api.smartsheet.com/2.0/sheets/8286888007782276/rows"}}
2025-04-18 10:55:30,512 - INFO - {"request": {"command": "PUT https://api.smartsheet.com/2.0/sheets/8286888007782276/rows"}}
2025-04-18 10:55:31,821 - INFO - {"request": {"command": "PUT https://api.smartsheet.com/2.0/sheets/8286888007782276/rows"}}
2025-04-18 10:55:32,333 - INFO - {"request": {"command": "PUT https://api.smartsheet.com/2.0/sheets/8286888007782276/rows"}}
2025-04-18 10:55:33,230 - INFO - {"request": {"command": "PUT https://api.smartsheet.com/2.0/sheets/8286888007782276/rows"}}
2025-04-18 10:55:34,031 - INFO - {"request": {"command": "PUT https://api.smartsheet.com/2.0/sheets/8286888007782276/rows"}}
2025-04-18 10:55:34,521 - INFO - {"request": {"command": "PUT https://api.smartsheet.com/2.0/sheets/8286888007782276/rows"}}
2025-04-18 10:55:35,309 - INFO - {"request": {"command": "PUT https://api.smartsheet.com/2.0/sheets/8286888007782276/rows"}}
2025-04-18 10:55:36,130 - INFO - {"request": {"command": "PUT https://api.smartsheet.com/2.0/sheets/8286888007782276/rows"}}
2025-04-18 10:55:36,934 - INFO - {"request": {"command": "PUT https://api.smartsheet.com/2.0/sheets/8286888007782276/rows"}}
2025-04-18 10:55:37,436 - INFO - {"request": {"command": "PUT https://api.smartsheet.com/2.0/sheets/8286888007782276/rows"}}
2025-04-18 10:55:38,239 - INFO - {"request": {"command": "PUT https://api.smartsheet.com/2.0/sheets/8286888007782276/rows"}}
2025-04-18 10:55:39,025 - INFO - {"request": {"command": "PUT https://api.smartsheet.com/2.0/sheets/8286888007782276/rows"}}
2025-04-18 10:55:40,389 - INFO - {"request": {"command": "PUT https://api.smartsheet.com/2.0/sheets/8286888007782276/rows"}}
2025-04-18 10:55:42,777 - INFO - {"request": {"command": "PUT https://api.smartsheet.com/2.0/sheets/8286888007782276/rows"}}
2025-04-18 10:55:45,169 - INFO - {"request": {"command": "PUT https://api.smartsheet.com/2.0/sheets/8286888007782276/rows"}}
2025-04-18 10:55:47,550 - INFO - {"request": {"command": "PUT https://api.smartsheet.com/2.0/sheets/8286888007782276/rows"}}
2025-04-18 10:55:48,914 - INFO - {"request": {"command": "PUT https://api.smartsheet.com/2.0/sheets/8286888007782276/rows"}}
2025-04-18 10:55:51,305 - INFO - {"request": {"command": "PUT https://api.smartsheet.com/2.0/sheets/8286888007782276/rows"}}
2025-04-18 10:55:53,722 - INFO - {"request": {"command": "PUT https://api.smartsheet.com/2.0/sheets/8286888007782276/rows"}}
2025-04-18 10:55:55,092 - INFO - {"request": {"command": "PUT https://api.smartsheet.com/2.0/sheets/8286888007782276/rows"}}
2025-04-18 10:55:55,457 - INFO - {"request": {"command": "PUT https://api.smartsheet.com/2.0/sheets/8286888007782276/rows"}}
2025-04-18 10:55:57,824 - INFO - {"request": {"command": "PUT https://api.smartsheet.com/2.0/sheets/8286888007782276/rows"}}
2025-04-18 10:55:58,389 - INFO - {"request": {"command": "PUT https://api.smartsheet.com/2.0/sheets/8286888007782276/rows"}}
2025-04-18 10:55:58,978 - INFO - {"request": {"command": "PUT https://api.smartsheet.com/2.0/sheets/8286888007782276/rows"}}
2025-04-18 10:55:59,532 - INFO - {"request": {"command": "PUT https://api.smartsheet.com/2.0/sheets/8286888007782276/rows"}}
2025-04-18 10:55:59,870 - INFO - {"request": {"command": "PUT https://api.smartsheet.com/2.0/sheets/8286888007782276/rows"}}
2025-04-18 10:56:00,696 - INFO - {"request": {"command": "PUT https://api.smartsheet.com/2.0/sheets/8286888007782276/rows"}}
2025-04-18 10:56:01,247 - INFO - {"request": {"command": "PUT https://api.smartsheet.com/2.0/sheets/8286888007782276/rows"}}
2025-04-18 10:56:01,803 - INFO - {"request": {"command": "PUT https://api.smartsheet.com/2.0/sheets/8286888007782276/rows"}}
2025-04-18 10:56:02,317 - INFO - {"request": {"command": "PUT https://api.smartsheet.com/2.0/sheets/8286888007782276/rows"}}
2025-04-18 10:56:02,930 - INFO - {"request": {"command": "PUT https://api.smartsheet.com/2.0/sheets/8286888007782276/rows"}}
2025-04-18 10:56:03,273 - INFO - {"request": {"command": "PUT https://api.smartsheet.com/2.0/sheets/8286888007782276/rows"}}
2025-04-18 10:56:03,660 - INFO - {"request": {"command": "PUT https://api.smartsheet.com/2.0/sheets/8286888007782276/rows"}}
2025-04-18 10:56:04,020 - INFO - {"request": {"command": "PUT https://api.smartsheet.com/2.0/sheets/8286888007782276/rows"}}
2025-04-18 10:56:04,836 - INFO - {"request": {"command": "PUT https://api.smartsheet.com/2.0/sheets/8286888007782276/rows"}}
2025-04-18 10:56:05,346 - INFO - {"request": {"command": "PUT https://api.smartsheet.com/2.0/sheets/8286888007782276/rows"}}
2025-04-18 10:56:05,909 - INFO - {"request": {"command": "PUT https://api.smartsheet.com/2.0/sheets/8286888007782276/rows"}}
2025-04-18 10:56:06,440 - INFO - {"request": {"command": "PUT https://api.smartsheet.com/2.0/sheets/8286888007782276/rows"}}
2025-04-18 10:56:07,777 - INFO - {"request": {"command": "PUT https://api.smartsheet.com/2.0/sheets/8286888007782276/rows"}}
2025-04-18 10:56:08,127 - INFO - {"request": {"command": "PUT https://api.smartsheet.com/2.0/sheets/8286888007782276/rows"}}
2025-04-18 10:56:08,499 - INFO - {"request": {"command": "PUT https://api.smartsheet.com/2.0/sheets/8286888007782276/rows"}}
2025-04-18 10:56:09,283 - INFO - {"request": {"command": "PUT https://api.smartsheet.com/2.0/sheets/8286888007782276/rows"}}
2025-04-18 10:56:10,110 - INFO - {"request": {"command": "PUT https://api.smartsheet.com/2.0/sheets/8286888007782276/rows"}}
2025-04-18 10:56:10,610 - INFO - {"request": {"command": "PUT https://api.smartsheet.com/2.0/sheets/8286888007782276/rows"}}
2025-04-18 10:56:13,014 - INFO - {"request": {"command": "PUT https://api.smartsheet.com/2.0/sheets/8286888007782276/rows"}}
2025-04-18 10:56:13,922 - INFO - {"request": {"command": "PUT https://api.smartsheet.com/2.0/sheets/6375545637916548/rows"}}
2025-04-18 10:56:14,854 - INFO - {"request": {"command": "PUT https://api.smartsheet.com/2.0/sheets/8286888007782276/rows"}}
2025-04-18 10:56:15,432 - INFO - {"request": {"command": "PUT https://api.smartsheet.com/2.0/sheets/6375545637916548/rows"}}
2025-04-18 10:56:15,782 - INFO - {"request": {"command": "GET https://api.smartsheet.com/2.0/sheets/8286888007782276"}}
2025-04-18 10:56:16,264 - INFO - {"request": {"command": "GET https://api.smartsheet.com/2.0/sheets/8286888007782276"}}
2025-04-18 10:56:16,333 - INFO - Sheet Dictionary: {'1032417847863172': 'https://app.smartsheet.com/sheets/4hgh2FGWpm2rMMQ5C7PwgWCP832Qp86q2Rm8JmM1', '2626405101004676': 'https://app.smartsheet.com/sheets/7f4cwPJHghVg9jCchG3F2GWQmCQggJxXqqVh9V21', '2628866612193156': 'https://app.smartsheet.com/sheets/rj9vQWjvpHxGgfqW6cfgmF93c7264pJfgM7645c1', '3318326337267588': 'https://app.smartsheet.com/sheets/cJw5gcR4XHG4pQ2pC4Hj3qg25V8Hjvf4Jf2whXW1', '3802319289640836': 'https://app.smartsheet.com/sheets/857mX98P3HMvXQWVcprmjm66GxMMgJF8WGC8Mh21', '436283903371140': 'https://app.smartsheet.com/sheets/CQ2RxcgJfQWmW2p8G2J4XQFHvfRg98hVvvhCjRM1', '4447916199831428': 'https://app.smartsheet.com/sheets/V59fVFPRvxpcMHWcHgF24qCG3rx7fCrr7xXmg9V1', '4675179990280068': 'https://app.smartsheet.com/sheets/wXQPG6qMr3HC5GG6M5CHmV2j3j7qH5wjMCRw38m1', '4846896138217348': 'https://app.smartsheet.com/sheets/gjVPvJ9MHfRQ9hwJVQpw34FXvPjX43Gmmv7WwVP1', '5299063055771524': 'https://app.smartsheet.com/sheets/XX2j4HqFmC9wrF7grg578mHgVrch88Qg5grpX531', '5418305407215492': 'https://app.smartsheet.com/sheets/hH8jW7wp5mMxp88rFMCpcfHfjcX3g6R3rpM3fHg1', '5889084137727876': 'https://app.smartsheet.com/sheets/Mx25QmFfFwXMF5q6jhWVMVxxhFPh9p5Qj4cV5531', '6177578441566084': 'https://app.smartsheet.com/sheets/PjjHxfhW8CV85R4w939qxvRMjmjX8q6G386GfPj1', '6394619958192004': 'https://app.smartsheet.com/sheets/Xr9hVGMGrvPfVJJ525gFg6GGWF5XWfPWrchffhj1', '6646101626382212': 'https://app.smartsheet.com/sheets/gg7j5RwrjXJf65964PF4GJC2mf24X3hX6QvMmqV1', '6805970316748676': 'https://app.smartsheet.com/sheets/5XwfC7gRcQq5jG5FP4XVqCgfpqww2Qx26Fv7hgv1', '6867960678639492': 'https://app.smartsheet.com/sheets/vXcMxG35jHX3X6x8wPR3jFGp7Xg4c3cHCW2XGW31', '7025547290142596': 'https://app.smartsheet.com/sheets/VHQ28MvrCV4xqhG86hHfgwFXgJjF7M3wrp7fCMC1', '7076538148513668': 'https://app.smartsheet.com/sheets/cvwFV9g7rX8WWQP2fhHPfQj7rjrj33QJ45wc75G1', '7139522434623364': 'https://app.smartsheet.com/sheets/9xMp64MMMcj3PQgQPg8635678CqWrG7cqvc3hvg1', '7209223378495364': 'https://app.smartsheet.com/sheets/M3qpfHP9J2j3mGqrfvHPJXPc5cfQv3Jhc2fCfXf1', '7380175961778052': 'https://app.smartsheet.com/sheets/rmmVC3XJPMC9mFfG3w7MX5XgcHprxxqfPWFhXX81', '7587854214817668': 'https://app.smartsheet.com/sheets/9G3pqCpF9Wh6w5WXVVw2XJJ7QGV8qXJc7pjCgHM1', '8302056399234948': 'https://app.smartsheet.com/sheets/2xQVXFrRFWhgc8r3fVXR7X29vfjMP6qwFW8Rfjx1', '8632242219050884': 'https://app.smartsheet.com/sheets/2cFmRVMqMf22mVpJVXWvpVcj5xwc6R5xCfjwMWp1', '8645286865201028': 'https://app.smartsheet.com/sheets/jhXjPrrHq6pmXcW3cVhcRv357FxcP4r6RxpxQHp1', '8972796274468740': 'https://app.smartsheet.com/sheets/65F6qpW8GW79P6vvQRqxqRGrRXq8h6Qp7RHfhHq1', '8985484681602948': 'https://app.smartsheet.com/sheets/Wfv5hxgVCPprMc5VVwJQwmh6F5v9GJm828h3phJ1', '927699087714180': 'https://app.smartsheet.com/sheets/wxMHqhGjHP25mmj66GCHMj45v2fCV3XF9CqH2CP1', '958078809073540': 'https://app.smartsheet.com/sheets/jGQMvCf2cqcXVjJ45Gg6HM3GXMJqvv9CqvjM32c1'}
2025-04-18 10:56:16,838 - INFO - {"request": {"command": "PUT https://api.smartsheet.com/2.0/sheets/8286888007782276/rows"}}
2025-04-18 10:56:17,357 - INFO - {"request": {"command": "PUT https://api.smartsheet.com/2.0/sheets/8286888007782276/rows"}}
2025-04-18 10:56:18,737 - INFO - {"request": {"command": "PUT https://api.smartsheet.com/2.0/sheets/8286888007782276/rows"}}
2025-04-18 10:56:19,577 - INFO - {"request": {"command": "PUT https://api.smartsheet.com/2.0/sheets/8286888007782276/rows"}}
2025-04-18 10:56:20,087 - INFO - {"request": {"command": "PUT https://api.smartsheet.com/2.0/sheets/8286888007782276/rows"}}
2025-04-18 10:56:20,918 - INFO - {"request": {"command": "PUT https://api.smartsheet.com/2.0/sheets/8286888007782276/rows"}}
2025-04-18 10:56:23,310 - INFO - {"request": {"command": "PUT https://api.smartsheet.com/2.0/sheets/8286888007782276/rows"}}
2025-04-18 10:56:24,702 - INFO - {"request": {"command": "PUT https://api.smartsheet.com/2.0/sheets/8286888007782276/rows"}}
2025-04-18 10:56:25,075 - INFO - {"request": {"command": "PUT https://api.smartsheet.com/2.0/sheets/8286888007782276/rows"}}
2025-04-18 10:56:27,472 - INFO - {"request": {"command": "PUT https://api.smartsheet.com/2.0/sheets/8286888007782276/rows"}}
2025-04-18 10:56:28,803 - INFO - {"request": {"command": "PUT https://api.smartsheet.com/2.0/sheets/8286888007782276/rows"}}
2025-04-18 10:56:29,255 - INFO - {"request": {"command": "PUT https://api.smartsheet.com/2.0/sheets/8286888007782276/rows"}}
2025-04-18 10:56:30,565 - INFO - {"request": {"command": "PUT https://api.smartsheet.com/2.0/sheets/8286888007782276/rows"}}
2025-04-18 10:56:31,342 - INFO - {"request": {"command": "PUT https://api.smartsheet.com/2.0/sheets/8286888007782276/rows"}}
2025-04-18 10:56:33,737 - INFO - {"request": {"command": "PUT https://api.smartsheet.com/2.0/sheets/8286888007782276/rows"}}
2025-04-18 10:56:34,248 - INFO - {"request": {"command": "PUT https://api.smartsheet.com/2.0/sheets/8286888007782276/rows"}}
2025-04-18 10:56:35,028 - INFO - {"request": {"command": "PUT https://api.smartsheet.com/2.0/sheets/8286888007782276/rows"}}
2025-04-18 10:56:35,537 - INFO - {"request": {"command": "PUT https://api.smartsheet.com/2.0/sheets/8286888007782276/rows"}}
2025-04-18 10:56:37,901 - INFO - {"request": {"command": "PUT https://api.smartsheet.com/2.0/sheets/8286888007782276/rows"}}
2025-04-18 10:56:40,278 - INFO - {"request": {"command": "PUT https://api.smartsheet.com/2.0/sheets/8286888007782276/rows"}}
2025-04-18 10:56:42,663 - INFO - {"request": {"command": "PUT https://api.smartsheet.com/2.0/sheets/8286888007782276/rows"}}
2025-04-18 10:56:45,038 - INFO - {"request": {"command": "PUT https://api.smartsheet.com/2.0/sheets/8286888007782276/rows"}}
2025-04-18 10:56:46,374 - INFO - {"request": {"command": "PUT https://api.smartsheet.com/2.0/sheets/8286888007782276/rows"}}
2025-04-18 10:56:46,882 - INFO - {"request": {"command": "PUT https://api.smartsheet.com/2.0/sheets/8286888007782276/rows"}}
2025-04-18 10:56:48,193 - INFO - {"request": {"command": "PUT https://api.smartsheet.com/2.0/sheets/8286888007782276/rows"}}
2025-04-18 10:56:48,712 - INFO - {"request": {"command": "PUT https://api.smartsheet.com/2.0/sheets/8286888007782276/rows"}}
2025-04-18 10:56:51,067 - INFO - {"request": {"command": "PUT https://api.smartsheet.com/2.0/sheets/8286888007782276/rows"}}
2025-04-18 10:56:51,966 - INFO - {"request": {"command": "PUT https://api.smartsheet.com/2.0/sheets/8286888007782276/rows"}}
2025-04-18 10:56:52,502 - INFO - {"request": {"command": "PUT https://api.smartsheet.com/2.0/sheets/8286888007782276/rows"}}
2025-04-18 10:56:53,019 - INFO - {"request": {"command": "PUT https://api.smartsheet.com/2.0/sheets/8286888007782276/rows"}}
2025-04-18 10:56:53,541 - INFO - {"request": {"command": "PUT https://api.smartsheet.com/2.0/sheets/8286888007782276/rows"}}
2025-04-18 10:56:54,401 - INFO - {"request": {"command": "PUT https://api.smartsheet.com/2.0/sheets/8286888007782276/rows"}}
2025-04-18 10:56:54,769 - INFO - {"request": {"command": "PUT https://api.smartsheet.com/2.0/sheets/8286888007782276/rows"}}
2025-04-18 10:56:55,156 - INFO - {"request": {"command": "PUT https://api.smartsheet.com/2.0/sheets/8286888007782276/rows"}}
2025-04-18 10:56:55,723 - INFO - {"request": {"command": "PUT https://api.smartsheet.com/2.0/sheets/8286888007782276/rows"}}
2025-04-18 10:56:57,223 - INFO - {"request": {"command": "PUT https://api.smartsheet.com/2.0/sheets/8286888007782276/rows"}}
2025-04-18 10:56:58,108 - INFO - {"request": {"command": "PUT https://api.smartsheet.com/2.0/sheets/8286888007782276/rows"}}
2025-04-18 10:56:58,896 - INFO - {"request": {"command": "PUT https://api.smartsheet.com/2.0/sheets/8286888007782276/rows"}}
2025-04-18 10:56:59,682 - INFO - {"request": {"command": "PUT https://api.smartsheet.com/2.0/sheets/8286888007782276/rows"}}
2025-04-18 10:57:01,028 - INFO - {"request": {"command": "PUT https://api.smartsheet.com/2.0/sheets/8286888007782276/rows"}}
2025-04-18 10:57:01,854 - INFO - {"request": {"command": "PUT https://api.smartsheet.com/2.0/sheets/8286888007782276/rows"}}
2025-04-18 10:57:03,210 - INFO - {"request": {"command": "PUT https://api.smartsheet.com/2.0/sheets/8286888007782276/rows"}}
2025-04-18 10:57:03,569 - INFO - {"request": {"command": "PUT https://api.smartsheet.com/2.0/sheets/8286888007782276/rows"}}
2025-04-18 10:57:03,850 - INFO - {"request": {"command": "PUT https://api.smartsheet.com/2.0/sheets/8286888007782276/rows"}}
2025-04-18 10:57:05,161 - INFO - {"request": {"command": "PUT https://api.smartsheet.com/2.0/sheets/8286888007782276/rows"}}
2025-04-18 10:57:05,698 - INFO - {"request": {"command": "PUT https://api.smartsheet.com/2.0/sheets/8286888007782276/rows"}}
2025-04-18 10:57:05,991 - INFO - {"request": {"command": "PUT https://api.smartsheet.com/2.0/sheets/8286888007782276/rows"}}
2025-04-18 10:57:07,344 - INFO - {"request": {"command": "PUT https://api.smartsheet.com/2.0/sheets/8286888007782276/rows"}}
2025-04-18 10:57:07,709 - INFO - {"request": {"command": "PUT https://api.smartsheet.com/2.0/sheets/8286888007782276/rows"}}
2025-04-18 10:57:08,231 - INFO - {"request": {"command": "PUT https://api.smartsheet.com/2.0/sheets/8286888007782276/rows"}}
2025-04-18 10:57:08,512 - INFO - {"request": {"command": "PUT https://api.smartsheet.com/2.0/sheets/6375545637916548/rows"}}
2025-04-18 10:57:09,818 - INFO - {"request": {"command": "PUT https://api.smartsheet.com/2.0/sheets/8286888007782276/rows"}}
2025-04-18 10:57:10,152 - INFO - {"request": {"command": "PUT https://api.smartsheet.com/2.0/sheets/6375545637916548/rows"}}
2025-04-18 10:57:10,153 - INFO - Script executed successfully.
