2025-03-21 12:56:31,253 - INFO - Script started.
2025-03-21 12:56:32,925 - INFO - {"request": {"command": "GET https://api.smartsheet.com/2.0/sheets/6375545637916548"}}
2025-03-21 12:56:33,549 - INFO - {"request": {"command": "GET https://api.smartsheet.com/2.0/sheets/6375545637916548"}}
2025-03-21 12:56:33,909 - INFO - {"request": {"command": "GET https://api.smartsheet.com/2.0/sheets/6375545637916548"}}
2025-03-21 12:56:34,340 - INFO - {"request": {"command": "GET https://api.smartsheet.com/2.0/sheets/8933103327569796"}}
2025-03-21 12:56:34,653 - ERROR - ImportError! Could not load api or model class __iter__
2025-03-21 12:56:38,802 - ERROR - ImportError! Could not load api or model class __iter__
2025-03-21 12:56:41,345 - INFO - {"request": {"command": "PUT https://api.smartsheet.com/2.0/sheets/6375545637916548/rows"}}
2025-03-21 12:56:41,377 - ERROR - ImportError! Could not load api or model class __iter__
2025-03-21 12:57:21,149 - INFO - {"request": {"command": "GET https://api.smartsheet.com/2.0/sheets/8933103327569796"}}
2025-03-21 12:57:22,444 - INFO - {"request": {"command": "GET https://api.smartsheet.com/2.0/sheets/1321399974422404"}}
2025-03-21 12:57:25,597 - INFO - {"request": {"command": "GET https://api.smartsheet.com/2.0/sheets/3343337609553796"}}
2025-03-21 12:57:25,597 - ERROR - {"response": {"statusCode": 404, "reason": "Not Found", "content": "<< application/json;charset=UTF-8 content type suppressed >>"}}
2025-03-21 12:57:26,270 - INFO - {"request": {"command": "GET https://api.smartsheet.com/2.0/reports/3343337609553796"}}
2025-03-21 12:57:27,402 - INFO - {"request": {"command": "GET https://api.smartsheet.com/2.0/sheets/1321399974422404"}}
2025-03-21 12:57:32,927 - INFO - {"request": {"command": "GET https://api.smartsheet.com/2.0/sheets/1321399974422404"}}
2025-03-21 12:57:37,799 - INFO - {"request": {"command": "GET https://api.smartsheet.com/2.0/sheets/6626954460850052"}}
2025-03-21 12:57:38,065 - INFO - {"request": {"command": "GET https://api.smartsheet.com/2.0/sheets/1049489529169796"}}
2025-03-21 12:57:38,066 - ERROR - {"response": {"statusCode": 404, "reason": "Not Found", "content": "<< application/json;charset=UTF-8 content type suppressed >>"}}
2025-03-21 12:57:38,818 - INFO - {"request": {"command": "GET https://api.smartsheet.com/2.0/reports/1049489529169796"}}
