2025-03-24 08:09:41,207 - INFO - Script started.
2025-03-24 08:09:42,483 - INFO - {"request": {"command": "GET https://api.smartsheet.com/2.0/sheets/6375545637916548"}}
2025-03-24 08:09:42,869 - INFO - {"request": {"command": "GET https://api.smartsheet.com/2.0/sheets/6375545637916548"}}
2025-03-24 08:09:44,122 - INFO - {"request": {"command": "GET https://api.smartsheet.com/2.0/sheets/6375545637916548"}}
2025-03-24 08:09:44,508 - INFO - {"request": {"command": "GET https://api.smartsheet.com/2.0/sheets/8286888007782276"}}
2025-03-24 08:09:44,572 - ERROR - ImportError! Could not load api or model class __iter__
2025-03-24 08:09:50,740 - INFO - {"request": {"command": "PUT https://api.smartsheet.com/2.0/sheets/6375545637916548/rows"}}
2025-03-24 08:09:51,195 - INFO - {"request": {"command": "GET https://api.smartsheet.com/2.0/sheets/8286888007782276"}}
2025-03-24 08:09:52,191 - INFO - {"request": {"command": "GET https://api.smartsheet.com/2.0/sheets/1321399974422404"}}
2025-03-24 08:09:56,011 - INFO - {"request": {"command": "GET https://api.smartsheet.com/2.0/sheets/3343337609553796"}}
2025-03-24 08:09:56,011 - ERROR - {"response": {"statusCode": 404, "reason": "Not Found", "content": "<< application/json;charset=UTF-8 content type suppressed >>"}}
2025-03-24 08:09:56,745 - INFO - {"request": {"command": "GET https://api.smartsheet.com/2.0/reports/3343337609553796"}}
2025-03-24 08:09:58,044 - INFO - {"request": {"command": "GET https://api.smartsheet.com/2.0/sheets/1321399974422404"}}
2025-03-24 08:10:04,307 - INFO - {"request": {"command": "GET https://api.smartsheet.com/2.0/sheets/1321399974422404"}}
2025-03-24 08:10:10,462 - INFO - {"request": {"command": "GET https://api.smartsheet.com/2.0/sheets/6626954460850052"}}
2025-03-24 08:10:10,803 - INFO - {"request": {"command": "GET https://api.smartsheet.com/2.0/sheets/1049489529169796"}}
2025-03-24 08:10:10,804 - ERROR - {"response": {"statusCode": 404, "reason": "Not Found", "content": "<< application/json;charset=UTF-8 content type suppressed >>"}}
2025-03-24 08:10:11,764 - INFO - {"request": {"command": "GET https://api.smartsheet.com/2.0/reports/1049489529169796"}}
2025-03-24 08:10:12,406 - INFO - {"request": {"command": "GET https://api.smartsheet.com/2.0/sheets/1567434936215428"}}
2025-03-24 08:10:13,442 - INFO - {"request": {"command": "GET https://api.smartsheet.com/2.0/sheets/1321399974422404"}}
2025-03-24 08:10:17,546 - INFO - {"request": {"command": "GET https://api.smartsheet.com/2.0/sheets/7806524950112132"}}
2025-03-24 08:10:17,547 - ERROR - {"response": {"statusCode": 404, "reason": "Not Found", "content": "<< application/json;charset=UTF-8 content type suppressed >>"}}
2025-03-24 08:10:18,330 - INFO - {"request": {"command": "GET https://api.smartsheet.com/2.0/reports/7806524950112132"}}
2025-03-24 08:10:18,779 - INFO - {"request": {"command": "GET https://api.smartsheet.com/2.0/sheets/838036346589060"}}
2025-03-24 08:10:18,779 - ERROR - {"response": {"statusCode": 404, "reason": "Not Found", "content": "<< application/json;charset=UTF-8 content type suppressed >>"}}
2025-03-24 08:10:19,569 - INFO - {"request": {"command": "GET https://api.smartsheet.com/2.0/reports/838036346589060"}}
2025-03-24 08:10:19,949 - INFO - {"request": {"command": "GET https://api.smartsheet.com/2.0/sheets/514056393805700"}}
2025-03-24 08:10:19,949 - ERROR - {"response": {"statusCode": 404, "reason": "Not Found", "content": "<< application/json;charset=UTF-8 content type suppressed >>"}}
2025-03-24 08:10:20,991 - INFO - {"request": {"command": "GET https://api.smartsheet.com/2.0/reports/514056393805700"}}
2025-03-24 08:10:21,351 - INFO - {"request": {"command": "GET https://api.smartsheet.com/2.0/sheets/119227404314500"}}
2025-03-24 08:10:21,351 - ERROR - {"response": {"statusCode": 404, "reason": "Not Found", "content": "<< application/json;charset=UTF-8 content type suppressed >>"}}
2025-03-24 08:10:22,457 - INFO - {"request": {"command": "GET https://api.smartsheet.com/2.0/reports/119227404314500"}}
2025-03-24 08:10:22,910 - INFO - {"request": {"command": "GET https://api.smartsheet.com/2.0/sheets/119227404314500"}}
2025-03-24 08:10:22,910 - ERROR - {"response": {"statusCode": 404, "reason": "Not Found", "content": "<< application/json;charset=UTF-8 content type suppressed >>"}}
2025-03-24 08:10:24,314 - INFO - {"request": {"command": "GET https://api.smartsheet.com/2.0/reports/119227404314500"}}
2025-03-24 08:10:24,769 - INFO - {"request": {"command": "GET https://api.smartsheet.com/2.0/sheets/6830703011751812"}}
2025-03-24 08:10:24,770 - ERROR - {"response": {"statusCode": 404, "reason": "Not Found", "content": "<< application/json;charset=UTF-8 content type suppressed >>"}}
2025-03-24 08:10:26,063 - INFO - {"request": {"command": "GET https://api.smartsheet.com/2.0/reports/6830703011751812"}}
2025-03-24 08:10:26,372 - INFO - {"request": {"command": "GET https://api.smartsheet.com/2.0/sheets/5416198482487172"}}
2025-03-24 08:10:26,372 - ERROR - {"response": {"statusCode": 404, "reason": "Not Found", "content": "<< application/json;charset=UTF-8 content type suppressed >>"}}
2025-03-24 08:10:28,541 - INFO - {"request": {"command": "GET https://api.smartsheet.com/2.0/reports/5416198482487172"}}
2025-03-24 08:10:28,809 - INFO - {"request": {"command": "GET https://api.smartsheet.com/2.0/sheets/4071633200670596"}}
2025-03-24 08:10:28,810 - ERROR - {"response": {"statusCode": 404, "reason": "Not Found", "content": "<< application/json;charset=UTF-8 content type suppressed >>"}}
2025-03-24 08:10:29,582 - INFO - {"request": {"command": "GET https://api.smartsheet.com/2.0/reports/4071633200670596"}}
2025-03-24 08:10:29,820 - INFO - {"request": {"command": "GET https://api.smartsheet.com/2.0/sheets/6253025107961732"}}
2025-03-24 08:10:29,820 - ERROR - {"response": {"statusCode": 404, "reason": "Not Found", "content": "<< application/json;charset=UTF-8 content type suppressed >>"}}
2025-03-24 08:10:30,517 - INFO - {"request": {"command": "GET https://api.smartsheet.com/2.0/reports/6253025107961732"}}
2025-03-24 08:10:30,691 - INFO - {"request": {"command": "GET https://api.smartsheet.com/2.0/sheets/1201203477538692"}}
2025-03-24 08:10:30,691 - ERROR - {"response": {"statusCode": 404, "reason": "Not Found", "content": "<< application/json;charset=UTF-8 content type suppressed >>"}}
2025-03-24 08:10:31,871 - INFO - {"request": {"command": "GET https://api.smartsheet.com/2.0/reports/1201203477538692"}}
2025-03-24 08:10:32,101 - INFO - {"request": {"command": "GET https://api.smartsheet.com/2.0/sheets/4035160338392964"}}
2025-03-24 08:10:32,102 - ERROR - {"response": {"statusCode": 404, "reason": "Not Found", "content": "<< application/json;charset=UTF-8 content type suppressed >>"}}
2025-03-24 08:10:33,176 - INFO - {"request": {"command": "GET https://api.smartsheet.com/2.0/reports/4035160338392964"}}
2025-03-24 08:10:33,415 - INFO - {"request": {"command": "GET https://api.smartsheet.com/2.0/sheets/5033933884313476"}}
2025-03-24 08:10:33,415 - ERROR - {"response": {"statusCode": 404, "reason": "Not Found", "content": "<< application/json;charset=UTF-8 content type suppressed >>"}}
2025-03-24 08:10:34,104 - INFO - {"request": {"command": "GET https://api.smartsheet.com/2.0/reports/5033933884313476"}}
2025-03-24 08:10:34,274 - INFO - {"request": {"command": "GET https://api.smartsheet.com/2.0/sheets/2610120080969604"}}
2025-03-24 08:10:34,275 - ERROR - {"response": {"statusCode": 404, "reason": "Not Found", "content": "<< application/json;charset=UTF-8 content type suppressed >>"}}
2025-03-24 08:10:35,077 - INFO - {"request": {"command": "GET https://api.smartsheet.com/2.0/reports/2610120080969604"}}
2025-03-24 08:10:35,245 - INFO - {"request": {"command": "GET https://api.smartsheet.com/2.0/sheets/7806524950112132"}}
2025-03-24 08:10:35,246 - ERROR - {"response": {"statusCode": 404, "reason": "Not Found", "content": "<< application/json;charset=UTF-8 content type suppressed >>"}}
2025-03-24 08:10:36,735 - INFO - {"request": {"command": "GET https://api.smartsheet.com/2.0/reports/7806524950112132"}}
2025-03-24 08:10:38,413 - INFO - {"request": {"command": "GET https://api.smartsheet.com/2.0/sheets/4928893615400836"}}
2025-03-24 08:10:45,254 - INFO - {"request": {"command": "GET https://api.smartsheet.com/2.0/sheets/6300903738238852"}}
2025-03-24 08:10:49,479 - INFO - {"request": {"command": "GET https://api.smartsheet.com/2.0/sheets/5213426365556612"}}
2025-03-24 08:10:49,480 - ERROR - {"response": {"statusCode": 404, "reason": "Not Found", "content": "<< application/json;charset=UTF-8 content type suppressed >>"}}
2025-03-24 08:10:50,390 - INFO - {"request": {"command": "GET https://api.smartsheet.com/2.0/reports/5213426365556612"}}
2025-03-24 08:10:50,738 - INFO - {"request": {"command": "GET https://api.smartsheet.com/2.0/sheets/3136311461734276"}}
2025-03-24 08:10:50,738 - ERROR - {"response": {"statusCode": 404, "reason": "Not Found", "content": "<< application/json;charset=UTF-8 content type suppressed >>"}}
2025-03-24 08:10:51,882 - INFO - {"request": {"command": "GET https://api.smartsheet.com/2.0/reports/3136311461734276"}}
2025-03-24 08:10:52,085 - INFO - {"request": {"command": "GET https://api.smartsheet.com/2.0/sheets/313057659381636"}}
2025-03-24 08:10:52,086 - ERROR - {"response": {"statusCode": 404, "reason": "Not Found", "content": "<< application/json;charset=UTF-8 content type suppressed >>"}}
2025-03-24 08:10:52,712 - INFO - {"request": {"command": "GET https://api.smartsheet.com/2.0/reports/313057659381636"}}
2025-03-24 08:10:52,956 - INFO - {"request": {"command": "GET https://api.smartsheet.com/2.0/sheets/2010411554891652"}}
2025-03-24 08:10:52,956 - ERROR - {"response": {"statusCode": 404, "reason": "Not Found", "content": "<< application/json;charset=UTF-8 content type suppressed >>"}}
2025-03-24 08:10:54,149 - INFO - {"request": {"command": "GET https://api.smartsheet.com/2.0/reports/2010411554891652"}}
2025-03-24 08:10:54,327 - INFO - {"request": {"command": "GET https://api.smartsheet.com/2.0/sheets/3524542145554308"}}
2025-03-24 08:10:54,327 - ERROR - {"response": {"statusCode": 404, "reason": "Not Found", "content": "<< application/json;charset=UTF-8 content type suppressed >>"}}
2025-03-24 08:10:54,899 - INFO - {"request": {"command": "GET https://api.smartsheet.com/2.0/reports/3524542145554308"}}
2025-03-24 08:10:55,117 - INFO - {"request": {"command": "GET https://api.smartsheet.com/2.0/sheets/3999909125875588"}}
2025-03-24 08:10:55,117 - ERROR - {"response": {"statusCode": 404, "reason": "Not Found", "content": "<< application/json;charset=UTF-8 content type suppressed >>"}}
2025-03-24 08:10:55,994 - INFO - {"request": {"command": "GET https://api.smartsheet.com/2.0/reports/3999909125875588"}}
2025-03-24 08:10:56,200 - INFO - {"request": {"command": "GET https://api.smartsheet.com/2.0/sheets/4236166686893956"}}
2025-03-24 08:10:56,201 - ERROR - {"response": {"statusCode": 404, "reason": "Not Found", "content": "<< application/json;charset=UTF-8 content type suppressed >>"}}
2025-03-24 08:10:56,919 - INFO - {"request": {"command": "GET https://api.smartsheet.com/2.0/reports/4236166686893956"}}
2025-03-24 08:10:57,137 - INFO - {"request": {"command": "GET https://api.smartsheet.com/2.0/sheets/1928360499668868"}}
2025-03-24 08:10:57,137 - ERROR - {"response": {"statusCode": 404, "reason": "Not Found", "content": "<< application/json;charset=UTF-8 content type suppressed >>"}}
2025-03-24 08:10:57,797 - INFO - {"request": {"command": "GET https://api.smartsheet.com/2.0/reports/1928360499668868"}}
2025-03-24 08:10:57,981 - INFO - {"request": {"command": "GET https://api.smartsheet.com/2.0/sheets/8598066753234820"}}
2025-03-24 08:10:57,981 - ERROR - {"response": {"statusCode": 404, "reason": "Not Found", "content": "<< application/json;charset=UTF-8 content type suppressed >>"}}
2025-03-24 08:10:59,478 - INFO - {"request": {"command": "GET https://api.smartsheet.com/2.0/reports/8598066753234820"}}
2025-03-24 08:10:59,670 - INFO - {"request": {"command": "GET https://api.smartsheet.com/2.0/sheets/8598066753234820"}}
2025-03-24 08:10:59,671 - ERROR - {"response": {"statusCode": 404, "reason": "Not Found", "content": "<< application/json;charset=UTF-8 content type suppressed >>"}}
2025-03-24 08:11:00,696 - INFO - {"request": {"command": "GET https://api.smartsheet.com/2.0/reports/8598066753234820"}}
2025-03-24 08:11:00,922 - INFO - {"request": {"command": "GET https://api.smartsheet.com/2.0/sheets/856267943110532"}}
2025-03-24 08:11:00,922 - ERROR - {"response": {"statusCode": 404, "reason": "Not Found", "content": "<< application/json;charset=UTF-8 content type suppressed >>"}}
2025-03-24 08:11:01,953 - INFO - {"request": {"command": "GET https://api.smartsheet.com/2.0/reports/856267943110532"}}
2025-03-24 08:11:02,159 - INFO - {"request": {"command": "GET https://api.smartsheet.com/2.0/sheets/856267943110532"}}
2025-03-24 08:11:02,159 - ERROR - {"response": {"statusCode": 404, "reason": "Not Found", "content": "<< application/json;charset=UTF-8 content type suppressed >>"}}
2025-03-24 08:11:03,094 - INFO - {"request": {"command": "GET https://api.smartsheet.com/2.0/reports/856267943110532"}}
2025-03-24 08:11:03,322 - INFO - {"request": {"command": "GET https://api.smartsheet.com/2.0/sheets/3522652359944068"}}
2025-03-24 08:11:03,323 - ERROR - {"response": {"statusCode": 404, "reason": "Not Found", "content": "<< application/json;charset=UTF-8 content type suppressed >>"}}
2025-03-24 08:11:04,104 - INFO - {"request": {"command": "GET https://api.smartsheet.com/2.0/reports/3522652359944068"}}
2025-03-24 08:11:04,334 - INFO - {"request": {"command": "GET https://api.smartsheet.com/2.0/sheets/3522652359944068"}}
2025-03-24 08:11:04,335 - ERROR - {"response": {"statusCode": 404, "reason": "Not Found", "content": "<< application/json;charset=UTF-8 content type suppressed >>"}}
2025-03-24 08:11:05,384 - INFO - {"request": {"command": "GET https://api.smartsheet.com/2.0/reports/3522652359944068"}}
2025-03-24 08:11:05,643 - INFO - {"request": {"command": "GET https://api.smartsheet.com/2.0/sheets/3204756060563332"}}
2025-03-24 08:11:05,644 - ERROR - {"response": {"statusCode": 404, "reason": "Not Found", "content": "<< application/json;charset=UTF-8 content type suppressed >>"}}
2025-03-24 08:11:07,147 - INFO - {"request": {"command": "GET https://api.smartsheet.com/2.0/reports/3204756060563332"}}
2025-03-24 08:11:07,370 - INFO - {"request": {"command": "GET https://api.smartsheet.com/2.0/sheets/3204756060563332"}}
2025-03-24 08:11:07,371 - ERROR - {"response": {"statusCode": 404, "reason": "Not Found", "content": "<< application/json;charset=UTF-8 content type suppressed >>"}}
2025-03-24 08:11:08,613 - INFO - {"request": {"command": "GET https://api.smartsheet.com/2.0/reports/3204756060563332"}}
2025-03-24 08:11:10,461 - INFO - {"request": {"command": "GET https://api.smartsheet.com/2.0/sheets/4552067932022660"}}
2025-03-24 08:11:25,824 - INFO - {"request": {"command": "GET https://api.smartsheet.com/2.0/sheets/4552067932022660"}}
2025-03-24 08:11:41,884 - INFO - {"request": {"command": "GET https://api.smartsheet.com/2.0/sheets/7806524950112132"}}
2025-03-24 08:11:41,884 - ERROR - {"response": {"statusCode": 404, "reason": "Not Found", "content": "<< application/json;charset=UTF-8 content type suppressed >>"}}
2025-03-24 08:11:43,146 - INFO - {"request": {"command": "GET https://api.smartsheet.com/2.0/reports/7806524950112132"}}
2025-03-24 08:11:44,551 - INFO - {"request": {"command": "GET https://api.smartsheet.com/2.0/sheets/1321399974422404"}}
2025-03-24 08:11:48,815 - INFO - {"request": {"command": "GET https://api.smartsheet.com/2.0/sheets/1321399974422404"}}
2025-03-24 08:11:53,448 - INFO - {"request": {"command": "GET https://api.smartsheet.com/2.0/sheets/1321399974422404"}}
2025-03-24 08:11:57,250 - INFO - {"request": {"command": "GET https://api.smartsheet.com/2.0/sheets/1067526747645828"}}
2025-03-24 08:11:57,250 - ERROR - {"response": {"statusCode": 404, "reason": "Not Found", "content": "<< application/json;charset=UTF-8 content type suppressed >>"}}
2025-03-24 08:11:57,976 - INFO - {"request": {"command": "GET https://api.smartsheet.com/2.0/reports/1067526747645828"}}
2025-03-24 08:11:58,564 - INFO - {"request": {"command": "GET https://api.smartsheet.com/2.0/sheets/4823963378444164"}}
2025-03-24 08:11:58,923 - INFO - {"request": {"command": "GET https://api.smartsheet.com/2.0/sheets/4823963378444164"}}
2025-03-24 08:11:59,273 - INFO - {"request": {"command": "GET https://api.smartsheet.com/2.0/sheets/4823963378444164"}}
2025-03-24 08:11:59,784 - INFO - {"request": {"command": "PUT https://api.smartsheet.com/2.0/sheets/6375545637916548/rows"}}
2025-03-24 08:12:00,255 - INFO - {"request": {"command": "PUT https://api.smartsheet.com/2.0/sheets/6375545637916548/rows"}}
2025-03-24 08:12:00,688 - INFO - {"request": {"command": "GET https://api.smartsheet.com/2.0/sheets/8286888007782276"}}
2025-03-24 08:12:00,766 - ERROR - ImportError! Could not load api or model class __iter__
2025-03-24 08:12:22,636 - INFO - {"request": {"command": "PUT https://api.smartsheet.com/2.0/sheets/6375545637916548/rows"}}
2025-03-24 08:12:23,152 - INFO - {"request": {"command": "GET https://api.smartsheet.com/2.0/sheets/8286888007782276"}}
2025-03-24 08:12:23,580 - INFO - {"request": {"command": "GET https://api.smartsheet.com/2.0/sheets/927699087714180"}}
2025-03-24 08:12:23,927 - INFO - {"request": {"command": "GET https://api.smartsheet.com/2.0/sheets/7025547290142596"}}
2025-03-24 08:12:24,364 - INFO - {"request": {"command": "GET https://api.smartsheet.com/2.0/sheets/3802319289640836"}}
2025-03-24 08:12:24,875 - INFO - {"request": {"command": "GET https://api.smartsheet.com/2.0/sheets/3318326337267588"}}
2025-03-24 08:12:26,713 - INFO - {"request": {"command": "GET https://api.smartsheet.com/2.0/sheets/2626405101004676"}}
2025-03-24 08:12:31,174 - INFO - {"request": {"command": "GET https://api.smartsheet.com/2.0/sheets/7076538148513668"}}
2025-03-24 08:12:38,075 - INFO - {"request": {"command": "GET https://api.smartsheet.com/2.0/sheets/7076538148513668"}}
2025-03-24 08:12:43,433 - INFO - {"request": {"command": "GET https://api.smartsheet.com/2.0/sheets/8985484681602948"}}
2025-03-24 08:12:44,836 - INFO - {"request": {"command": "GET https://api.smartsheet.com/2.0/sheets/4846896138217348"}}
2025-03-24 08:12:48,631 - INFO - {"request": {"command": "GET https://api.smartsheet.com/2.0/sheets/6394619958192004"}}
2025-03-24 08:12:49,462 - INFO - {"request": {"command": "GET https://api.smartsheet.com/2.0/sheets/5889084137727876"}}
2025-03-24 08:12:51,173 - INFO - {"request": {"command": "GET https://api.smartsheet.com/2.0/sheets/8972796274468740"}}
2025-03-24 08:12:51,892 - INFO - {"request": {"command": "GET https://api.smartsheet.com/2.0/sheets/8302056399234948"}}
2025-03-24 08:12:52,840 - INFO - {"request": {"command": "GET https://api.smartsheet.com/2.0/sheets/5418305407215492"}}
2025-03-24 08:12:54,087 - INFO - {"request": {"command": "GET https://api.smartsheet.com/2.0/sheets/5418305407215492"}}
2025-03-24 08:12:55,598 - INFO - {"request": {"command": "GET https://api.smartsheet.com/2.0/sheets/5418305407215492"}}
2025-03-24 08:12:56,791 - INFO - {"request": {"command": "GET https://api.smartsheet.com/2.0/sheets/5418305407215492"}}
2025-03-24 08:12:58,011 - INFO - {"request": {"command": "GET https://api.smartsheet.com/2.0/sheets/5418305407215492"}}
2025-03-24 08:12:59,497 - INFO - {"request": {"command": "GET https://api.smartsheet.com/2.0/sheets/5418305407215492"}}
2025-03-24 08:13:00,712 - INFO - {"request": {"command": "GET https://api.smartsheet.com/2.0/sheets/5418305407215492"}}
2025-03-24 08:13:02,470 - INFO - {"request": {"command": "GET https://api.smartsheet.com/2.0/sheets/5418305407215492"}}
2025-03-24 08:13:04,208 - INFO - {"request": {"command": "GET https://api.smartsheet.com/2.0/sheets/4675179990280068"}}
2025-03-24 08:13:07,424 - INFO - {"request": {"command": "GET https://api.smartsheet.com/2.0/sheets/7139522434623364"}}
2025-03-24 08:13:08,895 - INFO - {"request": {"command": "GET https://api.smartsheet.com/2.0/sheets/7139522434623364"}}
2025-03-24 08:13:10,736 - INFO - {"request": {"command": "GET https://api.smartsheet.com/2.0/sheets/7587854214817668"}}
2025-03-24 08:13:16,383 - INFO - {"request": {"command": "GET https://api.smartsheet.com/2.0/sheets/8632242219050884"}}
2025-03-24 08:13:22,005 - INFO - {"request": {"command": "GET https://api.smartsheet.com/2.0/sheets/4447916199831428"}}
2025-03-24 08:13:34,257 - INFO - {"request": {"command": "GET https://api.smartsheet.com/2.0/sheets/436283903371140"}}
2025-03-24 08:13:36,863 - INFO - {"request": {"command": "GET https://api.smartsheet.com/2.0/sheets/958078809073540"}}
2025-03-24 08:13:46,974 - INFO - {"request": {"command": "GET https://api.smartsheet.com/2.0/sheets/1032417847863172"}}
2025-03-24 08:13:48,531 - INFO - {"request": {"command": "GET https://api.smartsheet.com/2.0/sheets/6805970316748676"}}
2025-03-24 08:13:51,354 - INFO - {"request": {"command": "GET https://api.smartsheet.com/2.0/sheets/5299063055771524"}}
2025-03-24 08:13:53,205 - INFO - {"request": {"command": "GET https://api.smartsheet.com/2.0/sheets/5299063055771524"}}
2025-03-24 08:13:55,000 - INFO - {"request": {"command": "GET https://api.smartsheet.com/2.0/sheets/6805970316748676"}}
2025-03-24 08:13:58,773 - INFO - {"request": {"command": "GET https://api.smartsheet.com/2.0/sheets/8632242219050884"}}
2025-03-24 08:14:03,720 - INFO - {"request": {"command": "GET https://api.smartsheet.com/2.0/sheets/7587854214817668"}}
2025-03-24 08:14:08,927 - INFO - {"request": {"command": "GET https://api.smartsheet.com/2.0/sheets/436283903371140"}}
2025-03-24 08:14:12,065 - INFO - {"request": {"command": "GET https://api.smartsheet.com/2.0/sheets/4447916199831428"}}
2025-03-24 08:14:24,247 - INFO - {"request": {"command": "GET https://api.smartsheet.com/2.0/sheets/1032417847863172"}}
2025-03-24 08:14:27,079 - INFO - {"request": {"command": "GET https://api.smartsheet.com/2.0/sheets/958078809073540"}}
2025-03-24 08:14:37,424 - INFO - {"request": {"command": "GET https://api.smartsheet.com/2.0/sheets/7139522434623364"}}
2025-03-24 08:14:38,697 - INFO - {"request": {"command": "GET https://api.smartsheet.com/2.0/sheets/7139522434623364"}}
2025-03-24 08:14:40,002 - INFO - {"request": {"command": "GET https://api.smartsheet.com/2.0/sheets/6177578441566084"}}
2025-03-24 08:14:41,326 - INFO - {"request": {"command": "GET https://api.smartsheet.com/2.0/sheets/6867960678639492"}}
2025-03-24 08:14:41,839 - INFO - {"request": {"command": "GET https://api.smartsheet.com/2.0/sheets/2628866612193156"}}
2025-03-24 08:14:42,176 - INFO - {"request": {"command": "GET https://api.smartsheet.com/2.0/sheets/8645286865201028"}}
2025-03-24 08:14:43,108 - INFO - {"request": {"command": "GET https://api.smartsheet.com/2.0/sheets/5418305407215492"}}
2025-03-24 08:14:45,162 - INFO - {"request": {"command": "GET https://api.smartsheet.com/2.0/sheets/7209223378495364"}}
2025-03-24 08:14:54,137 - INFO - {"request": {"command": "GET https://api.smartsheet.com/2.0/sheets/7380175961778052"}}
2025-03-24 08:14:59,385 - INFO - {"request": {"command": "GET https://api.smartsheet.com/2.0/sheets/6646101626382212"}}
2025-03-24 08:15:07,794 - INFO - {"request": {"command": "PUT https://api.smartsheet.com/2.0/sheets/6375545637916548/rows"}}
2025-03-24 08:15:08,461 - INFO - {"request": {"command": "PUT https://api.smartsheet.com/2.0/sheets/6375545637916548/rows"}}
2025-03-24 08:15:08,463 - INFO - Script executed successfully.
