2025-01-17 15:36:47,832 - INFO - Script started.
2025-01-17 15:36:48,964 - INFO - {"request": {"command": "GET https://api.smartsheet.com/2.0/sheets/6375545637916548"}}
2025-01-17 15:36:49,235 - INFO - {"request": {"command": "GET https://api.smartsheet.com/2.0/sheets/6375545637916548"}}
2025-01-17 15:36:49,483 - INFO - {"request": {"command": "GET https://api.smartsheet.com/2.0/sheets/6375545637916548"}}
2025-01-17 15:36:49,790 - INFO - {"request": {"command": "GET https://api.smartsheet.com/2.0/sheets/3698191069302660"}}
2025-01-17 15:36:50,163 - INFO - {"request": {"command": "GET https://api.smartsheet.com/2.0/sheets/3698191069302660"}}
2025-01-17 15:36:51,120 - INFO - {"request": {"command": "PUT https://api.smartsheet.com/2.0/sheets/6375545637916548/rows"}}
2025-01-17 15:36:52,489 - INFO - {"request": {"command": "PUT https://api.smartsheet.com/2.0/sheets/6375545637916548/rows"}}
2025-01-17 15:36:52,611 - INFO - {"request": {"command": "GET https://api.smartsheet.com/2.0/sheets/1"}}
2025-01-17 15:36:52,611 - ERROR - {"response": {"statusCode": 404, "reason": "Not Found", "content": "<< application/json;charset=UTF-8 content type suppressed >>"}}
2025-01-17 15:36:52,735 - INFO - {"request": {"command": "GET https://api.smartsheet.com/2.0/reports/1"}}
2025-01-17 15:36:52,735 - ERROR - {"response": {"statusCode": 404, "reason": "Not Found", "content": "<< application/json;charset=UTF-8 content type suppressed >>"}}
2025-01-17 15:36:52,736 - ERROR - GET_SHEET_OR_REPORT NONE Error: {"result": {"code": 1006, "errorCode": 1006, "message": "Not Found", "name": "ApiError", "recommendation": "Do not retry without fixing the problem. ", "refId": "r7y1h1", "shouldRetry": false, "statusCode": 404}}
2025-01-17 15:36:53,350 - INFO - {"request": {"command": "PUT https://api.smartsheet.com/2.0/sheets/6375545637916548/rows"}}
2025-01-17 15:36:53,450 - INFO - {"request": {"command": "GET https://api.smartsheet.com/2.0/sheets/None"}}
2025-01-17 15:36:53,450 - ERROR - {"response": {"statusCode": 500, "reason": "Internal Server Error", "content": "<< application/json;charset=UTF-8 content type suppressed >>"}}
2025-01-17 15:36:53,760 - INFO - {"request": {"command": "GET https://api.smartsheet.com/2.0/reports/None"}}
2025-01-17 15:36:53,761 - ERROR - {"response": {"statusCode": 404, "reason": "Not Found", "content": "<< application/json;charset=UTF-8 content type suppressed >>"}}
2025-01-17 15:36:53,761 - ERROR - GET_SHEET_OR_REPORT NONE Error: {"result": {"code": 1006, "errorCode": 1006, "message": "Not Found", "name": "ApiError", "recommendation": "Do not retry without fixing the problem. ", "refId": "hy9hjj", "shouldRetry": false, "statusCode": 404}}
2025-01-17 15:36:54,612 - INFO - {"request": {"command": "PUT https://api.smartsheet.com/2.0/sheets/6375545637916548/rows"}}
2025-01-17 15:36:54,975 - INFO - {"request": {"command": "GET https://api.smartsheet.com/2.0/sheets/3698191069302660"}}
2025-01-17 15:36:55,403 - INFO - {"request": {"command": "GET https://api.smartsheet.com/2.0/sheets/3698191069302660"}}
2025-01-17 15:36:55,930 - INFO - {"request": {"command": "PUT https://api.smartsheet.com/2.0/sheets/6375545637916548/rows"}}
2025-01-17 15:36:56,773 - INFO - {"request": {"command": "PUT https://api.smartsheet.com/2.0/sheets/6375545637916548/rows"}}
2025-01-17 15:36:57,134 - INFO - {"request": {"command": "GET https://api.smartsheet.com/2.0/sheets/3698191069302660"}}
2025-01-17 15:36:57,515 - INFO - {"request": {"command": "GET https://api.smartsheet.com/2.0/sheets/3698191069302660"}}
2025-01-17 15:36:58,154 - INFO - {"request": {"command": "PUT https://api.smartsheet.com/2.0/sheets/6375545637916548/rows"}}
2025-01-17 15:36:58,755 - INFO - {"request": {"command": "PUT https://api.smartsheet.com/2.0/sheets/6375545637916548/rows"}}
2025-01-17 15:36:58,759 - INFO - Script executed successfully.
