2025-01-27 14:36:45,316 - INFO - Script started.
2025-01-27 14:36:46,393 - INFO - {"request": {"command": "GET https://api.smartsheet.com/2.0/sheets/6375545637916548"}}
2025-01-27 14:36:46,628 - INFO - {"request": {"command": "GET https://api.smartsheet.com/2.0/sheets/6375545637916548"}}
2025-01-27 14:36:46,919 - INFO - {"request": {"command": "GET https://api.smartsheet.com/2.0/sheets/6375545637916548"}}
2025-01-27 14:36:47,372 - INFO - {"request": {"command": "GET https://api.smartsheet.com/2.0/sheets/3698191069302660"}}
2025-01-27 14:36:47,808 - INFO - {"request": {"command": "GET https://api.smartsheet.com/2.0/sheets/3698191069302660"}}
2025-01-27 14:36:48,036 - INFO - {"request": {"command": "GET https://api.smartsheet.com/2.0/sheets/968074702311300"}}
2025-01-27 14:36:48,036 - ERROR - {"response": {"statusCode": 404, "reason": "Not Found", "content": "<< application/json;charset=UTF-8 content type suppressed >>"}}
2025-01-27 14:36:48,954 - INFO - {"request": {"command": "GET https://api.smartsheet.com/2.0/reports/968074702311300"}}
2025-01-27 14:36:49,088 - INFO - {"request": {"command": "GET https://api.smartsheet.com/2.0/sheets/5825098598535044"}}
2025-01-27 14:36:49,089 - ERROR - {"response": {"statusCode": 404, "reason": "Not Found", "content": "<< application/json;charset=UTF-8 content type suppressed >>"}}
2025-01-27 14:36:49,508 - INFO - {"request": {"command": "GET https://api.smartsheet.com/2.0/reports/5825098598535044"}}
2025-01-27 14:36:49,658 - INFO - {"request": {"command": "GET https://api.smartsheet.com/2.0/sheets/3741894504828804"}}
2025-01-27 14:36:49,658 - ERROR - {"response": {"statusCode": 404, "reason": "Not Found", "content": "<< application/json;charset=UTF-8 content type suppressed >>"}}
2025-01-27 14:36:50,235 - INFO - {"request": {"command": "GET https://api.smartsheet.com/2.0/reports/3741894504828804"}}
2025-01-27 14:36:50,368 - INFO - {"request": {"command": "GET https://api.smartsheet.com/2.0/sheets/663833177706372"}}
2025-01-27 14:36:50,369 - ERROR - {"response": {"statusCode": 404, "reason": "Not Found", "content": "<< application/json;charset=UTF-8 content type suppressed >>"}}
2025-01-27 14:36:50,846 - INFO - {"request": {"command": "GET https://api.smartsheet.com/2.0/reports/663833177706372"}}
2025-01-27 14:36:50,980 - INFO - {"request": {"command": "GET https://api.smartsheet.com/2.0/sheets/968091882180484"}}
2025-01-27 14:36:50,980 - ERROR - {"response": {"statusCode": 404, "reason": "Not Found", "content": "<< application/json;charset=UTF-8 content type suppressed >>"}}
2025-01-27 14:36:51,530 - INFO - {"request": {"command": "GET https://api.smartsheet.com/2.0/reports/968091882180484"}}
2025-01-27 14:36:51,692 - INFO - {"request": {"command": "GET https://api.smartsheet.com/2.0/sheets/8568036512452484"}}
2025-01-27 14:36:51,692 - ERROR - {"response": {"statusCode": 404, "reason": "Not Found", "content": "<< application/json;charset=UTF-8 content type suppressed >>"}}
2025-01-27 14:36:52,055 - INFO - {"request": {"command": "GET https://api.smartsheet.com/2.0/reports/8568036512452484"}}
2025-01-27 14:36:52,196 - INFO - {"request": {"command": "GET https://api.smartsheet.com/2.0/sheets/1858671604617092"}}
2025-01-27 14:36:52,196 - ERROR - {"response": {"statusCode": 404, "reason": "Not Found", "content": "<< application/json;charset=UTF-8 content type suppressed >>"}}
2025-01-27 14:36:52,578 - INFO - {"request": {"command": "GET https://api.smartsheet.com/2.0/reports/1858671604617092"}}
2025-01-27 14:36:52,721 - INFO - {"request": {"command": "GET https://api.smartsheet.com/2.0/sheets/8849477129424772"}}
2025-01-27 14:36:52,721 - ERROR - {"response": {"statusCode": 404, "reason": "Not Found", "content": "<< application/json;charset=UTF-8 content type suppressed >>"}}
2025-01-27 14:36:53,319 - INFO - {"request": {"command": "GET https://api.smartsheet.com/2.0/reports/8849477129424772"}}
2025-01-27 14:36:53,452 - INFO - {"request": {"command": "GET https://api.smartsheet.com/2.0/sheets/7397984341806980"}}
2025-01-27 14:36:53,453 - ERROR - {"response": {"statusCode": 404, "reason": "Not Found", "content": "<< application/json;charset=UTF-8 content type suppressed >>"}}
2025-01-27 14:36:53,919 - INFO - {"request": {"command": "GET https://api.smartsheet.com/2.0/reports/7397984341806980"}}
2025-01-27 14:36:54,058 - INFO - {"request": {"command": "GET https://api.smartsheet.com/2.0/sheets/5402422277001092"}}
2025-01-27 14:36:54,058 - ERROR - {"response": {"statusCode": 404, "reason": "Not Found", "content": "<< application/json;charset=UTF-8 content type suppressed >>"}}
2025-01-27 14:36:54,572 - INFO - {"request": {"command": "GET https://api.smartsheet.com/2.0/reports/5402422277001092"}}
2025-01-27 14:36:54,690 - INFO - {"request": {"command": "GET https://api.smartsheet.com/2.0/sheets/6503098914656132"}}
2025-01-27 14:36:54,691 - ERROR - {"response": {"statusCode": 404, "reason": "Not Found", "content": "<< application/json;charset=UTF-8 content type suppressed >>"}}
2025-01-27 14:36:55,147 - INFO - {"request": {"command": "GET https://api.smartsheet.com/2.0/reports/6503098914656132"}}
2025-01-27 14:36:55,292 - INFO - {"request": {"command": "GET https://api.smartsheet.com/2.0/sheets/4936624483815300"}}
2025-01-27 14:36:55,292 - ERROR - {"response": {"statusCode": 404, "reason": "Not Found", "content": "<< application/json;charset=UTF-8 content type suppressed >>"}}
2025-01-27 14:36:56,093 - INFO - {"request": {"command": "GET https://api.smartsheet.com/2.0/reports/4936624483815300"}}
2025-01-27 14:36:56,233 - INFO - {"request": {"command": "GET https://api.smartsheet.com/2.0/sheets/241307180027780"}}
2025-01-27 14:36:56,234 - ERROR - {"response": {"statusCode": 404, "reason": "Not Found", "content": "<< application/json;charset=UTF-8 content type suppressed >>"}}
2025-01-27 14:36:56,701 - INFO - {"request": {"command": "GET https://api.smartsheet.com/2.0/reports/241307180027780"}}
2025-01-27 14:36:56,840 - INFO - {"request": {"command": "GET https://api.smartsheet.com/2.0/sheets/5870892613586820"}}
2025-01-27 14:36:56,840 - ERROR - {"response": {"statusCode": 404, "reason": "Not Found", "content": "<< application/json;charset=UTF-8 content type suppressed >>"}}
2025-01-27 14:36:57,303 - INFO - {"request": {"command": "GET https://api.smartsheet.com/2.0/reports/5870892613586820"}}
2025-01-27 14:36:57,439 - INFO - {"request": {"command": "GET https://api.smartsheet.com/2.0/sheets/8595180705763204"}}
2025-01-27 14:36:57,440 - ERROR - {"response": {"statusCode": 404, "reason": "Not Found", "content": "<< application/json;charset=UTF-8 content type suppressed >>"}}
2025-01-27 14:36:58,009 - INFO - {"request": {"command": "GET https://api.smartsheet.com/2.0/reports/8595180705763204"}}
2025-01-27 14:36:58,150 - INFO - {"request": {"command": "GET https://api.smartsheet.com/2.0/sheets/8101293826461572"}}
2025-01-27 14:36:58,151 - ERROR - {"response": {"statusCode": 404, "reason": "Not Found", "content": "<< application/json;charset=UTF-8 content type suppressed >>"}}
2025-01-27 14:36:58,585 - INFO - {"request": {"command": "GET https://api.smartsheet.com/2.0/reports/8101293826461572"}}
2025-01-27 14:36:58,721 - INFO - {"request": {"command": "GET https://api.smartsheet.com/2.0/sheets/117766740725636"}}
2025-01-27 14:36:58,722 - ERROR - {"response": {"statusCode": 404, "reason": "Not Found", "content": "<< application/json;charset=UTF-8 content type suppressed >>"}}
2025-01-27 14:36:59,343 - INFO - {"request": {"command": "GET https://api.smartsheet.com/2.0/reports/117766740725636"}}
2025-01-27 14:36:59,522 - INFO - {"request": {"command": "GET https://api.smartsheet.com/2.0/sheets/5612205659606916"}}
2025-01-27 14:36:59,523 - ERROR - {"response": {"statusCode": 404, "reason": "Not Found", "content": "<< application/json;charset=UTF-8 content type suppressed >>"}}
2025-01-27 14:37:00,094 - INFO - {"request": {"command": "GET https://api.smartsheet.com/2.0/reports/5612205659606916"}}
2025-01-27 14:37:00,226 - INFO - {"request": {"command": "GET https://api.smartsheet.com/2.0/sheets/713280062443396"}}
2025-01-27 14:37:00,227 - ERROR - {"response": {"statusCode": 404, "reason": "Not Found", "content": "<< application/json;charset=UTF-8 content type suppressed >>"}}
2025-01-27 14:37:00,679 - INFO - {"request": {"command": "GET https://api.smartsheet.com/2.0/reports/713280062443396"}}
2025-01-27 14:37:00,818 - INFO - {"request": {"command": "GET https://api.smartsheet.com/2.0/sheets/185840898625412"}}
2025-01-27 14:37:00,819 - ERROR - {"response": {"statusCode": 404, "reason": "Not Found", "content": "<< application/json;charset=UTF-8 content type suppressed >>"}}
2025-01-27 14:37:01,431 - INFO - {"request": {"command": "GET https://api.smartsheet.com/2.0/reports/185840898625412"}}
2025-01-27 14:37:01,576 - INFO - {"request": {"command": "GET https://api.smartsheet.com/2.0/sheets/264181102104452"}}
2025-01-27 14:37:01,577 - ERROR - {"response": {"statusCode": 404, "reason": "Not Found", "content": "<< application/json;charset=UTF-8 content type suppressed >>"}}
2025-01-27 14:37:02,552 - INFO - {"request": {"command": "GET https://api.smartsheet.com/2.0/reports/264181102104452"}}
2025-01-27 14:37:02,729 - INFO - {"request": {"command": "GET https://api.smartsheet.com/2.0/sheets/1472330706407300"}}
2025-01-27 14:37:02,729 - ERROR - {"response": {"statusCode": 404, "reason": "Not Found", "content": "<< application/json;charset=UTF-8 content type suppressed >>"}}
2025-01-27 14:37:03,244 - INFO - {"request": {"command": "GET https://api.smartsheet.com/2.0/reports/1472330706407300"}}
2025-01-27 14:37:03,395 - INFO - {"request": {"command": "GET https://api.smartsheet.com/2.0/sheets/6838578273275780"}}
2025-01-27 14:37:03,395 - ERROR - {"response": {"statusCode": 404, "reason": "Not Found", "content": "<< application/json;charset=UTF-8 content type suppressed >>"}}
2025-01-27 14:37:03,793 - INFO - {"request": {"command": "GET https://api.smartsheet.com/2.0/reports/6838578273275780"}}
2025-01-27 14:37:03,930 - INFO - {"request": {"command": "GET https://api.smartsheet.com/2.0/sheets/5250651554533252"}}
2025-01-27 14:37:03,930 - ERROR - {"response": {"statusCode": 404, "reason": "Not Found", "content": "<< application/json;charset=UTF-8 content type suppressed >>"}}
2025-01-27 14:37:04,424 - INFO - {"request": {"command": "GET https://api.smartsheet.com/2.0/reports/5250651554533252"}}
2025-01-27 14:37:04,559 - INFO - {"request": {"command": "GET https://api.smartsheet.com/2.0/sheets/6001722149261188"}}
2025-01-27 14:37:04,560 - ERROR - {"response": {"statusCode": 404, "reason": "Not Found", "content": "<< application/json;charset=UTF-8 content type suppressed >>"}}
2025-01-27 14:37:05,030 - INFO - {"request": {"command": "GET https://api.smartsheet.com/2.0/reports/6001722149261188"}}
2025-01-27 14:37:05,169 - INFO - {"request": {"command": "GET https://api.smartsheet.com/2.0/sheets/8863259142606724"}}
2025-01-27 14:37:05,170 - ERROR - {"response": {"statusCode": 404, "reason": "Not Found", "content": "<< application/json;charset=UTF-8 content type suppressed >>"}}
2025-01-27 14:37:05,563 - INFO - {"request": {"command": "GET https://api.smartsheet.com/2.0/reports/8863259142606724"}}
2025-01-27 14:37:05,723 - INFO - {"request": {"command": "GET https://api.smartsheet.com/2.0/sheets/124749283807108"}}
2025-01-27 14:37:05,723 - ERROR - {"response": {"statusCode": 404, "reason": "Not Found", "content": "<< application/json;charset=UTF-8 content type suppressed >>"}}
2025-01-27 14:37:06,200 - INFO - {"request": {"command": "GET https://api.smartsheet.com/2.0/reports/124749283807108"}}
2025-01-27 14:37:06,335 - INFO - {"request": {"command": "GET https://api.smartsheet.com/2.0/sheets/4586319434960772"}}
2025-01-27 14:37:06,335 - ERROR - {"response": {"statusCode": 404, "reason": "Not Found", "content": "<< application/json;charset=UTF-8 content type suppressed >>"}}
2025-01-27 14:37:06,823 - INFO - {"request": {"command": "GET https://api.smartsheet.com/2.0/reports/4586319434960772"}}
2025-01-27 14:37:06,972 - INFO - {"request": {"command": "GET https://api.smartsheet.com/2.0/sheets/4205999007158148"}}
2025-01-27 14:37:06,972 - ERROR - {"response": {"statusCode": 404, "reason": "Not Found", "content": "<< application/json;charset=UTF-8 content type suppressed >>"}}
2025-01-27 14:37:07,441 - INFO - {"request": {"command": "GET https://api.smartsheet.com/2.0/reports/4205999007158148"}}
2025-01-27 14:37:07,576 - INFO - {"request": {"command": "GET https://api.smartsheet.com/2.0/sheets/6129982220750724"}}
2025-01-27 14:37:07,576 - ERROR - {"response": {"statusCode": 404, "reason": "Not Found", "content": "<< application/json;charset=UTF-8 content type suppressed >>"}}
2025-01-27 14:37:08,347 - INFO - {"request": {"command": "GET https://api.smartsheet.com/2.0/reports/6129982220750724"}}
2025-01-27 14:37:08,479 - INFO - {"request": {"command": "GET https://api.smartsheet.com/2.0/sheets/1805985240797060"}}
2025-01-27 14:37:08,480 - ERROR - {"response": {"statusCode": 404, "reason": "Not Found", "content": "<< application/json;charset=UTF-8 content type suppressed >>"}}
2025-01-27 14:37:08,928 - INFO - {"request": {"command": "GET https://api.smartsheet.com/2.0/reports/1805985240797060"}}
2025-01-27 14:37:09,066 - INFO - {"request": {"command": "GET https://api.smartsheet.com/2.0/sheets/7469779015126916"}}
2025-01-27 14:37:09,067 - ERROR - {"response": {"statusCode": 404, "reason": "Not Found", "content": "<< application/json;charset=UTF-8 content type suppressed >>"}}
2025-01-27 14:37:09,719 - INFO - {"request": {"command": "GET https://api.smartsheet.com/2.0/reports/7469779015126916"}}
2025-01-27 14:37:09,880 - INFO - {"request": {"command": "GET https://api.smartsheet.com/2.0/sheets/3782841649287044"}}
2025-01-27 14:37:09,881 - ERROR - {"response": {"statusCode": 404, "reason": "Not Found", "content": "<< application/json;charset=UTF-8 content type suppressed >>"}}
2025-01-27 14:37:10,498 - INFO - {"request": {"command": "GET https://api.smartsheet.com/2.0/reports/3782841649287044"}}
2025-01-27 14:37:10,660 - INFO - {"request": {"command": "GET https://api.smartsheet.com/2.0/sheets/190775279177604"}}
2025-01-27 14:37:10,660 - ERROR - {"response": {"statusCode": 404, "reason": "Not Found", "content": "<< application/json;charset=UTF-8 content type suppressed >>"}}
2025-01-27 14:37:11,095 - INFO - {"request": {"command": "GET https://api.smartsheet.com/2.0/reports/190775279177604"}}
2025-01-27 14:37:11,237 - INFO - {"request": {"command": "GET https://api.smartsheet.com/2.0/sheets/7860830955589508"}}
2025-01-27 14:37:11,238 - ERROR - {"response": {"statusCode": 404, "reason": "Not Found", "content": "<< application/json;charset=UTF-8 content type suppressed >>"}}
2025-01-27 14:37:11,696 - INFO - {"request": {"command": "GET https://api.smartsheet.com/2.0/reports/7860830955589508"}}
2025-01-27 14:37:11,837 - INFO - {"request": {"command": "GET https://api.smartsheet.com/2.0/sheets/284207997734788"}}
2025-01-27 14:37:11,838 - ERROR - {"response": {"statusCode": 404, "reason": "Not Found", "content": "<< application/json;charset=UTF-8 content type suppressed >>"}}
2025-01-27 14:37:12,289 - INFO - {"request": {"command": "GET https://api.smartsheet.com/2.0/reports/284207997734788"}}
2025-01-27 14:37:12,431 - INFO - {"request": {"command": "GET https://api.smartsheet.com/2.0/sheets/1512693198442372"}}
2025-01-27 14:37:12,432 - ERROR - {"response": {"statusCode": 404, "reason": "Not Found", "content": "<< application/json;charset=UTF-8 content type suppressed >>"}}
2025-01-27 14:37:12,921 - INFO - {"request": {"command": "GET https://api.smartsheet.com/2.0/reports/1512693198442372"}}
2025-01-27 14:37:13,050 - INFO - {"request": {"command": "GET https://api.smartsheet.com/2.0/sheets/1825749069680516"}}
2025-01-27 14:37:13,050 - ERROR - {"response": {"statusCode": 404, "reason": "Not Found", "content": "<< application/json;charset=UTF-8 content type suppressed >>"}}
2025-01-27 14:37:13,471 - INFO - {"request": {"command": "GET https://api.smartsheet.com/2.0/reports/1825749069680516"}}
2025-01-27 14:37:13,612 - INFO - {"request": {"command": "GET https://api.smartsheet.com/2.0/sheets/5735797101645700"}}
2025-01-27 14:37:13,612 - ERROR - {"response": {"statusCode": 404, "reason": "Not Found", "content": "<< application/json;charset=UTF-8 content type suppressed >>"}}
2025-01-27 14:37:14,042 - INFO - {"request": {"command": "GET https://api.smartsheet.com/2.0/reports/5735797101645700"}}
2025-01-27 14:37:14,181 - INFO - {"request": {"command": "GET https://api.smartsheet.com/2.0/sheets/3497693938667396"}}
2025-01-27 14:37:14,181 - ERROR - {"response": {"statusCode": 404, "reason": "Not Found", "content": "<< application/json;charset=UTF-8 content type suppressed >>"}}
2025-01-27 14:37:14,580 - INFO - {"request": {"command": "GET https://api.smartsheet.com/2.0/reports/3497693938667396"}}
2025-01-27 14:37:14,745 - INFO - {"request": {"command": "GET https://api.smartsheet.com/2.0/sheets/6031698873503620"}}
2025-01-27 14:37:14,746 - ERROR - {"response": {"statusCode": 404, "reason": "Not Found", "content": "<< application/json;charset=UTF-8 content type suppressed >>"}}
2025-01-27 14:37:15,451 - INFO - {"request": {"command": "GET https://api.smartsheet.com/2.0/reports/6031698873503620"}}
2025-01-27 14:37:15,586 - INFO - {"request": {"command": "GET https://api.smartsheet.com/2.0/sheets/7718719077699460"}}
2025-01-27 14:37:15,586 - ERROR - {"response": {"statusCode": 404, "reason": "Not Found", "content": "<< application/json;charset=UTF-8 content type suppressed >>"}}
2025-01-27 14:37:16,065 - INFO - {"request": {"command": "GET https://api.smartsheet.com/2.0/reports/7718719077699460"}}
2025-01-27 14:37:16,235 - INFO - {"request": {"command": "GET https://api.smartsheet.com/2.0/sheets/2442575092862852"}}
2025-01-27 14:37:16,236 - ERROR - {"response": {"statusCode": 404, "reason": "Not Found", "content": "<< application/json;charset=UTF-8 content type suppressed >>"}}
2025-01-27 14:37:16,627 - INFO - {"request": {"command": "GET https://api.smartsheet.com/2.0/reports/2442575092862852"}}
2025-01-27 14:37:16,759 - INFO - {"request": {"command": "GET https://api.smartsheet.com/2.0/sheets/281772751277956"}}
2025-01-27 14:37:16,760 - ERROR - {"response": {"statusCode": 404, "reason": "Not Found", "content": "<< application/json;charset=UTF-8 content type suppressed >>"}}
2025-01-27 14:37:17,400 - INFO - {"request": {"command": "GET https://api.smartsheet.com/2.0/reports/281772751277956"}}
2025-01-27 14:37:17,531 - INFO - {"request": {"command": "GET https://api.smartsheet.com/2.0/sheets/9005263646314372"}}
2025-01-27 14:37:17,531 - ERROR - {"response": {"statusCode": 404, "reason": "Not Found", "content": "<< application/json;charset=UTF-8 content type suppressed >>"}}
2025-01-27 14:37:17,897 - INFO - {"request": {"command": "GET https://api.smartsheet.com/2.0/reports/9005263646314372"}}
2025-01-27 14:37:18,037 - INFO - {"request": {"command": "GET https://api.smartsheet.com/2.0/sheets/3236023056158596"}}
2025-01-27 14:37:18,037 - ERROR - {"response": {"statusCode": 404, "reason": "Not Found", "content": "<< application/json;charset=UTF-8 content type suppressed >>"}}
2025-01-27 14:37:18,431 - INFO - {"request": {"command": "GET https://api.smartsheet.com/2.0/reports/3236023056158596"}}
2025-01-27 14:37:18,577 - INFO - {"request": {"command": "GET https://api.smartsheet.com/2.0/sheets/4482444040294276"}}
2025-01-27 14:37:18,577 - ERROR - {"response": {"statusCode": 404, "reason": "Not Found", "content": "<< application/json;charset=UTF-8 content type suppressed >>"}}
2025-01-27 14:37:19,190 - INFO - {"request": {"command": "GET https://api.smartsheet.com/2.0/reports/4482444040294276"}}
2025-01-27 14:37:19,332 - INFO - {"request": {"command": "GET https://api.smartsheet.com/2.0/sheets/3779899059818372"}}
2025-01-27 14:37:19,332 - ERROR - {"response": {"statusCode": 404, "reason": "Not Found", "content": "<< application/json;charset=UTF-8 content type suppressed >>"}}
2025-01-27 14:37:19,872 - INFO - {"request": {"command": "GET https://api.smartsheet.com/2.0/reports/3779899059818372"}}
2025-01-27 14:37:20,046 - INFO - {"request": {"command": "GET https://api.smartsheet.com/2.0/sheets/1684753883287428"}}
2025-01-27 14:37:20,047 - ERROR - {"response": {"statusCode": 404, "reason": "Not Found", "content": "<< application/json;charset=UTF-8 content type suppressed >>"}}
2025-01-27 14:37:20,478 - INFO - {"request": {"command": "GET https://api.smartsheet.com/2.0/reports/1684753883287428"}}
2025-01-27 14:37:20,621 - INFO - {"request": {"command": "GET https://api.smartsheet.com/2.0/sheets/2424132503293828"}}
2025-01-27 14:37:20,622 - ERROR - {"response": {"statusCode": 404, "reason": "Not Found", "content": "<< application/json;charset=UTF-8 content type suppressed >>"}}
2025-01-27 14:37:21,102 - INFO - {"request": {"command": "GET https://api.smartsheet.com/2.0/reports/2424132503293828"}}
2025-01-27 14:37:21,244 - INFO - {"request": {"command": "GET https://api.smartsheet.com/2.0/sheets/5739037654470532"}}
2025-01-27 14:37:21,245 - ERROR - {"response": {"statusCode": 404, "reason": "Not Found", "content": "<< application/json;charset=UTF-8 content type suppressed >>"}}
2025-01-27 14:37:21,750 - INFO - {"request": {"command": "GET https://api.smartsheet.com/2.0/reports/5739037654470532"}}
2025-01-27 14:37:21,883 - INFO - {"request": {"command": "GET https://api.smartsheet.com/2.0/sheets/1862488219930500"}}
2025-01-27 14:37:21,883 - ERROR - {"response": {"statusCode": 404, "reason": "Not Found", "content": "<< application/json;charset=UTF-8 content type suppressed >>"}}
2025-01-27 14:37:22,337 - INFO - {"request": {"command": "GET https://api.smartsheet.com/2.0/reports/1862488219930500"}}
2025-01-27 14:37:22,482 - INFO - {"request": {"command": "GET https://api.smartsheet.com/2.0/sheets/2111360099897220"}}
2025-01-27 14:37:22,483 - ERROR - {"response": {"statusCode": 404, "reason": "Not Found", "content": "<< application/json;charset=UTF-8 content type suppressed >>"}}
2025-01-27 14:37:23,016 - INFO - {"request": {"command": "GET https://api.smartsheet.com/2.0/reports/2111360099897220"}}
2025-01-27 14:37:23,153 - INFO - {"request": {"command": "GET https://api.smartsheet.com/2.0/sheets/1362926456708"}}
2025-01-27 14:37:23,153 - ERROR - {"response": {"statusCode": 404, "reason": "Not Found", "content": "<< application/json;charset=UTF-8 content type suppressed >>"}}
2025-01-27 14:37:23,525 - INFO - {"request": {"command": "GET https://api.smartsheet.com/2.0/reports/1362926456708"}}
2025-01-27 14:37:23,659 - INFO - {"request": {"command": "GET https://api.smartsheet.com/2.0/sheets/2881391901495172"}}
2025-01-27 14:37:23,660 - ERROR - {"response": {"statusCode": 404, "reason": "Not Found", "content": "<< application/json;charset=UTF-8 content type suppressed >>"}}
2025-01-27 14:37:24,025 - INFO - {"request": {"command": "GET https://api.smartsheet.com/2.0/reports/2881391901495172"}}
2025-01-27 14:37:24,174 - INFO - {"request": {"command": "GET https://api.smartsheet.com/2.0/sheets/6614959727267716"}}
2025-01-27 14:37:24,175 - ERROR - {"response": {"statusCode": 404, "reason": "Not Found", "content": "<< application/json;charset=UTF-8 content type suppressed >>"}}
2025-01-27 14:37:24,642 - INFO - {"request": {"command": "GET https://api.smartsheet.com/2.0/reports/6614959727267716"}}
2025-01-27 14:37:24,773 - INFO - {"request": {"command": "GET https://api.smartsheet.com/2.0/sheets/100620425973636"}}
2025-01-27 14:37:24,774 - ERROR - {"response": {"statusCode": 404, "reason": "Not Found", "content": "<< application/json;charset=UTF-8 content type suppressed >>"}}
2025-01-27 14:37:25,380 - INFO - {"request": {"command": "GET https://api.smartsheet.com/2.0/reports/100620425973636"}}
2025-01-27 14:37:25,541 - INFO - {"request": {"command": "GET https://api.smartsheet.com/2.0/sheets/6296743184387972"}}
2025-01-27 14:37:25,542 - ERROR - {"response": {"statusCode": 404, "reason": "Not Found", "content": "<< application/json;charset=UTF-8 content type suppressed >>"}}
2025-01-27 14:37:25,965 - INFO - {"request": {"command": "GET https://api.smartsheet.com/2.0/reports/6296743184387972"}}
2025-01-27 14:37:26,101 - INFO - {"request": {"command": "GET https://api.smartsheet.com/2.0/sheets/4171908375334788"}}
2025-01-27 14:37:26,102 - ERROR - {"response": {"statusCode": 404, "reason": "Not Found", "content": "<< application/json;charset=UTF-8 content type suppressed >>"}}
2025-01-27 14:37:26,663 - INFO - {"request": {"command": "GET https://api.smartsheet.com/2.0/reports/4171908375334788"}}
2025-01-27 14:37:26,819 - INFO - {"request": {"command": "GET https://api.smartsheet.com/2.0/sheets/2701068370661252"}}
2025-01-27 14:37:26,819 - ERROR - {"response": {"statusCode": 404, "reason": "Not Found", "content": "<< application/json;charset=UTF-8 content type suppressed >>"}}
2025-01-27 14:37:27,286 - INFO - {"request": {"command": "GET https://api.smartsheet.com/2.0/reports/2701068370661252"}}
2025-01-27 14:37:27,429 - INFO - {"request": {"command": "GET https://api.smartsheet.com/2.0/sheets/3228404455264132"}}
2025-01-27 14:37:27,430 - ERROR - {"response": {"statusCode": 404, "reason": "Not Found", "content": "<< application/json;charset=UTF-8 content type suppressed >>"}}
2025-01-27 14:37:27,926 - INFO - {"request": {"command": "GET https://api.smartsheet.com/2.0/reports/3228404455264132"}}
2025-01-27 14:37:28,080 - INFO - {"request": {"command": "GET https://api.smartsheet.com/2.0/sheets/3577888628494212"}}
2025-01-27 14:37:28,081 - ERROR - {"response": {"statusCode": 404, "reason": "Not Found", "content": "<< application/json;charset=UTF-8 content type suppressed >>"}}
2025-01-27 14:37:28,521 - INFO - {"request": {"command": "GET https://api.smartsheet.com/2.0/reports/3577888628494212"}}
2025-01-27 14:37:28,658 - INFO - {"request": {"command": "GET https://api.smartsheet.com/2.0/sheets/2825341638758276"}}
2025-01-27 14:37:28,658 - ERROR - {"response": {"statusCode": 404, "reason": "Not Found", "content": "<< application/json;charset=UTF-8 content type suppressed >>"}}
2025-01-27 14:37:29,142 - INFO - {"request": {"command": "GET https://api.smartsheet.com/2.0/reports/2825341638758276"}}
2025-01-27 14:37:29,293 - INFO - {"request": {"command": "GET https://api.smartsheet.com/2.0/sheets/1926284724621188"}}
2025-01-27 14:37:29,294 - ERROR - {"response": {"statusCode": 404, "reason": "Not Found", "content": "<< application/json;charset=UTF-8 content type suppressed >>"}}
2025-01-27 14:37:29,874 - INFO - {"request": {"command": "GET https://api.smartsheet.com/2.0/reports/1926284724621188"}}
2025-01-27 14:37:29,997 - INFO - {"request": {"command": "GET https://api.smartsheet.com/2.0/sheets/108757644169092"}}
2025-01-27 14:37:29,998 - ERROR - {"response": {"statusCode": 404, "reason": "Not Found", "content": "<< application/json;charset=UTF-8 content type suppressed >>"}}
2025-01-27 14:37:30,576 - INFO - {"request": {"command": "GET https://api.smartsheet.com/2.0/reports/108757644169092"}}
2025-01-27 14:37:30,710 - INFO - {"request": {"command": "GET https://api.smartsheet.com/2.0/sheets/4178084538306436"}}
2025-01-27 14:37:30,711 - ERROR - {"response": {"statusCode": 404, "reason": "Not Found", "content": "<< application/json;charset=UTF-8 content type suppressed >>"}}
2025-01-27 14:37:31,255 - INFO - {"request": {"command": "GET https://api.smartsheet.com/2.0/reports/4178084538306436"}}
2025-01-27 14:37:31,387 - INFO - {"request": {"command": "GET https://api.smartsheet.com/2.0/sheets/3958903767256964"}}
2025-01-27 14:37:31,388 - ERROR - {"response": {"statusCode": 404, "reason": "Not Found", "content": "<< application/json;charset=UTF-8 content type suppressed >>"}}
2025-01-27 14:37:31,804 - INFO - {"request": {"command": "GET https://api.smartsheet.com/2.0/reports/3958903767256964"}}
2025-01-27 14:37:31,948 - INFO - {"request": {"command": "GET https://api.smartsheet.com/2.0/sheets/8462503394627460"}}
2025-01-27 14:37:31,949 - ERROR - {"response": {"statusCode": 404, "reason": "Not Found", "content": "<< application/json;charset=UTF-8 content type suppressed >>"}}
2025-01-27 14:37:32,456 - INFO - {"request": {"command": "GET https://api.smartsheet.com/2.0/reports/8462503394627460"}}
2025-01-27 14:37:32,591 - INFO - {"request": {"command": "GET https://api.smartsheet.com/2.0/sheets/518909841067908"}}
2025-01-27 14:37:32,591 - ERROR - {"response": {"statusCode": 404, "reason": "Not Found", "content": "<< application/json;charset=UTF-8 content type suppressed >>"}}
2025-01-27 14:37:33,035 - INFO - {"request": {"command": "GET https://api.smartsheet.com/2.0/reports/518909841067908"}}
2025-01-27 14:37:33,213 - INFO - {"request": {"command": "GET https://api.smartsheet.com/2.0/sheets/4612357271539588"}}
2025-01-27 14:37:33,214 - ERROR - {"response": {"statusCode": 404, "reason": "Not Found", "content": "<< application/json;charset=UTF-8 content type suppressed >>"}}
2025-01-27 14:37:33,922 - INFO - {"request": {"command": "GET https://api.smartsheet.com/2.0/reports/4612357271539588"}}
2025-01-27 14:37:34,091 - INFO - {"request": {"command": "GET https://api.smartsheet.com/2.0/sheets/7921955990622084"}}
2025-01-27 14:37:34,092 - ERROR - {"response": {"statusCode": 404, "reason": "Not Found", "content": "<< application/json;charset=UTF-8 content type suppressed >>"}}
2025-01-27 14:37:34,771 - INFO - {"request": {"command": "GET https://api.smartsheet.com/2.0/reports/7921955990622084"}}
2025-01-27 14:37:34,937 - INFO - {"request": {"command": "GET https://api.smartsheet.com/2.0/sheets/2540035551219588"}}
2025-01-27 14:37:34,937 - ERROR - {"response": {"statusCode": 404, "reason": "Not Found", "content": "<< application/json;charset=UTF-8 content type suppressed >>"}}
2025-01-27 14:37:35,496 - INFO - {"request": {"command": "GET https://api.smartsheet.com/2.0/reports/2540035551219588"}}
2025-01-27 14:37:35,664 - INFO - {"request": {"command": "GET https://api.smartsheet.com/2.0/sheets/8081488255864708"}}
2025-01-27 14:37:35,664 - ERROR - {"response": {"statusCode": 404, "reason": "Not Found", "content": "<< application/json;charset=UTF-8 content type suppressed >>"}}
2025-01-27 14:37:36,282 - INFO - {"request": {"command": "GET https://api.smartsheet.com/2.0/reports/8081488255864708"}}
2025-01-27 14:37:36,423 - INFO - {"request": {"command": "GET https://api.smartsheet.com/2.0/sheets/2360557457854340"}}
2025-01-27 14:37:36,424 - ERROR - {"response": {"statusCode": 404, "reason": "Not Found", "content": "<< application/json;charset=UTF-8 content type suppressed >>"}}
2025-01-27 14:37:36,911 - INFO - {"request": {"command": "GET https://api.smartsheet.com/2.0/reports/2360557457854340"}}
2025-01-27 14:37:37,048 - INFO - {"request": {"command": "GET https://api.smartsheet.com/2.0/sheets/518909841067908"}}
2025-01-27 14:37:37,049 - ERROR - {"response": {"statusCode": 404, "reason": "Not Found", "content": "<< application/json;charset=UTF-8 content type suppressed >>"}}
2025-01-27 14:37:37,510 - INFO - {"request": {"command": "GET https://api.smartsheet.com/2.0/reports/518909841067908"}}
2025-01-27 14:37:37,637 - INFO - {"request": {"command": "GET https://api.smartsheet.com/2.0/sheets/5022509468438404"}}
2025-01-27 14:37:37,637 - ERROR - {"response": {"statusCode": 404, "reason": "Not Found", "content": "<< application/json;charset=UTF-8 content type suppressed >>"}}
2025-01-27 14:37:38,121 - INFO - {"request": {"command": "GET https://api.smartsheet.com/2.0/reports/5022509468438404"}}
2025-01-27 14:37:38,271 - INFO - {"request": {"command": "GET https://api.smartsheet.com/2.0/sheets/603606596145028"}}
2025-01-27 14:37:38,271 - ERROR - {"response": {"statusCode": 404, "reason": "Not Found", "content": "<< application/json;charset=UTF-8 content type suppressed >>"}}
2025-01-27 14:37:38,664 - INFO - {"request": {"command": "GET https://api.smartsheet.com/2.0/reports/603606596145028"}}
2025-01-27 14:37:38,798 - INFO - {"request": {"command": "GET https://api.smartsheet.com/2.0/sheets/2770709654753156"}}
2025-01-27 14:37:38,798 - ERROR - {"response": {"statusCode": 404, "reason": "Not Found", "content": "<< application/json;charset=UTF-8 content type suppressed >>"}}
2025-01-27 14:37:39,294 - INFO - {"request": {"command": "GET https://api.smartsheet.com/2.0/reports/2770709654753156"}}
2025-01-27 14:37:39,423 - INFO - {"request": {"command": "GET https://api.smartsheet.com/2.0/sheets/4305677547687812"}}
2025-01-27 14:37:39,423 - ERROR - {"response": {"statusCode": 404, "reason": "Not Found", "content": "<< application/json;charset=UTF-8 content type suppressed >>"}}
2025-01-27 14:37:39,837 - INFO - {"request": {"command": "GET https://api.smartsheet.com/2.0/reports/4305677547687812"}}
2025-01-27 14:37:39,977 - INFO - {"request": {"command": "GET https://api.smartsheet.com/2.0/sheets/7941747703238532"}}
2025-01-27 14:37:39,978 - ERROR - {"response": {"statusCode": 404, "reason": "Not Found", "content": "<< application/json;charset=UTF-8 content type suppressed >>"}}
2025-01-27 14:37:40,575 - INFO - {"request": {"command": "GET https://api.smartsheet.com/2.0/reports/7941747703238532"}}
2025-01-27 14:37:40,727 - INFO - {"request": {"command": "GET https://api.smartsheet.com/2.0/sheets/6347455071211396"}}
2025-01-27 14:37:40,727 - ERROR - {"response": {"statusCode": 404, "reason": "Not Found", "content": "<< application/json;charset=UTF-8 content type suppressed >>"}}
2025-01-27 14:37:41,669 - INFO - {"request": {"command": "GET https://api.smartsheet.com/2.0/reports/6347455071211396"}}
2025-01-27 14:37:41,836 - INFO - {"request": {"command": "GET https://api.smartsheet.com/2.0/sheets/3352810129149828"}}
2025-01-27 14:37:41,836 - ERROR - {"response": {"statusCode": 404, "reason": "Not Found", "content": "<< application/json;charset=UTF-8 content type suppressed >>"}}
2025-01-27 14:37:42,319 - INFO - {"request": {"command": "GET https://api.smartsheet.com/2.0/reports/3352810129149828"}}
2025-01-27 14:37:42,449 - INFO - {"request": {"command": "GET https://api.smartsheet.com/2.0/sheets/624660324503428"}}
2025-01-27 14:37:42,450 - ERROR - {"response": {"statusCode": 404, "reason": "Not Found", "content": "<< application/json;charset=UTF-8 content type suppressed >>"}}
2025-01-27 14:37:43,098 - INFO - {"request": {"command": "GET https://api.smartsheet.com/2.0/reports/624660324503428"}}
2025-01-27 14:37:43,255 - INFO - {"request": {"command": "GET https://api.smartsheet.com/2.0/sheets/624660324503428"}}
2025-01-27 14:37:43,255 - ERROR - {"response": {"statusCode": 404, "reason": "Not Found", "content": "<< application/json;charset=UTF-8 content type suppressed >>"}}
2025-01-27 14:37:43,815 - INFO - {"request": {"command": "GET https://api.smartsheet.com/2.0/reports/624660324503428"}}
2025-01-27 14:37:43,988 - INFO - {"request": {"command": "GET https://api.smartsheet.com/2.0/sheets/3996040000655236"}}
2025-01-27 14:37:43,989 - ERROR - {"response": {"statusCode": 404, "reason": "Not Found", "content": "<< application/json;charset=UTF-8 content type suppressed >>"}}
2025-01-27 14:37:44,501 - INFO - {"request": {"command": "GET https://api.smartsheet.com/2.0/reports/3996040000655236"}}
2025-01-27 14:37:44,629 - INFO - {"request": {"command": "GET https://api.smartsheet.com/2.0/sheets/8685297105588100"}}
2025-01-27 14:37:44,630 - ERROR - {"response": {"statusCode": 404, "reason": "Not Found", "content": "<< application/json;charset=UTF-8 content type suppressed >>"}}
2025-01-27 14:37:45,110 - INFO - {"request": {"command": "GET https://api.smartsheet.com/2.0/reports/8685297105588100"}}
2025-01-27 14:37:45,389 - INFO - {"request": {"command": "GET https://api.smartsheet.com/2.0/sheets/1643172090302340"}}
2025-01-27 14:37:45,520 - INFO - {"request": {"command": "GET https://api.smartsheet.com/2.0/sheets/7941747703238532"}}
2025-01-27 14:37:45,520 - ERROR - {"response": {"statusCode": 404, "reason": "Not Found", "content": "<< application/json;charset=UTF-8 content type suppressed >>"}}
2025-01-27 14:37:45,953 - INFO - {"request": {"command": "GET https://api.smartsheet.com/2.0/reports/7941747703238532"}}
2025-01-27 14:37:46,126 - INFO - {"request": {"command": "GET https://api.smartsheet.com/2.0/sheets/118898531716996"}}
2025-01-27 14:37:46,126 - ERROR - {"response": {"statusCode": 404, "reason": "Not Found", "content": "<< application/json;charset=UTF-8 content type suppressed >>"}}
2025-01-27 14:37:46,773 - INFO - {"request": {"command": "GET https://api.smartsheet.com/2.0/reports/118898531716996"}}
2025-01-27 14:37:47,111 - INFO - {"request": {"command": "GET https://api.smartsheet.com/2.0/sheets/4649855221714820"}}
2025-01-27 14:37:49,377 - INFO - {"request": {"command": "GET https://api.smartsheet.com/2.0/sheets/1183673409136516"}}
2025-01-27 14:37:59,163 - INFO - {"request": {"command": "GET https://api.smartsheet.com/2.0/sheets/4649855221714820"}}
2025-01-27 14:37:59,690 - INFO - {"request": {"command": "GET https://api.smartsheet.com/2.0/sheets/4649855221714820"}}
2025-01-27 14:37:59,951 - INFO - {"request": {"command": "GET https://api.smartsheet.com/2.0/sheets/4649855221714820"}}
2025-01-27 14:38:00,280 - INFO - {"request": {"command": "GET https://api.smartsheet.com/2.0/sheets/8763318407745412"}}
2025-01-27 14:38:00,543 - INFO - {"request": {"command": "GET https://api.smartsheet.com/2.0/sheets/8763318407745412"}}
2025-01-27 14:38:00,831 - INFO - {"request": {"command": "GET https://api.smartsheet.com/2.0/sheets/8763318407745412"}}
2025-01-27 14:38:01,098 - INFO - {"request": {"command": "GET https://api.smartsheet.com/2.0/sheets/8763318407745412"}}
2025-01-27 14:38:01,374 - INFO - {"request": {"command": "GET https://api.smartsheet.com/2.0/sheets/8763318407745412"}}
2025-01-27 14:38:01,646 - INFO - {"request": {"command": "GET https://api.smartsheet.com/2.0/sheets/8763318407745412"}}
2025-01-27 14:38:01,796 - INFO - {"request": {"command": "GET https://api.smartsheet.com/2.0/sheets/1024314933464964"}}
2025-01-27 14:38:01,796 - ERROR - {"response": {"statusCode": 404, "reason": "Not Found", "content": "<< application/json;charset=UTF-8 content type suppressed >>"}}
2025-01-27 14:38:02,398 - INFO - {"request": {"command": "GET https://api.smartsheet.com/2.0/reports/1024314933464964"}}
2025-01-27 14:38:04,593 - INFO - {"request": {"command": "GET https://api.smartsheet.com/2.0/sheets/1183673409136516"}}
2025-01-27 14:38:14,067 - INFO - {"request": {"command": "GET https://api.smartsheet.com/2.0/sheets/6421148052967300"}}
2025-01-27 14:38:15,585 - INFO - {"request": {"command": "GET https://api.smartsheet.com/2.0/sheets/6421148052967300"}}
2025-01-27 14:38:17,376 - INFO - {"request": {"command": "GET https://api.smartsheet.com/2.0/sheets/6421148052967300"}}
2025-01-27 14:38:19,116 - INFO - {"request": {"command": "GET https://api.smartsheet.com/2.0/sheets/6421148052967300"}}
2025-01-27 14:38:20,836 - INFO - {"request": {"command": "GET https://api.smartsheet.com/2.0/sheets/5657351966484356"}}
2025-01-27 14:38:22,981 - INFO - {"request": {"command": "GET https://api.smartsheet.com/2.0/sheets/5657351966484356"}}
2025-01-27 14:38:25,423 - INFO - {"request": {"command": "GET https://api.smartsheet.com/2.0/sheets/5657351966484356"}}
2025-01-27 14:38:27,657 - INFO - {"request": {"command": "GET https://api.smartsheet.com/2.0/sheets/5657351966484356"}}
2025-01-27 14:38:29,492 - INFO - {"request": {"command": "GET https://api.smartsheet.com/2.0/sheets/1728348321435524"}}
2025-01-27 14:38:29,492 - ERROR - {"response": {"statusCode": 404, "reason": "Not Found", "content": "<< application/json;charset=UTF-8 content type suppressed >>"}}
2025-01-27 14:38:29,964 - INFO - {"request": {"command": "GET https://api.smartsheet.com/2.0/reports/1728348321435524"}}
2025-01-27 14:38:30,205 - INFO - {"request": {"command": "GET https://api.smartsheet.com/2.0/sheets/7310688846303108"}}
2025-01-27 14:38:30,206 - ERROR - {"response": {"statusCode": 404, "reason": "Not Found", "content": "<< application/json;charset=UTF-8 content type suppressed >>"}}
2025-01-27 14:38:30,849 - INFO - {"request": {"command": "GET https://api.smartsheet.com/2.0/reports/7310688846303108"}}
2025-01-27 14:38:31,028 - INFO - {"request": {"command": "GET https://api.smartsheet.com/2.0/sheets/7310688846303108"}}
2025-01-27 14:38:31,029 - ERROR - {"response": {"statusCode": 404, "reason": "Not Found", "content": "<< application/json;charset=UTF-8 content type suppressed >>"}}
2025-01-27 14:38:31,555 - INFO - {"request": {"command": "GET https://api.smartsheet.com/2.0/reports/7310688846303108"}}
2025-01-27 14:38:31,729 - INFO - {"request": {"command": "GET https://api.smartsheet.com/2.0/sheets/7310688846303108"}}
2025-01-27 14:38:31,729 - ERROR - {"response": {"statusCode": 404, "reason": "Not Found", "content": "<< application/json;charset=UTF-8 content type suppressed >>"}}
2025-01-27 14:38:32,337 - INFO - {"request": {"command": "GET https://api.smartsheet.com/2.0/reports/7310688846303108"}}
2025-01-27 14:38:32,509 - INFO - {"request": {"command": "GET https://api.smartsheet.com/2.0/sheets/7310688846303108"}}
2025-01-27 14:38:32,509 - ERROR - {"response": {"statusCode": 404, "reason": "Not Found", "content": "<< application/json;charset=UTF-8 content type suppressed >>"}}
2025-01-27 14:38:33,311 - INFO - {"request": {"command": "GET https://api.smartsheet.com/2.0/reports/7310688846303108"}}
2025-01-27 14:38:33,475 - INFO - {"request": {"command": "GET https://api.smartsheet.com/2.0/sheets/7310688846303108"}}
2025-01-27 14:38:33,476 - ERROR - {"response": {"statusCode": 404, "reason": "Not Found", "content": "<< application/json;charset=UTF-8 content type suppressed >>"}}
2025-01-27 14:38:34,025 - INFO - {"request": {"command": "GET https://api.smartsheet.com/2.0/reports/7310688846303108"}}
2025-01-27 14:38:34,201 - INFO - {"request": {"command": "GET https://api.smartsheet.com/2.0/sheets/7310688846303108"}}
2025-01-27 14:38:34,202 - ERROR - {"response": {"statusCode": 404, "reason": "Not Found", "content": "<< application/json;charset=UTF-8 content type suppressed >>"}}
2025-01-27 14:38:34,686 - INFO - {"request": {"command": "GET https://api.smartsheet.com/2.0/reports/7310688846303108"}}
2025-01-27 14:38:34,974 - INFO - {"request": {"command": "GET https://api.smartsheet.com/2.0/sheets/4823963378444164"}}
2025-01-27 14:38:35,243 - INFO - {"request": {"command": "GET https://api.smartsheet.com/2.0/sheets/4823963378444164"}}
2025-01-27 14:38:35,519 - INFO - {"request": {"command": "GET https://api.smartsheet.com/2.0/sheets/4823963378444164"}}
2025-01-27 14:38:35,788 - INFO - {"request": {"command": "GET https://api.smartsheet.com/2.0/sheets/4823963378444164"}}
2025-01-27 14:38:36,033 - INFO - {"request": {"command": "GET https://api.smartsheet.com/2.0/sheets/4823963378444164"}}
2025-01-27 14:38:36,278 - INFO - {"request": {"command": "GET https://api.smartsheet.com/2.0/sheets/4823963378444164"}}
2025-01-27 14:38:36,534 - INFO - {"request": {"command": "GET https://api.smartsheet.com/2.0/sheets/4823963378444164"}}
2025-01-27 14:38:36,800 - INFO - {"request": {"command": "GET https://api.smartsheet.com/2.0/sheets/4823963378444164"}}
2025-01-27 14:38:37,052 - INFO - {"request": {"command": "GET https://api.smartsheet.com/2.0/sheets/4823963378444164"}}
2025-01-27 14:38:37,319 - INFO - {"request": {"command": "GET https://api.smartsheet.com/2.0/sheets/4823963378444164"}}
2025-01-27 14:38:37,575 - INFO - {"request": {"command": "GET https://api.smartsheet.com/2.0/sheets/4823963378444164"}}
2025-01-27 14:38:37,839 - INFO - {"request": {"command": "GET https://api.smartsheet.com/2.0/sheets/4823963378444164"}}
2025-01-27 14:38:38,099 - INFO - {"request": {"command": "GET https://api.smartsheet.com/2.0/sheets/4823963378444164"}}
2025-01-27 14:38:38,366 - INFO - {"request": {"command": "GET https://api.smartsheet.com/2.0/sheets/4823963378444164"}}
2025-01-27 14:38:38,618 - INFO - {"request": {"command": "GET https://api.smartsheet.com/2.0/sheets/4823963378444164"}}
2025-01-27 14:38:38,926 - INFO - {"request": {"command": "GET https://api.smartsheet.com/2.0/sheets/4823963378444164"}}
2025-01-27 14:38:39,190 - INFO - {"request": {"command": "GET https://api.smartsheet.com/2.0/sheets/4823963378444164"}}
2025-01-27 14:38:39,456 - INFO - {"request": {"command": "GET https://api.smartsheet.com/2.0/sheets/4823963378444164"}}
2025-01-27 14:38:39,733 - INFO - {"request": {"command": "GET https://api.smartsheet.com/2.0/sheets/4823963378444164"}}
2025-01-27 14:38:40,025 - INFO - {"request": {"command": "GET https://api.smartsheet.com/2.0/sheets/4823963378444164"}}
2025-01-27 14:38:40,283 - INFO - {"request": {"command": "GET https://api.smartsheet.com/2.0/sheets/4823963378444164"}}
2025-01-27 14:38:40,441 - INFO - {"request": {"command": "GET https://api.smartsheet.com/2.0/sheets/7806524950112132"}}
2025-01-27 14:38:40,442 - ERROR - {"response": {"statusCode": 404, "reason": "Not Found", "content": "<< application/json;charset=UTF-8 content type suppressed >>"}}
2025-01-27 14:38:41,175 - INFO - {"request": {"command": "GET https://api.smartsheet.com/2.0/reports/7806524950112132"}}
2025-01-27 14:38:41,425 - INFO - {"request": {"command": "GET https://api.smartsheet.com/2.0/sheets/7806524950112132"}}
2025-01-27 14:38:41,426 - ERROR - {"response": {"statusCode": 404, "reason": "Not Found", "content": "<< application/json;charset=UTF-8 content type suppressed >>"}}
2025-01-27 14:38:42,328 - INFO - {"request": {"command": "GET https://api.smartsheet.com/2.0/reports/7806524950112132"}}
2025-01-27 14:38:42,568 - INFO - {"request": {"command": "GET https://api.smartsheet.com/2.0/sheets/7806524950112132"}}
2025-01-27 14:38:42,568 - ERROR - {"response": {"statusCode": 404, "reason": "Not Found", "content": "<< application/json;charset=UTF-8 content type suppressed >>"}}
2025-01-27 14:38:43,473 - INFO - {"request": {"command": "GET https://api.smartsheet.com/2.0/reports/7806524950112132"}}
2025-01-27 14:38:43,743 - INFO - {"request": {"command": "GET https://api.smartsheet.com/2.0/sheets/7806524950112132"}}
2025-01-27 14:38:43,744 - ERROR - {"response": {"statusCode": 404, "reason": "Not Found", "content": "<< application/json;charset=UTF-8 content type suppressed >>"}}
2025-01-27 14:38:44,428 - INFO - {"request": {"command": "GET https://api.smartsheet.com/2.0/reports/7806524950112132"}}
2025-01-27 14:38:44,719 - INFO - {"request": {"command": "GET https://api.smartsheet.com/2.0/sheets/7806524950112132"}}
2025-01-27 14:38:44,720 - ERROR - {"response": {"statusCode": 404, "reason": "Not Found", "content": "<< application/json;charset=UTF-8 content type suppressed >>"}}
2025-01-27 14:38:45,413 - INFO - {"request": {"command": "GET https://api.smartsheet.com/2.0/reports/7806524950112132"}}
2025-01-27 14:38:45,666 - INFO - {"request": {"command": "GET https://api.smartsheet.com/2.0/sheets/7806524950112132"}}
2025-01-27 14:38:45,666 - ERROR - {"response": {"statusCode": 404, "reason": "Not Found", "content": "<< application/json;charset=UTF-8 content type suppressed >>"}}
2025-01-27 14:38:46,398 - INFO - {"request": {"command": "GET https://api.smartsheet.com/2.0/reports/7806524950112132"}}
2025-01-27 14:38:46,663 - INFO - {"request": {"command": "GET https://api.smartsheet.com/2.0/sheets/7806524950112132"}}
2025-01-27 14:38:46,663 - ERROR - {"response": {"statusCode": 404, "reason": "Not Found", "content": "<< application/json;charset=UTF-8 content type suppressed >>"}}
2025-01-27 14:38:47,440 - INFO - {"request": {"command": "GET https://api.smartsheet.com/2.0/reports/7806524950112132"}}
2025-01-27 14:38:47,674 - INFO - {"request": {"command": "GET https://api.smartsheet.com/2.0/sheets/7806524950112132"}}
2025-01-27 14:38:47,675 - ERROR - {"response": {"statusCode": 404, "reason": "Not Found", "content": "<< application/json;charset=UTF-8 content type suppressed >>"}}
2025-01-27 14:38:48,531 - INFO - {"request": {"command": "GET https://api.smartsheet.com/2.0/reports/7806524950112132"}}
2025-01-27 14:38:48,813 - INFO - {"request": {"command": "GET https://api.smartsheet.com/2.0/sheets/7806524950112132"}}
2025-01-27 14:38:48,813 - ERROR - {"response": {"statusCode": 404, "reason": "Not Found", "content": "<< application/json;charset=UTF-8 content type suppressed >>"}}
2025-01-27 14:38:49,656 - INFO - {"request": {"command": "GET https://api.smartsheet.com/2.0/reports/7806524950112132"}}
2025-01-27 14:38:49,902 - INFO - {"request": {"command": "GET https://api.smartsheet.com/2.0/sheets/7806524950112132"}}
2025-01-27 14:38:49,903 - ERROR - {"response": {"statusCode": 404, "reason": "Not Found", "content": "<< application/json;charset=UTF-8 content type suppressed >>"}}
2025-01-27 14:38:50,732 - INFO - {"request": {"command": "GET https://api.smartsheet.com/2.0/reports/7806524950112132"}}
2025-01-27 14:38:50,990 - INFO - {"request": {"command": "GET https://api.smartsheet.com/2.0/sheets/3914468824141700"}}
2025-01-27 14:38:50,990 - ERROR - {"response": {"statusCode": 404, "reason": "Not Found", "content": "<< application/json;charset=UTF-8 content type suppressed >>"}}
2025-01-27 14:38:51,480 - INFO - {"request": {"command": "GET https://api.smartsheet.com/2.0/reports/3914468824141700"}}
2025-01-27 14:38:51,628 - INFO - {"request": {"command": "GET https://api.smartsheet.com/2.0/sheets/1729997085560708"}}
2025-01-27 14:38:51,629 - ERROR - {"response": {"statusCode": 404, "reason": "Not Found", "content": "<< application/json;charset=UTF-8 content type suppressed >>"}}
2025-01-27 14:38:52,119 - INFO - {"request": {"command": "GET https://api.smartsheet.com/2.0/reports/1729997085560708"}}
2025-01-27 14:38:52,255 - INFO - {"request": {"command": "GET https://api.smartsheet.com/2.0/sheets/6792667505577860"}}
2025-01-27 14:38:52,255 - ERROR - {"response": {"statusCode": 404, "reason": "Not Found", "content": "<< application/json;charset=UTF-8 content type suppressed >>"}}
2025-01-27 14:38:52,707 - INFO - {"request": {"command": "GET https://api.smartsheet.com/2.0/reports/6792667505577860"}}
2025-01-27 14:38:52,860 - INFO - {"request": {"command": "GET https://api.smartsheet.com/2.0/sheets/3286099170381700"}}
2025-01-27 14:38:52,860 - ERROR - {"response": {"statusCode": 404, "reason": "Not Found", "content": "<< application/json;charset=UTF-8 content type suppressed >>"}}
2025-01-27 14:38:53,329 - INFO - {"request": {"command": "GET https://api.smartsheet.com/2.0/reports/3286099170381700"}}
2025-01-27 14:38:53,467 - INFO - {"request": {"command": "GET https://api.smartsheet.com/2.0/sheets/890538748235652"}}
2025-01-27 14:38:53,468 - ERROR - {"response": {"statusCode": 404, "reason": "Not Found", "content": "<< application/json;charset=UTF-8 content type suppressed >>"}}
2025-01-27 14:38:53,866 - INFO - {"request": {"command": "GET https://api.smartsheet.com/2.0/reports/890538748235652"}}
2025-01-27 14:38:54,006 - INFO - {"request": {"command": "GET https://api.smartsheet.com/2.0/sheets/2236340980633476"}}
2025-01-27 14:38:54,007 - ERROR - {"response": {"statusCode": 404, "reason": "Not Found", "content": "<< application/json;charset=UTF-8 content type suppressed >>"}}
2025-01-27 14:38:54,614 - INFO - {"request": {"command": "GET https://api.smartsheet.com/2.0/reports/2236340980633476"}}
2025-01-27 14:38:54,758 - INFO - {"request": {"command": "GET https://api.smartsheet.com/2.0/sheets/7235740190592900"}}
2025-01-27 14:38:54,758 - ERROR - {"response": {"statusCode": 404, "reason": "Not Found", "content": "<< application/json;charset=UTF-8 content type suppressed >>"}}
2025-01-27 14:38:55,271 - INFO - {"request": {"command": "GET https://api.smartsheet.com/2.0/reports/7235740190592900"}}
2025-01-27 14:38:55,421 - INFO - {"request": {"command": "GET https://api.smartsheet.com/2.0/sheets/1151757283446660"}}
2025-01-27 14:38:55,421 - ERROR - {"response": {"statusCode": 404, "reason": "Not Found", "content": "<< application/json;charset=UTF-8 content type suppressed >>"}}
2025-01-27 14:38:56,061 - INFO - {"request": {"command": "GET https://api.smartsheet.com/2.0/reports/1151757283446660"}}
2025-01-27 14:38:56,204 - INFO - {"request": {"command": "GET https://api.smartsheet.com/2.0/sheets/279597065129860"}}
2025-01-27 14:38:56,205 - ERROR - {"response": {"statusCode": 404, "reason": "Not Found", "content": "<< application/json;charset=UTF-8 content type suppressed >>"}}
2025-01-27 14:38:56,681 - INFO - {"request": {"command": "GET https://api.smartsheet.com/2.0/reports/279597065129860"}}
2025-01-27 14:38:56,814 - INFO - {"request": {"command": "GET https://api.smartsheet.com/2.0/sheets/2510043375161220"}}
2025-01-27 14:38:56,814 - ERROR - {"response": {"statusCode": 404, "reason": "Not Found", "content": "<< application/json;charset=UTF-8 content type suppressed >>"}}
2025-01-27 14:38:57,336 - INFO - {"request": {"command": "GET https://api.smartsheet.com/2.0/reports/2510043375161220"}}
2025-01-27 14:38:57,474 - INFO - {"request": {"command": "GET https://api.smartsheet.com/2.0/sheets/5513502730964868"}}
2025-01-27 14:38:57,475 - ERROR - {"response": {"statusCode": 404, "reason": "Not Found", "content": "<< application/json;charset=UTF-8 content type suppressed >>"}}
2025-01-27 14:38:57,869 - INFO - {"request": {"command": "GET https://api.smartsheet.com/2.0/reports/5513502730964868"}}
2025-01-27 14:38:58,006 - INFO - {"request": {"command": "GET https://api.smartsheet.com/2.0/sheets/2638938564939652"}}
2025-01-27 14:38:58,006 - ERROR - {"response": {"statusCode": 404, "reason": "Not Found", "content": "<< application/json;charset=UTF-8 content type suppressed >>"}}
2025-01-27 14:38:58,365 - INFO - {"request": {"command": "GET https://api.smartsheet.com/2.0/reports/2638938564939652"}}
2025-01-27 14:38:58,506 - INFO - {"request": {"command": "GET https://api.smartsheet.com/2.0/sheets/6585070831751044"}}
2025-01-27 14:38:58,507 - ERROR - {"response": {"statusCode": 404, "reason": "Not Found", "content": "<< application/json;charset=UTF-8 content type suppressed >>"}}
2025-01-27 14:38:58,951 - INFO - {"request": {"command": "GET https://api.smartsheet.com/2.0/reports/6585070831751044"}}
2025-01-27 14:38:59,085 - INFO - {"request": {"command": "GET https://api.smartsheet.com/2.0/sheets/1025184127471492"}}
2025-01-27 14:38:59,086 - ERROR - {"response": {"statusCode": 404, "reason": "Not Found", "content": "<< application/json;charset=UTF-8 content type suppressed >>"}}
2025-01-27 14:38:59,592 - INFO - {"request": {"command": "GET https://api.smartsheet.com/2.0/reports/1025184127471492"}}
2025-01-27 14:38:59,736 - INFO - {"request": {"command": "GET https://api.smartsheet.com/2.0/sheets/744619683827588"}}
2025-01-27 14:38:59,737 - ERROR - {"response": {"statusCode": 404, "reason": "Not Found", "content": "<< application/json;charset=UTF-8 content type suppressed >>"}}
2025-01-27 14:39:00,161 - INFO - {"request": {"command": "GET https://api.smartsheet.com/2.0/reports/744619683827588"}}
2025-01-27 14:39:00,297 - INFO - {"request": {"command": "GET https://api.smartsheet.com/2.0/sheets/335087035961220"}}
2025-01-27 14:39:00,297 - ERROR - {"response": {"statusCode": 404, "reason": "Not Found", "content": "<< application/json;charset=UTF-8 content type suppressed >>"}}
2025-01-27 14:39:01,276 - INFO - {"request": {"command": "GET https://api.smartsheet.com/2.0/reports/335087035961220"}}
2025-01-27 14:39:01,439 - INFO - {"request": {"command": "GET https://api.smartsheet.com/2.0/sheets/4521297170091908"}}
2025-01-27 14:39:01,439 - ERROR - {"response": {"statusCode": 404, "reason": "Not Found", "content": "<< application/json;charset=UTF-8 content type suppressed >>"}}
2025-01-27 14:39:02,130 - INFO - {"request": {"command": "GET https://api.smartsheet.com/2.0/reports/4521297170091908"}}
2025-01-27 14:39:02,268 - INFO - {"request": {"command": "GET https://api.smartsheet.com/2.0/sheets/3554541907693444"}}
2025-01-27 14:39:02,269 - ERROR - {"response": {"statusCode": 404, "reason": "Not Found", "content": "<< application/json;charset=UTF-8 content type suppressed >>"}}
2025-01-27 14:39:02,625 - INFO - {"request": {"command": "GET https://api.smartsheet.com/2.0/reports/3554541907693444"}}
2025-01-27 14:39:02,761 - INFO - {"request": {"command": "GET https://api.smartsheet.com/2.0/sheets/2973184798183300"}}
2025-01-27 14:39:02,762 - ERROR - {"response": {"statusCode": 404, "reason": "Not Found", "content": "<< application/json;charset=UTF-8 content type suppressed >>"}}
2025-01-27 14:39:03,365 - INFO - {"request": {"command": "GET https://api.smartsheet.com/2.0/reports/2973184798183300"}}
2025-01-27 14:39:03,524 - INFO - {"request": {"command": "GET https://api.smartsheet.com/2.0/sheets/1764880575057796"}}
2025-01-27 14:39:03,525 - ERROR - {"response": {"statusCode": 404, "reason": "Not Found", "content": "<< application/json;charset=UTF-8 content type suppressed >>"}}
2025-01-27 14:39:03,889 - INFO - {"request": {"command": "GET https://api.smartsheet.com/2.0/reports/1764880575057796"}}
2025-01-27 14:39:04,036 - INFO - {"request": {"command": "GET https://api.smartsheet.com/2.0/sheets/8278756791635844"}}
2025-01-27 14:39:04,036 - ERROR - {"response": {"statusCode": 404, "reason": "Not Found", "content": "<< application/json;charset=UTF-8 content type suppressed >>"}}
2025-01-27 14:39:04,543 - INFO - {"request": {"command": "GET https://api.smartsheet.com/2.0/reports/8278756791635844"}}
2025-01-27 14:39:04,698 - INFO - {"request": {"command": "GET https://api.smartsheet.com/2.0/sheets/5716824771481476"}}
2025-01-27 14:39:04,699 - ERROR - {"response": {"statusCode": 404, "reason": "Not Found", "content": "<< application/json;charset=UTF-8 content type suppressed >>"}}
2025-01-27 14:39:05,156 - INFO - {"request": {"command": "GET https://api.smartsheet.com/2.0/reports/5716824771481476"}}
2025-01-27 14:39:05,293 - INFO - {"request": {"command": "GET https://api.smartsheet.com/2.0/sheets/1514864992276356"}}
2025-01-27 14:39:05,294 - ERROR - {"response": {"statusCode": 404, "reason": "Not Found", "content": "<< application/json;charset=UTF-8 content type suppressed >>"}}
2025-01-27 14:39:05,697 - INFO - {"request": {"command": "GET https://api.smartsheet.com/2.0/reports/1514864992276356"}}
2025-01-27 14:39:05,835 - INFO - {"request": {"command": "GET https://api.smartsheet.com/2.0/sheets/2195767632547716"}}
2025-01-27 14:39:05,835 - ERROR - {"response": {"statusCode": 404, "reason": "Not Found", "content": "<< application/json;charset=UTF-8 content type suppressed >>"}}
2025-01-27 14:39:06,228 - INFO - {"request": {"command": "GET https://api.smartsheet.com/2.0/reports/2195767632547716"}}
2025-01-27 14:39:06,358 - INFO - {"request": {"command": "GET https://api.smartsheet.com/2.0/sheets/4513374935142276"}}
2025-01-27 14:39:06,358 - ERROR - {"response": {"statusCode": 404, "reason": "Not Found", "content": "<< application/json;charset=UTF-8 content type suppressed >>"}}
2025-01-27 14:39:07,075 - INFO - {"request": {"command": "GET https://api.smartsheet.com/2.0/reports/4513374935142276"}}
2025-01-27 14:39:07,218 - INFO - {"request": {"command": "GET https://api.smartsheet.com/2.0/sheets/4538502641307524"}}
2025-01-27 14:39:07,218 - ERROR - {"response": {"statusCode": 404, "reason": "Not Found", "content": "<< application/json;charset=UTF-8 content type suppressed >>"}}
2025-01-27 14:39:07,725 - INFO - {"request": {"command": "GET https://api.smartsheet.com/2.0/reports/4538502641307524"}}
2025-01-27 14:39:07,871 - INFO - {"request": {"command": "GET https://api.smartsheet.com/2.0/sheets/7968624585166724"}}
2025-01-27 14:39:07,872 - ERROR - {"response": {"statusCode": 404, "reason": "Not Found", "content": "<< application/json;charset=UTF-8 content type suppressed >>"}}
2025-01-27 14:39:08,266 - INFO - {"request": {"command": "GET https://api.smartsheet.com/2.0/reports/7968624585166724"}}
2025-01-27 14:39:08,400 - INFO - {"request": {"command": "GET https://api.smartsheet.com/2.0/sheets/6744575146151812"}}
2025-01-27 14:39:08,400 - ERROR - {"response": {"statusCode": 404, "reason": "Not Found", "content": "<< application/json;charset=UTF-8 content type suppressed >>"}}
2025-01-27 14:39:08,884 - INFO - {"request": {"command": "GET https://api.smartsheet.com/2.0/reports/6744575146151812"}}
2025-01-27 14:39:09,013 - INFO - {"request": {"command": "GET https://api.smartsheet.com/2.0/sheets/3246812550877060"}}
2025-01-27 14:39:09,014 - ERROR - {"response": {"statusCode": 404, "reason": "Not Found", "content": "<< application/json;charset=UTF-8 content type suppressed >>"}}
2025-01-27 14:39:09,669 - INFO - {"request": {"command": "GET https://api.smartsheet.com/2.0/reports/3246812550877060"}}
2025-01-27 14:39:09,830 - INFO - {"request": {"command": "GET https://api.smartsheet.com/2.0/sheets/3246812550877060"}}
2025-01-27 14:39:09,830 - ERROR - {"response": {"statusCode": 404, "reason": "Not Found", "content": "<< application/json;charset=UTF-8 content type suppressed >>"}}
2025-01-27 14:39:10,484 - INFO - {"request": {"command": "GET https://api.smartsheet.com/2.0/reports/3246812550877060"}}
2025-01-27 14:39:10,652 - INFO - {"request": {"command": "GET https://api.smartsheet.com/2.0/sheets/6268298467430276"}}
2025-01-27 14:39:10,652 - ERROR - {"response": {"statusCode": 404, "reason": "Not Found", "content": "<< application/json;charset=UTF-8 content type suppressed >>"}}
2025-01-27 14:39:11,178 - INFO - {"request": {"command": "GET https://api.smartsheet.com/2.0/reports/6268298467430276"}}
2025-01-27 14:39:11,309 - INFO - {"request": {"command": "GET https://api.smartsheet.com/2.0/sheets/5815013470064516"}}
2025-01-27 14:39:11,310 - ERROR - {"response": {"statusCode": 404, "reason": "Not Found", "content": "<< application/json;charset=UTF-8 content type suppressed >>"}}
2025-01-27 14:39:12,160 - INFO - {"request": {"command": "GET https://api.smartsheet.com/2.0/reports/5815013470064516"}}
2025-01-27 14:39:12,343 - INFO - {"request": {"command": "GET https://api.smartsheet.com/2.0/sheets/8797125282320260"}}
2025-01-27 14:39:12,343 - ERROR - {"response": {"statusCode": 404, "reason": "Not Found", "content": "<< application/json;charset=UTF-8 content type suppressed >>"}}
2025-01-27 14:39:12,827 - INFO - {"request": {"command": "GET https://api.smartsheet.com/2.0/reports/8797125282320260"}}
2025-01-27 14:39:13,032 - INFO - {"request": {"command": "GET https://api.smartsheet.com/2.0/sheets/5815013470064516"}}
2025-01-27 14:39:13,032 - ERROR - {"response": {"statusCode": 404, "reason": "Not Found", "content": "<< application/json;charset=UTF-8 content type suppressed >>"}}
2025-01-27 14:39:14,113 - INFO - {"request": {"command": "GET https://api.smartsheet.com/2.0/reports/5815013470064516"}}
2025-01-27 14:39:14,279 - INFO - {"request": {"command": "GET https://api.smartsheet.com/2.0/sheets/7207212006985604"}}
2025-01-27 14:39:14,280 - ERROR - {"response": {"statusCode": 404, "reason": "Not Found", "content": "<< application/json;charset=UTF-8 content type suppressed >>"}}
2025-01-27 14:39:14,776 - INFO - {"request": {"command": "GET https://api.smartsheet.com/2.0/reports/7207212006985604"}}
2025-01-27 14:39:14,945 - INFO - {"request": {"command": "GET https://api.smartsheet.com/2.0/sheets/5815013470064516"}}
2025-01-27 14:39:14,945 - ERROR - {"response": {"statusCode": 404, "reason": "Not Found", "content": "<< application/json;charset=UTF-8 content type suppressed >>"}}
2025-01-27 14:39:15,848 - INFO - {"request": {"command": "GET https://api.smartsheet.com/2.0/reports/5815013470064516"}}
2025-01-27 14:39:16,019 - INFO - {"request": {"command": "GET https://api.smartsheet.com/2.0/sheets/7737099390242692"}}
2025-01-27 14:39:16,019 - ERROR - {"response": {"statusCode": 404, "reason": "Not Found", "content": "<< application/json;charset=UTF-8 content type suppressed >>"}}
2025-01-27 14:39:16,469 - INFO - {"request": {"command": "GET https://api.smartsheet.com/2.0/reports/7737099390242692"}}
2025-01-27 14:39:16,781 - INFO - {"request": {"command": "GET https://api.smartsheet.com/2.0/sheets/1111593497978756"}}
2025-01-27 14:39:43,766 - INFO - {"request": {"command": "PUT https://api.smartsheet.com/2.0/sheets/6375545637916548/rows"}}
2025-01-27 14:39:44,075 - INFO - {"request": {"command": "GET https://api.smartsheet.com/2.0/sheets/3698191069302660"}}
2025-01-27 14:39:44,444 - INFO - {"request": {"command": "GET https://api.smartsheet.com/2.0/sheets/3698191069302660"}}
2025-01-27 14:39:44,828 - INFO - {"request": {"command": "GET https://api.smartsheet.com/2.0/sheets/7683906220281732"}}
2025-01-27 14:39:45,331 - INFO - {"request": {"command": "GET https://api.smartsheet.com/2.0/sheets/6673180156448644"}}
2025-01-27 14:39:45,681 - INFO - {"request": {"command": "GET https://api.smartsheet.com/2.0/sheets/7719399830015876"}}
2025-01-27 14:39:45,977 - INFO - {"request": {"command": "GET https://api.smartsheet.com/2.0/sheets/3340199635406724"}}
2025-01-27 14:39:46,287 - INFO - {"request": {"command": "GET https://api.smartsheet.com/2.0/sheets/1551685059039108"}}
2025-01-27 14:39:46,632 - INFO - {"request": {"command": "GET https://api.smartsheet.com/2.0/sheets/7391814084415364"}}
2025-01-27 14:39:46,930 - INFO - {"request": {"command": "GET https://api.smartsheet.com/2.0/sheets/1762314550202244"}}
2025-01-27 14:39:47,214 - INFO - {"request": {"command": "GET https://api.smartsheet.com/2.0/sheets/6469718965702532"}}
2025-01-27 14:39:47,506 - INFO - {"request": {"command": "GET https://api.smartsheet.com/2.0/sheets/6610400619483012"}}
2025-01-27 14:39:47,802 - INFO - {"request": {"command": "GET https://api.smartsheet.com/2.0/sheets/2178926377914244"}}
2025-01-27 14:39:48,075 - INFO - {"request": {"command": "GET https://api.smartsheet.com/2.0/sheets/3549862758928260"}}
2025-01-27 14:39:48,373 - INFO - {"request": {"command": "GET https://api.smartsheet.com/2.0/sheets/4103280032436100"}}
2025-01-27 14:39:48,696 - INFO - {"request": {"command": "GET https://api.smartsheet.com/2.0/sheets/7962960982921092"}}
2025-01-27 14:39:48,989 - INFO - {"request": {"command": "GET https://api.smartsheet.com/2.0/sheets/6470234361778052"}}
2025-01-27 14:39:49,233 - INFO - {"request": {"command": "GET https://api.smartsheet.com/2.0/sheets/2810716067155844"}}
2025-01-27 14:39:49,532 - INFO - {"request": {"command": "GET https://api.smartsheet.com/2.0/sheets/3012341159382916"}}
2025-01-27 14:39:49,841 - INFO - {"request": {"command": "GET https://api.smartsheet.com/2.0/sheets/7083145522270084"}}
2025-01-27 14:39:50,155 - INFO - {"request": {"command": "GET https://api.smartsheet.com/2.0/sheets/2776510947610500"}}
2025-01-27 14:39:50,387 - INFO - {"request": {"command": "GET https://api.smartsheet.com/2.0/sheets/3732841250639748"}}
2025-01-27 14:39:50,692 - INFO - {"request": {"command": "GET https://api.smartsheet.com/2.0/sheets/5563390671933316"}}
2025-01-27 14:39:51,119 - INFO - {"request": {"command": "GET https://api.smartsheet.com/2.0/sheets/1990542669860740"}}
2025-01-27 14:39:51,449 - INFO - {"request": {"command": "GET https://api.smartsheet.com/2.0/sheets/7806806709456772"}}
2025-01-27 14:39:51,819 - INFO - {"request": {"command": "GET https://api.smartsheet.com/2.0/sheets/7762179851767684"}}
2025-01-27 14:39:52,106 - INFO - {"request": {"command": "GET https://api.smartsheet.com/2.0/sheets/4640419379892100"}}
2025-01-27 14:39:52,428 - INFO - {"request": {"command": "GET https://api.smartsheet.com/2.0/sheets/179327043850116"}}
2025-01-27 14:39:52,828 - INFO - {"request": {"command": "GET https://api.smartsheet.com/2.0/sheets/2769133535973252"}}
2025-01-27 14:39:53,123 - INFO - {"request": {"command": "GET https://api.smartsheet.com/2.0/sheets/8364170252603268"}}
2025-01-27 14:39:53,507 - INFO - {"request": {"command": "GET https://api.smartsheet.com/2.0/sheets/1740093731590020"}}
2025-01-27 14:39:53,781 - INFO - {"request": {"command": "GET https://api.smartsheet.com/2.0/sheets/5646005710049156"}}
2025-01-27 14:39:54,062 - INFO - {"request": {"command": "GET https://api.smartsheet.com/2.0/sheets/5409550580535172"}}
2025-01-27 14:39:54,425 - INFO - {"request": {"command": "GET https://api.smartsheet.com/2.0/sheets/3692860742258564"}}
2025-01-27 14:39:54,696 - INFO - {"request": {"command": "GET https://api.smartsheet.com/2.0/sheets/7424223907630980"}}
2025-01-27 14:39:54,967 - INFO - {"request": {"command": "GET https://api.smartsheet.com/2.0/sheets/7185011409112964"}}
2025-01-27 14:39:55,284 - INFO - {"request": {"command": "GET https://api.smartsheet.com/2.0/sheets/1600636143488900"}}
2025-01-27 14:39:55,571 - INFO - {"request": {"command": "GET https://api.smartsheet.com/2.0/sheets/7563141672030084"}}
2025-01-27 14:39:55,904 - INFO - {"request": {"command": "GET https://api.smartsheet.com/2.0/sheets/422157247008644"}}
2025-01-27 14:39:56,233 - INFO - {"request": {"command": "GET https://api.smartsheet.com/2.0/sheets/8090469166698372"}}
2025-01-27 14:39:56,588 - INFO - {"request": {"command": "GET https://api.smartsheet.com/2.0/sheets/2852317120384900"}}
2025-01-27 14:39:56,891 - INFO - {"request": {"command": "GET https://api.smartsheet.com/2.0/sheets/5093877732036484"}}
2025-01-27 14:39:57,219 - INFO - {"request": {"command": "GET https://api.smartsheet.com/2.0/sheets/8345749137870724"}}
2025-01-27 14:39:57,521 - INFO - {"request": {"command": "GET https://api.smartsheet.com/2.0/sheets/1291566001901444"}}
2025-01-27 14:39:57,950 - INFO - {"request": {"command": "GET https://api.smartsheet.com/2.0/sheets/2346401379864452"}}
2025-01-27 14:39:58,306 - INFO - {"request": {"command": "GET https://api.smartsheet.com/2.0/sheets/166172901199748"}}
2025-01-27 14:39:58,635 - INFO - {"request": {"command": "GET https://api.smartsheet.com/2.0/sheets/7619799538421636"}}
2025-01-27 14:39:58,917 - INFO - {"request": {"command": "GET https://api.smartsheet.com/2.0/sheets/2029888059953028"}}
2025-01-27 14:39:59,212 - INFO - {"request": {"command": "GET https://api.smartsheet.com/2.0/sheets/76806174494596"}}
2025-01-27 14:39:59,460 - INFO - {"request": {"command": "GET https://api.smartsheet.com/2.0/sheets/376179622104964"}}
2025-01-27 14:39:59,760 - INFO - {"request": {"command": "GET https://api.smartsheet.com/2.0/sheets/976306812440452"}}
2025-01-27 14:40:00,052 - INFO - {"request": {"command": "GET https://api.smartsheet.com/2.0/sheets/4317104173961092"}}
2025-01-27 14:40:00,376 - INFO - {"request": {"command": "GET https://api.smartsheet.com/2.0/sheets/4846630691884932"}}
2025-01-27 14:40:00,670 - INFO - {"request": {"command": "GET https://api.smartsheet.com/2.0/sheets/8222543706017668"}}
2025-01-27 14:40:01,028 - INFO - {"request": {"command": "GET https://api.smartsheet.com/2.0/sheets/4384349134737284"}}
2025-01-27 14:40:01,361 - INFO - {"request": {"command": "GET https://api.smartsheet.com/2.0/sheets/4343148855644036"}}
2025-01-27 14:40:01,672 - INFO - {"request": {"command": "GET https://api.smartsheet.com/2.0/sheets/7080539819298692"}}
2025-01-27 14:40:02,002 - INFO - {"request": {"command": "GET https://api.smartsheet.com/2.0/sheets/8558489605459844"}}
2025-01-27 14:40:02,308 - INFO - {"request": {"command": "GET https://api.smartsheet.com/2.0/sheets/2013543561908100"}}
2025-01-27 14:40:02,694 - INFO - {"request": {"command": "GET https://api.smartsheet.com/2.0/sheets/5689385953480580"}}
2025-01-27 14:40:03,094 - INFO - {"request": {"command": "GET https://api.smartsheet.com/2.0/sheets/8486620172865412"}}
2025-01-27 14:40:03,451 - INFO - {"request": {"command": "GET https://api.smartsheet.com/2.0/sheets/6582931216617348"}}
2025-01-27 14:40:03,762 - INFO - {"request": {"command": "GET https://api.smartsheet.com/2.0/sheets/1699441731915652"}}
2025-01-27 14:40:04,035 - INFO - {"request": {"command": "GET https://api.smartsheet.com/2.0/sheets/6203041359286148"}}
2025-01-27 14:40:04,332 - INFO - {"request": {"command": "GET https://api.smartsheet.com/2.0/sheets/3014938675072900"}}
2025-01-27 14:40:04,601 - INFO - {"request": {"command": "GET https://api.smartsheet.com/2.0/sheets/6606104175792004"}}
2025-01-27 14:40:04,860 - INFO - {"request": {"command": "GET https://api.smartsheet.com/2.0/sheets/2855406409830276"}}
2025-01-27 14:40:05,148 - INFO - {"request": {"command": "GET https://api.smartsheet.com/2.0/sheets/7043635178590084"}}
2025-01-27 14:40:05,519 - INFO - {"request": {"command": "GET https://api.smartsheet.com/2.0/sheets/2678522476711812"}}
2025-01-27 14:40:05,813 - INFO - {"request": {"command": "GET https://api.smartsheet.com/2.0/sheets/7359006037200772"}}
2025-01-27 14:40:06,120 - INFO - {"request": {"command": "GET https://api.smartsheet.com/2.0/sheets/3951241545600900"}}
2025-01-27 14:40:06,393 - INFO - {"request": {"command": "GET https://api.smartsheet.com/2.0/sheets/3951241545600900"}}
2025-01-27 14:40:06,674 - INFO - {"request": {"command": "GET https://api.smartsheet.com/2.0/sheets/1414135644376964"}}
2025-01-27 14:40:06,943 - INFO - {"request": {"command": "GET https://api.smartsheet.com/2.0/sheets/2551528883703684"}}
2025-01-27 14:40:07,208 - INFO - {"request": {"command": "GET https://api.smartsheet.com/2.0/sheets/8454841172971396"}}
2025-01-27 14:40:07,534 - INFO - {"request": {"command": "GET https://api.smartsheet.com/2.0/sheets/1234657551011716"}}
2025-01-27 14:40:07,834 - INFO - {"request": {"command": "GET https://api.smartsheet.com/2.0/sheets/1552622569869188"}}
2025-01-27 14:40:08,147 - INFO - {"request": {"command": "GET https://api.smartsheet.com/2.0/sheets/6078768091189124"}}
2025-01-27 14:40:08,455 - INFO - {"request": {"command": "GET https://api.smartsheet.com/2.0/sheets/8169535085432708"}}
2025-01-27 14:40:08,781 - INFO - {"request": {"command": "GET https://api.smartsheet.com/2.0/sheets/4140838581915524"}}
2025-01-27 14:40:09,104 - INFO - {"request": {"command": "GET https://api.smartsheet.com/2.0/sheets/3826968277503876"}}
2025-01-27 14:40:09,467 - INFO - {"request": {"command": "GET https://api.smartsheet.com/2.0/sheets/1876106890137476"}}
2025-01-27 14:40:11,808 - INFO - {"request": {"command": "GET https://api.smartsheet.com/2.0/sheets/8967712450865028"}}
2025-01-27 14:40:21,704 - INFO - {"request": {"command": "GET https://api.smartsheet.com/2.0/sheets/927699087714180"}}
2025-01-27 14:40:22,267 - INFO - {"request": {"command": "GET https://api.smartsheet.com/2.0/sheets/5006544336801668"}}
2025-01-27 14:40:22,547 - INFO - {"request": {"command": "GET https://api.smartsheet.com/2.0/sheets/3397562077761412"}}
2025-01-27 14:40:22,824 - INFO - {"request": {"command": "GET https://api.smartsheet.com/2.0/sheets/3397562077761412"}}
2025-01-27 14:40:23,153 - INFO - {"request": {"command": "GET https://api.smartsheet.com/2.0/sheets/7550829812731780"}}
2025-01-27 14:40:23,442 - INFO - {"request": {"command": "GET https://api.smartsheet.com/2.0/sheets/5592661880688516"}}
2025-01-27 14:40:23,739 - INFO - {"request": {"command": "GET https://api.smartsheet.com/2.0/sheets/3765953837879172"}}
2025-01-27 14:40:24,117 - INFO - {"request": {"command": "GET https://api.smartsheet.com/2.0/sheets/6394619958192004"}}
2025-01-27 14:40:24,492 - INFO - {"request": {"command": "GET https://api.smartsheet.com/2.0/sheets/1350214115872644"}}
2025-01-27 14:40:24,777 - INFO - {"request": {"command": "GET https://api.smartsheet.com/2.0/sheets/3123980988114820"}}
2025-01-27 14:40:25,650 - INFO - {"request": {"command": "GET https://api.smartsheet.com/2.0/sheets/8107860881788804"}}
2025-01-27 14:40:27,960 - INFO - {"request": {"command": "GET https://api.smartsheet.com/2.0/sheets/3856736768550788"}}
2025-01-27 14:40:28,328 - INFO - {"request": {"command": "GET https://api.smartsheet.com/2.0/sheets/8805374464681860"}}
2025-01-27 14:40:28,600 - INFO - {"request": {"command": "GET https://api.smartsheet.com/2.0/sheets/3443093836982148"}}
2025-01-27 14:40:29,363 - INFO - {"request": {"command": "GET https://api.smartsheet.com/2.0/sheets/8107860881788804"}}
2025-01-27 14:40:32,532 - INFO - {"request": {"command": "GET https://api.smartsheet.com/2.0/sheets/8107860881788804"}}
2025-01-27 14:40:35,817 - INFO - {"request": {"command": "GET https://api.smartsheet.com/2.0/sheets/8107860881788804"}}
2025-01-27 14:40:39,342 - INFO - {"request": {"command": "GET https://api.smartsheet.com/2.0/sheets/8107860881788804"}}
2025-01-27 14:40:42,946 - INFO - {"request": {"command": "GET https://api.smartsheet.com/2.0/sheets/8107860881788804"}}
2025-01-27 14:40:46,156 - INFO - {"request": {"command": "GET https://api.smartsheet.com/2.0/sheets/8107860881788804"}}
2025-01-27 14:40:49,232 - INFO - {"request": {"command": "GET https://api.smartsheet.com/2.0/sheets/1097191938543492"}}
2025-01-27 14:40:51,132 - INFO - {"request": {"command": "GET https://api.smartsheet.com/2.0/sheets/7632476609767300"}}
2025-01-27 14:40:58,445 - INFO - {"request": {"command": "GET https://api.smartsheet.com/2.0/sheets/3765953837879172"}}
2025-01-27 14:40:58,936 - INFO - {"request": {"command": "GET https://api.smartsheet.com/2.0/sheets/3765953837879172"}}
2025-01-27 14:40:59,281 - INFO - {"request": {"command": "GET https://api.smartsheet.com/2.0/sheets/3765953837879172"}}
2025-01-27 14:40:59,628 - INFO - {"request": {"command": "GET https://api.smartsheet.com/2.0/sheets/3765953837879172"}}
2025-01-27 14:40:59,983 - INFO - {"request": {"command": "GET https://api.smartsheet.com/2.0/sheets/7915731752537988"}}
2025-01-27 14:41:00,283 - INFO - {"request": {"command": "GET https://api.smartsheet.com/2.0/sheets/7915731752537988"}}
2025-01-27 14:41:00,656 - INFO - {"request": {"command": "GET https://api.smartsheet.com/2.0/sheets/4944832485085060"}}
2025-01-27 14:41:00,949 - INFO - {"request": {"command": "GET https://api.smartsheet.com/2.0/sheets/4944832485085060"}}
2025-01-27 14:41:01,232 - INFO - {"request": {"command": "GET https://api.smartsheet.com/2.0/sheets/2626320076853124"}}
2025-01-27 14:41:01,598 - INFO - {"request": {"command": "GET https://api.smartsheet.com/2.0/sheets/1097362340532100"}}
2025-01-27 14:41:01,884 - INFO - {"request": {"command": "GET https://api.smartsheet.com/2.0/sheets/6394619958192004"}}
2025-01-27 14:41:05,505 - INFO - {"request": {"command": "GET https://api.smartsheet.com/2.0/sheets/541339541628804"}}
2025-01-27 14:41:21,814 - INFO - {"request": {"command": "GET https://api.smartsheet.com/2.0/sheets/541339541628804"}}
2025-01-27 14:41:39,540 - INFO - {"request": {"command": "GET https://api.smartsheet.com/2.0/sheets/541339541628804"}}
2025-01-27 14:41:59,659 - INFO - {"request": {"command": "GET https://api.smartsheet.com/2.0/sheets/3120437164724100"}}
2025-01-27 14:42:08,484 - INFO - {"request": {"command": "GET https://api.smartsheet.com/2.0/sheets/8774388884498308"}}
2025-01-27 14:42:10,550 - INFO - {"request": {"command": "GET https://api.smartsheet.com/2.0/sheets/8774388884498308"}}
2025-01-27 14:42:13,115 - INFO - {"request": {"command": "GET https://api.smartsheet.com/2.0/sheets/8774388884498308"}}
2025-01-27 14:42:15,895 - INFO - {"request": {"command": "GET https://api.smartsheet.com/2.0/sheets/8774388884498308"}}
2025-01-27 14:42:18,435 - INFO - {"request": {"command": "GET https://api.smartsheet.com/2.0/sheets/8774388884498308"}}
2025-01-27 14:42:21,262 - INFO - {"request": {"command": "GET https://api.smartsheet.com/2.0/sheets/8774388884498308"}}
2025-01-27 14:42:24,139 - INFO - {"request": {"command": "GET https://api.smartsheet.com/2.0/sheets/8774388884498308"}}
2025-01-27 14:42:26,977 - INFO - {"request": {"command": "GET https://api.smartsheet.com/2.0/sheets/2183890417805188"}}
2025-01-27 14:42:31,041 - INFO - {"request": {"command": "GET https://api.smartsheet.com/2.0/sheets/2183890417805188"}}
2025-01-27 14:42:35,462 - INFO - {"request": {"command": "GET https://api.smartsheet.com/2.0/sheets/2183890417805188"}}
2025-01-27 14:42:39,452 - INFO - {"request": {"command": "GET https://api.smartsheet.com/2.0/sheets/2183890417805188"}}
2025-01-27 14:42:43,916 - INFO - {"request": {"command": "GET https://api.smartsheet.com/2.0/sheets/2183890417805188"}}
2025-01-27 14:42:48,029 - INFO - {"request": {"command": "GET https://api.smartsheet.com/2.0/sheets/2183890417805188"}}
2025-01-27 14:42:52,124 - INFO - {"request": {"command": "GET https://api.smartsheet.com/2.0/sheets/2183890417805188"}}
2025-01-27 14:42:55,675 - INFO - {"request": {"command": "GET https://api.smartsheet.com/2.0/sheets/4477251556272004"}}
2025-01-27 14:42:56,831 - INFO - {"request": {"command": "GET https://api.smartsheet.com/2.0/sheets/4477251556272004"}}
2025-01-27 14:42:57,533 - INFO - {"request": {"command": "GET https://api.smartsheet.com/2.0/sheets/4477251556272004"}}
2025-01-27 14:42:58,338 - INFO - {"request": {"command": "GET https://api.smartsheet.com/2.0/sheets/4477251556272004"}}
2025-01-27 14:42:59,135 - INFO - {"request": {"command": "GET https://api.smartsheet.com/2.0/sheets/4477251556272004"}}
2025-01-27 14:43:00,008 - INFO - {"request": {"command": "GET https://api.smartsheet.com/2.0/sheets/4477251556272004"}}
2025-01-27 14:43:00,818 - INFO - {"request": {"command": "GET https://api.smartsheet.com/2.0/sheets/4477251556272004"}}
2025-01-27 14:43:01,470 - INFO - {"request": {"command": "GET https://api.smartsheet.com/2.0/sheets/246506489597828"}}
2025-01-27 14:43:01,923 - INFO - {"request": {"command": "GET https://api.smartsheet.com/2.0/sheets/1020182570946436"}}
2025-01-27 14:43:02,250 - INFO - {"request": {"command": "GET https://api.smartsheet.com/2.0/sheets/7016169517043588"}}
2025-01-27 14:43:02,547 - INFO - {"request": {"command": "GET https://api.smartsheet.com/2.0/sheets/1798024636354436"}}
2025-01-27 14:43:02,951 - INFO - {"request": {"command": "GET https://api.smartsheet.com/2.0/sheets/3892899364163460"}}
2025-01-27 14:43:03,326 - INFO - {"request": {"command": "GET https://api.smartsheet.com/2.0/sheets/1659494761189252"}}
2025-01-27 14:43:03,597 - INFO - {"request": {"command": "GET https://api.smartsheet.com/2.0/sheets/1254346335408004"}}
2025-01-27 14:43:03,940 - INFO - {"request": {"command": "GET https://api.smartsheet.com/2.0/sheets/3400777582202756"}}
2025-01-27 14:43:04,247 - INFO - {"request": {"command": "GET https://api.smartsheet.com/2.0/sheets/961708738695044"}}
2025-01-27 14:43:04,515 - INFO - {"request": {"command": "GET https://api.smartsheet.com/2.0/sheets/7007588038168452"}}
2025-01-27 14:43:04,855 - INFO - {"request": {"command": "GET https://api.smartsheet.com/2.0/sheets/5005115639418756"}}
2025-01-27 14:43:05,148 - INFO - {"request": {"command": "GET https://api.smartsheet.com/2.0/sheets/7816893456928644"}}
2025-01-27 14:43:05,421 - INFO - {"request": {"command": "GET https://api.smartsheet.com/2.0/sheets/2746464715362180"}}
2025-01-27 14:43:05,700 - INFO - {"request": {"command": "GET https://api.smartsheet.com/2.0/sheets/5256424007356292"}}
2025-01-27 14:43:06,033 - INFO - {"request": {"command": "GET https://api.smartsheet.com/2.0/sheets/7927413166002052"}}
2025-01-27 14:43:06,307 - INFO - {"request": {"command": "GET https://api.smartsheet.com/2.0/sheets/7584365538135940"}}
2025-01-27 14:43:06,667 - INFO - {"request": {"command": "GET https://api.smartsheet.com/2.0/sheets/2450665586511748"}}
2025-01-27 14:43:06,995 - INFO - {"request": {"command": "GET https://api.smartsheet.com/2.0/sheets/2787830585577348"}}
2025-01-27 14:43:07,255 - INFO - {"request": {"command": "GET https://api.smartsheet.com/2.0/sheets/2672134367170436"}}
2025-01-27 14:43:07,600 - INFO - {"request": {"command": "GET https://api.smartsheet.com/2.0/sheets/4902580677201796"}}
2025-01-27 14:43:07,925 - INFO - {"request": {"command": "GET https://api.smartsheet.com/2.0/sheets/728428126883716"}}
2025-01-27 14:43:08,249 - INFO - {"request": {"command": "GET https://api.smartsheet.com/2.0/sheets/105663774543748"}}
2025-01-27 14:43:08,501 - INFO - {"request": {"command": "GET https://api.smartsheet.com/2.0/sheets/7429495761883012"}}
2025-01-27 14:43:08,801 - INFO - {"request": {"command": "GET https://api.smartsheet.com/2.0/sheets/8062058545237892"}}
2025-01-27 14:43:09,098 - INFO - {"request": {"command": "GET https://api.smartsheet.com/2.0/sheets/8203706566659972"}}
2025-01-27 14:43:09,398 - INFO - {"request": {"command": "GET https://api.smartsheet.com/2.0/sheets/8955258197725060"}}
2025-01-27 14:43:09,674 - INFO - {"request": {"command": "GET https://api.smartsheet.com/2.0/sheets/527870938009476"}}
2025-01-27 14:43:09,990 - INFO - {"request": {"command": "GET https://api.smartsheet.com/2.0/sheets/5947079209734020"}}
2025-01-27 14:43:10,283 - INFO - {"request": {"command": "GET https://api.smartsheet.com/2.0/sheets/5365722100223876"}}
2025-01-27 14:43:10,597 - INFO - {"request": {"command": "GET https://api.smartsheet.com/2.0/sheets/7746223830159236"}}
2025-01-27 14:43:10,881 - INFO - {"request": {"command": "GET https://api.smartsheet.com/2.0/sheets/893577706033028"}}
2025-01-27 14:43:11,205 - INFO - {"request": {"command": "GET https://api.smartsheet.com/2.0/sheets/8659852326817668"}}
2025-01-27 14:43:11,525 - INFO - {"request": {"command": "GET https://api.smartsheet.com/2.0/sheets/84104011796356"}}
2025-01-27 14:43:11,867 - INFO - {"request": {"command": "GET https://api.smartsheet.com/2.0/sheets/1237521774104452"}}
2025-01-27 14:43:12,172 - INFO - {"request": {"command": "GET https://api.smartsheet.com/2.0/sheets/3608360901365636"}}
2025-01-27 14:43:12,494 - INFO - {"request": {"command": "GET https://api.smartsheet.com/2.0/sheets/6408052513132420"}}
2025-01-27 14:43:12,824 - INFO - {"request": {"command": "GET https://api.smartsheet.com/2.0/sheets/2661848893575044"}}
2025-01-27 14:43:13,106 - INFO - {"request": {"command": "GET https://api.smartsheet.com/2.0/sheets/1008201793228676"}}
2025-01-27 14:43:13,425 - INFO - {"request": {"command": "GET https://api.smartsheet.com/2.0/sheets/2345639828475780"}}
2025-01-27 14:43:13,745 - INFO - {"request": {"command": "GET https://api.smartsheet.com/2.0/sheets/8968790784036740"}}
2025-01-27 14:43:14,025 - INFO - {"request": {"command": "GET https://api.smartsheet.com/2.0/sheets/387111702187908"}}
2025-01-27 14:43:14,335 - INFO - {"request": {"command": "GET https://api.smartsheet.com/2.0/sheets/387111702187908"}}
2025-01-27 14:43:14,639 - INFO - {"request": {"command": "GET https://api.smartsheet.com/2.0/sheets/5997875246878596"}}
2025-01-27 14:43:14,956 - INFO - {"request": {"command": "GET https://api.smartsheet.com/2.0/sheets/5997875246878596"}}
2025-01-27 14:43:15,225 - INFO - {"request": {"command": "GET https://api.smartsheet.com/2.0/sheets/4621731889106820"}}
2025-01-27 14:43:15,530 - INFO - {"request": {"command": "GET https://api.smartsheet.com/2.0/sheets/4621731889106820"}}
2025-01-27 14:43:15,806 - INFO - {"request": {"command": "GET https://api.smartsheet.com/2.0/sheets/2702941559410564"}}
2025-01-27 14:43:16,483 - INFO - {"request": {"command": "PUT https://api.smartsheet.com/2.0/sheets/6375545637916548/rows"}}
2025-01-27 14:43:16,490 - INFO - Script executed successfully.
